<?xml version="1.0" encoding="UTF-8"?>
<testsuites name="Customer See Detail Promo (By link Show More atau Lihat Semua)" time="120" tests="2" failures="0" errors="0">
   <testsuite name="Customer See Detail Promo (By link Show More atau Lihat Semua)" tests="2" failures="0" errors="0" time="120" timestamp="2018-11-14 10:29:20" hostname="WGS-LAP199 - DESKTOP-QUMB1S3" id="Test Suites/Mobile/Customer See Detail Promo (By link Show More atau Lihat Semua)">
      <properties>
         <property name="deviceName" value="Xiaomi Redmi 5 (Android 7.1.2)"/>
         <property name="devicePlatform" value=""/>
         <property name="logFolder" value="C:\\Users\\WGS-LAP199\\git\\astra-movic\\Reports\\Mobile\\Customer See Detail Promo (By link Show More atau Lihat Semua)\\20181114_102914"/>
         <property name="logFiles" value="C:\\Users\\WGS-LAP199\\git\\astra-movic\\Reports\\Mobile\\Customer See Detail Promo (By link Show More atau Lihat Semua)\\20181114_102914\\appium.log, C:\\Users\\WGS-LAP199\\git\\astra-movic\\Reports\\Mobile\\Customer See Detail Promo (By link Show More atau Lihat Semua)\\20181114_102914\\execution0.log"/>
         <property name="attachments" value=""/>
         <property name="hostName" value="WGS-LAP199 - DESKTOP-QUMB1S3"/>
         <property name="os" value="Windows 10 64bit"/>
         <property name="katalonVersion" value="5.8.6.1"/>
         <property name="deviceOS" value="Android"/>
         <property name="appiumVersion" value="1.8.1"/>
         <property name="deviceModel" value="Redmi 5"/>
         <property name="hostAddress" value="10.10.10.109"/>
         <property name="deviceManufacturer" value="Xiaomi"/>
         <property name="deviceId" value="54e797627cf5"/>
         <property name="deviceName" value="Xiaomi Redmi 5 (Android 7.1.2)"/>
         <property name="deviceOSVersion" value="7.1.2"/>
      </properties>
      <testcase name="Test Cases/Mobile/Android/User/SC99 Regression/TC04 Login with email" classname="Test Cases/Mobile/Android/User/SC99 Regression/TC04 Login with email" status="PASSED">
         <system-out><![CDATA[2018-11-14 10:29:22 - [TEST_CASE][PASSED] - Test Cases/Mobile/Android/User/SC99 Regression/TC04 Login with email: Test Cases/Mobile/Android/User/SC99 Regression/TC04 Login with email

2018-11-14 10:29:23 - [TEST_STEP][PASSED] - startApplication: Started app at: 'C:\Users\WGS-LAP199\Downloads\Movic apk\Movic_0.9.7_2018-10-14-stable-debug.apk'

2018-11-14 10:30:18 - [MESSAGE][PASSED] - Started app at: 'C:\Users\WGS-LAP199\Downloads\Movic apk\Movic_0.9.7_2018-10-14-stable-debug.apk'

2018-11-14 10:30:18 - [TEST_STEP][PASSED] - tap: Tapped on element 'Object Repository/Mobile/OR Registrasi/android.widget.ImageView4'

2018-11-14 10:30:18 - [MESSAGE][WARNING] - Timeout '0' is invalid. Using default page load timeout: '30'

2018-11-14 10:30:23 - [MESSAGE][PASSED] - Tapped on element 'Object Repository/Mobile/OR Registrasi/android.widget.ImageView4'

2018-11-14 10:30:23 - [TEST_STEP][PASSED] - Statement - For (def index : (1..2)): Tapped on element 'Object Repository/Mobile/OR Registrasi/android.widget.ImageView1'

2018-11-14 10:30:23 - [TEST_STEP][PASSED] - tap: Tapped on element 'Object Repository/Mobile/OR Registrasi/android.widget.ImageView1'

2018-11-14 10:30:23 - [MESSAGE][WARNING] - Timeout '0' is invalid. Using default page load timeout: '30'

2018-11-14 10:30:25 - [MESSAGE][PASSED] - Tapped on element 'Object Repository/Mobile/OR Registrasi/android.widget.ImageView1'

2018-11-14 10:30:25 - [TEST_STEP][PASSED] - tap: Tapped on element 'Object Repository/Mobile/OR Registrasi/android.widget.ImageView1'

2018-11-14 10:30:25 - [MESSAGE][WARNING] - Timeout '0' is invalid. Using default page load timeout: '30'

2018-11-14 10:30:27 - [MESSAGE][PASSED] - Tapped on element 'Object Repository/Mobile/OR Registrasi/android.widget.ImageView1'

2018-11-14 10:30:27 - [TEST_STEP][PASSED] - tap: Tapped on element 'Object Repository/Mobile/OR Registrasi/android.widget.TextView2 - Skip'

2018-11-14 10:30:27 - [MESSAGE][WARNING] - Timeout '0' is invalid. Using default page load timeout: '30'

2018-11-14 10:30:30 - [MESSAGE][PASSED] - Tapped on element 'Object Repository/Mobile/OR Registrasi/android.widget.TextView2 - Skip'

2018-11-14 10:30:30 - [TEST_STEP][PASSED] - tap: Tapped on element 'Object Repository/Mobile/OR Login/android.widget.TextView0 - Log in'

2018-11-14 10:30:30 - [MESSAGE][WARNING] - Timeout '0' is invalid. Using default page load timeout: '30'

2018-11-14 10:30:31 - [MESSAGE][PASSED] - Tapped on element 'Object Repository/Mobile/OR Login/android.widget.TextView0 - Log in'

2018-11-14 10:30:31 - [TEST_STEP][PASSED] - setText: Text 'santi.wahyuni@wgs.co.id' has been set to element 'Object Repository/Mobile/OR Login/android.widget.EditText0'

2018-11-14 10:30:31 - [MESSAGE][WARNING] - Timeout '0' is invalid. Using default page load timeout: '30'

2018-11-14 10:30:33 - [MESSAGE][PASSED] - Text 'santi.wahyuni@wgs.co.id' has been set to element 'Object Repository/Mobile/OR Login/android.widget.EditText0'

2018-11-14 10:30:33 - [TEST_STEP][PASSED] - tap: Tapped on element 'Object Repository/Mobile/OR Login/android.widget.Button0 - Next'

2018-11-14 10:30:33 - [MESSAGE][WARNING] - Timeout '0' is invalid. Using default page load timeout: '30'

2018-11-14 10:30:35 - [MESSAGE][PASSED] - Tapped on element 'Object Repository/Mobile/OR Login/android.widget.Button0 - Next'

2018-11-14 10:30:35 - [TEST_STEP][PASSED] - setText: Text 'P@ssword789' has been set to element 'Object Repository/Mobile/OR Login/android.widget.EditText0 (1)'

2018-11-14 10:30:35 - [MESSAGE][WARNING] - Timeout '0' is invalid. Using default page load timeout: '30'

2018-11-14 10:30:37 - [MESSAGE][PASSED] - Text 'P@ssword789' has been set to element 'Object Repository/Mobile/OR Login/android.widget.EditText0 (1)'

2018-11-14 10:30:37 - [TEST_STEP][PASSED] - delay: Delayed 1 second(s)

2018-11-14 10:30:38 - [MESSAGE][PASSED] - Delayed 1 second(s)

2018-11-14 10:30:38 - [TEST_STEP][PASSED] - hideKeyboard: Keyboard is hidden

2018-11-14 10:30:40 - [MESSAGE][PASSED] - Keyboard is hidden

2018-11-14 10:30:40 - [TEST_STEP][PASSED] - tap: Tapped on element 'Object Repository/Mobile/OR Login/android.widget.Button0 - Start Movic'

2018-11-14 10:30:40 - [MESSAGE][WARNING] - Timeout '0' is invalid. Using default page load timeout: '30'

2018-11-14 10:30:42 - [MESSAGE][PASSED] - Tapped on element 'Object Repository/Mobile/OR Login/android.widget.Button0 - Start Movic'

2018-11-14 10:30:42 - [TEST_STEP][PASSED] - delay: Delayed 5 second(s)

2018-11-14 10:30:47 - [MESSAGE][PASSED] - Delayed 5 second(s)]]></system-out>
         <system-err><![CDATA[]]></system-err>
      </testcase>
      <testcase name="Test Cases/Mobile/Android/Promo/SC99 Regression/TC02 Show detail promo (By Show More atau Lihat Semua)" classname="Test Cases/Mobile/Android/Promo/SC99 Regression/TC02 Show detail promo (By Show More atau Lihat Semua)" status="PASSED">
         <system-out><![CDATA[2018-11-14 10:30:47 - [TEST_CASE][PASSED] - Test Cases/Mobile/Android/Promo/SC99 Regression/TC02 Show detail promo (By Show More atau Lihat Semua): Test Cases/Mobile/Android/Promo/SC99 Regression/TC02 Show detail promo (By Show More atau Lihat Semua)

2018-11-14 10:30:48 - [TEST_STEP][NOT_RUN] - callTestCase: NOT_RUN: callTestCase

2018-11-14 10:30:48 - [MESSAGE][NOT_RUN] - NOT_RUN: callTestCase

2018-11-14 10:30:48 - [TEST_STEP][PASSED] - tap: Tapped on element 'Object Repository/Mobile/OR Promo/android.widget.TextView6 - Show more'

2018-11-14 10:30:48 - [MESSAGE][WARNING] - Timeout '0' is invalid. Using default page load timeout: '30'

2018-11-14 10:30:50 - [MESSAGE][PASSED] - Tapped on element 'Object Repository/Mobile/OR Promo/android.widget.TextView6 - Show more'

2018-11-14 10:30:50 - [TEST_STEP][PASSED] - tap: Tapped on element 'Object Repository/Mobile/OR Promo/android.widget.Tab(0)'

2018-11-14 10:30:50 - [MESSAGE][WARNING] - Timeout '0' is invalid. Using default page load timeout: '30'

2018-11-14 10:30:52 - [MESSAGE][PASSED] - Tapped on element 'Object Repository/Mobile/OR Promo/android.widget.Tab(0)'

2018-11-14 10:30:52 - [TEST_STEP][PASSED] - tap: Tapped on element 'Object Repository/Mobile/OR Promo/android.widget.LinearLayout4'

2018-11-14 10:30:52 - [MESSAGE][WARNING] - Timeout '0' is invalid. Using default page load timeout: '30'

2018-11-14 10:30:54 - [MESSAGE][PASSED] - Tapped on element 'Object Repository/Mobile/OR Promo/android.widget.LinearLayout4'

2018-11-14 10:30:54 - [TEST_STEP][PASSED] - delay: Delayed 5 second(s)

2018-11-14 10:30:59 - [MESSAGE][PASSED] - Delayed 5 second(s)

2018-11-14 10:30:59 - [TEST_STEP][PASSED] - tap: Tapped on element 'Object Repository/Mobile/OR Promo/android.widget.Tab(1)'

2018-11-14 10:30:59 - [MESSAGE][WARNING] - Timeout '0' is invalid. Using default page load timeout: '30'

2018-11-14 10:31:01 - [MESSAGE][PASSED] - Tapped on element 'Object Repository/Mobile/OR Promo/android.widget.Tab(1)'

2018-11-14 10:31:01 - [TEST_STEP][PASSED] - tap: Tapped on element 'Object Repository/Mobile/OR Promo/android.widget.LinearLayout4'

2018-11-14 10:31:01 - [MESSAGE][WARNING] - Timeout '0' is invalid. Using default page load timeout: '30'

2018-11-14 10:31:03 - [MESSAGE][PASSED] - Tapped on element 'Object Repository/Mobile/OR Promo/android.widget.LinearLayout4'

2018-11-14 10:31:03 - [TEST_STEP][PASSED] - tap: Tapped on element 'Object Repository/Mobile/OR Promo/android.widget.TextView3 - Salin Kode'

2018-11-14 10:31:03 - [MESSAGE][WARNING] - Timeout '0' is invalid. Using default page load timeout: '30'

2018-11-14 10:31:06 - [MESSAGE][PASSED] - Tapped on element 'Object Repository/Mobile/OR Promo/android.widget.TextView3 - Salin Kode'

2018-11-14 10:31:06 - [TEST_STEP][PASSED] - tap: Tapped on element 'Object Repository/Mobile/OR Promo/android.widget.Tab'

2018-11-14 10:31:06 - [MESSAGE][WARNING] - Timeout '0' is invalid. Using default page load timeout: '30'

2018-11-14 10:31:10 - [MESSAGE][PASSED] - Tapped on element 'Object Repository/Mobile/OR Promo/android.widget.Tab'

2018-11-14 10:31:10 - [TEST_STEP][PASSED] - tap: Tapped on element 'Object Repository/Mobile/OR Promo/android.widget.Button0 - Copy'

2018-11-14 10:31:10 - [MESSAGE][WARNING] - Timeout '0' is invalid. Using default page load timeout: '30'

2018-11-14 10:31:13 - [MESSAGE][PASSED] - Tapped on element 'Object Repository/Mobile/OR Promo/android.widget.Button0 - Copy'

2018-11-14 10:31:13 - [TEST_STEP][PASSED] - delay: Delayed 5 second(s)

2018-11-14 10:31:18 - [MESSAGE][PASSED] - Delayed 5 second(s)]]></system-out>
         <system-err><![CDATA[]]></system-err>
      </testcase>
      <system-out><![CDATA[2018-11-14 10:29:20 - [TEST_SUITE][PASSED] - Customer See Detail Promo (By link Show More atau Lihat Semua): Test Cases/Mobile/Android/Promo/SC99 Regression/TC02 Show detail promo (By Show More atau Lihat Semua)]]></system-out>
      <system-err><![CDATA[]]></system-err>
   </testsuite>
</testsuites>
