<?xml version="1.0" encoding="UTF-8"?>
<testsuites name="Search and Set Price Owned Cars by Owner" time="654" tests="3" failures="0" errors="0">
   <testsuite name="Search and Set Price Owned Cars by Owner" tests="3" failures="0" errors="0" time="654" timestamp="2018-11-21 14:09:06" hostname="WGS-LAP199 - DESKTOP-QUMB1S3" id="Test Suites/Mobile/Search and Set Price Owned Cars by Owner">
      <properties>
         <property name="deviceName" value="Xiaomi Redmi 5 (Android 7.1.2)"/>
         <property name="devicePlatform" value=""/>
         <property name="logFolder" value="C:\\Users\\WGS-LAP199\\git\\astra-movic\\Reports\\Mobile\\Search and Set Price Owned Cars by Owner\\20181121_140901"/>
         <property name="logFiles" value="C:\\Users\\WGS-LAP199\\git\\astra-movic\\Reports\\Mobile\\Search and Set Price Owned Cars by Owner\\20181121_140901\\appium.log, C:\\Users\\WGS-LAP199\\git\\astra-movic\\Reports\\Mobile\\Search and Set Price Owned Cars by Owner\\20181121_140901\\execution0.log"/>
         <property name="attachments" value=""/>
         <property name="hostName" value="WGS-LAP199 - DESKTOP-QUMB1S3"/>
         <property name="os" value="Windows 10 64bit"/>
         <property name="katalonVersion" value="5.8.6.1"/>
         <property name="deviceOS" value="Android"/>
         <property name="appiumVersion" value="1.8.1"/>
         <property name="deviceModel" value="Redmi 5"/>
         <property name="hostAddress" value="10.10.11.177"/>
         <property name="deviceManufacturer" value="Xiaomi"/>
         <property name="deviceId" value="54e797627cf5"/>
         <property name="deviceName" value="Xiaomi Redmi 5 (Android 7.1.2)"/>
         <property name="deviceOSVersion" value="7.1.2"/>
      </properties>
      <testcase name="Test Cases/Mobile/Android/User/SC99 Regression/TC04 Login with email" classname="Test Cases/Mobile/Android/User/SC99 Regression/TC04 Login with email" status="PASSED">
         <system-out><![CDATA[2018-11-21 14:09:07 - [TEST_CASE][PASSED] - Test Cases/Mobile/Android/User/SC99 Regression/TC04 Login with email: Test Cases/Mobile/Android/User/SC99 Regression/TC04 Login with email

2018-11-21 14:09:09 - [TEST_STEP][PASSED] - startApplication: Started app at: 'C:\Users\WGS-LAP199\Downloads\Movic apk\Movic_0.9.8_2018-11-12-stable-debug.apk'

2018-11-21 14:10:01 - [MESSAGE][PASSED] - Started app at: 'C:\Users\WGS-LAP199\Downloads\Movic apk\Movic_0.9.8_2018-11-12-stable-debug.apk'

2018-11-21 14:10:01 - [TEST_STEP][PASSED] - tap: Tapped on element 'Object Repository/Mobile/OR Registrasi/android.widget.ImageView4'

2018-11-21 14:10:02 - [MESSAGE][WARNING] - Timeout '0' is invalid. Using default page load timeout: '30'

2018-11-21 14:10:06 - [MESSAGE][PASSED] - Tapped on element 'Object Repository/Mobile/OR Registrasi/android.widget.ImageView4'

2018-11-21 14:10:06 - [TEST_STEP][PASSED] - Statement - For (def index : (1..2)): Tapped on element 'Object Repository/Mobile/OR Registrasi/android.widget.ImageView1'

2018-11-21 14:10:06 - [TEST_STEP][PASSED] - tap: Tapped on element 'Object Repository/Mobile/OR Registrasi/android.widget.ImageView1'

2018-11-21 14:10:06 - [MESSAGE][WARNING] - Timeout '0' is invalid. Using default page load timeout: '30'

2018-11-21 14:10:07 - [MESSAGE][PASSED] - Tapped on element 'Object Repository/Mobile/OR Registrasi/android.widget.ImageView1'

2018-11-21 14:10:07 - [TEST_STEP][PASSED] - tap: Tapped on element 'Object Repository/Mobile/OR Registrasi/android.widget.ImageView1'

2018-11-21 14:10:08 - [MESSAGE][WARNING] - Timeout '0' is invalid. Using default page load timeout: '30'

2018-11-21 14:10:09 - [MESSAGE][PASSED] - Tapped on element 'Object Repository/Mobile/OR Registrasi/android.widget.ImageView1'

2018-11-21 14:10:09 - [TEST_STEP][PASSED] - tap: Tapped on element 'Object Repository/Mobile/OR Registrasi/android.widget.TextView2 - Skip'

2018-11-21 14:10:09 - [MESSAGE][WARNING] - Timeout '0' is invalid. Using default page load timeout: '30'

2018-11-21 14:10:12 - [MESSAGE][PASSED] - Tapped on element 'Object Repository/Mobile/OR Registrasi/android.widget.TextView2 - Skip'

2018-11-21 14:10:12 - [TEST_STEP][PASSED] - tap: Tapped on element 'Object Repository/Mobile/OR Login/android.widget.TextView0 - Log in'

2018-11-21 14:10:12 - [MESSAGE][WARNING] - Timeout '0' is invalid. Using default page load timeout: '30'

2018-11-21 14:10:13 - [MESSAGE][PASSED] - Tapped on element 'Object Repository/Mobile/OR Login/android.widget.TextView0 - Log in'

2018-11-21 14:10:13 - [TEST_STEP][PASSED] - setText: Text 'santi.wahyuni@wgs.co.id' has been set to element 'Object Repository/Mobile/OR Login/android.widget.EditText0'

2018-11-21 14:10:13 - [MESSAGE][WARNING] - Timeout '0' is invalid. Using default page load timeout: '30'

2018-11-21 14:10:15 - [MESSAGE][PASSED] - Text 'santi.wahyuni@wgs.co.id' has been set to element 'Object Repository/Mobile/OR Login/android.widget.EditText0'

2018-11-21 14:10:15 - [TEST_STEP][PASSED] - tap: Tapped on element 'Object Repository/Mobile/OR Login/android.widget.Button0 - Next'

2018-11-21 14:10:15 - [MESSAGE][WARNING] - Timeout '0' is invalid. Using default page load timeout: '30'

2018-11-21 14:10:18 - [MESSAGE][PASSED] - Tapped on element 'Object Repository/Mobile/OR Login/android.widget.Button0 - Next'

2018-11-21 14:10:18 - [TEST_STEP][PASSED] - setText: Text 'P@ssword789' has been set to element 'Object Repository/Mobile/OR Login/android.widget.EditText0 (1)'

2018-11-21 14:10:18 - [MESSAGE][WARNING] - Timeout '0' is invalid. Using default page load timeout: '30'

2018-11-21 14:10:19 - [MESSAGE][PASSED] - Text 'P@ssword789' has been set to element 'Object Repository/Mobile/OR Login/android.widget.EditText0 (1)'

2018-11-21 14:10:19 - [TEST_STEP][PASSED] - delay: Delayed 1 second(s)

2018-11-21 14:10:20 - [MESSAGE][PASSED] - Delayed 1 second(s)

2018-11-21 14:10:20 - [TEST_STEP][PASSED] - hideKeyboard: Keyboard is hidden

2018-11-21 14:10:22 - [MESSAGE][PASSED] - Keyboard is hidden

2018-11-21 14:10:23 - [TEST_STEP][PASSED] - tap: Tapped on element 'Object Repository/Mobile/OR Login/android.widget.Button0 - Start Movic'

2018-11-21 14:10:23 - [MESSAGE][WARNING] - Timeout '0' is invalid. Using default page load timeout: '30'

2018-11-21 14:10:24 - [MESSAGE][PASSED] - Tapped on element 'Object Repository/Mobile/OR Login/android.widget.Button0 - Start Movic'

2018-11-21 14:10:24 - [TEST_STEP][PASSED] - delay: Delayed 5 second(s)

2018-11-21 14:10:29 - [MESSAGE][PASSED] - Delayed 5 second(s)]]></system-out>
         <system-err><![CDATA[]]></system-err>
      </testcase>
      <testcase name="Test Cases/Mobile/Android/Product/SC99 Regression/TC02 Search Car - My Cars" classname="Test Cases/Mobile/Android/Product/SC99 Regression/TC02 Search Car - My Cars" status="PASSED">
         <system-out><![CDATA[2018-11-21 14:10:29 - [TEST_CASE][PASSED] - Test Cases/Mobile/Android/Product/SC99 Regression/TC02 Search Car - My Cars: Test Cases/Mobile/Android/Product/SC99 Regression/TC02 Search Car - My Cars

2018-11-21 14:10:31 - [TEST_STEP][NOT_RUN] - callTestCase: NOT_RUN: callTestCase

2018-11-21 14:10:31 - [MESSAGE][NOT_RUN] - NOT_RUN: callTestCase

2018-11-21 14:10:31 - [TEST_STEP][PASSED] - tap: Tapped on element 'Object Repository/Mobile/OR Product/android.widget.Tab - My Cars'

2018-11-21 14:10:31 - [MESSAGE][WARNING] - Timeout '0' is invalid. Using default page load timeout: '30'

2018-11-21 14:11:52 - [MESSAGE][PASSED] - Tapped on element 'Object Repository/Mobile/OR Product/android.widget.Tab - My Cars'

2018-11-21 14:11:52 - [TEST_STEP][PASSED] - delay: Delayed 5 second(s)

2018-11-21 14:11:57 - [MESSAGE][PASSED] - Delayed 5 second(s)

2018-11-21 14:11:57 - [TEST_STEP][PASSED] - setText: Text 'Mitsubishi' has been set to element 'Object Repository/Mobile/OR Product/android.widget.EditText0 - Search car'

2018-11-21 14:11:57 - [MESSAGE][WARNING] - Timeout '0' is invalid. Using default page load timeout: '30'

2018-11-21 14:16:41 - [MESSAGE][PASSED] - Text 'Mitsubishi' has been set to element 'Object Repository/Mobile/OR Product/android.widget.EditText0 - Search car'

2018-11-21 14:16:41 - [TEST_STEP][PASSED] - delay: Delayed 5 second(s)

2018-11-21 14:16:46 - [MESSAGE][PASSED] - Delayed 5 second(s)

2018-11-21 14:16:46 - [TEST_STEP][PASSED] - tap: Tapped on element 'Object Repository/Mobile/OR Product/android.widget.ImageView6'

2018-11-21 14:16:46 - [MESSAGE][WARNING] - Timeout '0' is invalid. Using default page load timeout: '30'

2018-11-21 14:18:07 - [MESSAGE][PASSED] - Tapped on element 'Object Repository/Mobile/OR Product/android.widget.ImageView6'

2018-11-21 14:18:07 - [TEST_STEP][PASSED] - delay: Delayed 5 second(s)

2018-11-21 14:18:12 - [MESSAGE][PASSED] - Delayed 5 second(s)]]></system-out>
         <system-err><![CDATA[]]></system-err>
      </testcase>
      <testcase name="Test Cases/Mobile/Android/Product/SC99 Regression/TC06 Set Price - My Cars" classname="Test Cases/Mobile/Android/Product/SC99 Regression/TC06 Set Price - My Cars" status="PASSED">
         <system-out><![CDATA[2018-11-21 14:18:12 - [TEST_CASE][PASSED] - Test Cases/Mobile/Android/Product/SC99 Regression/TC06 Set Price - My Cars: Test Cases/Mobile/Android/Product/SC99 Regression/TC06 Set Price - My Cars

2018-11-21 14:18:12 - [TEST_STEP][NOT_RUN] - callTestCase: NOT_RUN: callTestCase

2018-11-21 14:18:12 - [MESSAGE][NOT_RUN] - NOT_RUN: callTestCase

2018-11-21 14:18:12 - [TEST_STEP][NOT_RUN] - tap: NOT_RUN: tap

2018-11-21 14:18:12 - [MESSAGE][NOT_RUN] - NOT_RUN: tap

2018-11-21 14:18:12 - [TEST_STEP][PASSED] - tap: Tapped on element 'Object Repository/Mobile/OR Product/android.widget.ImageView9 (1)'

2018-11-21 14:18:13 - [MESSAGE][WARNING] - Timeout '0' is invalid. Using default page load timeout: '30'

2018-11-21 14:19:24 - [MESSAGE][PASSED] - Tapped on element 'Object Repository/Mobile/OR Product/android.widget.ImageView9 (1)'

2018-11-21 14:19:25 - [TEST_STEP][PASSED] - tap: Tapped on element 'Object Repository/Mobile/OR Product/android.widget.RelativeLayout4 (1)'

2018-11-21 14:19:25 - [MESSAGE][WARNING] - Timeout '0' is invalid. Using default page load timeout: '30'

2018-11-21 14:19:27 - [MESSAGE][PASSED] - Tapped on element 'Object Repository/Mobile/OR Product/android.widget.RelativeLayout4 (1)'

2018-11-21 14:19:27 - [TEST_STEP][PASSED] - clearText: Element 'Object Repository/Mobile/OR Product/android.widget.EditText0 - Rp 750.000' text is cleared

2018-11-21 14:19:27 - [MESSAGE][WARNING] - Timeout '0' is invalid. Using default page load timeout: '30'

2018-11-21 14:19:28 - [MESSAGE][PASSED] - Element 'Object Repository/Mobile/OR Product/android.widget.EditText0 - Rp 750.000' text is cleared

2018-11-21 14:19:28 - [TEST_STEP][PASSED] - setText: Text '1000000' has been set to element 'Object Repository/Mobile/OR Product/android.widget.EditText0 (5)'

2018-11-21 14:19:28 - [MESSAGE][WARNING] - Timeout '0' is invalid. Using default page load timeout: '30'

2018-11-21 14:19:30 - [MESSAGE][PASSED] - Text '1000000' has been set to element 'Object Repository/Mobile/OR Product/android.widget.EditText0 (5)'

2018-11-21 14:19:30 - [TEST_STEP][PASSED] - clearText: Element 'Object Repository/Mobile/OR Product/android.widget.EditText1 - Rp 1.000.000' text is cleared

2018-11-21 14:19:30 - [MESSAGE][WARNING] - Timeout '0' is invalid. Using default page load timeout: '30'

2018-11-21 14:19:31 - [MESSAGE][PASSED] - Element 'Object Repository/Mobile/OR Product/android.widget.EditText1 - Rp 1.000.000' text is cleared

2018-11-21 14:19:31 - [TEST_STEP][PASSED] - setText: Text '1250000' has been set to element 'Object Repository/Mobile/OR Product/android.widget.EditText1 (4)'

2018-11-21 14:19:31 - [MESSAGE][WARNING] - Timeout '0' is invalid. Using default page load timeout: '30'

2018-11-21 14:19:33 - [MESSAGE][PASSED] - Text '1250000' has been set to element 'Object Repository/Mobile/OR Product/android.widget.EditText1 (4)'

2018-11-21 14:19:33 - [TEST_STEP][PASSED] - scrollToText: Scrolling to text 'Add Package Price' successfully

2018-11-21 14:19:38 - [MESSAGE][PASSED] - Scrolling to text 'Add Package Price' successfully

2018-11-21 14:19:38 - [TEST_STEP][PASSED] - clearText: Element 'Object Repository/Mobile/OR Product/android.widget.EditText0 - Rp 1.000.000' text is cleared

2018-11-21 14:19:38 - [MESSAGE][WARNING] - Timeout '0' is invalid. Using default page load timeout: '30'

2018-11-21 14:19:38 - [MESSAGE][PASSED] - Element 'Object Repository/Mobile/OR Product/android.widget.EditText0 - Rp 1.000.000' text is cleared

2018-11-21 14:19:38 - [TEST_STEP][PASSED] - setText: Text '1250000' has been set to element 'Object Repository/Mobile/OR Product/android.widget.EditText0 (6)'

2018-11-21 14:19:38 - [MESSAGE][WARNING] - Timeout '0' is invalid. Using default page load timeout: '30'

2018-11-21 14:19:40 - [MESSAGE][PASSED] - Text '1250000' has been set to element 'Object Repository/Mobile/OR Product/android.widget.EditText0 (6)'

2018-11-21 14:19:40 - [TEST_STEP][PASSED] - clearText: Element 'Object Repository/Mobile/OR Product/android.widget.EditText1 - Rp 1.250.000' text is cleared

2018-11-21 14:19:40 - [MESSAGE][WARNING] - Timeout '0' is invalid. Using default page load timeout: '30'

2018-11-21 14:19:41 - [MESSAGE][PASSED] - Element 'Object Repository/Mobile/OR Product/android.widget.EditText1 - Rp 1.250.000' text is cleared

2018-11-21 14:19:41 - [TEST_STEP][PASSED] - setText: Text '1500000' has been set to element 'Object Repository/Mobile/OR Product/android.widget.EditText1 (5)'

2018-11-21 14:19:41 - [MESSAGE][WARNING] - Timeout '0' is invalid. Using default page load timeout: '30'

2018-11-21 14:19:43 - [MESSAGE][PASSED] - Text '1500000' has been set to element 'Object Repository/Mobile/OR Product/android.widget.EditText1 (5)'

2018-11-21 14:19:43 - [TEST_STEP][PASSED] - tap: Tapped on element 'Object Repository/Mobile/OR Product/android.widget.Button0 - Save (5)'

2018-11-21 14:19:43 - [MESSAGE][WARNING] - Timeout '0' is invalid. Using default page load timeout: '30'

2018-11-21 14:19:54 - [MESSAGE][PASSED] - Tapped on element 'Object Repository/Mobile/OR Product/android.widget.Button0 - Save (5)'

2018-11-21 14:19:54 - [TEST_STEP][PASSED] - delay: Delayed 5 second(s)

2018-11-21 14:19:59 - [MESSAGE][PASSED] - Delayed 5 second(s)]]></system-out>
         <system-err><![CDATA[]]></system-err>
      </testcase>
      <system-out><![CDATA[2018-11-21 14:09:06 - [TEST_SUITE][PASSED] - Search and Set Price Owned Cars by Owner: Test Cases/Mobile/Android/Product/SC99 Regression/TC06 Set Price - My Cars]]></system-out>
      <system-err><![CDATA[]]></system-err>
   </testsuite>
</testsuites>
