<?xml version="1.0" encoding="UTF-8"?>
<testsuites name="Customer See Detail Promo (By Banner)" time="98" tests="2" failures="0" errors="0">
   <testsuite name="Customer See Detail Promo (By Banner)" tests="2" failures="0" errors="0" time="98" timestamp="2018-11-14 10:05:47" hostname="WGS-LAP199 - DESKTOP-QUMB1S3" id="Test Suites/Mobile/Customer See Detail Promo (By Banner)">
      <properties>
         <property name="deviceName" value="Xiaomi Redmi 5 (Android 7.1.2)"/>
         <property name="devicePlatform" value=""/>
         <property name="logFolder" value="C:\\Users\\WGS-LAP199\\git\\astra-movic\\Reports\\Mobile\\Customer See Detail Promo (By Banner)\\20181114_100543"/>
         <property name="logFiles" value="C:\\Users\\WGS-LAP199\\git\\astra-movic\\Reports\\Mobile\\Customer See Detail Promo (By Banner)\\20181114_100543\\appium.log, C:\\Users\\WGS-LAP199\\git\\astra-movic\\Reports\\Mobile\\Customer See Detail Promo (By Banner)\\20181114_100543\\execution0.log"/>
         <property name="attachments" value=""/>
         <property name="hostName" value="WGS-LAP199 - DESKTOP-QUMB1S3"/>
         <property name="os" value="Windows 10 64bit"/>
         <property name="katalonVersion" value="5.8.6.1"/>
         <property name="deviceOS" value="Android"/>
         <property name="appiumVersion" value="1.8.1"/>
         <property name="deviceModel" value="Redmi 5"/>
         <property name="hostAddress" value="10.10.10.109"/>
         <property name="deviceManufacturer" value="Xiaomi"/>
         <property name="deviceId" value="54e797627cf5"/>
         <property name="deviceName" value="Xiaomi Redmi 5 (Android 7.1.2)"/>
         <property name="deviceOSVersion" value="7.1.2"/>
      </properties>
      <testcase name="Test Cases/Mobile/Android/User/SC99 Regression/TC04 Login with email" classname="Test Cases/Mobile/Android/User/SC99 Regression/TC04 Login with email" status="PASSED">
         <system-out><![CDATA[2018-11-14 10:05:48 - [TEST_CASE][PASSED] - Test Cases/Mobile/Android/User/SC99 Regression/TC04 Login with email: Test Cases/Mobile/Android/User/SC99 Regression/TC04 Login with email

2018-11-14 10:05:50 - [TEST_STEP][PASSED] - startApplication: Started app at: 'C:\Users\WGS-LAP199\Downloads\Movic apk\Movic_0.9.7_2018-10-14-stable-debug.apk'

2018-11-14 10:06:39 - [MESSAGE][PASSED] - Started app at: 'C:\Users\WGS-LAP199\Downloads\Movic apk\Movic_0.9.7_2018-10-14-stable-debug.apk'

2018-11-14 10:06:39 - [TEST_STEP][PASSED] - tap: Tapped on element 'Object Repository/Mobile/OR Registrasi/android.widget.ImageView4'

2018-11-14 10:06:39 - [MESSAGE][WARNING] - Timeout '0' is invalid. Using default page load timeout: '30'

2018-11-14 10:06:43 - [MESSAGE][PASSED] - Tapped on element 'Object Repository/Mobile/OR Registrasi/android.widget.ImageView4'

2018-11-14 10:06:43 - [TEST_STEP][PASSED] - Statement - For (def index : (1..2)): Tapped on element 'Object Repository/Mobile/OR Registrasi/android.widget.ImageView1'

2018-11-14 10:06:44 - [TEST_STEP][PASSED] - tap: Tapped on element 'Object Repository/Mobile/OR Registrasi/android.widget.ImageView1'

2018-11-14 10:06:44 - [MESSAGE][WARNING] - Timeout '0' is invalid. Using default page load timeout: '30'

2018-11-14 10:06:45 - [MESSAGE][PASSED] - Tapped on element 'Object Repository/Mobile/OR Registrasi/android.widget.ImageView1'

2018-11-14 10:06:45 - [TEST_STEP][PASSED] - tap: Tapped on element 'Object Repository/Mobile/OR Registrasi/android.widget.ImageView1'

2018-11-14 10:06:45 - [MESSAGE][WARNING] - Timeout '0' is invalid. Using default page load timeout: '30'

2018-11-14 10:06:46 - [MESSAGE][PASSED] - Tapped on element 'Object Repository/Mobile/OR Registrasi/android.widget.ImageView1'

2018-11-14 10:06:46 - [TEST_STEP][PASSED] - tap: Tapped on element 'Object Repository/Mobile/OR Registrasi/android.widget.TextView2 - Skip'

2018-11-14 10:06:46 - [MESSAGE][WARNING] - Timeout '0' is invalid. Using default page load timeout: '30'

2018-11-14 10:06:48 - [MESSAGE][PASSED] - Tapped on element 'Object Repository/Mobile/OR Registrasi/android.widget.TextView2 - Skip'

2018-11-14 10:06:48 - [TEST_STEP][PASSED] - tap: Tapped on element 'Object Repository/Mobile/OR Login/android.widget.TextView0 - Log in'

2018-11-14 10:06:48 - [MESSAGE][WARNING] - Timeout '0' is invalid. Using default page load timeout: '30'

2018-11-14 10:06:50 - [MESSAGE][PASSED] - Tapped on element 'Object Repository/Mobile/OR Login/android.widget.TextView0 - Log in'

2018-11-14 10:06:50 - [TEST_STEP][PASSED] - setText: Text 'santi.wahyuni@wgs.co.id' has been set to element 'Object Repository/Mobile/OR Login/android.widget.EditText0'

2018-11-14 10:06:50 - [MESSAGE][WARNING] - Timeout '0' is invalid. Using default page load timeout: '30'

2018-11-14 10:06:51 - [MESSAGE][PASSED] - Text 'santi.wahyuni@wgs.co.id' has been set to element 'Object Repository/Mobile/OR Login/android.widget.EditText0'

2018-11-14 10:06:51 - [TEST_STEP][PASSED] - tap: Tapped on element 'Object Repository/Mobile/OR Login/android.widget.Button0 - Next'

2018-11-14 10:06:51 - [MESSAGE][WARNING] - Timeout '0' is invalid. Using default page load timeout: '30'

2018-11-14 10:06:54 - [MESSAGE][PASSED] - Tapped on element 'Object Repository/Mobile/OR Login/android.widget.Button0 - Next'

2018-11-14 10:06:54 - [TEST_STEP][PASSED] - setText: Text 'P@ssword789' has been set to element 'Object Repository/Mobile/OR Login/android.widget.EditText0 (1)'

2018-11-14 10:06:54 - [MESSAGE][WARNING] - Timeout '0' is invalid. Using default page load timeout: '30'

2018-11-14 10:06:55 - [MESSAGE][PASSED] - Text 'P@ssword789' has been set to element 'Object Repository/Mobile/OR Login/android.widget.EditText0 (1)'

2018-11-14 10:06:55 - [TEST_STEP][PASSED] - delay: Delayed 1 second(s)

2018-11-14 10:06:56 - [MESSAGE][PASSED] - Delayed 1 second(s)

2018-11-14 10:06:56 - [TEST_STEP][PASSED] - hideKeyboard: Keyboard is hidden

2018-11-14 10:06:58 - [MESSAGE][PASSED] - Keyboard is hidden

2018-11-14 10:06:58 - [TEST_STEP][PASSED] - tap: Tapped on element 'Object Repository/Mobile/OR Login/android.widget.Button0 - Start Movic'

2018-11-14 10:06:58 - [MESSAGE][WARNING] - Timeout '0' is invalid. Using default page load timeout: '30'

2018-11-14 10:07:00 - [MESSAGE][PASSED] - Tapped on element 'Object Repository/Mobile/OR Login/android.widget.Button0 - Start Movic'

2018-11-14 10:07:00 - [TEST_STEP][PASSED] - delay: Delayed 5 second(s)

2018-11-14 10:07:05 - [MESSAGE][PASSED] - Delayed 5 second(s)]]></system-out>
         <system-err><![CDATA[]]></system-err>
      </testcase>
      <testcase name="Test Cases/Mobile/Android/Promo/SC99 Regression/TC01 Show detail promo (By Banner)" classname="Test Cases/Mobile/Android/Promo/SC99 Regression/TC01 Show detail promo (By Banner)" status="PASSED">
         <system-out><![CDATA[2018-11-14 10:07:05 - [TEST_CASE][PASSED] - Test Cases/Mobile/Android/Promo/SC99 Regression/TC01 Show detail promo (By Banner): Test Cases/Mobile/Android/Promo/SC99 Regression/TC01 Show detail promo (By Banner)

2018-11-14 10:07:06 - [TEST_STEP][NOT_RUN] - callTestCase: NOT_RUN: callTestCase

2018-11-14 10:07:06 - [MESSAGE][NOT_RUN] - NOT_RUN: callTestCase

2018-11-14 10:07:06 - [TEST_STEP][PASSED] - tap: Tapped on element 'Object Repository/Mobile/OR Promo/android.widget.ImageView7'

2018-11-14 10:07:06 - [MESSAGE][WARNING] - Timeout '0' is invalid. Using default page load timeout: '30'

2018-11-14 10:07:09 - [MESSAGE][PASSED] - Tapped on element 'Object Repository/Mobile/OR Promo/android.widget.ImageView7'

2018-11-14 10:07:09 - [TEST_STEP][PASSED] - tap: Tapped on element 'Object Repository/Mobile/OR Promo/android.widget.TextView3 - Salin Kode'

2018-11-14 10:07:09 - [MESSAGE][WARNING] - Timeout '0' is invalid. Using default page load timeout: '30'

2018-11-14 10:07:14 - [MESSAGE][PASSED] - Tapped on element 'Object Repository/Mobile/OR Promo/android.widget.TextView3 - Salin Kode'

2018-11-14 10:07:14 - [TEST_STEP][PASSED] - tap: Tapped on element 'Object Repository/Mobile/OR Promo/android.widget.Tab'

2018-11-14 10:07:14 - [MESSAGE][WARNING] - Timeout '0' is invalid. Using default page load timeout: '30'

2018-11-14 10:07:16 - [MESSAGE][PASSED] - Tapped on element 'Object Repository/Mobile/OR Promo/android.widget.Tab'

2018-11-14 10:07:16 - [TEST_STEP][PASSED] - tap: Tapped on element 'Object Repository/Mobile/OR Promo/android.widget.Button0 - Copy'

2018-11-14 10:07:16 - [MESSAGE][WARNING] - Timeout '0' is invalid. Using default page load timeout: '30'

2018-11-14 10:07:19 - [MESSAGE][PASSED] - Tapped on element 'Object Repository/Mobile/OR Promo/android.widget.Button0 - Copy'

2018-11-14 10:07:19 - [TEST_STEP][PASSED] - delay: Delayed 5 second(s)

2018-11-14 10:07:24 - [MESSAGE][PASSED] - Delayed 5 second(s)]]></system-out>
         <system-err><![CDATA[]]></system-err>
      </testcase>
      <system-out><![CDATA[2018-11-14 10:05:47 - [TEST_SUITE][PASSED] - Customer See Detail Promo (By Banner): Test Cases/Mobile/Android/Promo/SC99 Regression/TC01 Show detail promo (By Banner)]]></system-out>
      <system-err><![CDATA[]]></system-err>
   </testsuite>
</testsuites>
