<?xml version="1.0" encoding="UTF-8"?>
<testsuites name="Login dan Become Owner" time="114" tests="2" failures="0" errors="0">
   <testsuite name="Login dan Become Owner" tests="2" failures="0" errors="0" time="114" timestamp="2018-06-26 11:51:48" hostname="Sandi - DESKTOP-IO1HPO8" id="Test Suites/Front-End/Login dan Become Owner">
      <properties>
         <property name="deviceName" value=""/>
         <property name="devicePlatform" value=""/>
         <property name="logFolder" value="C:\\Users\\Sandi\\Documents\\Katalon Projects\\Projects\\Astra Movic\\Reports\\Front-End\\Login dan Become Owner\\20180626_115146"/>
         <property name="logFiles" value="C:\\Users\\Sandi\\Documents\\Katalon Projects\\Projects\\Astra Movic\\Reports\\Front-End\\Login dan Become Owner\\20180626_115146\\execution0.log"/>
         <property name="attachments" value=""/>
         <property name="hostName" value="Sandi - DESKTOP-IO1HPO8"/>
         <property name="os" value="Windows 10 64bit"/>
         <property name="katalonVersion" value="5.3.0.1"/>
         <property name="browser" value="Chrome 67.0.3396.87"/>
         <property name="hostAddress" value="10.10.10.233"/>
         <property name="sessionId" value="42d7648e8ec6e626db7dfe239be82095"/>
         <property name="seleniumVersion" value="3.7.1"/>
         <property name="proxyInformation" value="ProxyInformation{proxyOption=NO_PROXY, proxyServerType=, password=, proxyServerAddress=, proxyServerPort=0}"/>
         <property name="platform" value="Windows 10"/>
      </properties>
      <testcase name="Test Cases/Front-End/User/SC99 Regression/TC04 Login Biasa with email" classname="Test Cases/Front-End/User/SC99 Regression/TC04 Login Biasa with email" status="PASSED">
         <system-out><![CDATA[2018-06-26 11:51:49 - [TEST_CASE][PASSED] - Test Cases/Front-End/User/SC99 Regression/TC04 Login Biasa with email: Test Cases/Front-End/User/SC99 Regression/TC04 Login Biasa with email

2018-06-26 11:51:49 - [TEST_STEP][PASSED] - openBrowser: Browser is opened with url: ''

2018-06-26 11:51:54 - [MESSAGE][PASSED] - Browser is opened with url: ''

2018-06-26 11:51:54 - [TEST_STEP][PASSED] - maximizeWindow: Current window maximized

2018-06-26 11:51:57 - [MESSAGE][PASSED] - Current window maximized

2018-06-26 11:51:57 - [TEST_STEP][PASSED] - navigateToUrl: Navigate to 'http://movic.stagingapps.net/home' successfully

2018-06-26 11:52:30 - [MESSAGE][PASSED] - Navigate to 'http://movic.stagingapps.net/home' successfully

2018-06-26 11:52:30 - [TEST_STEP][PASSED] - waitForPageLoad: Wait for page load successfully

2018-06-26 11:52:31 - [MESSAGE][PASSED] - Wait for page load successfully

2018-06-26 11:52:31 - [TEST_STEP][PASSED] - click: Object: 'Object Repository/Front-End/OR Login Biasa with email/Page_Home/a_Masuk' is clicked on

2018-06-26 11:52:33 - [MESSAGE][PASSED] - Object: 'Object Repository/Front-End/OR Login Biasa with email/Page_Home/a_Masuk' is clicked on

2018-06-26 11:52:33 - [TEST_STEP][PASSED] - setText: Text 'ali.msaputra01@gmail.com' is set on object 'Object Repository/Front-End/OR Login Biasa with email/Page_Home/input_form-control ng-untouche'

2018-06-26 11:52:37 - [MESSAGE][PASSED] - Text 'ali.msaputra01@gmail.com' is set on object 'Object Repository/Front-End/OR Login Biasa with email/Page_Home/input_form-control ng-untouche'

2018-06-26 11:52:37 - [TEST_STEP][PASSED] - setText: Text 'Walden1234' is set on object 'Object Repository/Front-End/OR Login Biasa with email/Page_Home/input_form-control ng-touched'

2018-06-26 11:52:41 - [MESSAGE][PASSED] - Text 'Walden1234' is set on object 'Object Repository/Front-End/OR Login Biasa with email/Page_Home/input_form-control ng-touched'

2018-06-26 11:52:41 - [TEST_STEP][PASSED] - click: Object: 'Object Repository/Front-End/OR Login Biasa with email/Page_Home/button_MASUK' is clicked on

2018-06-26 11:52:43 - [MESSAGE][PASSED] - Object: 'Object Repository/Front-End/OR Login Biasa with email/Page_Home/button_MASUK' is clicked on

2018-06-26 11:52:43 - [TEST_STEP][PASSED] - verifyElementVisible: Object 'Object Repository/Front-End/OR Login Biasa with email/Page_Home/div_i  SuccessTerimakasih Anda' is visible

2018-06-26 11:52:45 - [MESSAGE][PASSED] - Object 'Object Repository/Front-End/OR Login Biasa with email/Page_Home/div_i  SuccessTerimakasih Anda' is visible]]></system-out>
         <system-err><![CDATA[]]></system-err>
      </testcase>
      <testcase name="Test Cases/Front-End/Owner/SC01 Validasi Photo/TC06 Upload menggunakan gallery" classname="Test Cases/Front-End/Owner/SC01 Validasi Photo/TC06 Upload menggunakan gallery" status="PASSED">
         <system-out><![CDATA[2018-06-26 11:52:46 - [TEST_CASE][PASSED] - Test Cases/Front-End/Owner/SC01 Validasi Photo/TC06 Upload menggunakan gallery: Test Cases/Front-End/Owner/SC01 Validasi Photo/TC06 Upload menggunakan gallery

2018-06-26 11:52:46 - [TEST_STEP][NOT_RUN] - openBrowser: NOT_RUN: openBrowser

2018-06-26 11:52:46 - [MESSAGE][NOT_RUN] - NOT_RUN: openBrowser

2018-06-26 11:52:46 - [TEST_STEP][NOT_RUN] - maximizeWindow: NOT_RUN: maximizeWindow

2018-06-26 11:52:46 - [MESSAGE][NOT_RUN] - NOT_RUN: maximizeWindow

2018-06-26 11:52:46 - [TEST_STEP][NOT_RUN] - navigateToUrl: NOT_RUN: navigateToUrl

2018-06-26 11:52:46 - [MESSAGE][NOT_RUN] - NOT_RUN: navigateToUrl

2018-06-26 11:52:46 - [TEST_STEP][NOT_RUN] - waitForPageLoad: NOT_RUN: waitForPageLoad

2018-06-26 11:52:46 - [MESSAGE][NOT_RUN] - NOT_RUN: waitForPageLoad

2018-06-26 11:52:46 - [TEST_STEP][NOT_RUN] - click: NOT_RUN: click

2018-06-26 11:52:46 - [MESSAGE][NOT_RUN] - NOT_RUN: click

2018-06-26 11:52:46 - [TEST_STEP][NOT_RUN] - setText: NOT_RUN: setText

2018-06-26 11:52:46 - [MESSAGE][NOT_RUN] - NOT_RUN: setText

2018-06-26 11:52:46 - [TEST_STEP][NOT_RUN] - setText: NOT_RUN: setText

2018-06-26 11:52:46 - [MESSAGE][NOT_RUN] - NOT_RUN: setText

2018-06-26 11:52:46 - [TEST_STEP][NOT_RUN] - click: NOT_RUN: click

2018-06-26 11:52:46 - [MESSAGE][NOT_RUN] - NOT_RUN: click

2018-06-26 11:52:46 - [TEST_STEP][PASSED] - delay: Delayed 3 second(s)

2018-06-26 11:52:49 - [MESSAGE][PASSED] - Delayed 3 second(s)

2018-06-26 11:52:49 - [TEST_STEP][PASSED] - refresh: Refresh successfully

2018-06-26 11:53:07 - [MESSAGE][PASSED] - Refresh successfully

2018-06-26 11:53:07 - [TEST_STEP][PASSED] - click: Object: 'Object Repository/Front-End/OR Upload menggunakan Gallery/Page_Home/a_Bergabung menjadi Vehicle Ow' is clicked on

2018-06-26 11:53:09 - [MESSAGE][PASSED] - Object: 'Object Repository/Front-End/OR Upload menggunakan Gallery/Page_Home/a_Bergabung menjadi Vehicle Ow' is clicked on

2018-06-26 11:53:09 - [TEST_STEP][PASSED] - click: Object: 'Object Repository/Front-End/OR Upload menggunakan Gallery/Page_Become Owner/a_Bergabung Menjadi Pemilik Mo' is clicked on

2018-06-26 11:53:11 - [MESSAGE][PASSED] - Object: 'Object Repository/Front-End/OR Upload menggunakan Gallery/Page_Become Owner/a_Bergabung Menjadi Pemilik Mo' is clicked on

2018-06-26 11:53:11 - [TEST_STEP][PASSED] - delay: Delayed 3 second(s)

2018-06-26 11:53:14 - [MESSAGE][PASSED] - Delayed 3 second(s)

2018-06-26 11:53:14 - [TEST_STEP][PASSED] - scrollToPosition: Browser is scrolled to position x = 0, y = 400

2018-06-26 11:53:15 - [MESSAGE][PASSED] - Browser is scrolled to position x = 0, y = 400

2018-06-26 11:53:15 - [TEST_STEP][PASSED] - WebUICustomKeyword.uploadFile: WebUICustomKeyword.uploadFile is PASSED

2018-06-26 11:53:17 - [MESSAGE][PASSED] - Object: 'Object Repository/Front-End/OR Upload menggunakan Gallery/Page_Become Owner Register/span_Upload Gambar' is clicked on

2018-06-26 11:53:18 - [MESSAGE][PASSED] - WebUICustomKeyword.uploadFile is PASSED

2018-06-26 11:53:18 - [TEST_STEP][PASSED] - delay: Delayed 3 second(s)

2018-06-26 11:53:21 - [MESSAGE][PASSED] - Delayed 3 second(s)

2018-06-26 11:53:21 - [TEST_STEP][PASSED] - scrollToPosition: Browser is scrolled to position x = 0, y = 1100

2018-06-26 11:53:22 - [MESSAGE][PASSED] - Browser is scrolled to position x = 0, y = 1100

2018-06-26 11:53:22 - [TEST_STEP][PASSED] - WebUICustomKeyword.uploadFile: WebUICustomKeyword.uploadFile is PASSED

2018-06-26 11:53:24 - [MESSAGE][PASSED] - Object: 'Object Repository/Front-End/OR Upload menggunakan Gallery/Page_Become Owner Register/span_Upload Gambar (1)' is clicked on

2018-06-26 11:53:24 - [MESSAGE][PASSED] - WebUICustomKeyword.uploadFile is PASSED

2018-06-26 11:53:24 - [TEST_STEP][PASSED] - delay: Delayed 3 second(s)

2018-06-26 11:53:27 - [MESSAGE][PASSED] - Delayed 3 second(s)

2018-06-26 11:53:27 - [TEST_STEP][PASSED] - scrollToPosition: Browser is scrolled to position x = 0, y = 1600

2018-06-26 11:53:28 - [MESSAGE][PASSED] - Browser is scrolled to position x = 0, y = 1600

2018-06-26 11:53:28 - [TEST_STEP][PASSED] - WebUICustomKeyword.uploadFile: WebUICustomKeyword.uploadFile is PASSED

2018-06-26 11:53:30 - [MESSAGE][PASSED] - Object: 'Object Repository/Front-End/OR Upload menggunakan Gallery/Page_Become Owner Register/span_Upload Gambar (2)' is clicked on

2018-06-26 11:53:30 - [MESSAGE][PASSED] - WebUICustomKeyword.uploadFile is PASSED

2018-06-26 11:53:30 - [TEST_STEP][PASSED] - delay: Delayed 3 second(s)

2018-06-26 11:53:33 - [MESSAGE][PASSED] - Delayed 3 second(s)

2018-06-26 11:53:33 - [TEST_STEP][NOT_RUN] - delay: NOT_RUN: delay

2018-06-26 11:53:33 - [MESSAGE][NOT_RUN] - NOT_RUN: delay

2018-06-26 11:53:33 - [TEST_STEP][PASSED] - click: Object: 'Object Repository/Front-End/OR Upload menggunakan Gallery/Page_Become Owner Register/button_LANJUTKAN' is clicked on

2018-06-26 11:53:35 - [MESSAGE][PASSED] - Object: 'Object Repository/Front-End/OR Upload menggunakan Gallery/Page_Become Owner Register/button_LANJUTKAN' is clicked on

2018-06-26 11:53:35 - [TEST_STEP][PASSED] - delay: Delayed 5 second(s)

2018-06-26 11:53:40 - [MESSAGE][PASSED] - Delayed 5 second(s)

2018-06-26 11:53:40 - [TEST_STEP][PASSED] - verifyElementPresent: Object 'Object Repository/Front-End/OR Upload menggunakan Gallery/Page_Become Owner/div_Ukuran File Terlalu Besar.' is present

2018-06-26 11:53:41 - [MESSAGE][PASSED] - Object 'Object Repository/Front-End/OR Upload menggunakan Gallery/Page_Become Owner/div_Ukuran File Terlalu Besar.' is present]]></system-out>
         <system-err><![CDATA[]]></system-err>
      </testcase>
      <system-out><![CDATA[2018-06-26 11:51:48 - [TEST_SUITE][PASSED] - Login dan Become Owner: Test Cases/Front-End/Owner/SC01 Validasi Photo/TC06 Upload menggunakan gallery]]></system-out>
      <system-err><![CDATA[]]></system-err>
   </testsuite>
</testsuites>
