<?xml version="1.0" encoding="UTF-8"?>
<testsuites name="Approval booking by Owner" time="100" tests="3" failures="0" errors="0">
   <testsuite name="Approval booking by Owner" tests="3" failures="0" errors="0" time="100" timestamp="2018-11-16 16:06:34" hostname="WGS-LAP199 - DESKTOP-QUMB1S3" id="Test Suites/Mobile/Approval booking by Owner">
      <properties>
         <property name="deviceName" value="Xiaomi Redmi 5 (Android 7.1.2)"/>
         <property name="devicePlatform" value=""/>
         <property name="logFolder" value="C:\\Users\\WGS-LAP199\\git\\astra-movic\\Reports\\Mobile\\Approval booking by Owner\\20181116_160630"/>
         <property name="logFiles" value="C:\\Users\\WGS-LAP199\\git\\astra-movic\\Reports\\Mobile\\Approval booking by Owner\\20181116_160630\\appium.log, C:\\Users\\WGS-LAP199\\git\\astra-movic\\Reports\\Mobile\\Approval booking by Owner\\20181116_160630\\execution0.log"/>
         <property name="attachments" value=""/>
         <property name="hostName" value="WGS-LAP199 - DESKTOP-QUMB1S3"/>
         <property name="os" value="Windows 10 64bit"/>
         <property name="katalonVersion" value="5.8.6.1"/>
         <property name="deviceOS" value="Android"/>
         <property name="appiumVersion" value="1.8.1"/>
         <property name="deviceModel" value="Redmi 5"/>
         <property name="hostAddress" value="10.10.10.109"/>
         <property name="deviceManufacturer" value="Xiaomi"/>
         <property name="deviceId" value="54e797627cf5"/>
         <property name="deviceName" value="Xiaomi Redmi 5 (Android 7.1.2)"/>
         <property name="deviceOSVersion" value="7.1.2"/>
      </properties>
      <testcase name="Test Cases/Mobile/Android/User/SC99 Regression/TC04 Login with email" classname="Test Cases/Mobile/Android/User/SC99 Regression/TC04 Login with email" status="PASSED">
         <system-out><![CDATA[2018-11-16 16:06:35 - [TEST_CASE][PASSED] - Test Cases/Mobile/Android/User/SC99 Regression/TC04 Login with email: Test Cases/Mobile/Android/User/SC99 Regression/TC04 Login with email

2018-11-16 16:06:37 - [TEST_STEP][PASSED] - startApplication: Started app at: 'C:\Users\WGS-LAP199\Downloads\Movic apk\Movic_0.9.7_2018-10-14-stable-debug.apk'

2018-11-16 16:07:29 - [MESSAGE][PASSED] - Started app at: 'C:\Users\WGS-LAP199\Downloads\Movic apk\Movic_0.9.7_2018-10-14-stable-debug.apk'

2018-11-16 16:07:29 - [TEST_STEP][PASSED] - tap: Tapped on element 'Object Repository/Mobile/OR Registrasi/android.widget.ImageView4'

2018-11-16 16:07:29 - [MESSAGE][WARNING] - Timeout '0' is invalid. Using default page load timeout: '30'

2018-11-16 16:07:34 - [MESSAGE][PASSED] - Tapped on element 'Object Repository/Mobile/OR Registrasi/android.widget.ImageView4'

2018-11-16 16:07:34 - [TEST_STEP][PASSED] - Statement - For (def index : (1..2)): Tapped on element 'Object Repository/Mobile/OR Registrasi/android.widget.ImageView1'

2018-11-16 16:07:34 - [TEST_STEP][PASSED] - tap: Tapped on element 'Object Repository/Mobile/OR Registrasi/android.widget.ImageView1'

2018-11-16 16:07:34 - [MESSAGE][WARNING] - Timeout '0' is invalid. Using default page load timeout: '30'

2018-11-16 16:07:35 - [MESSAGE][PASSED] - Tapped on element 'Object Repository/Mobile/OR Registrasi/android.widget.ImageView1'

2018-11-16 16:07:35 - [TEST_STEP][PASSED] - tap: Tapped on element 'Object Repository/Mobile/OR Registrasi/android.widget.ImageView1'

2018-11-16 16:07:35 - [MESSAGE][WARNING] - Timeout '0' is invalid. Using default page load timeout: '30'

2018-11-16 16:07:36 - [MESSAGE][PASSED] - Tapped on element 'Object Repository/Mobile/OR Registrasi/android.widget.ImageView1'

2018-11-16 16:07:36 - [TEST_STEP][PASSED] - tap: Tapped on element 'Object Repository/Mobile/OR Registrasi/android.widget.TextView2 - Skip'

2018-11-16 16:07:36 - [MESSAGE][WARNING] - Timeout '0' is invalid. Using default page load timeout: '30'

2018-11-16 16:07:39 - [MESSAGE][PASSED] - Tapped on element 'Object Repository/Mobile/OR Registrasi/android.widget.TextView2 - Skip'

2018-11-16 16:07:39 - [TEST_STEP][PASSED] - tap: Tapped on element 'Object Repository/Mobile/OR Login/android.widget.TextView0 - Log in'

2018-11-16 16:07:39 - [MESSAGE][WARNING] - Timeout '0' is invalid. Using default page load timeout: '30'

2018-11-16 16:07:40 - [MESSAGE][PASSED] - Tapped on element 'Object Repository/Mobile/OR Login/android.widget.TextView0 - Log in'

2018-11-16 16:07:40 - [TEST_STEP][PASSED] - setText: Text 'santi.wahyuni@wgs.co.id' has been set to element 'Object Repository/Mobile/OR Login/android.widget.EditText0'

2018-11-16 16:07:40 - [MESSAGE][WARNING] - Timeout '0' is invalid. Using default page load timeout: '30'

2018-11-16 16:07:41 - [MESSAGE][PASSED] - Text 'santi.wahyuni@wgs.co.id' has been set to element 'Object Repository/Mobile/OR Login/android.widget.EditText0'

2018-11-16 16:07:41 - [TEST_STEP][PASSED] - tap: Tapped on element 'Object Repository/Mobile/OR Login/android.widget.Button0 - Next'

2018-11-16 16:07:41 - [MESSAGE][WARNING] - Timeout '0' is invalid. Using default page load timeout: '30'

2018-11-16 16:07:44 - [MESSAGE][PASSED] - Tapped on element 'Object Repository/Mobile/OR Login/android.widget.Button0 - Next'

2018-11-16 16:07:44 - [TEST_STEP][PASSED] - setText: Text 'P@ssword789' has been set to element 'Object Repository/Mobile/OR Login/android.widget.EditText0 (1)'

2018-11-16 16:07:44 - [MESSAGE][WARNING] - Timeout '0' is invalid. Using default page load timeout: '30'

2018-11-16 16:07:45 - [MESSAGE][PASSED] - Text 'P@ssword789' has been set to element 'Object Repository/Mobile/OR Login/android.widget.EditText0 (1)'

2018-11-16 16:07:45 - [TEST_STEP][PASSED] - delay: Delayed 1 second(s)

2018-11-16 16:07:46 - [MESSAGE][PASSED] - Delayed 1 second(s)

2018-11-16 16:07:46 - [TEST_STEP][PASSED] - hideKeyboard: Keyboard is hidden

2018-11-16 16:07:48 - [MESSAGE][PASSED] - Keyboard is hidden

2018-11-16 16:07:49 - [TEST_STEP][PASSED] - tap: Tapped on element 'Object Repository/Mobile/OR Login/android.widget.Button0 - Start Movic'

2018-11-16 16:07:49 - [MESSAGE][WARNING] - Timeout '0' is invalid. Using default page load timeout: '30'

2018-11-16 16:07:50 - [MESSAGE][PASSED] - Tapped on element 'Object Repository/Mobile/OR Login/android.widget.Button0 - Start Movic'

2018-11-16 16:07:50 - [TEST_STEP][PASSED] - delay: Delayed 5 second(s)

2018-11-16 16:07:55 - [MESSAGE][PASSED] - Delayed 5 second(s)]]></system-out>
         <system-err><![CDATA[]]></system-err>
      </testcase>
      <testcase name="Test Cases/Mobile/Android/Order/SC99 Regression/TC01 My Order" classname="Test Cases/Mobile/Android/Order/SC99 Regression/TC01 My Order" status="PASSED">
         <system-out><![CDATA[2018-11-16 16:07:55 - [TEST_CASE][PASSED] - Test Cases/Mobile/Android/Order/SC99 Regression/TC01 My Order: Test Cases/Mobile/Android/Order/SC99 Regression/TC01 My Order

2018-11-16 16:07:56 - [TEST_STEP][NOT_RUN] - callTestCase: NOT_RUN: callTestCase

2018-11-16 16:07:56 - [MESSAGE][NOT_RUN] - NOT_RUN: callTestCase

2018-11-16 16:07:56 - [TEST_STEP][PASSED] - tap: Tapped on element 'Object Repository/Mobile/OR Order/android.widget.Tab - My Orders'

2018-11-16 16:07:56 - [MESSAGE][WARNING] - Timeout '0' is invalid. Using default page load timeout: '30'

2018-11-16 16:07:57 - [MESSAGE][PASSED] - Tapped on element 'Object Repository/Mobile/OR Order/android.widget.Tab - My Orders'

2018-11-16 16:07:57 - [TEST_STEP][PASSED] - delay: Delayed 5 second(s)

2018-11-16 16:08:02 - [MESSAGE][PASSED] - Delayed 5 second(s)]]></system-out>
         <system-err><![CDATA[]]></system-err>
      </testcase>
      <testcase name="Test Cases/Mobile/Android/Order/SC99 Regression/TC06 Approval" classname="Test Cases/Mobile/Android/Order/SC99 Regression/TC06 Approval" status="PASSED">
         <system-out><![CDATA[2018-11-16 16:08:02 - [TEST_CASE][PASSED] - Test Cases/Mobile/Android/Order/SC99 Regression/TC06 Approval: Test Cases/Mobile/Android/Order/SC99 Regression/TC06 Approval

2018-11-16 16:08:03 - [TEST_STEP][NOT_RUN] - callTestCase: NOT_RUN: callTestCase

2018-11-16 16:08:03 - [MESSAGE][NOT_RUN] - NOT_RUN: callTestCase

2018-11-16 16:08:03 - [TEST_STEP][PASSED] - tap: Tapped on element 'Object Repository/Mobile/OR Order/android.widget.RelativeLayout9'

2018-11-16 16:08:03 - [MESSAGE][WARNING] - Timeout '0' is invalid. Using default page load timeout: '30'

2018-11-16 16:08:04 - [MESSAGE][PASSED] - Tapped on element 'Object Repository/Mobile/OR Order/android.widget.RelativeLayout9'

2018-11-16 16:08:04 - [TEST_STEP][PASSED] - tap: Tapped on element 'Object Repository/Mobile/OR Order/android.widget.Button1 - Approve'

2018-11-16 16:08:04 - [MESSAGE][WARNING] - Timeout '0' is invalid. Using default page load timeout: '30'

2018-11-16 16:08:07 - [MESSAGE][PASSED] - Tapped on element 'Object Repository/Mobile/OR Order/android.widget.Button1 - Approve'

2018-11-16 16:08:07 - [TEST_STEP][PASSED] - tap: Tapped on element 'Object Repository/Mobile/OR Order/android.widget.TextView3 - OK'

2018-11-16 16:08:07 - [MESSAGE][WARNING] - Timeout '0' is invalid. Using default page load timeout: '30'

2018-11-16 16:08:09 - [MESSAGE][PASSED] - Tapped on element 'Object Repository/Mobile/OR Order/android.widget.TextView3 - OK'

2018-11-16 16:08:09 - [TEST_STEP][PASSED] - delay: Delayed 5 second(s)

2018-11-16 16:08:14 - [MESSAGE][PASSED] - Delayed 5 second(s)]]></system-out>
         <system-err><![CDATA[]]></system-err>
      </testcase>
      <system-out><![CDATA[2018-11-16 16:06:34 - [TEST_SUITE][PASSED] - Approval booking by Owner: Test Cases/Mobile/Android/Order/SC99 Regression/TC06 Approval]]></system-out>
      <system-err><![CDATA[]]></system-err>
   </testsuite>
</testsuites>
