<?xml version="1.0" encoding="UTF-8"?>
<testsuites name="Reservation From Click Show More Section Available Near Me" time="199" tests="7" failures="0" errors="0">
   <testsuite name="Reservation From Click Show More Section Available Near Me" tests="7" failures="0" errors="0" time="199" timestamp="2018-11-13 14:25:23" hostname="WGS-LAP199 - DESKTOP-QUMB1S3" id="Test Suites/Mobile/Reservation From Click Show More Section Available Near Me">
      <properties>
         <property name="deviceName" value="Xiaomi Redmi 5 (Android 7.1.2)"/>
         <property name="devicePlatform" value=""/>
         <property name="logFolder" value="C:\\Users\\WGS-LAP199\\git\\astra-movic\\Reports\\Mobile\\Reservation From Click Show More Section Available Near Me\\20181113_142518"/>
         <property name="logFiles" value="C:\\Users\\WGS-LAP199\\git\\astra-movic\\Reports\\Mobile\\Reservation From Click Show More Section Available Near Me\\20181113_142518\\appium.log, C:\\Users\\WGS-LAP199\\git\\astra-movic\\Reports\\Mobile\\Reservation From Click Show More Section Available Near Me\\20181113_142518\\execution0.log"/>
         <property name="attachments" value=""/>
         <property name="hostName" value="WGS-LAP199 - DESKTOP-QUMB1S3"/>
         <property name="os" value="Windows 10 64bit"/>
         <property name="katalonVersion" value="5.8.6.1"/>
         <property name="deviceOS" value="Android"/>
         <property name="appiumVersion" value="1.8.1"/>
         <property name="deviceModel" value="Redmi 5"/>
         <property name="hostAddress" value="10.10.10.109"/>
         <property name="deviceManufacturer" value="Xiaomi"/>
         <property name="deviceId" value="54e797627cf5"/>
         <property name="deviceName" value="Xiaomi Redmi 5 (Android 7.1.2)"/>
         <property name="deviceOSVersion" value="7.1.2"/>
      </properties>
      <testcase name="Test Cases/Mobile/Android/User/SC99 Regression/TC04 Login with email" classname="Test Cases/Mobile/Android/User/SC99 Regression/TC04 Login with email" status="PASSED">
         <system-out><![CDATA[2018-11-13 14:25:24 - [TEST_CASE][PASSED] - Test Cases/Mobile/Android/User/SC99 Regression/TC04 Login with email: Test Cases/Mobile/Android/User/SC99 Regression/TC04 Login with email

2018-11-13 14:25:26 - [TEST_STEP][PASSED] - startApplication: Started app at: 'C:\Users\WGS-LAP199\Downloads\Movic apk\Movic_0.9.7_2018-10-14-stable-debug.apk'

2018-11-13 14:26:14 - [MESSAGE][PASSED] - Started app at: 'C:\Users\WGS-LAP199\Downloads\Movic apk\Movic_0.9.7_2018-10-14-stable-debug.apk'

2018-11-13 14:26:14 - [TEST_STEP][PASSED] - tap: Tapped on element 'Object Repository/Mobile/OR Registrasi/android.widget.ImageView4'

2018-11-13 14:26:14 - [MESSAGE][WARNING] - Timeout '0' is invalid. Using default page load timeout: '30'

2018-11-13 14:26:18 - [MESSAGE][PASSED] - Tapped on element 'Object Repository/Mobile/OR Registrasi/android.widget.ImageView4'

2018-11-13 14:26:18 - [TEST_STEP][PASSED] - Statement - For (def index : (1..2)): Tapped on element 'Object Repository/Mobile/OR Registrasi/android.widget.ImageView1'

2018-11-13 14:26:18 - [TEST_STEP][PASSED] - tap: Tapped on element 'Object Repository/Mobile/OR Registrasi/android.widget.ImageView1'

2018-11-13 14:26:18 - [MESSAGE][WARNING] - Timeout '0' is invalid. Using default page load timeout: '30'

2018-11-13 14:26:20 - [MESSAGE][PASSED] - Tapped on element 'Object Repository/Mobile/OR Registrasi/android.widget.ImageView1'

2018-11-13 14:26:20 - [TEST_STEP][PASSED] - tap: Tapped on element 'Object Repository/Mobile/OR Registrasi/android.widget.ImageView1'

2018-11-13 14:26:20 - [MESSAGE][WARNING] - Timeout '0' is invalid. Using default page load timeout: '30'

2018-11-13 14:26:21 - [MESSAGE][PASSED] - Tapped on element 'Object Repository/Mobile/OR Registrasi/android.widget.ImageView1'

2018-11-13 14:26:21 - [TEST_STEP][PASSED] - tap: Tapped on element 'Object Repository/Mobile/OR Registrasi/android.widget.TextView2 - Skip'

2018-11-13 14:26:21 - [MESSAGE][WARNING] - Timeout '0' is invalid. Using default page load timeout: '30'

2018-11-13 14:26:23 - [MESSAGE][PASSED] - Tapped on element 'Object Repository/Mobile/OR Registrasi/android.widget.TextView2 - Skip'

2018-11-13 14:26:23 - [TEST_STEP][PASSED] - tap: Tapped on element 'Object Repository/Mobile/OR Login/android.widget.TextView0 - Log in'

2018-11-13 14:26:23 - [MESSAGE][WARNING] - Timeout '0' is invalid. Using default page load timeout: '30'

2018-11-13 14:26:25 - [MESSAGE][PASSED] - Tapped on element 'Object Repository/Mobile/OR Login/android.widget.TextView0 - Log in'

2018-11-13 14:26:25 - [TEST_STEP][PASSED] - setText: Text 'santi.wahyuni@wgs.co.id' has been set to element 'Object Repository/Mobile/OR Login/android.widget.EditText0'

2018-11-13 14:26:25 - [MESSAGE][WARNING] - Timeout '0' is invalid. Using default page load timeout: '30'

2018-11-13 14:26:26 - [MESSAGE][PASSED] - Text 'santi.wahyuni@wgs.co.id' has been set to element 'Object Repository/Mobile/OR Login/android.widget.EditText0'

2018-11-13 14:26:26 - [TEST_STEP][PASSED] - tap: Tapped on element 'Object Repository/Mobile/OR Login/android.widget.Button0 - Next'

2018-11-13 14:26:26 - [MESSAGE][WARNING] - Timeout '0' is invalid. Using default page load timeout: '30'

2018-11-13 14:26:29 - [MESSAGE][PASSED] - Tapped on element 'Object Repository/Mobile/OR Login/android.widget.Button0 - Next'

2018-11-13 14:26:29 - [TEST_STEP][PASSED] - setText: Text 'P@ssword789' has been set to element 'Object Repository/Mobile/OR Login/android.widget.EditText0 (1)'

2018-11-13 14:26:29 - [MESSAGE][WARNING] - Timeout '0' is invalid. Using default page load timeout: '30'

2018-11-13 14:26:30 - [MESSAGE][PASSED] - Text 'P@ssword789' has been set to element 'Object Repository/Mobile/OR Login/android.widget.EditText0 (1)'

2018-11-13 14:26:30 - [TEST_STEP][PASSED] - delay: Delayed 1 second(s)

2018-11-13 14:26:32 - [MESSAGE][PASSED] - Delayed 1 second(s)

2018-11-13 14:26:32 - [TEST_STEP][PASSED] - hideKeyboard: Keyboard is hidden

2018-11-13 14:26:33 - [MESSAGE][PASSED] - Keyboard is hidden

2018-11-13 14:26:33 - [TEST_STEP][PASSED] - tap: Tapped on element 'Object Repository/Mobile/OR Login/android.widget.Button0 - Start Movic'

2018-11-13 14:26:33 - [MESSAGE][WARNING] - Timeout '0' is invalid. Using default page load timeout: '30'

2018-11-13 14:26:35 - [MESSAGE][PASSED] - Tapped on element 'Object Repository/Mobile/OR Login/android.widget.Button0 - Start Movic'

2018-11-13 14:26:35 - [TEST_STEP][PASSED] - delay: Delayed 5 second(s)

2018-11-13 14:26:40 - [MESSAGE][PASSED] - Delayed 5 second(s)]]></system-out>
         <system-err><![CDATA[]]></system-err>
      </testcase>
      <testcase name="Test Cases/Mobile/Android/Homepage/SC99 Regression/TC07 Show more car available near me" classname="Test Cases/Mobile/Android/Homepage/SC99 Regression/TC07 Show more car available near me" status="PASSED">
         <system-out><![CDATA[2018-11-13 14:26:40 - [TEST_CASE][PASSED] - Test Cases/Mobile/Android/Homepage/SC99 Regression/TC07 Show more car available near me: Test Cases/Mobile/Android/Homepage/SC99 Regression/TC07 Show more car available near me

2018-11-13 14:26:41 - [TEST_STEP][NOT_RUN] - callTestCase: NOT_RUN: callTestCase

2018-11-13 14:26:41 - [MESSAGE][NOT_RUN] - NOT_RUN: callTestCase

2018-11-13 14:26:41 - [TEST_STEP][PASSED] - tap: Tapped on element 'Object Repository/Mobile/OR Homepage/android.widget.TextView11 - Show more'

2018-11-13 14:26:41 - [MESSAGE][WARNING] - Timeout '0' is invalid. Using default page load timeout: '30'

2018-11-13 14:26:43 - [MESSAGE][PASSED] - Tapped on element 'Object Repository/Mobile/OR Homepage/android.widget.TextView11 - Show more'

2018-11-13 14:26:43 - [TEST_STEP][PASSED] - tap: Tapped on element 'Object Repository/Mobile/OR Homepage/android.widget.RelativeLayout2'

2018-11-13 14:26:43 - [MESSAGE][WARNING] - Timeout '0' is invalid. Using default page load timeout: '30'

2018-11-13 14:26:47 - [MESSAGE][PASSED] - Tapped on element 'Object Repository/Mobile/OR Homepage/android.widget.RelativeLayout2'

2018-11-13 14:26:47 - [TEST_STEP][PASSED] - delay: Delayed 5 second(s)

2018-11-13 14:26:52 - [MESSAGE][PASSED] - Delayed 5 second(s)]]></system-out>
         <system-err><![CDATA[]]></system-err>
      </testcase>
      <testcase name="Test Cases/Mobile/Android/Booking/SC99 Regression/TC15 Select car from list cars" classname="Test Cases/Mobile/Android/Booking/SC99 Regression/TC15 Select car from list cars" status="PASSED">
         <system-out><![CDATA[2018-11-13 14:26:52 - [TEST_CASE][PASSED] - Test Cases/Mobile/Android/Booking/SC99 Regression/TC15 Select car from list cars: Test Cases/Mobile/Android/Booking/SC99 Regression/TC15 Select car from list cars

2018-11-13 14:26:53 - [TEST_STEP][NOT_RUN] - callTestCase: NOT_RUN: callTestCase

2018-11-13 14:26:53 - [MESSAGE][NOT_RUN] - NOT_RUN: callTestCase

2018-11-13 14:26:53 - [TEST_STEP][NOT_RUN] - tap: NOT_RUN: tap

2018-11-13 14:26:53 - [MESSAGE][NOT_RUN] - NOT_RUN: tap

2018-11-13 14:26:53 - [TEST_STEP][PASSED] - tap: Tapped on element 'Object Repository/Mobile/OR Booking/android.widget.Button0 - Check Packages'

2018-11-13 14:26:53 - [MESSAGE][WARNING] - Timeout '0' is invalid. Using default page load timeout: '30'

2018-11-13 14:26:54 - [MESSAGE][PASSED] - Tapped on element 'Object Repository/Mobile/OR Booking/android.widget.Button0 - Check Packages'

2018-11-13 14:26:54 - [TEST_STEP][PASSED] - tap: Tapped on element 'Object Repository/Mobile/OR Booking/android.widget.Button1 - Book Now'

2018-11-13 14:26:54 - [MESSAGE][WARNING] - Timeout '0' is invalid. Using default page load timeout: '30'

2018-11-13 14:26:57 - [MESSAGE][PASSED] - Tapped on element 'Object Repository/Mobile/OR Booking/android.widget.Button1 - Book Now'

2018-11-13 14:26:57 - [TEST_STEP][PASSED] - scrollToText: Scrolling to text 'Add additional benefits' successfully

2018-11-13 14:27:01 - [MESSAGE][PASSED] - Scrolling to text 'Add additional benefits' successfully

2018-11-13 14:27:01 - [TEST_STEP][PASSED] - tap: Tapped on element 'Object Repository/Mobile/OR Booking/android.widget.TextView2 - Edit'

2018-11-13 14:27:01 - [MESSAGE][WARNING] - Timeout '0' is invalid. Using default page load timeout: '30'

2018-11-13 14:27:03 - [MESSAGE][PASSED] - Tapped on element 'Object Repository/Mobile/OR Booking/android.widget.TextView2 - Edit'

2018-11-13 14:27:03 - [TEST_STEP][PASSED] - tap: Tapped on element 'Object Repository/Mobile/OR Booking/android.widget.CheckBox0'

2018-11-13 14:27:03 - [MESSAGE][WARNING] - Timeout '0' is invalid. Using default page load timeout: '30'

2018-11-13 14:27:04 - [MESSAGE][PASSED] - Tapped on element 'Object Repository/Mobile/OR Booking/android.widget.CheckBox0'

2018-11-13 14:27:04 - [TEST_STEP][PASSED] - tap: Tapped on element 'Object Repository/Mobile/OR Booking/android.widget.ImageView1'

2018-11-13 14:27:04 - [MESSAGE][WARNING] - Timeout '0' is invalid. Using default page load timeout: '30'

2018-11-13 14:27:05 - [MESSAGE][PASSED] - Tapped on element 'Object Repository/Mobile/OR Booking/android.widget.ImageView1'

2018-11-13 14:27:05 - [TEST_STEP][PASSED] - tap: Tapped on element 'Object Repository/Mobile/OR Booking/android.widget.Button0 - Save'

2018-11-13 14:27:05 - [MESSAGE][WARNING] - Timeout '0' is invalid. Using default page load timeout: '30'

2018-11-13 14:27:07 - [MESSAGE][PASSED] - Tapped on element 'Object Repository/Mobile/OR Booking/android.widget.Button0 - Save'

2018-11-13 14:27:07 - [TEST_STEP][PASSED] - tap: Tapped on element 'Object Repository/Mobile/OR Booking/android.widget.Button0 - I Agree'

2018-11-13 14:27:07 - [MESSAGE][WARNING] - Timeout '0' is invalid. Using default page load timeout: '30'

2018-11-13 14:27:09 - [MESSAGE][PASSED] - Tapped on element 'Object Repository/Mobile/OR Booking/android.widget.Button0 - I Agree'

2018-11-13 14:27:09 - [TEST_STEP][PASSED] - tap: Tapped on element 'Object Repository/Mobile/OR Booking/android.widget.EditText0'

2018-11-13 14:27:09 - [MESSAGE][WARNING] - Timeout '0' is invalid. Using default page load timeout: '30'

2018-11-13 14:27:10 - [MESSAGE][PASSED] - Tapped on element 'Object Repository/Mobile/OR Booking/android.widget.EditText0'

2018-11-13 14:27:10 - [TEST_STEP][PASSED] - delay: Delayed 5 second(s)

2018-11-13 14:27:15 - [MESSAGE][PASSED] - Delayed 5 second(s)

2018-11-13 14:27:15 - [TEST_STEP][PASSED] - tap: Tapped on element 'Object Repository/Mobile/OR Booking/android.widget.Button1 - OK'

2018-11-13 14:27:15 - [MESSAGE][WARNING] - Timeout '0' is invalid. Using default page load timeout: '30'

2018-11-13 14:27:16 - [MESSAGE][PASSED] - Tapped on element 'Object Repository/Mobile/OR Booking/android.widget.Button1 - OK'

2018-11-13 14:27:16 - [TEST_STEP][PASSED] - tap: Tapped on element 'Object Repository/Mobile/OR Booking/android.widget.RelativeLayout7'

2018-11-13 14:27:16 - [MESSAGE][WARNING] - Timeout '0' is invalid. Using default page load timeout: '30'

2018-11-13 14:27:18 - [MESSAGE][PASSED] - Tapped on element 'Object Repository/Mobile/OR Booking/android.widget.RelativeLayout7'

2018-11-13 14:27:18 - [TEST_STEP][PASSED] - delay: Delayed 5 second(s)

2018-11-13 14:27:23 - [MESSAGE][PASSED] - Delayed 5 second(s)

2018-11-13 14:27:23 - [TEST_STEP][PASSED] - tap: Tapped on element 'Object Repository/Mobile/OR Booking/android.widget.Button0 - Confirm'

2018-11-13 14:27:23 - [MESSAGE][WARNING] - Timeout '0' is invalid. Using default page load timeout: '30'

2018-11-13 14:27:25 - [MESSAGE][PASSED] - Tapped on element 'Object Repository/Mobile/OR Booking/android.widget.Button0 - Confirm'

2018-11-13 14:27:25 - [TEST_STEP][PASSED] - tap: Tapped on element 'Object Repository/Mobile/OR Booking/android.widget.RelativeLayout8'

2018-11-13 14:27:25 - [MESSAGE][WARNING] - Timeout '0' is invalid. Using default page load timeout: '30'

2018-11-13 14:27:27 - [MESSAGE][PASSED] - Tapped on element 'Object Repository/Mobile/OR Booking/android.widget.RelativeLayout8'

2018-11-13 14:27:27 - [TEST_STEP][PASSED] - delay: Delayed 5 second(s)

2018-11-13 14:27:32 - [MESSAGE][PASSED] - Delayed 5 second(s)

2018-11-13 14:27:32 - [TEST_STEP][PASSED] - tap: Tapped on element 'Object Repository/Mobile/OR Booking/android.widget.Button0 - Confirm'

2018-11-13 14:27:32 - [MESSAGE][WARNING] - Timeout '0' is invalid. Using default page load timeout: '30'

2018-11-13 14:27:34 - [MESSAGE][PASSED] - Tapped on element 'Object Repository/Mobile/OR Booking/android.widget.Button0 - Confirm'

2018-11-13 14:27:34 - [TEST_STEP][PASSED] - tap: Tapped on element 'Object Repository/Mobile/OR Booking/android.widget.Button0 - Continue'

2018-11-13 14:27:34 - [MESSAGE][WARNING] - Timeout '0' is invalid. Using default page load timeout: '30'

2018-11-13 14:27:36 - [MESSAGE][PASSED] - Tapped on element 'Object Repository/Mobile/OR Booking/android.widget.Button0 - Continue'

2018-11-13 14:27:36 - [TEST_STEP][PASSED] - delay: Delayed 5 second(s)

2018-11-13 14:27:41 - [MESSAGE][PASSED] - Delayed 5 second(s)]]></system-out>
         <system-err><![CDATA[]]></system-err>
      </testcase>
      <testcase name="Test Cases/Mobile/Android/Booking/SC99 Regression/TC09 Rules" classname="Test Cases/Mobile/Android/Booking/SC99 Regression/TC09 Rules" status="PASSED">
         <system-out><![CDATA[2018-11-13 14:27:41 - [TEST_CASE][PASSED] - Test Cases/Mobile/Android/Booking/SC99 Regression/TC09 Rules: Test Cases/Mobile/Android/Booking/SC99 Regression/TC09 Rules

2018-11-13 14:27:41 - [TEST_STEP][NOT_RUN] - callTestCase: NOT_RUN: callTestCase

2018-11-13 14:27:41 - [MESSAGE][NOT_RUN] - NOT_RUN: callTestCase

2018-11-13 14:27:41 - [TEST_STEP][PASSED] - tap: Tapped on element 'Object Repository/Mobile/OR Booking/android.widget.TextView - CANCELLATION POLICY'

2018-11-13 14:27:41 - [MESSAGE][WARNING] - Timeout '0' is invalid. Using default page load timeout: '30'

2018-11-13 14:27:43 - [MESSAGE][PASSED] - Tapped on element 'Object Repository/Mobile/OR Booking/android.widget.TextView - CANCELLATION POLICY'

2018-11-13 14:27:43 - [TEST_STEP][PASSED] - tap: Tapped on element 'Object Repository/Mobile/OR Booking/android.widget.Button0 - Agree'

2018-11-13 14:27:43 - [MESSAGE][WARNING] - Timeout '0' is invalid. Using default page load timeout: '30'

2018-11-13 14:27:45 - [MESSAGE][PASSED] - Tapped on element 'Object Repository/Mobile/OR Booking/android.widget.Button0 - Agree'

2018-11-13 14:27:45 - [TEST_STEP][NOT_RUN] - tap: NOT_RUN: tap

2018-11-13 14:27:45 - [MESSAGE][NOT_RUN] - NOT_RUN: tap]]></system-out>
         <system-err><![CDATA[]]></system-err>
      </testcase>
      <testcase name="Test Cases/Mobile/Android/Payment/SC99 Regression/TC01 Pay - Payment" classname="Test Cases/Mobile/Android/Payment/SC99 Regression/TC01 Pay - Payment" status="PASSED">
         <system-out><![CDATA[2018-11-13 14:27:45 - [TEST_CASE][PASSED] - Test Cases/Mobile/Android/Payment/SC99 Regression/TC01 Pay - Payment: Test Cases/Mobile/Android/Payment/SC99 Regression/TC01 Pay - Payment

2018-11-13 14:27:45 - [TEST_STEP][NOT_RUN] - callTestCase: NOT_RUN: callTestCase

2018-11-13 14:27:45 - [MESSAGE][NOT_RUN] - NOT_RUN: callTestCase

2018-11-13 14:27:45 - [TEST_STEP][NOT_RUN] - tap: NOT_RUN: tap

2018-11-13 14:27:45 - [MESSAGE][NOT_RUN] - NOT_RUN: tap

2018-11-13 14:27:45 - [TEST_STEP][PASSED] - tap: Tapped on element 'Object Repository/Mobile/OR Payment/android.widget.Button1 - Pay'

2018-11-13 14:27:45 - [MESSAGE][WARNING] - Timeout '0' is invalid. Using default page load timeout: '30'

2018-11-13 14:27:47 - [MESSAGE][PASSED] - Tapped on element 'Object Repository/Mobile/OR Payment/android.widget.Button1 - Pay'

2018-11-13 14:27:47 - [TEST_STEP][PASSED] - tap: Tapped on element 'Object Repository/Mobile/OR Payment/android.widget.TextView3 - ALREADY CONFIRM'

2018-11-13 14:27:47 - [MESSAGE][WARNING] - Timeout '0' is invalid. Using default page load timeout: '30'

2018-11-13 14:27:48 - [MESSAGE][PASSED] - Tapped on element 'Object Repository/Mobile/OR Payment/android.widget.TextView3 - ALREADY CONFIRM'

2018-11-13 14:27:48 - [TEST_STEP][PASSED] - delay: Delayed 5 second(s)

2018-11-13 14:27:53 - [MESSAGE][PASSED] - Delayed 5 second(s)]]></system-out>
         <system-err><![CDATA[]]></system-err>
      </testcase>
      <testcase name="Test Cases/Mobile/Android/Payment/SC99 Regression/TC04 Select payment methode" classname="Test Cases/Mobile/Android/Payment/SC99 Regression/TC04 Select payment methode" status="PASSED">
         <system-out><![CDATA[2018-11-13 14:27:53 - [TEST_CASE][PASSED] - Test Cases/Mobile/Android/Payment/SC99 Regression/TC04 Select payment methode: Test Cases/Mobile/Android/Payment/SC99 Regression/TC04 Select payment methode

2018-11-13 14:27:54 - [TEST_STEP][NOT_RUN] - callTestCase: NOT_RUN: callTestCase

2018-11-13 14:27:54 - [MESSAGE][NOT_RUN] - NOT_RUN: callTestCase

2018-11-13 14:27:54 - [TEST_STEP][PASSED] - tap: Tapped on element 'Object Repository/Mobile/OR Payment/android.widget.FrameLayout3'

2018-11-13 14:27:54 - [MESSAGE][WARNING] - Timeout '0' is invalid. Using default page load timeout: '30'

2018-11-13 14:27:55 - [MESSAGE][PASSED] - Tapped on element 'Object Repository/Mobile/OR Payment/android.widget.FrameLayout3'

2018-11-13 14:27:55 - [TEST_STEP][PASSED] - delay: Delayed 5 second(s)

2018-11-13 14:28:00 - [MESSAGE][PASSED] - Delayed 5 second(s)]]></system-out>
         <system-err><![CDATA[]]></system-err>
      </testcase>
      <testcase name="Test Cases/Mobile/Android/Payment/SC99 Regression/TC05 Credit card payment" classname="Test Cases/Mobile/Android/Payment/SC99 Regression/TC05 Credit card payment" status="PASSED">
         <system-out><![CDATA[2018-11-13 14:28:00 - [TEST_CASE][PASSED] - Test Cases/Mobile/Android/Payment/SC99 Regression/TC05 Credit card payment: Test Cases/Mobile/Android/Payment/SC99 Regression/TC05 Credit card payment

2018-11-13 14:28:01 - [TEST_STEP][NOT_RUN] - callTestCase: NOT_RUN: callTestCase

2018-11-13 14:28:01 - [MESSAGE][NOT_RUN] - NOT_RUN: callTestCase

2018-11-13 14:28:01 - [TEST_STEP][PASSED] - tap: Tapped on element 'Object Repository/Mobile/OR Payment/android.widget.FrameLayout3 (1)'

2018-11-13 14:28:01 - [MESSAGE][WARNING] - Timeout '0' is invalid. Using default page load timeout: '30'

2018-11-13 14:28:02 - [MESSAGE][PASSED] - Tapped on element 'Object Repository/Mobile/OR Payment/android.widget.FrameLayout3 (1)'

2018-11-13 14:28:02 - [TEST_STEP][PASSED] - delay: Delayed 5 second(s)

2018-11-13 14:28:07 - [MESSAGE][PASSED] - Delayed 5 second(s)

2018-11-13 14:28:07 - [TEST_STEP][PASSED] - tap: Tapped on element 'Object Repository/Mobile/OR Payment/android.widget.EditText0'

2018-11-13 14:28:07 - [MESSAGE][WARNING] - Timeout '0' is invalid. Using default page load timeout: '30'

2018-11-13 14:28:18 - [MESSAGE][PASSED] - Tapped on element 'Object Repository/Mobile/OR Payment/android.widget.EditText0'

2018-11-13 14:28:18 - [TEST_STEP][PASSED] - setText: Text '4137180300023783' has been set to element 'Object Repository/Mobile/OR Payment/android.widget.EditText0'

2018-11-13 14:28:18 - [MESSAGE][WARNING] - Timeout '0' is invalid. Using default page load timeout: '30'

2018-11-13 14:28:18 - [MESSAGE][PASSED] - Text '4137180300023783' has been set to element 'Object Repository/Mobile/OR Payment/android.widget.EditText0'

2018-11-13 14:28:18 - [TEST_STEP][PASSED] - tap: Tapped on element 'Object Repository/Mobile/OR Payment/android.widget.EditText1'

2018-11-13 14:28:18 - [MESSAGE][WARNING] - Timeout '0' is invalid. Using default page load timeout: '30'

2018-11-13 14:28:21 - [MESSAGE][PASSED] - Tapped on element 'Object Repository/Mobile/OR Payment/android.widget.EditText1'

2018-11-13 14:28:21 - [TEST_STEP][PASSED] - setText: Text 'test' has been set to element 'Object Repository/Mobile/OR Payment/android.widget.EditText1'

2018-11-13 14:28:21 - [MESSAGE][WARNING] - Timeout '0' is invalid. Using default page load timeout: '30'

2018-11-13 14:28:22 - [MESSAGE][PASSED] - Text 'test' has been set to element 'Object Repository/Mobile/OR Payment/android.widget.EditText1'

2018-11-13 14:28:22 - [TEST_STEP][PASSED] - tap: Tapped on element 'Object Repository/Mobile/OR Payment/android.widget.EditText2'

2018-11-13 14:28:22 - [MESSAGE][WARNING] - Timeout '0' is invalid. Using default page load timeout: '30'

2018-11-13 14:28:24 - [MESSAGE][PASSED] - Tapped on element 'Object Repository/Mobile/OR Payment/android.widget.EditText2'

2018-11-13 14:28:24 - [TEST_STEP][PASSED] - setText: Text '05' has been set to element 'Object Repository/Mobile/OR Payment/android.widget.EditText2'

2018-11-13 14:28:24 - [MESSAGE][WARNING] - Timeout '0' is invalid. Using default page load timeout: '30'

2018-11-13 14:28:25 - [MESSAGE][PASSED] - Text '05' has been set to element 'Object Repository/Mobile/OR Payment/android.widget.EditText2'

2018-11-13 14:28:25 - [TEST_STEP][PASSED] - tap: Tapped on element 'Object Repository/Mobile/OR Payment/android.widget.EditText3'

2018-11-13 14:28:25 - [MESSAGE][WARNING] - Timeout '0' is invalid. Using default page load timeout: '30'

2018-11-13 14:28:26 - [MESSAGE][PASSED] - Tapped on element 'Object Repository/Mobile/OR Payment/android.widget.EditText3'

2018-11-13 14:28:26 - [TEST_STEP][PASSED] - setText: Text '19' has been set to element 'Object Repository/Mobile/OR Payment/android.widget.EditText3'

2018-11-13 14:28:26 - [MESSAGE][WARNING] - Timeout '0' is invalid. Using default page load timeout: '30'

2018-11-13 14:28:27 - [MESSAGE][PASSED] - Text '19' has been set to element 'Object Repository/Mobile/OR Payment/android.widget.EditText3'

2018-11-13 14:28:27 - [TEST_STEP][PASSED] - tap: Tapped on element 'Object Repository/Mobile/OR Payment/android.widget.EditText4'

2018-11-13 14:28:27 - [MESSAGE][WARNING] - Timeout '0' is invalid. Using default page load timeout: '30'

2018-11-13 14:28:29 - [MESSAGE][PASSED] - Tapped on element 'Object Repository/Mobile/OR Payment/android.widget.EditText4'

2018-11-13 14:28:29 - [TEST_STEP][PASSED] - setText: Text '783' has been set to element 'Object Repository/Mobile/OR Payment/android.widget.EditText4'

2018-11-13 14:28:29 - [MESSAGE][WARNING] - Timeout '0' is invalid. Using default page load timeout: '30'

2018-11-13 14:28:30 - [MESSAGE][PASSED] - Text '783' has been set to element 'Object Repository/Mobile/OR Payment/android.widget.EditText4'

2018-11-13 14:28:30 - [TEST_STEP][PASSED] - tap: Tapped on element 'Object Repository/Mobile/OR Payment/android.widget.EditText5'

2018-11-13 14:28:30 - [MESSAGE][WARNING] - Timeout '0' is invalid. Using default page load timeout: '30'

2018-11-13 14:28:31 - [MESSAGE][PASSED] - Tapped on element 'Object Repository/Mobile/OR Payment/android.widget.EditText5'

2018-11-13 14:28:31 - [TEST_STEP][PASSED] - setText: Text 'test@sgo.co.id' has been set to element 'Object Repository/Mobile/OR Payment/android.widget.EditText5'

2018-11-13 14:28:31 - [MESSAGE][WARNING] - Timeout '0' is invalid. Using default page load timeout: '30'

2018-11-13 14:28:32 - [MESSAGE][PASSED] - Text 'test@sgo.co.id' has been set to element 'Object Repository/Mobile/OR Payment/android.widget.EditText5'

2018-11-13 14:28:32 - [TEST_STEP][PASSED] - tap: Tapped on element 'Object Repository/Mobile/OR Payment/android.widget.CheckBox0'

2018-11-13 14:28:32 - [MESSAGE][WARNING] - Timeout '0' is invalid. Using default page load timeout: '30'

2018-11-13 14:28:34 - [MESSAGE][PASSED] - Tapped on element 'Object Repository/Mobile/OR Payment/android.widget.CheckBox0'

2018-11-13 14:28:34 - [TEST_STEP][PASSED] - tap: Tapped on element 'Object Repository/Mobile/OR Payment/android.widget.Button0 - Lanjutkan'

2018-11-13 14:28:34 - [MESSAGE][WARNING] - Timeout '0' is invalid. Using default page load timeout: '30'

2018-11-13 14:28:36 - [MESSAGE][PASSED] - Tapped on element 'Object Repository/Mobile/OR Payment/android.widget.Button0 - Lanjutkan'

2018-11-13 14:28:36 - [TEST_STEP][PASSED] - delay: Delayed 5 second(s)

2018-11-13 14:28:41 - [MESSAGE][PASSED] - Delayed 5 second(s)

2018-11-13 14:28:41 - [TEST_STEP][PASSED] - closeApplication: Close app successfully

2018-11-13 14:28:43 - [MESSAGE][PASSED] - Close app successfully]]></system-out>
         <system-err><![CDATA[]]></system-err>
      </testcase>
      <system-out><![CDATA[2018-11-13 14:25:23 - [TEST_SUITE][PASSED] - Reservation From Click Show More Section Available Near Me: Test Cases/Mobile/Android/Payment/SC99 Regression/TC05 Credit card payment]]></system-out>
      <system-err><![CDATA[]]></system-err>
   </testsuite>
</testsuites>
