<?xml version="1.0" encoding="UTF-8"?>
<testsuites name="Login dan Become Owner" time="108" tests="1" failures="1" errors="0">
   <testsuite name="Login dan Become Owner" tests="1" failures="1" errors="0" time="108" timestamp="2018-06-26 15:15:06" hostname="Sandi - DESKTOP-IO1HPO8" id="Test Suites/Front-End/Login dan Become Owner">
      <properties>
         <property name="deviceName" value=""/>
         <property name="devicePlatform" value=""/>
         <property name="logFolder" value="C:\\Users\\Sandi\\Documents\\Katalon Projects\\Projects\\Astra Movic\\Reports\\Front-End\\Login dan Become Owner\\20180626_151504"/>
         <property name="logFiles" value="C:\\Users\\Sandi\\Documents\\Katalon Projects\\Projects\\Astra Movic\\Reports\\Front-End\\Login dan Become Owner\\20180626_151504\\execution0.log"/>
         <property name="attachments" value="C:\\Users\\Sandi\\Documents\\Katalon Projects\\Projects\\Astra Movic\\Reports\\Front-End\\Login dan Become Owner\\20180626_151504\\1530001012541.png"/>
         <property name="hostName" value="Sandi - DESKTOP-IO1HPO8"/>
         <property name="os" value="Windows 10 64bit"/>
         <property name="katalonVersion" value="5.3.0.1"/>
         <property name="browser" value="Chrome 67.0.3396.87"/>
         <property name="hostAddress" value="10.10.10.233"/>
         <property name="sessionId" value="7d8560a674409dc7b077524916db1fdc"/>
         <property name="seleniumVersion" value="3.7.1"/>
         <property name="proxyInformation" value="ProxyInformation{proxyOption=NO_PROXY, proxyServerType=, password=, proxyServerAddress=, proxyServerPort=0}"/>
         <property name="platform" value="Windows 10"/>
      </properties>
      <testcase name="Test Cases/Front-End/User/SC99 Regression/TC04 Login Biasa with email" classname="Test Cases/Front-End/User/SC99 Regression/TC04 Login Biasa with email" status="PASSED">
         <system-out><![CDATA[2018-06-26 15:15:07 - [TEST_CASE][PASSED] - Test Cases/Front-End/User/SC99 Regression/TC04 Login Biasa with email: Test Cases/Front-End/User/SC99 Regression/TC04 Login Biasa with email

2018-06-26 15:15:07 - [TEST_STEP][PASSED] - openBrowser: Browser is opened with url: ''

2018-06-26 15:15:13 - [MESSAGE][PASSED] - Browser is opened with url: ''

2018-06-26 15:15:13 - [TEST_STEP][PASSED] - maximizeWindow: Current window maximized

2018-06-26 15:15:15 - [MESSAGE][PASSED] - Current window maximized

2018-06-26 15:15:15 - [TEST_STEP][PASSED] - navigateToUrl: Navigate to 'http://movic.stagingapps.net/home' successfully

2018-06-26 15:15:36 - [MESSAGE][PASSED] - Navigate to 'http://movic.stagingapps.net/home' successfully

2018-06-26 15:15:36 - [TEST_STEP][PASSED] - waitForPageLoad: Wait for page load successfully

2018-06-26 15:15:37 - [MESSAGE][PASSED] - Wait for page load successfully

2018-06-26 15:15:37 - [TEST_STEP][PASSED] - click: Object: 'Object Repository/Front-End/OR Login Biasa with email/Page_Home/a_Masuk' is clicked on

2018-06-26 15:15:39 - [MESSAGE][PASSED] - Object: 'Object Repository/Front-End/OR Login Biasa with email/Page_Home/a_Masuk' is clicked on

2018-06-26 15:15:39 - [TEST_STEP][PASSED] - setText: Text 'ali.msaputra01@gmail.com' is set on object 'Object Repository/Front-End/OR Login Biasa with email/Page_Home/input_form-control ng-untouche'

2018-06-26 15:15:43 - [MESSAGE][PASSED] - Text 'ali.msaputra01@gmail.com' is set on object 'Object Repository/Front-End/OR Login Biasa with email/Page_Home/input_form-control ng-untouche'

2018-06-26 15:15:43 - [TEST_STEP][PASSED] - setText: Text 'Walden1234' is set on object 'Object Repository/Front-End/OR Login Biasa with email/Page_Home/input_form-control ng-touched'

2018-06-26 15:15:47 - [MESSAGE][PASSED] - Text 'Walden1234' is set on object 'Object Repository/Front-End/OR Login Biasa with email/Page_Home/input_form-control ng-touched'

2018-06-26 15:15:47 - [TEST_STEP][PASSED] - click: Object: 'Object Repository/Front-End/OR Login Biasa with email/Page_Home/button_MASUK' is clicked on

2018-06-26 15:15:49 - [MESSAGE][PASSED] - Object: 'Object Repository/Front-End/OR Login Biasa with email/Page_Home/button_MASUK' is clicked on

2018-06-26 15:15:49 - [TEST_STEP][PASSED] - verifyElementVisible: Object 'Object Repository/Front-End/OR Login Biasa with email/Page_Home/div_i  SuccessTerimakasih Anda' is visible

2018-06-26 15:15:51 - [MESSAGE][PASSED] - Object 'Object Repository/Front-End/OR Login Biasa with email/Page_Home/div_i  SuccessTerimakasih Anda' is visible]]></system-out>
         <system-err><![CDATA[]]></system-err>
      </testcase>
      <testcase name="Test Cases/Front-End/Owner/SC01 Validasi Photo/TC06 Upload menggunakan gallery" classname="Test Cases/Front-End/Owner/SC01 Validasi Photo/TC06 Upload menggunakan gallery" status="FAILED">
         <failure type="FAILED" message="Unable to wait for image to be present (Root cause: java.lang.IllegalArgumentException: This object don't have IMAGE_FILE property, please add it)"/>
         <system-out><![CDATA[2018-06-26 15:15:51 - [TEST_CASE][FAILED] - Test Cases/Front-End/Owner/SC01 Validasi Photo/TC06 Upload menggunakan gallery: Test Cases/Front-End/Owner/SC01 Validasi Photo/TC06 Upload menggunakan gallery FAILED because (of) Unable to wait for image to be present (Root cause: java.lang.IllegalArgumentException: This object don't have IMAGE_FILE property, please add it)

2018-06-26 15:15:52 - [TEST_STEP][NOT_RUN] - openBrowser: NOT_RUN: openBrowser

2018-06-26 15:15:52 - [MESSAGE][NOT_RUN] - NOT_RUN: openBrowser

2018-06-26 15:15:52 - [TEST_STEP][NOT_RUN] - maximizeWindow: NOT_RUN: maximizeWindow

2018-06-26 15:15:52 - [MESSAGE][NOT_RUN] - NOT_RUN: maximizeWindow

2018-06-26 15:15:52 - [TEST_STEP][NOT_RUN] - navigateToUrl: NOT_RUN: navigateToUrl

2018-06-26 15:15:52 - [MESSAGE][NOT_RUN] - NOT_RUN: navigateToUrl

2018-06-26 15:15:52 - [TEST_STEP][NOT_RUN] - waitForPageLoad: NOT_RUN: waitForPageLoad

2018-06-26 15:15:52 - [MESSAGE][NOT_RUN] - NOT_RUN: waitForPageLoad

2018-06-26 15:15:52 - [TEST_STEP][NOT_RUN] - click: NOT_RUN: click

2018-06-26 15:15:52 - [MESSAGE][NOT_RUN] - NOT_RUN: click

2018-06-26 15:15:52 - [TEST_STEP][NOT_RUN] - setText: NOT_RUN: setText

2018-06-26 15:15:52 - [MESSAGE][NOT_RUN] - NOT_RUN: setText

2018-06-26 15:15:52 - [TEST_STEP][NOT_RUN] - setText: NOT_RUN: setText

2018-06-26 15:15:52 - [MESSAGE][NOT_RUN] - NOT_RUN: setText

2018-06-26 15:15:52 - [TEST_STEP][NOT_RUN] - click: NOT_RUN: click

2018-06-26 15:15:52 - [MESSAGE][NOT_RUN] - NOT_RUN: click

2018-06-26 15:15:52 - [TEST_STEP][PASSED] - delay: Delayed 3 second(s)

2018-06-26 15:15:55 - [MESSAGE][PASSED] - Delayed 3 second(s)

2018-06-26 15:15:55 - [TEST_STEP][PASSED] - refresh: Refresh successfully

2018-06-26 15:16:25 - [MESSAGE][PASSED] - Refresh successfully

2018-06-26 15:16:25 - [TEST_STEP][PASSED] - click: Object: 'Object Repository/Front-End/OR Upload menggunakan Gallery/Page_Home/a_Bergabung menjadi Vehicle Ow' is clicked on

2018-06-26 15:16:27 - [MESSAGE][PASSED] - Object: 'Object Repository/Front-End/OR Upload menggunakan Gallery/Page_Home/a_Bergabung menjadi Vehicle Ow' is clicked on

2018-06-26 15:16:27 - [TEST_STEP][PASSED] - click: Object: 'Object Repository/Front-End/OR Upload menggunakan Gallery/Page_Become Owner/a_Bergabung Menjadi Pemilik Mo' is clicked on

2018-06-26 15:16:30 - [MESSAGE][PASSED] - Object: 'Object Repository/Front-End/OR Upload menggunakan Gallery/Page_Become Owner/a_Bergabung Menjadi Pemilik Mo' is clicked on

2018-06-26 15:16:30 - [TEST_STEP][PASSED] - delay: Delayed 3 second(s)

2018-06-26 15:16:33 - [MESSAGE][PASSED] - Delayed 3 second(s)

2018-06-26 15:16:33 - [TEST_STEP][PASSED] - scrollToPosition: Browser is scrolled to position x = 0, y = 400

2018-06-26 15:16:34 - [MESSAGE][PASSED] - Browser is scrolled to position x = 0, y = 400

2018-06-26 15:16:34 - [TEST_STEP][PASSED] - WebUICustomKeyword.uploadFile: WebUICustomKeyword.uploadFile is PASSED

2018-06-26 15:16:36 - [MESSAGE][PASSED] - Object: 'Object Repository/Front-End/OR Upload menggunakan Gallery/Page_Become Owner Register/span_Upload Gambar' is clicked on

2018-06-26 15:16:36 - [MESSAGE][PASSED] - WebUICustomKeyword.uploadFile is PASSED

2018-06-26 15:16:36 - [TEST_STEP][PASSED] - delay: Delayed 5 second(s)

2018-06-26 15:16:41 - [MESSAGE][PASSED] - Delayed 5 second(s)

2018-06-26 15:16:41 - [TEST_STEP][PASSED] - scrollToPosition: Browser is scrolled to position x = 0, y = 1100

2018-06-26 15:16:42 - [MESSAGE][PASSED] - Browser is scrolled to position x = 0, y = 1100

2018-06-26 15:16:42 - [TEST_STEP][PASSED] - WebUICustomKeyword.uploadFile: WebUICustomKeyword.uploadFile is PASSED

2018-06-26 15:16:44 - [MESSAGE][PASSED] - Object: 'Object Repository/Front-End/OR Upload menggunakan Gallery/Page_Become Owner Register/span_Upload Gambar (1)' is clicked on

2018-06-26 15:16:44 - [MESSAGE][PASSED] - WebUICustomKeyword.uploadFile is PASSED

2018-06-26 15:16:44 - [TEST_STEP][PASSED] - delay: Delayed 5 second(s)

2018-06-26 15:16:49 - [MESSAGE][PASSED] - Delayed 5 second(s)

2018-06-26 15:16:49 - [TEST_STEP][PASSED] - scrollToPosition: Browser is scrolled to position x = 0, y = 1600

2018-06-26 15:16:50 - [MESSAGE][PASSED] - Browser is scrolled to position x = 0, y = 1600

2018-06-26 15:16:50 - [TEST_STEP][PASSED] - WebUICustomKeyword.uploadFile: WebUICustomKeyword.uploadFile is PASSED

2018-06-26 15:16:52 - [MESSAGE][PASSED] - Object: 'Object Repository/Front-End/OR Upload menggunakan Gallery/Page_Become Owner Register/span_Upload Gambar (2)' is clicked on

2018-06-26 15:16:52 - [MESSAGE][PASSED] - WebUICustomKeyword.uploadFile is PASSED

2018-06-26 15:16:52 - [TEST_STEP][NOT_RUN] - WebUICustomKeyword.uploadFile: NOT_RUN: WebUICustomKeyword.uploadFile

2018-06-26 15:16:52 - [MESSAGE][NOT_RUN] - NOT_RUN: WebUICustomKeyword.uploadFile

2018-06-26 15:16:52 - [TEST_STEP][FAILED] - waitForImagePresent: Unable to wait for image to be present (Root cause: java.lang.IllegalArgumentException: This object don't have IMAGE_FILE property, please add it)

2018-06-26 15:16:53 - [MESSAGE][FAILED] - Unable to wait for image to be present (Root cause: java.lang.IllegalArgumentException: This object don't have IMAGE_FILE property, please add it)
[[ATTACHMENT|C:\\Users\\Sandi\\Documents\\Katalon Projects\\Projects\\Astra Movic\\Reports\\Front-End\\Login dan Become Owner\\20180626_151504\\1530001012541.png]]]]></system-out>
         <system-err><![CDATA[2018-06-26 15:15:51 - [TEST_CASE][FAILED] - Test Cases/Front-End/Owner/SC01 Validasi Photo/TC06 Upload menggunakan gallery: Test Cases/Front-End/Owner/SC01 Validasi Photo/TC06 Upload menggunakan gallery FAILED because (of) Unable to wait for image to be present (Root cause: java.lang.IllegalArgumentException: This object don't have IMAGE_FILE property, please add it)]]></system-err>
      </testcase>
      <system-out><![CDATA[2018-06-26 15:15:06 - [TEST_SUITE][FAILED] - Login dan Become Owner: Test Cases/Front-End/Owner/SC01 Validasi Photo/TC06 Upload menggunakan gallery FAILED because (of) Unable to wait for image to be present (Root cause: java.lang.IllegalArgumentException: This object don't have IMAGE_FILE property, please add it)]]></system-out>
      <system-err><![CDATA[2018-06-26 15:15:06 - [TEST_SUITE][FAILED] - Login dan Become Owner: Test Cases/Front-End/Owner/SC01 Validasi Photo/TC06 Upload menggunakan gallery FAILED because (of) Unable to wait for image to be present (Root cause: java.lang.IllegalArgumentException: This object don't have IMAGE_FILE property, please add it)]]></system-err>
   </testsuite>
</testsuites>
