<?xml version="1.0" encoding="UTF-8"?>
<testsuites name="Reservation From Click Image Section Popular Destination" time="229" tests="7" failures="0" errors="0">
   <testsuite name="Reservation From Click Image Section Popular Destination" tests="7" failures="0" errors="0" time="229" timestamp="2018-11-13 14:37:12" hostname="WGS-LAP199 - DESKTOP-QUMB1S3" id="Test Suites/Mobile/Reservation From Click Image Section Popular Destination">
      <properties>
         <property name="deviceName" value="Xiaomi Redmi 5 (Android 7.1.2)"/>
         <property name="devicePlatform" value=""/>
         <property name="logFolder" value="C:\\Users\\WGS-LAP199\\git\\astra-movic\\Reports\\Mobile\\Reservation From Click Image Section Popular Destination\\20181113_143706"/>
         <property name="logFiles" value="C:\\Users\\WGS-LAP199\\git\\astra-movic\\Reports\\Mobile\\Reservation From Click Image Section Popular Destination\\20181113_143706\\appium.log, C:\\Users\\WGS-LAP199\\git\\astra-movic\\Reports\\Mobile\\Reservation From Click Image Section Popular Destination\\20181113_143706\\execution0.log"/>
         <property name="attachments" value=""/>
         <property name="hostName" value="WGS-LAP199 - DESKTOP-QUMB1S3"/>
         <property name="os" value="Windows 10 64bit"/>
         <property name="katalonVersion" value="5.8.6.1"/>
         <property name="deviceOS" value="Android"/>
         <property name="appiumVersion" value="1.8.1"/>
         <property name="deviceModel" value="Redmi 5"/>
         <property name="hostAddress" value="10.10.10.109"/>
         <property name="deviceManufacturer" value="Xiaomi"/>
         <property name="deviceId" value="54e797627cf5"/>
         <property name="deviceName" value="Xiaomi Redmi 5 (Android 7.1.2)"/>
         <property name="deviceOSVersion" value="7.1.2"/>
      </properties>
      <testcase name="Test Cases/Mobile/Android/User/SC99 Regression/TC04 Login with email" classname="Test Cases/Mobile/Android/User/SC99 Regression/TC04 Login with email" status="PASSED">
         <system-out><![CDATA[2018-11-13 14:37:13 - [TEST_CASE][PASSED] - Test Cases/Mobile/Android/User/SC99 Regression/TC04 Login with email: Test Cases/Mobile/Android/User/SC99 Regression/TC04 Login with email

2018-11-13 14:37:15 - [TEST_STEP][PASSED] - startApplication: Started app at: 'C:\Users\WGS-LAP199\Downloads\Movic apk\Movic_0.9.7_2018-10-14-stable-debug.apk'

2018-11-13 14:38:08 - [MESSAGE][PASSED] - Started app at: 'C:\Users\WGS-LAP199\Downloads\Movic apk\Movic_0.9.7_2018-10-14-stable-debug.apk'

2018-11-13 14:38:08 - [TEST_STEP][PASSED] - tap: Tapped on element 'Object Repository/Mobile/OR Registrasi/android.widget.ImageView4'

2018-11-13 14:38:08 - [MESSAGE][WARNING] - Timeout '0' is invalid. Using default page load timeout: '30'

2018-11-13 14:38:13 - [MESSAGE][PASSED] - Tapped on element 'Object Repository/Mobile/OR Registrasi/android.widget.ImageView4'

2018-11-13 14:38:13 - [TEST_STEP][PASSED] - Statement - For (def index : (1..2)): Tapped on element 'Object Repository/Mobile/OR Registrasi/android.widget.ImageView1'

2018-11-13 14:38:13 - [TEST_STEP][PASSED] - tap: Tapped on element 'Object Repository/Mobile/OR Registrasi/android.widget.ImageView1'

2018-11-13 14:38:13 - [MESSAGE][WARNING] - Timeout '0' is invalid. Using default page load timeout: '30'

2018-11-13 14:38:14 - [MESSAGE][PASSED] - Tapped on element 'Object Repository/Mobile/OR Registrasi/android.widget.ImageView1'

2018-11-13 14:38:14 - [TEST_STEP][PASSED] - tap: Tapped on element 'Object Repository/Mobile/OR Registrasi/android.widget.ImageView1'

2018-11-13 14:38:14 - [MESSAGE][WARNING] - Timeout '0' is invalid. Using default page load timeout: '30'

2018-11-13 14:38:15 - [MESSAGE][PASSED] - Tapped on element 'Object Repository/Mobile/OR Registrasi/android.widget.ImageView1'

2018-11-13 14:38:15 - [TEST_STEP][PASSED] - tap: Tapped on element 'Object Repository/Mobile/OR Registrasi/android.widget.TextView2 - Skip'

2018-11-13 14:38:15 - [MESSAGE][WARNING] - Timeout '0' is invalid. Using default page load timeout: '30'

2018-11-13 14:38:17 - [MESSAGE][PASSED] - Tapped on element 'Object Repository/Mobile/OR Registrasi/android.widget.TextView2 - Skip'

2018-11-13 14:38:17 - [TEST_STEP][PASSED] - tap: Tapped on element 'Object Repository/Mobile/OR Login/android.widget.TextView0 - Log in'

2018-11-13 14:38:17 - [MESSAGE][WARNING] - Timeout '0' is invalid. Using default page load timeout: '30'

2018-11-13 14:38:19 - [MESSAGE][PASSED] - Tapped on element 'Object Repository/Mobile/OR Login/android.widget.TextView0 - Log in'

2018-11-13 14:38:19 - [TEST_STEP][PASSED] - setText: Text 'santi.wahyuni@wgs.co.id' has been set to element 'Object Repository/Mobile/OR Login/android.widget.EditText0'

2018-11-13 14:38:19 - [MESSAGE][WARNING] - Timeout '0' is invalid. Using default page load timeout: '30'

2018-11-13 14:38:21 - [MESSAGE][PASSED] - Text 'santi.wahyuni@wgs.co.id' has been set to element 'Object Repository/Mobile/OR Login/android.widget.EditText0'

2018-11-13 14:38:21 - [TEST_STEP][PASSED] - tap: Tapped on element 'Object Repository/Mobile/OR Login/android.widget.Button0 - Next'

2018-11-13 14:38:21 - [MESSAGE][WARNING] - Timeout '0' is invalid. Using default page load timeout: '30'

2018-11-13 14:38:23 - [MESSAGE][PASSED] - Tapped on element 'Object Repository/Mobile/OR Login/android.widget.Button0 - Next'

2018-11-13 14:38:23 - [TEST_STEP][PASSED] - setText: Text 'P@ssword789' has been set to element 'Object Repository/Mobile/OR Login/android.widget.EditText0 (1)'

2018-11-13 14:38:23 - [MESSAGE][WARNING] - Timeout '0' is invalid. Using default page load timeout: '30'

2018-11-13 14:38:25 - [MESSAGE][PASSED] - Text 'P@ssword789' has been set to element 'Object Repository/Mobile/OR Login/android.widget.EditText0 (1)'

2018-11-13 14:38:25 - [TEST_STEP][PASSED] - delay: Delayed 1 second(s)

2018-11-13 14:38:26 - [MESSAGE][PASSED] - Delayed 1 second(s)

2018-11-13 14:38:26 - [TEST_STEP][PASSED] - hideKeyboard: Keyboard is hidden

2018-11-13 14:38:28 - [MESSAGE][PASSED] - Keyboard is hidden

2018-11-13 14:38:28 - [TEST_STEP][PASSED] - tap: Tapped on element 'Object Repository/Mobile/OR Login/android.widget.Button0 - Start Movic'

2018-11-13 14:38:28 - [MESSAGE][WARNING] - Timeout '0' is invalid. Using default page load timeout: '30'

2018-11-13 14:38:29 - [MESSAGE][PASSED] - Tapped on element 'Object Repository/Mobile/OR Login/android.widget.Button0 - Start Movic'

2018-11-13 14:38:29 - [TEST_STEP][PASSED] - delay: Delayed 5 second(s)

2018-11-13 14:38:34 - [MESSAGE][PASSED] - Delayed 5 second(s)]]></system-out>
         <system-err><![CDATA[]]></system-err>
      </testcase>
      <testcase name="Test Cases/Mobile/Android/Homepage/SC99 Regression/TC19 Show List Car By Click Image Popular destinations" classname="Test Cases/Mobile/Android/Homepage/SC99 Regression/TC19 Show List Car By Click Image Popular destinations" status="PASSED">
         <system-out><![CDATA[2018-11-13 14:38:34 - [TEST_CASE][PASSED] - Test Cases/Mobile/Android/Homepage/SC99 Regression/TC19 Show List Car By Click Image Popular destinations: Test Cases/Mobile/Android/Homepage/SC99 Regression/TC19 Show List Car By Click Image Popular destinations

2018-11-13 14:38:35 - [TEST_STEP][NOT_RUN] - callTestCase: NOT_RUN: callTestCase

2018-11-13 14:38:35 - [MESSAGE][NOT_RUN] - NOT_RUN: callTestCase

2018-11-13 14:38:35 - [TEST_STEP][PASSED] - scrollToText: Scrolling to text 'Popular Destinations' successfully

2018-11-13 14:38:54 - [MESSAGE][PASSED] - Scrolling to text 'Popular Destinations' successfully

2018-11-13 14:38:54 - [TEST_STEP][PASSED] - tap: Tapped on element 'Object Repository/Mobile/OR Homepage/android.widget.RelativeLayout10'

2018-11-13 14:38:54 - [MESSAGE][WARNING] - Timeout '0' is invalid. Using default page load timeout: '30'

2018-11-13 14:38:57 - [MESSAGE][PASSED] - Tapped on element 'Object Repository/Mobile/OR Homepage/android.widget.RelativeLayout10'

2018-11-13 14:38:57 - [TEST_STEP][PASSED] - tap: Tapped on element 'Object Repository/Mobile/OR Homepage/android.widget.RelativeLayout2 (1)'

2018-11-13 14:38:57 - [MESSAGE][WARNING] - Timeout '0' is invalid. Using default page load timeout: '30'

2018-11-13 14:39:01 - [MESSAGE][PASSED] - Tapped on element 'Object Repository/Mobile/OR Homepage/android.widget.RelativeLayout2 (1)'

2018-11-13 14:39:01 - [TEST_STEP][PASSED] - delay: Delayed 5 second(s)

2018-11-13 14:39:06 - [MESSAGE][PASSED] - Delayed 5 second(s)]]></system-out>
         <system-err><![CDATA[]]></system-err>
      </testcase>
      <testcase name="Test Cases/Mobile/Android/Booking/SC99 Regression/TC15 Select car from list cars" classname="Test Cases/Mobile/Android/Booking/SC99 Regression/TC15 Select car from list cars" status="PASSED">
         <system-out><![CDATA[2018-11-13 14:39:06 - [TEST_CASE][PASSED] - Test Cases/Mobile/Android/Booking/SC99 Regression/TC15 Select car from list cars: Test Cases/Mobile/Android/Booking/SC99 Regression/TC15 Select car from list cars

2018-11-13 14:39:06 - [TEST_STEP][NOT_RUN] - callTestCase: NOT_RUN: callTestCase

2018-11-13 14:39:06 - [MESSAGE][NOT_RUN] - NOT_RUN: callTestCase

2018-11-13 14:39:06 - [TEST_STEP][NOT_RUN] - tap: NOT_RUN: tap

2018-11-13 14:39:06 - [MESSAGE][NOT_RUN] - NOT_RUN: tap

2018-11-13 14:39:06 - [TEST_STEP][PASSED] - tap: Tapped on element 'Object Repository/Mobile/OR Booking/android.widget.Button0 - Check Packages'

2018-11-13 14:39:06 - [MESSAGE][WARNING] - Timeout '0' is invalid. Using default page load timeout: '30'

2018-11-13 14:39:08 - [MESSAGE][PASSED] - Tapped on element 'Object Repository/Mobile/OR Booking/android.widget.Button0 - Check Packages'

2018-11-13 14:39:08 - [TEST_STEP][PASSED] - tap: Tapped on element 'Object Repository/Mobile/OR Booking/android.widget.Button1 - Book Now'

2018-11-13 14:39:08 - [MESSAGE][WARNING] - Timeout '0' is invalid. Using default page load timeout: '30'

2018-11-13 14:39:11 - [MESSAGE][PASSED] - Tapped on element 'Object Repository/Mobile/OR Booking/android.widget.Button1 - Book Now'

2018-11-13 14:39:11 - [TEST_STEP][PASSED] - scrollToText: Scrolling to text 'Add additional benefits' successfully

2018-11-13 14:39:16 - [MESSAGE][PASSED] - Scrolling to text 'Add additional benefits' successfully

2018-11-13 14:39:16 - [TEST_STEP][PASSED] - tap: Tapped on element 'Object Repository/Mobile/OR Booking/android.widget.TextView2 - Edit'

2018-11-13 14:39:16 - [MESSAGE][WARNING] - Timeout '0' is invalid. Using default page load timeout: '30'

2018-11-13 14:39:17 - [MESSAGE][PASSED] - Tapped on element 'Object Repository/Mobile/OR Booking/android.widget.TextView2 - Edit'

2018-11-13 14:39:17 - [TEST_STEP][PASSED] - tap: Tapped on element 'Object Repository/Mobile/OR Booking/android.widget.CheckBox0'

2018-11-13 14:39:17 - [MESSAGE][WARNING] - Timeout '0' is invalid. Using default page load timeout: '30'

2018-11-13 14:39:18 - [MESSAGE][PASSED] - Tapped on element 'Object Repository/Mobile/OR Booking/android.widget.CheckBox0'

2018-11-13 14:39:18 - [TEST_STEP][PASSED] - tap: Tapped on element 'Object Repository/Mobile/OR Booking/android.widget.ImageView1'

2018-11-13 14:39:18 - [MESSAGE][WARNING] - Timeout '0' is invalid. Using default page load timeout: '30'

2018-11-13 14:39:20 - [MESSAGE][PASSED] - Tapped on element 'Object Repository/Mobile/OR Booking/android.widget.ImageView1'

2018-11-13 14:39:20 - [TEST_STEP][PASSED] - tap: Tapped on element 'Object Repository/Mobile/OR Booking/android.widget.Button0 - Save'

2018-11-13 14:39:20 - [MESSAGE][WARNING] - Timeout '0' is invalid. Using default page load timeout: '30'

2018-11-13 14:39:22 - [MESSAGE][PASSED] - Tapped on element 'Object Repository/Mobile/OR Booking/android.widget.Button0 - Save'

2018-11-13 14:39:22 - [TEST_STEP][PASSED] - tap: Tapped on element 'Object Repository/Mobile/OR Booking/android.widget.Button0 - I Agree'

2018-11-13 14:39:22 - [MESSAGE][WARNING] - Timeout '0' is invalid. Using default page load timeout: '30'

2018-11-13 14:39:24 - [MESSAGE][PASSED] - Tapped on element 'Object Repository/Mobile/OR Booking/android.widget.Button0 - I Agree'

2018-11-13 14:39:24 - [TEST_STEP][PASSED] - tap: Tapped on element 'Object Repository/Mobile/OR Booking/android.widget.EditText0'

2018-11-13 14:39:24 - [MESSAGE][WARNING] - Timeout '0' is invalid. Using default page load timeout: '30'

2018-11-13 14:39:26 - [MESSAGE][PASSED] - Tapped on element 'Object Repository/Mobile/OR Booking/android.widget.EditText0'

2018-11-13 14:39:26 - [TEST_STEP][PASSED] - delay: Delayed 5 second(s)

2018-11-13 14:39:31 - [MESSAGE][PASSED] - Delayed 5 second(s)

2018-11-13 14:39:31 - [TEST_STEP][PASSED] - tap: Tapped on element 'Object Repository/Mobile/OR Booking/android.widget.Button1 - OK'

2018-11-13 14:39:31 - [MESSAGE][WARNING] - Timeout '0' is invalid. Using default page load timeout: '30'

2018-11-13 14:39:32 - [MESSAGE][PASSED] - Tapped on element 'Object Repository/Mobile/OR Booking/android.widget.Button1 - OK'

2018-11-13 14:39:32 - [TEST_STEP][PASSED] - tap: Tapped on element 'Object Repository/Mobile/OR Booking/android.widget.RelativeLayout7'

2018-11-13 14:39:32 - [MESSAGE][WARNING] - Timeout '0' is invalid. Using default page load timeout: '30'

2018-11-13 14:39:34 - [MESSAGE][PASSED] - Tapped on element 'Object Repository/Mobile/OR Booking/android.widget.RelativeLayout7'

2018-11-13 14:39:34 - [TEST_STEP][PASSED] - delay: Delayed 5 second(s)

2018-11-13 14:39:39 - [MESSAGE][PASSED] - Delayed 5 second(s)

2018-11-13 14:39:39 - [TEST_STEP][PASSED] - tap: Tapped on element 'Object Repository/Mobile/OR Booking/android.widget.Button0 - Confirm'

2018-11-13 14:39:39 - [MESSAGE][WARNING] - Timeout '0' is invalid. Using default page load timeout: '30'

2018-11-13 14:39:40 - [MESSAGE][PASSED] - Tapped on element 'Object Repository/Mobile/OR Booking/android.widget.Button0 - Confirm'

2018-11-13 14:39:40 - [TEST_STEP][PASSED] - tap: Tapped on element 'Object Repository/Mobile/OR Booking/android.widget.RelativeLayout8'

2018-11-13 14:39:40 - [MESSAGE][WARNING] - Timeout '0' is invalid. Using default page load timeout: '30'

2018-11-13 14:39:43 - [MESSAGE][PASSED] - Tapped on element 'Object Repository/Mobile/OR Booking/android.widget.RelativeLayout8'

2018-11-13 14:39:43 - [TEST_STEP][PASSED] - delay: Delayed 5 second(s)

2018-11-13 14:39:48 - [MESSAGE][PASSED] - Delayed 5 second(s)

2018-11-13 14:39:48 - [TEST_STEP][PASSED] - tap: Tapped on element 'Object Repository/Mobile/OR Booking/android.widget.Button0 - Confirm'

2018-11-13 14:39:48 - [MESSAGE][WARNING] - Timeout '0' is invalid. Using default page load timeout: '30'

2018-11-13 14:39:50 - [MESSAGE][PASSED] - Tapped on element 'Object Repository/Mobile/OR Booking/android.widget.Button0 - Confirm'

2018-11-13 14:39:50 - [TEST_STEP][PASSED] - tap: Tapped on element 'Object Repository/Mobile/OR Booking/android.widget.Button0 - Continue'

2018-11-13 14:39:50 - [MESSAGE][WARNING] - Timeout '0' is invalid. Using default page load timeout: '30'

2018-11-13 14:39:52 - [MESSAGE][PASSED] - Tapped on element 'Object Repository/Mobile/OR Booking/android.widget.Button0 - Continue'

2018-11-13 14:39:52 - [TEST_STEP][PASSED] - delay: Delayed 5 second(s)

2018-11-13 14:39:57 - [MESSAGE][PASSED] - Delayed 5 second(s)]]></system-out>
         <system-err><![CDATA[]]></system-err>
      </testcase>
      <testcase name="Test Cases/Mobile/Android/Booking/SC99 Regression/TC09 Rules" classname="Test Cases/Mobile/Android/Booking/SC99 Regression/TC09 Rules" status="PASSED">
         <system-out><![CDATA[2018-11-13 14:39:57 - [TEST_CASE][PASSED] - Test Cases/Mobile/Android/Booking/SC99 Regression/TC09 Rules: Test Cases/Mobile/Android/Booking/SC99 Regression/TC09 Rules

2018-11-13 14:39:57 - [TEST_STEP][NOT_RUN] - callTestCase: NOT_RUN: callTestCase

2018-11-13 14:39:57 - [MESSAGE][NOT_RUN] - NOT_RUN: callTestCase

2018-11-13 14:39:57 - [TEST_STEP][PASSED] - tap: Tapped on element 'Object Repository/Mobile/OR Booking/android.widget.TextView - CANCELLATION POLICY'

2018-11-13 14:39:57 - [MESSAGE][WARNING] - Timeout '0' is invalid. Using default page load timeout: '30'

2018-11-13 14:39:59 - [MESSAGE][PASSED] - Tapped on element 'Object Repository/Mobile/OR Booking/android.widget.TextView - CANCELLATION POLICY'

2018-11-13 14:39:59 - [TEST_STEP][PASSED] - tap: Tapped on element 'Object Repository/Mobile/OR Booking/android.widget.Button0 - Agree'

2018-11-13 14:39:59 - [MESSAGE][WARNING] - Timeout '0' is invalid. Using default page load timeout: '30'

2018-11-13 14:40:01 - [MESSAGE][PASSED] - Tapped on element 'Object Repository/Mobile/OR Booking/android.widget.Button0 - Agree'

2018-11-13 14:40:01 - [TEST_STEP][NOT_RUN] - tap: NOT_RUN: tap

2018-11-13 14:40:01 - [MESSAGE][NOT_RUN] - NOT_RUN: tap]]></system-out>
         <system-err><![CDATA[]]></system-err>
      </testcase>
      <testcase name="Test Cases/Mobile/Android/Payment/SC99 Regression/TC01 Pay - Payment" classname="Test Cases/Mobile/Android/Payment/SC99 Regression/TC01 Pay - Payment" status="PASSED">
         <system-out><![CDATA[2018-11-13 14:40:01 - [TEST_CASE][PASSED] - Test Cases/Mobile/Android/Payment/SC99 Regression/TC01 Pay - Payment: Test Cases/Mobile/Android/Payment/SC99 Regression/TC01 Pay - Payment

2018-11-13 14:40:01 - [TEST_STEP][NOT_RUN] - callTestCase: NOT_RUN: callTestCase

2018-11-13 14:40:01 - [MESSAGE][NOT_RUN] - NOT_RUN: callTestCase

2018-11-13 14:40:01 - [TEST_STEP][NOT_RUN] - tap: NOT_RUN: tap

2018-11-13 14:40:01 - [MESSAGE][NOT_RUN] - NOT_RUN: tap

2018-11-13 14:40:01 - [TEST_STEP][PASSED] - tap: Tapped on element 'Object Repository/Mobile/OR Payment/android.widget.Button1 - Pay'

2018-11-13 14:40:01 - [MESSAGE][WARNING] - Timeout '0' is invalid. Using default page load timeout: '30'

2018-11-13 14:40:03 - [MESSAGE][PASSED] - Tapped on element 'Object Repository/Mobile/OR Payment/android.widget.Button1 - Pay'

2018-11-13 14:40:03 - [TEST_STEP][PASSED] - tap: Tapped on element 'Object Repository/Mobile/OR Payment/android.widget.TextView3 - ALREADY CONFIRM'

2018-11-13 14:40:03 - [MESSAGE][WARNING] - Timeout '0' is invalid. Using default page load timeout: '30'

2018-11-13 14:40:04 - [MESSAGE][PASSED] - Tapped on element 'Object Repository/Mobile/OR Payment/android.widget.TextView3 - ALREADY CONFIRM'

2018-11-13 14:40:04 - [TEST_STEP][PASSED] - delay: Delayed 5 second(s)

2018-11-13 14:40:09 - [MESSAGE][PASSED] - Delayed 5 second(s)]]></system-out>
         <system-err><![CDATA[]]></system-err>
      </testcase>
      <testcase name="Test Cases/Mobile/Android/Payment/SC99 Regression/TC04 Select payment methode" classname="Test Cases/Mobile/Android/Payment/SC99 Regression/TC04 Select payment methode" status="PASSED">
         <system-out><![CDATA[2018-11-13 14:40:09 - [TEST_CASE][PASSED] - Test Cases/Mobile/Android/Payment/SC99 Regression/TC04 Select payment methode: Test Cases/Mobile/Android/Payment/SC99 Regression/TC04 Select payment methode

2018-11-13 14:40:09 - [TEST_STEP][NOT_RUN] - callTestCase: NOT_RUN: callTestCase

2018-11-13 14:40:09 - [MESSAGE][NOT_RUN] - NOT_RUN: callTestCase

2018-11-13 14:40:09 - [TEST_STEP][PASSED] - tap: Tapped on element 'Object Repository/Mobile/OR Payment/android.widget.FrameLayout3'

2018-11-13 14:40:09 - [MESSAGE][WARNING] - Timeout '0' is invalid. Using default page load timeout: '30'

2018-11-13 14:40:11 - [MESSAGE][PASSED] - Tapped on element 'Object Repository/Mobile/OR Payment/android.widget.FrameLayout3'

2018-11-13 14:40:11 - [TEST_STEP][PASSED] - delay: Delayed 5 second(s)

2018-11-13 14:40:16 - [MESSAGE][PASSED] - Delayed 5 second(s)]]></system-out>
         <system-err><![CDATA[]]></system-err>
      </testcase>
      <testcase name="Test Cases/Mobile/Android/Payment/SC99 Regression/TC05 Credit card payment" classname="Test Cases/Mobile/Android/Payment/SC99 Regression/TC05 Credit card payment" status="PASSED">
         <system-out><![CDATA[2018-11-13 14:40:16 - [TEST_CASE][PASSED] - Test Cases/Mobile/Android/Payment/SC99 Regression/TC05 Credit card payment: Test Cases/Mobile/Android/Payment/SC99 Regression/TC05 Credit card payment

2018-11-13 14:40:17 - [TEST_STEP][NOT_RUN] - callTestCase: NOT_RUN: callTestCase

2018-11-13 14:40:17 - [MESSAGE][NOT_RUN] - NOT_RUN: callTestCase

2018-11-13 14:40:17 - [TEST_STEP][PASSED] - tap: Tapped on element 'Object Repository/Mobile/OR Payment/android.widget.FrameLayout3 (1)'

2018-11-13 14:40:17 - [MESSAGE][WARNING] - Timeout '0' is invalid. Using default page load timeout: '30'

2018-11-13 14:40:18 - [MESSAGE][PASSED] - Tapped on element 'Object Repository/Mobile/OR Payment/android.widget.FrameLayout3 (1)'

2018-11-13 14:40:18 - [TEST_STEP][PASSED] - delay: Delayed 5 second(s)

2018-11-13 14:40:23 - [MESSAGE][PASSED] - Delayed 5 second(s)

2018-11-13 14:40:23 - [TEST_STEP][PASSED] - tap: Tapped on element 'Object Repository/Mobile/OR Payment/android.widget.EditText0'

2018-11-13 14:40:23 - [MESSAGE][WARNING] - Timeout '0' is invalid. Using default page load timeout: '30'

2018-11-13 14:40:34 - [MESSAGE][PASSED] - Tapped on element 'Object Repository/Mobile/OR Payment/android.widget.EditText0'

2018-11-13 14:40:34 - [TEST_STEP][PASSED] - setText: Text '4137180300023783' has been set to element 'Object Repository/Mobile/OR Payment/android.widget.EditText0'

2018-11-13 14:40:34 - [MESSAGE][WARNING] - Timeout '0' is invalid. Using default page load timeout: '30'

2018-11-13 14:40:35 - [MESSAGE][PASSED] - Text '4137180300023783' has been set to element 'Object Repository/Mobile/OR Payment/android.widget.EditText0'

2018-11-13 14:40:35 - [TEST_STEP][PASSED] - tap: Tapped on element 'Object Repository/Mobile/OR Payment/android.widget.EditText1'

2018-11-13 14:40:35 - [MESSAGE][WARNING] - Timeout '0' is invalid. Using default page load timeout: '30'

2018-11-13 14:40:37 - [MESSAGE][PASSED] - Tapped on element 'Object Repository/Mobile/OR Payment/android.widget.EditText1'

2018-11-13 14:40:37 - [TEST_STEP][PASSED] - setText: Text 'test' has been set to element 'Object Repository/Mobile/OR Payment/android.widget.EditText1'

2018-11-13 14:40:37 - [MESSAGE][WARNING] - Timeout '0' is invalid. Using default page load timeout: '30'

2018-11-13 14:40:39 - [MESSAGE][PASSED] - Text 'test' has been set to element 'Object Repository/Mobile/OR Payment/android.widget.EditText1'

2018-11-13 14:40:39 - [TEST_STEP][PASSED] - tap: Tapped on element 'Object Repository/Mobile/OR Payment/android.widget.EditText2'

2018-11-13 14:40:39 - [MESSAGE][WARNING] - Timeout '0' is invalid. Using default page load timeout: '30'

2018-11-13 14:40:40 - [MESSAGE][PASSED] - Tapped on element 'Object Repository/Mobile/OR Payment/android.widget.EditText2'

2018-11-13 14:40:40 - [TEST_STEP][PASSED] - setText: Text '05' has been set to element 'Object Repository/Mobile/OR Payment/android.widget.EditText2'

2018-11-13 14:40:40 - [MESSAGE][WARNING] - Timeout '0' is invalid. Using default page load timeout: '30'

2018-11-13 14:40:41 - [MESSAGE][PASSED] - Text '05' has been set to element 'Object Repository/Mobile/OR Payment/android.widget.EditText2'

2018-11-13 14:40:41 - [TEST_STEP][PASSED] - tap: Tapped on element 'Object Repository/Mobile/OR Payment/android.widget.EditText3'

2018-11-13 14:40:41 - [MESSAGE][WARNING] - Timeout '0' is invalid. Using default page load timeout: '30'

2018-11-13 14:40:43 - [MESSAGE][PASSED] - Tapped on element 'Object Repository/Mobile/OR Payment/android.widget.EditText3'

2018-11-13 14:40:43 - [TEST_STEP][PASSED] - setText: Text '19' has been set to element 'Object Repository/Mobile/OR Payment/android.widget.EditText3'

2018-11-13 14:40:43 - [MESSAGE][WARNING] - Timeout '0' is invalid. Using default page load timeout: '30'

2018-11-13 14:40:43 - [MESSAGE][PASSED] - Text '19' has been set to element 'Object Repository/Mobile/OR Payment/android.widget.EditText3'

2018-11-13 14:40:43 - [TEST_STEP][PASSED] - tap: Tapped on element 'Object Repository/Mobile/OR Payment/android.widget.EditText4'

2018-11-13 14:40:43 - [MESSAGE][WARNING] - Timeout '0' is invalid. Using default page load timeout: '30'

2018-11-13 14:40:45 - [MESSAGE][PASSED] - Tapped on element 'Object Repository/Mobile/OR Payment/android.widget.EditText4'

2018-11-13 14:40:45 - [TEST_STEP][PASSED] - setText: Text '783' has been set to element 'Object Repository/Mobile/OR Payment/android.widget.EditText4'

2018-11-13 14:40:45 - [MESSAGE][WARNING] - Timeout '0' is invalid. Using default page load timeout: '30'

2018-11-13 14:40:46 - [MESSAGE][PASSED] - Text '783' has been set to element 'Object Repository/Mobile/OR Payment/android.widget.EditText4'

2018-11-13 14:40:46 - [TEST_STEP][PASSED] - tap: Tapped on element 'Object Repository/Mobile/OR Payment/android.widget.EditText5'

2018-11-13 14:40:46 - [MESSAGE][WARNING] - Timeout '0' is invalid. Using default page load timeout: '30'

2018-11-13 14:40:48 - [MESSAGE][PASSED] - Tapped on element 'Object Repository/Mobile/OR Payment/android.widget.EditText5'

2018-11-13 14:40:48 - [TEST_STEP][PASSED] - setText: Text 'test@sgo.co.id' has been set to element 'Object Repository/Mobile/OR Payment/android.widget.EditText5'

2018-11-13 14:40:48 - [MESSAGE][WARNING] - Timeout '0' is invalid. Using default page load timeout: '30'

2018-11-13 14:40:49 - [MESSAGE][PASSED] - Text 'test@sgo.co.id' has been set to element 'Object Repository/Mobile/OR Payment/android.widget.EditText5'

2018-11-13 14:40:49 - [TEST_STEP][PASSED] - tap: Tapped on element 'Object Repository/Mobile/OR Payment/android.widget.CheckBox0'

2018-11-13 14:40:49 - [MESSAGE][WARNING] - Timeout '0' is invalid. Using default page load timeout: '30'

2018-11-13 14:40:50 - [MESSAGE][PASSED] - Tapped on element 'Object Repository/Mobile/OR Payment/android.widget.CheckBox0'

2018-11-13 14:40:50 - [TEST_STEP][PASSED] - tap: Tapped on element 'Object Repository/Mobile/OR Payment/android.widget.Button0 - Lanjutkan'

2018-11-13 14:40:50 - [MESSAGE][WARNING] - Timeout '0' is invalid. Using default page load timeout: '30'

2018-11-13 14:40:54 - [MESSAGE][PASSED] - Tapped on element 'Object Repository/Mobile/OR Payment/android.widget.Button0 - Lanjutkan'

2018-11-13 14:40:54 - [TEST_STEP][PASSED] - delay: Delayed 5 second(s)

2018-11-13 14:40:59 - [MESSAGE][PASSED] - Delayed 5 second(s)

2018-11-13 14:40:59 - [TEST_STEP][PASSED] - closeApplication: Close app successfully

2018-11-13 14:41:01 - [MESSAGE][PASSED] - Close app successfully]]></system-out>
         <system-err><![CDATA[]]></system-err>
      </testcase>
      <system-out><![CDATA[2018-11-13 14:37:12 - [TEST_SUITE][PASSED] - Reservation From Click Image Section Popular Destination: Test Cases/Mobile/Android/Payment/SC99 Regression/TC05 Credit card payment]]></system-out>
      <system-err><![CDATA[]]></system-err>
   </testsuite>
</testsuites>
