<?xml version="1.0" encoding="UTF-8"?>
<testsuites name="Register dan Login" time="120" tests="1" failures="0" errors="0">
   <testsuite name="Register dan Login" tests="1" failures="0" errors="0" time="120" timestamp="2018-11-08 15:18:44" hostname="WGS-LAP199 - DESKTOP-QUMB1S3" id="Test Suites/Mobile/Register dan Login">
      <properties>
         <property name="deviceName" value="Xiaomi Redmi 5 (Android 7.1.2)"/>
         <property name="devicePlatform" value=""/>
         <property name="logFolder" value="C:\\Users\\WGS-LAP199\\git\\astra-movic\\Reports\\Mobile\\Register dan Login\\20181108_151840"/>
         <property name="logFiles" value="C:\\Users\\WGS-LAP199\\git\\astra-movic\\Reports\\Mobile\\Register dan Login\\20181108_151840\\appium.log, C:\\Users\\WGS-LAP199\\git\\astra-movic\\Reports\\Mobile\\Register dan Login\\20181108_151840\\execution0.log"/>
         <property name="attachments" value=""/>
         <property name="hostName" value="WGS-LAP199 - DESKTOP-QUMB1S3"/>
         <property name="os" value="Windows 10 64bit"/>
         <property name="katalonVersion" value="5.8.6.1"/>
         <property name="deviceOS" value="Android"/>
         <property name="appiumVersion" value="1.8.1"/>
         <property name="deviceModel" value="Redmi 5"/>
         <property name="hostAddress" value="192.168.43.252"/>
         <property name="deviceManufacturer" value="Xiaomi"/>
         <property name="deviceId" value="54e797627cf5"/>
         <property name="deviceName" value="Xiaomi Redmi 5 (Android 7.1.2)"/>
         <property name="deviceOSVersion" value="7.1.2"/>
      </properties>
      <testcase name="Test Cases/Mobile/Android/User/SC99 Regression/TC01 Registrasi Biasa" classname="Test Cases/Mobile/Android/User/SC99 Regression/TC01 Registrasi Biasa" status="PASSED">
         <system-out><![CDATA[2018-11-08 15:18:45 - [TEST_CASE][PASSED] - Test Cases/Mobile/Android/User/SC99 Regression/TC01 Registrasi Biasa: Test Cases/Mobile/Android/User/SC99 Regression/TC01 Registrasi Biasa

2018-11-08 15:18:46 - [TEST_STEP][PASSED] - startApplication: Started app at: 'C:\Users\WGS-LAP199\Downloads\Movic apk\Movic_0.9.7_2018-10-14-stable-debug.apk'

2018-11-08 15:19:37 - [MESSAGE][PASSED] - Started app at: 'C:\Users\WGS-LAP199\Downloads\Movic apk\Movic_0.9.7_2018-10-14-stable-debug.apk'

2018-11-08 15:19:37 - [TEST_STEP][PASSED] - tap: Tapped on element 'Object Repository/Mobile/OR Registrasi/android.widget.ImageView4'

2018-11-08 15:19:37 - [MESSAGE][WARNING] - Timeout '0' is invalid. Using default page load timeout: '30'

2018-11-08 15:19:42 - [MESSAGE][PASSED] - Tapped on element 'Object Repository/Mobile/OR Registrasi/android.widget.ImageView4'

2018-11-08 15:19:42 - [TEST_STEP][PASSED] - Statement - For (def index : (1..2)): Tapped on element 'Object Repository/Mobile/OR Registrasi/android.widget.ImageView1'

2018-11-08 15:19:42 - [TEST_STEP][PASSED] - tap: Tapped on element 'Object Repository/Mobile/OR Registrasi/android.widget.ImageView1'

2018-11-08 15:19:42 - [MESSAGE][WARNING] - Timeout '0' is invalid. Using default page load timeout: '30'

2018-11-08 15:19:44 - [MESSAGE][PASSED] - Tapped on element 'Object Repository/Mobile/OR Registrasi/android.widget.ImageView1'

2018-11-08 15:19:44 - [TEST_STEP][PASSED] - tap: Tapped on element 'Object Repository/Mobile/OR Registrasi/android.widget.ImageView1'

2018-11-08 15:19:44 - [MESSAGE][WARNING] - Timeout '0' is invalid. Using default page load timeout: '30'

2018-11-08 15:19:45 - [MESSAGE][PASSED] - Tapped on element 'Object Repository/Mobile/OR Registrasi/android.widget.ImageView1'

2018-11-08 15:19:45 - [TEST_STEP][PASSED] - tap: Tapped on element 'Object Repository/Mobile/OR Registrasi/android.widget.TextView2 - Skip'

2018-11-08 15:19:45 - [MESSAGE][WARNING] - Timeout '0' is invalid. Using default page load timeout: '30'

2018-11-08 15:19:47 - [MESSAGE][PASSED] - Tapped on element 'Object Repository/Mobile/OR Registrasi/android.widget.TextView2 - Skip'

2018-11-08 15:19:47 - [TEST_STEP][PASSED] - tap: Tapped on element 'Object Repository/Mobile/OR Registrasi/android.widget.Button0 - Create New Account'

2018-11-08 15:19:47 - [MESSAGE][WARNING] - Timeout '0' is invalid. Using default page load timeout: '30'

2018-11-08 15:19:49 - [MESSAGE][PASSED] - Tapped on element 'Object Repository/Mobile/OR Registrasi/android.widget.Button0 - Create New Account'

2018-11-08 15:19:49 - [TEST_STEP][PASSED] - setText: Text 'Santi' has been set to element 'Object Repository/Mobile/OR Registrasi/android.widget.EditText0'

2018-11-08 15:19:49 - [MESSAGE][WARNING] - Timeout '0' is invalid. Using default page load timeout: '30'

2018-11-08 15:19:50 - [MESSAGE][PASSED] - Text 'Santi' has been set to element 'Object Repository/Mobile/OR Registrasi/android.widget.EditText0'

2018-11-08 15:19:50 - [TEST_STEP][PASSED] - delay: Delayed 1 second(s)

2018-11-08 15:19:51 - [MESSAGE][PASSED] - Delayed 1 second(s)

2018-11-08 15:19:51 - [TEST_STEP][PASSED] - hideKeyboard: Keyboard is hidden

2018-11-08 15:19:53 - [MESSAGE][PASSED] - Keyboard is hidden

2018-11-08 15:19:54 - [TEST_STEP][PASSED] - tap: Tapped on element 'Object Repository/Mobile/OR Registrasi/TextInputLayout1 - Last Name (Optional)'

2018-11-08 15:19:54 - [MESSAGE][WARNING] - Timeout '0' is invalid. Using default page load timeout: '30'

2018-11-08 15:19:56 - [MESSAGE][PASSED] - Tapped on element 'Object Repository/Mobile/OR Registrasi/TextInputLayout1 - Last Name (Optional)'

2018-11-08 15:19:56 - [TEST_STEP][PASSED] - setText: Text 'Riham' has been set to element 'Object Repository/Mobile/OR Registrasi/android.widget.EditText1'

2018-11-08 15:19:56 - [MESSAGE][WARNING] - Timeout '0' is invalid. Using default page load timeout: '30'

2018-11-08 15:19:57 - [MESSAGE][PASSED] - Text 'Riham' has been set to element 'Object Repository/Mobile/OR Registrasi/android.widget.EditText1'

2018-11-08 15:19:57 - [TEST_STEP][PASSED] - delay: Delayed 1 second(s)

2018-11-08 15:19:58 - [MESSAGE][PASSED] - Delayed 1 second(s)

2018-11-08 15:19:58 - [TEST_STEP][PASSED] - hideKeyboard: Keyboard is hidden

2018-11-08 15:19:59 - [MESSAGE][PASSED] - Keyboard is hidden

2018-11-08 15:19:59 - [TEST_STEP][PASSED] - tap: Tapped on element 'Object Repository/Mobile/OR Registrasi/android.widget.Button0 - Next'

2018-11-08 15:19:59 - [MESSAGE][WARNING] - Timeout '0' is invalid. Using default page load timeout: '30'

2018-11-08 15:20:02 - [MESSAGE][PASSED] - Tapped on element 'Object Repository/Mobile/OR Registrasi/android.widget.Button0 - Next'

2018-11-08 15:20:02 - [TEST_STEP][PASSED] - setText: Text 'santi.wahyuni@wgs.co.id' has been set to element 'Object Repository/Mobile/OR Registrasi/android.widget.EditText0 (1)'

2018-11-08 15:20:02 - [MESSAGE][WARNING] - Timeout '0' is invalid. Using default page load timeout: '30'

2018-11-08 15:20:03 - [MESSAGE][PASSED] - Text 'santi.wahyuni@wgs.co.id' has been set to element 'Object Repository/Mobile/OR Registrasi/android.widget.EditText0 (1)'

2018-11-08 15:20:03 - [TEST_STEP][PASSED] - delay: Delayed 1 second(s)

2018-11-08 15:20:04 - [MESSAGE][PASSED] - Delayed 1 second(s)

2018-11-08 15:20:04 - [TEST_STEP][PASSED] - hideKeyboard: Keyboard is hidden

2018-11-08 15:20:05 - [MESSAGE][PASSED] - Keyboard is hidden

2018-11-08 15:20:05 - [TEST_STEP][PASSED] - tap: Tapped on element 'Object Repository/Mobile/OR Registrasi/android.widget.Button0 - Next (1)'

2018-11-08 15:20:05 - [MESSAGE][WARNING] - Timeout '0' is invalid. Using default page load timeout: '30'

2018-11-08 15:20:08 - [MESSAGE][PASSED] - Tapped on element 'Object Repository/Mobile/OR Registrasi/android.widget.Button0 - Next (1)'

2018-11-08 15:20:08 - [TEST_STEP][PASSED] - setText: Text '082117284992' has been set to element 'Object Repository/Mobile/OR Registrasi/android.widget.EditText0 (2)'

2018-11-08 15:20:08 - [MESSAGE][WARNING] - Timeout '0' is invalid. Using default page load timeout: '30'

2018-11-08 15:20:09 - [MESSAGE][PASSED] - Text '082117284992' has been set to element 'Object Repository/Mobile/OR Registrasi/android.widget.EditText0 (2)'

2018-11-08 15:20:09 - [TEST_STEP][PASSED] - delay: Delayed 1 second(s)

2018-11-08 15:20:10 - [MESSAGE][PASSED] - Delayed 1 second(s)

2018-11-08 15:20:10 - [TEST_STEP][PASSED] - hideKeyboard: Keyboard is hidden

2018-11-08 15:20:12 - [MESSAGE][PASSED] - Keyboard is hidden

2018-11-08 15:20:12 - [TEST_STEP][PASSED] - tap: Tapped on element 'Object Repository/Mobile/OR Registrasi/android.widget.Button0 - Next (2)'

2018-11-08 15:20:12 - [MESSAGE][WARNING] - Timeout '0' is invalid. Using default page load timeout: '30'

2018-11-08 15:20:14 - [MESSAGE][PASSED] - Tapped on element 'Object Repository/Mobile/OR Registrasi/android.widget.Button0 - Next (2)'

2018-11-08 15:20:14 - [TEST_STEP][PASSED] - delay: Delayed 10 second(s)

2018-11-08 15:20:24 - [MESSAGE][PASSED] - Delayed 10 second(s)

2018-11-08 15:20:24 - [TEST_STEP][PASSED] - setText: Text 'P@ssword123' has been set to element 'Object Repository/Mobile/OR Registrasi/android.widget.EditText0 (3)'

2018-11-08 15:20:24 - [MESSAGE][WARNING] - Timeout '0' is invalid. Using default page load timeout: '30'

2018-11-08 15:20:25 - [MESSAGE][PASSED] - Text 'P@ssword123' has been set to element 'Object Repository/Mobile/OR Registrasi/android.widget.EditText0 (3)'

2018-11-08 15:20:25 - [TEST_STEP][PASSED] - delay: Delayed 1 second(s)

2018-11-08 15:20:26 - [MESSAGE][PASSED] - Delayed 1 second(s)

2018-11-08 15:20:26 - [TEST_STEP][PASSED] - hideKeyboard: Keyboard is hidden

2018-11-08 15:20:28 - [MESSAGE][PASSED] - Keyboard is hidden

2018-11-08 15:20:29 - [TEST_STEP][PASSED] - tap: Tapped on element 'Object Repository/Mobile/OR Registrasi/android.widget.Button0 - Next (3)'

2018-11-08 15:20:29 - [MESSAGE][WARNING] - Timeout '0' is invalid. Using default page load timeout: '30'

2018-11-08 15:20:31 - [MESSAGE][PASSED] - Tapped on element 'Object Repository/Mobile/OR Registrasi/android.widget.Button0 - Next (3)'

2018-11-08 15:20:31 - [TEST_STEP][PASSED] - setText: Text 'TESTCU983' has been set to element 'Object Repository/Mobile/OR Registrasi/android.widget.EditText0 (4)'

2018-11-08 15:20:31 - [MESSAGE][WARNING] - Timeout '0' is invalid. Using default page load timeout: '30'

2018-11-08 15:20:32 - [MESSAGE][PASSED] - Text 'TESTCU983' has been set to element 'Object Repository/Mobile/OR Registrasi/android.widget.EditText0 (4)'

2018-11-08 15:20:32 - [TEST_STEP][PASSED] - delay: Delayed 1 second(s)

2018-11-08 15:20:33 - [MESSAGE][PASSED] - Delayed 1 second(s)

2018-11-08 15:20:33 - [TEST_STEP][PASSED] - hideKeyboard: Keyboard is hidden

2018-11-08 15:20:34 - [MESSAGE][PASSED] - Keyboard is hidden

2018-11-08 15:20:35 - [TEST_STEP][PASSED] - tap: Tapped on element 'Object Repository/Mobile/OR Registrasi/android.widget.TextView2 - Check'

2018-11-08 15:20:35 - [MESSAGE][WARNING] - Timeout '0' is invalid. Using default page load timeout: '30'

2018-11-08 15:20:36 - [MESSAGE][PASSED] - Tapped on element 'Object Repository/Mobile/OR Registrasi/android.widget.TextView2 - Check'

2018-11-08 15:20:36 - [TEST_STEP][PASSED] - tap: Tapped on element 'Object Repository/Mobile/OR Registrasi/android.widget.Button0 - Save'

2018-11-08 15:20:36 - [MESSAGE][WARNING] - Timeout '0' is invalid. Using default page load timeout: '30'

2018-11-08 15:20:38 - [MESSAGE][PASSED] - Tapped on element 'Object Repository/Mobile/OR Registrasi/android.widget.Button0 - Save'

2018-11-08 15:20:38 - [TEST_STEP][PASSED] - delay: Delayed 5 second(s)

2018-11-08 15:20:43 - [MESSAGE][PASSED] - Delayed 5 second(s)

2018-11-08 15:20:43 - [TEST_STEP][PASSED] - closeApplication: Close app successfully

2018-11-08 15:20:44 - [MESSAGE][PASSED] - Close app successfully]]></system-out>
         <system-err><![CDATA[]]></system-err>
      </testcase>
      <system-out><![CDATA[2018-11-08 15:18:44 - [TEST_SUITE][PASSED] - Register dan Login: Test Cases/Mobile/Android/User/SC99 Regression/TC01 Registrasi Biasa]]></system-out>
      <system-err><![CDATA[]]></system-err>
   </testsuite>
</testsuites>
