<?xml version="1.0" encoding="UTF-8"?>
<testsuites name="Login dan Become Owner" time="117" tests="1" failures="1" errors="0">
   <testsuite name="Login dan Become Owner" tests="1" failures="1" errors="0" time="117" timestamp="2018-06-26 14:40:53" hostname="Sandi - DESKTOP-IO1HPO8" id="Test Suites/Front-End/Login dan Become Owner">
      <properties>
         <property name="deviceName" value=""/>
         <property name="devicePlatform" value=""/>
         <property name="logFolder" value="C:\\Users\\Sandi\\Documents\\Katalon Projects\\Projects\\Astra Movic\\Reports\\Front-End\\Login dan Become Owner\\20180626_144050"/>
         <property name="logFiles" value="C:\\Users\\Sandi\\Documents\\Katalon Projects\\Projects\\Astra Movic\\Reports\\Front-End\\Login dan Become Owner\\20180626_144050\\execution0.log"/>
         <property name="attachments" value="C:\\Users\\Sandi\\Documents\\Katalon Projects\\Projects\\Astra Movic\\Reports\\Front-End\\Login dan Become Owner\\20180626_144050\\1529998968085.png"/>
         <property name="hostName" value="Sandi - DESKTOP-IO1HPO8"/>
         <property name="os" value="Windows 10 64bit"/>
         <property name="katalonVersion" value="5.3.0.1"/>
         <property name="browser" value="Chrome 67.0.3396.87"/>
         <property name="hostAddress" value="10.10.10.233"/>
         <property name="sessionId" value="f3d2f31f3d1f14eb2a95fb87a0f9287e"/>
         <property name="seleniumVersion" value="3.7.1"/>
         <property name="proxyInformation" value="ProxyInformation{proxyOption=NO_PROXY, proxyServerType=, password=, proxyServerAddress=, proxyServerPort=0}"/>
         <property name="platform" value="Windows 10"/>
      </properties>
      <testcase name="Test Cases/Front-End/User/SC99 Regression/TC04 Login Biasa with email" classname="Test Cases/Front-End/User/SC99 Regression/TC04 Login Biasa with email" status="PASSED">
         <system-out><![CDATA[2018-06-26 14:40:54 - [TEST_CASE][PASSED] - Test Cases/Front-End/User/SC99 Regression/TC04 Login Biasa with email: Test Cases/Front-End/User/SC99 Regression/TC04 Login Biasa with email

2018-06-26 14:40:54 - [TEST_STEP][PASSED] - openBrowser: Browser is opened with url: ''

2018-06-26 14:41:00 - [MESSAGE][PASSED] - Browser is opened with url: ''

2018-06-26 14:41:00 - [TEST_STEP][PASSED] - maximizeWindow: Current window maximized

2018-06-26 14:41:02 - [MESSAGE][PASSED] - Current window maximized

2018-06-26 14:41:02 - [TEST_STEP][PASSED] - navigateToUrl: Navigate to 'http://movic.stagingapps.net/home' successfully

2018-06-26 14:41:33 - [MESSAGE][PASSED] - Navigate to 'http://movic.stagingapps.net/home' successfully

2018-06-26 14:41:33 - [TEST_STEP][PASSED] - waitForPageLoad: Wait for page load successfully

2018-06-26 14:41:35 - [MESSAGE][PASSED] - Wait for page load successfully

2018-06-26 14:41:35 - [TEST_STEP][PASSED] - click: Object: 'Object Repository/Front-End/OR Login Biasa with email/Page_Home/a_Masuk' is clicked on

2018-06-26 14:41:37 - [MESSAGE][PASSED] - Object: 'Object Repository/Front-End/OR Login Biasa with email/Page_Home/a_Masuk' is clicked on

2018-06-26 14:41:37 - [TEST_STEP][PASSED] - setText: Text 'ali.msaputra01@gmail.com' is set on object 'Object Repository/Front-End/OR Login Biasa with email/Page_Home/input_form-control ng-untouche'

2018-06-26 14:41:41 - [MESSAGE][PASSED] - Text 'ali.msaputra01@gmail.com' is set on object 'Object Repository/Front-End/OR Login Biasa with email/Page_Home/input_form-control ng-untouche'

2018-06-26 14:41:41 - [TEST_STEP][PASSED] - setText: Text 'Walden1234' is set on object 'Object Repository/Front-End/OR Login Biasa with email/Page_Home/input_form-control ng-touched'

2018-06-26 14:41:45 - [MESSAGE][PASSED] - Text 'Walden1234' is set on object 'Object Repository/Front-End/OR Login Biasa with email/Page_Home/input_form-control ng-touched'

2018-06-26 14:41:45 - [TEST_STEP][PASSED] - click: Object: 'Object Repository/Front-End/OR Login Biasa with email/Page_Home/button_MASUK' is clicked on

2018-06-26 14:41:47 - [MESSAGE][PASSED] - Object: 'Object Repository/Front-End/OR Login Biasa with email/Page_Home/button_MASUK' is clicked on

2018-06-26 14:41:47 - [TEST_STEP][PASSED] - verifyElementVisible: Object 'Object Repository/Front-End/OR Login Biasa with email/Page_Home/div_i  SuccessTerimakasih Anda' is visible

2018-06-26 14:41:49 - [MESSAGE][PASSED] - Object 'Object Repository/Front-End/OR Login Biasa with email/Page_Home/div_i  SuccessTerimakasih Anda' is visible]]></system-out>
         <system-err><![CDATA[]]></system-err>
      </testcase>
      <testcase name="Test Cases/Front-End/Owner/SC01 Validasi Photo/TC06 Upload menggunakan gallery" classname="Test Cases/Front-End/Owner/SC01 Validasi Photo/TC06 Upload menggunakan gallery" status="FAILED">
         <failure type="FAILED" message="Unable to set text 'alirental' of object 'Object Repository/Front-End/OR Upload menggunakan Gallery/step 3/input_form-control ng-untouche (1)' (Root cause: org.openqa.selenium.InvalidElementStateException: invalid element state: Element is not currently interactable and may not be manipulated
  (Session info: chrome=67.0.3396.87)
  (Driver info: chromedriver=2.35.528161 (5b82f2d2aae0ca24b877009200ced9065a772e73),platform=Windows NT 10.0.17134 x86_64) (WARNING: The server did not provide any stacktrace information)
Command duration or timeout: 0 milliseconds
Build info: version: '3.7.1', revision: '8a0099a', time: '2017-11-06T21:07:36.161Z'
System info: host: 'DESKTOP-IO1HPO8', ip: '127.0.0.1', os.name: 'Windows 10', os.arch: 'amd64', os.version: '10.0', java.version: '1.8.0_102'
Driver info: com.kms.katalon.selenium.driver.CChromeDriver
Capabilities {acceptInsecureCerts: false, acceptSslCerts: false, applicationCacheEnabled: false, browserConnectionEnabled: false, browserName: chrome, chrome: {chromedriverVersion: 2.35.528161 (5b82f2d2aae0ca..., userDataDir: C:\Users\Sandi\AppData\Loca...}, cssSelectorsEnabled: true, databaseEnabled: false, handlesAlerts: true, hasTouchScreen: false, javascriptEnabled: true, locationContextEnabled: true, mobileEmulationEnabled: false, nativeEvents: true, networkConnectionEnabled: false, pageLoadStrategy: normal, platform: XP, platformName: XP, rotatable: false, setWindowRect: true, takesHeapSnapshot: true, takesScreenshot: true, unexpectedAlertBehaviour: , unhandledPromptBehavior: , version: 67.0.3396.87, webStorageEnabled: true}
Session ID: f3d2f31f3d1f14eb2a95fb87a0f9287e)"/>
         <system-out><![CDATA[2018-06-26 14:41:49 - [TEST_CASE][FAILED] - Test Cases/Front-End/Owner/SC01 Validasi Photo/TC06 Upload menggunakan gallery: Test Cases/Front-End/Owner/SC01 Validasi Photo/TC06 Upload menggunakan gallery FAILED because (of) Unable to set text 'alirental' of object 'Object Repository/Front-End/OR Upload menggunakan Gallery/step 3/input_form-control ng-untouche (1)' (Root cause: org.openqa.selenium.InvalidElementStateException: invalid element state: Element is not currently interactable and may not be manipulated
  (Session info: chrome=67.0.3396.87)
  (Driver info: chromedriver=2.35.528161 (5b82f2d2aae0ca24b877009200ced9065a772e73),platform=Windows NT 10.0.17134 x86_64) (WARNING: The server did not provide any stacktrace information)
Command duration or timeout: 0 milliseconds
Build info: version: '3.7.1', revision: '8a0099a', time: '2017-11-06T21:07:36.161Z'
System info: host: 'DESKTOP-IO1HPO8', ip: '127.0.0.1', os.name: 'Windows 10', os.arch: 'amd64', os.version: '10.0', java.version: '1.8.0_102'
Driver info: com.kms.katalon.selenium.driver.CChromeDriver
Capabilities {acceptInsecureCerts: false, acceptSslCerts: false, applicationCacheEnabled: false, browserConnectionEnabled: false, browserName: chrome, chrome: {chromedriverVersion: 2.35.528161 (5b82f2d2aae0ca..., userDataDir: C:\Users\Sandi\AppData\Loca...}, cssSelectorsEnabled: true, databaseEnabled: false, handlesAlerts: true, hasTouchScreen: false, javascriptEnabled: true, locationContextEnabled: true, mobileEmulationEnabled: false, nativeEvents: true, networkConnectionEnabled: false, pageLoadStrategy: normal, platform: XP, platformName: XP, rotatable: false, setWindowRect: true, takesHeapSnapshot: true, takesScreenshot: true, unexpectedAlertBehaviour: , unhandledPromptBehavior: , version: 67.0.3396.87, webStorageEnabled: true}
Session ID: f3d2f31f3d1f14eb2a95fb87a0f9287e)

2018-06-26 14:41:50 - [TEST_STEP][NOT_RUN] - openBrowser: NOT_RUN: openBrowser

2018-06-26 14:41:50 - [MESSAGE][NOT_RUN] - NOT_RUN: openBrowser

2018-06-26 14:41:50 - [TEST_STEP][NOT_RUN] - maximizeWindow: NOT_RUN: maximizeWindow

2018-06-26 14:41:50 - [MESSAGE][NOT_RUN] - NOT_RUN: maximizeWindow

2018-06-26 14:41:50 - [TEST_STEP][NOT_RUN] - navigateToUrl: NOT_RUN: navigateToUrl

2018-06-26 14:41:50 - [MESSAGE][NOT_RUN] - NOT_RUN: navigateToUrl

2018-06-26 14:41:50 - [TEST_STEP][NOT_RUN] - waitForPageLoad: NOT_RUN: waitForPageLoad

2018-06-26 14:41:50 - [MESSAGE][NOT_RUN] - NOT_RUN: waitForPageLoad

2018-06-26 14:41:50 - [TEST_STEP][NOT_RUN] - click: NOT_RUN: click

2018-06-26 14:41:50 - [MESSAGE][NOT_RUN] - NOT_RUN: click

2018-06-26 14:41:50 - [TEST_STEP][NOT_RUN] - setText: NOT_RUN: setText

2018-06-26 14:41:50 - [MESSAGE][NOT_RUN] - NOT_RUN: setText

2018-06-26 14:41:50 - [TEST_STEP][NOT_RUN] - setText: NOT_RUN: setText

2018-06-26 14:41:50 - [MESSAGE][NOT_RUN] - NOT_RUN: setText

2018-06-26 14:41:50 - [TEST_STEP][NOT_RUN] - click: NOT_RUN: click

2018-06-26 14:41:50 - [MESSAGE][NOT_RUN] - NOT_RUN: click

2018-06-26 14:41:50 - [TEST_STEP][PASSED] - delay: Delayed 3 second(s)

2018-06-26 14:41:53 - [MESSAGE][PASSED] - Delayed 3 second(s)

2018-06-26 14:41:53 - [TEST_STEP][PASSED] - refresh: Refresh successfully

2018-06-26 14:42:10 - [MESSAGE][PASSED] - Refresh successfully

2018-06-26 14:42:10 - [TEST_STEP][PASSED] - click: Object: 'Object Repository/Front-End/OR Upload menggunakan Gallery/Page_Home/a_Bergabung menjadi Vehicle Ow' is clicked on

2018-06-26 14:42:12 - [MESSAGE][PASSED] - Object: 'Object Repository/Front-End/OR Upload menggunakan Gallery/Page_Home/a_Bergabung menjadi Vehicle Ow' is clicked on

2018-06-26 14:42:12 - [TEST_STEP][PASSED] - click: Object: 'Object Repository/Front-End/OR Upload menggunakan Gallery/Page_Become Owner/a_Bergabung Menjadi Pemilik Mo' is clicked on

2018-06-26 14:42:14 - [MESSAGE][PASSED] - Object: 'Object Repository/Front-End/OR Upload menggunakan Gallery/Page_Become Owner/a_Bergabung Menjadi Pemilik Mo' is clicked on

2018-06-26 14:42:14 - [TEST_STEP][PASSED] - delay: Delayed 3 second(s)

2018-06-26 14:42:17 - [MESSAGE][PASSED] - Delayed 3 second(s)

2018-06-26 14:42:17 - [TEST_STEP][PASSED] - scrollToPosition: Browser is scrolled to position x = 0, y = 400

2018-06-26 14:42:18 - [MESSAGE][PASSED] - Browser is scrolled to position x = 0, y = 400

2018-06-26 14:42:18 - [TEST_STEP][PASSED] - WebUICustomKeyword.uploadFile: WebUICustomKeyword.uploadFile is PASSED

2018-06-26 14:42:20 - [MESSAGE][PASSED] - Object: 'Object Repository/Front-End/OR Upload menggunakan Gallery/Page_Become Owner Register/span_Upload Gambar' is clicked on

2018-06-26 14:42:21 - [MESSAGE][PASSED] - WebUICustomKeyword.uploadFile is PASSED

2018-06-26 14:42:21 - [TEST_STEP][PASSED] - delay: Delayed 3 second(s)

2018-06-26 14:42:24 - [MESSAGE][PASSED] - Delayed 3 second(s)

2018-06-26 14:42:24 - [TEST_STEP][PASSED] - scrollToPosition: Browser is scrolled to position x = 0, y = 1100

2018-06-26 14:42:25 - [MESSAGE][PASSED] - Browser is scrolled to position x = 0, y = 1100

2018-06-26 14:42:25 - [TEST_STEP][PASSED] - WebUICustomKeyword.uploadFile: WebUICustomKeyword.uploadFile is PASSED

2018-06-26 14:42:27 - [MESSAGE][PASSED] - Object: 'Object Repository/Front-End/OR Upload menggunakan Gallery/Page_Become Owner Register/span_Upload Gambar (1)' is clicked on

2018-06-26 14:42:27 - [MESSAGE][PASSED] - WebUICustomKeyword.uploadFile is PASSED

2018-06-26 14:42:27 - [TEST_STEP][PASSED] - delay: Delayed 3 second(s)

2018-06-26 14:42:30 - [MESSAGE][PASSED] - Delayed 3 second(s)

2018-06-26 14:42:30 - [TEST_STEP][PASSED] - scrollToPosition: Browser is scrolled to position x = 0, y = 1600

2018-06-26 14:42:31 - [MESSAGE][PASSED] - Browser is scrolled to position x = 0, y = 1600

2018-06-26 14:42:31 - [TEST_STEP][PASSED] - WebUICustomKeyword.uploadFile: WebUICustomKeyword.uploadFile is PASSED

2018-06-26 14:42:33 - [MESSAGE][PASSED] - Object: 'Object Repository/Front-End/OR Upload menggunakan Gallery/Page_Become Owner Register/span_Upload Gambar (2)' is clicked on

2018-06-26 14:42:33 - [MESSAGE][PASSED] - WebUICustomKeyword.uploadFile is PASSED

2018-06-26 14:42:33 - [TEST_STEP][PASSED] - delay: Delayed 3 second(s)

2018-06-26 14:42:36 - [MESSAGE][PASSED] - Delayed 3 second(s)

2018-06-26 14:42:36 - [TEST_STEP][NOT_RUN] - delay: NOT_RUN: delay

2018-06-26 14:42:36 - [MESSAGE][NOT_RUN] - NOT_RUN: delay

2018-06-26 14:42:36 - [TEST_STEP][PASSED] - click: Object: 'Object Repository/Front-End/OR Upload menggunakan Gallery/step 3/button_LANJUTKAN' is clicked on

2018-06-26 14:42:38 - [MESSAGE][PASSED] - Object: 'Object Repository/Front-End/OR Upload menggunakan Gallery/step 3/button_LANJUTKAN' is clicked on

2018-06-26 14:42:38 - [TEST_STEP][PASSED] - delay: Delayed 5 second(s)

2018-06-26 14:42:43 - [MESSAGE][PASSED] - Delayed 5 second(s)

2018-06-26 14:42:43 - [TEST_STEP][PASSED] - scrollToElement: Scroll to object 'Object Repository/Front-End/OR Upload menggunakan Gallery/Page_Become Owner/div_Ukuran File Terlalu Besar.' successfully

2018-06-26 14:42:45 - [MESSAGE][PASSED] - Scroll to object 'Object Repository/Front-End/OR Upload menggunakan Gallery/Page_Become Owner/div_Ukuran File Terlalu Besar.' successfully

2018-06-26 14:42:45 - [TEST_STEP][NOT_RUN] - click: NOT_RUN: click

2018-06-26 14:42:45 - [MESSAGE][NOT_RUN] - NOT_RUN: click

2018-06-26 14:42:45 - [TEST_STEP][FAILED] - setText: Unable to set text 'alirental' of object 'Object Repository/Front-End/OR Upload menggunakan Gallery/step 3/input_form-control ng-untouche (1)' (Root cause: org.openqa.selenium.InvalidElementStateException: invalid element state: Element is not currently interactable and may not be manipulated
  (Session info: chrome=67.0.3396.87)
  (Driver info: chromedriver=2.35.528161 (5b82f2d2aae0ca24b877009200ced9065a772e73),platform=Windows NT 10.0.17134 x86_64) (WARNING: The server did not provide any stacktrace information)
Command duration or timeout: 0 milliseconds
Build info: version: '3.7.1', revision: '8a0099a', time: '2017-11-06T21:07:36.161Z'
System info: host: 'DESKTOP-IO1HPO8', ip: '127.0.0.1', os.name: 'Windows 10', os.arch: 'amd64', os.version: '10.0', java.version: '1.8.0_102'
Driver info: com.kms.katalon.selenium.driver.CChromeDriver
Capabilities {acceptInsecureCerts: false, acceptSslCerts: false, applicationCacheEnabled: false, browserConnectionEnabled: false, browserName: chrome, chrome: {chromedriverVersion: 2.35.528161 (5b82f2d2aae0ca..., userDataDir: C:\Users\Sandi\AppData\Loca...}, cssSelectorsEnabled: true, databaseEnabled: false, handlesAlerts: true, hasTouchScreen: false, javascriptEnabled: true, locationContextEnabled: true, mobileEmulationEnabled: false, nativeEvents: true, networkConnectionEnabled: false, pageLoadStrategy: normal, platform: XP, platformName: XP, rotatable: false, setWindowRect: true, takesHeapSnapshot: true, takesScreenshot: true, unexpectedAlertBehaviour: , unhandledPromptBehavior: , version: 67.0.3396.87, webStorageEnabled: true}
Session ID: f3d2f31f3d1f14eb2a95fb87a0f9287e)

2018-06-26 14:42:49 - [MESSAGE][FAILED] - Unable to set text 'alirental' of object 'Object Repository/Front-End/OR Upload menggunakan Gallery/step 3/input_form-control ng-untouche (1)' (Root cause: org.openqa.selenium.InvalidElementStateException: invalid element state: Element is not currently interactable and may not be manipulated
  (Session info: chrome=67.0.3396.87)
  (Driver info: chromedriver=2.35.528161 (5b82f2d2aae0ca24b877009200ced9065a772e73),platform=Windows NT 10.0.17134 x86_64) (WARNING: The server did not provide any stacktrace information)
Command duration or timeout: 0 milliseconds
Build info: version: '3.7.1', revision: '8a0099a', time: '2017-11-06T21:07:36.161Z'
System info: host: 'DESKTOP-IO1HPO8', ip: '127.0.0.1', os.name: 'Windows 10', os.arch: 'amd64', os.version: '10.0', java.version: '1.8.0_102'
Driver info: com.kms.katalon.selenium.driver.CChromeDriver
Capabilities {acceptInsecureCerts: false, acceptSslCerts: false, applicationCacheEnabled: false, browserConnectionEnabled: false, browserName: chrome, chrome: {chromedriverVersion: 2.35.528161 (5b82f2d2aae0ca..., userDataDir: C:\Users\Sandi\AppData\Loca...}, cssSelectorsEnabled: true, databaseEnabled: false, handlesAlerts: true, hasTouchScreen: false, javascriptEnabled: true, locationContextEnabled: true, mobileEmulationEnabled: false, nativeEvents: true, networkConnectionEnabled: false, pageLoadStrategy: normal, platform: XP, platformName: XP, rotatable: false, setWindowRect: true, takesHeapSnapshot: true, takesScreenshot: true, unexpectedAlertBehaviour: , unhandledPromptBehavior: , version: 67.0.3396.87, webStorageEnabled: true}
Session ID: f3d2f31f3d1f14eb2a95fb87a0f9287e)
[[ATTACHMENT|C:\\Users\\Sandi\\Documents\\Katalon Projects\\Projects\\Astra Movic\\Reports\\Front-End\\Login dan Become Owner\\20180626_144050\\1529998968085.png]]]]></system-out>
         <system-err><![CDATA[2018-06-26 14:41:49 - [TEST_CASE][FAILED] - Test Cases/Front-End/Owner/SC01 Validasi Photo/TC06 Upload menggunakan gallery: Test Cases/Front-End/Owner/SC01 Validasi Photo/TC06 Upload menggunakan gallery FAILED because (of) Unable to set text 'alirental' of object 'Object Repository/Front-End/OR Upload menggunakan Gallery/step 3/input_form-control ng-untouche (1)' (Root cause: org.openqa.selenium.InvalidElementStateException: invalid element state: Element is not currently interactable and may not be manipulated
  (Session info: chrome=67.0.3396.87)
  (Driver info: chromedriver=2.35.528161 (5b82f2d2aae0ca24b877009200ced9065a772e73),platform=Windows NT 10.0.17134 x86_64) (WARNING: The server did not provide any stacktrace information)
Command duration or timeout: 0 milliseconds
Build info: version: '3.7.1', revision: '8a0099a', time: '2017-11-06T21:07:36.161Z'
System info: host: 'DESKTOP-IO1HPO8', ip: '127.0.0.1', os.name: 'Windows 10', os.arch: 'amd64', os.version: '10.0', java.version: '1.8.0_102'
Driver info: com.kms.katalon.selenium.driver.CChromeDriver
Capabilities {acceptInsecureCerts: false, acceptSslCerts: false, applicationCacheEnabled: false, browserConnectionEnabled: false, browserName: chrome, chrome: {chromedriverVersion: 2.35.528161 (5b82f2d2aae0ca..., userDataDir: C:\Users\Sandi\AppData\Loca...}, cssSelectorsEnabled: true, databaseEnabled: false, handlesAlerts: true, hasTouchScreen: false, javascriptEnabled: true, locationContextEnabled: true, mobileEmulationEnabled: false, nativeEvents: true, networkConnectionEnabled: false, pageLoadStrategy: normal, platform: XP, platformName: XP, rotatable: false, setWindowRect: true, takesHeapSnapshot: true, takesScreenshot: true, unexpectedAlertBehaviour: , unhandledPromptBehavior: , version: 67.0.3396.87, webStorageEnabled: true}
Session ID: f3d2f31f3d1f14eb2a95fb87a0f9287e)]]></system-err>
      </testcase>
      <system-out><![CDATA[2018-06-26 14:40:53 - [TEST_SUITE][FAILED] - Login dan Become Owner: Test Cases/Front-End/Owner/SC01 Validasi Photo/TC06 Upload menggunakan gallery FAILED because (of) Unable to set text 'alirental' of object 'Object Repository/Front-End/OR Upload menggunakan Gallery/step 3/input_form-control ng-untouche (1)' (Root cause: org.openqa.selenium.InvalidElementStateException: invalid element state: Element is not currently interactable and may not be manipulated
  (Session info: chrome=67.0.3396.87)
  (Driver info: chromedriver=2.35.528161 (5b82f2d2aae0ca24b877009200ced9065a772e73),platform=Windows NT 10.0.17134 x86_64) (WARNING: The server did not provide any stacktrace information)
Command duration or timeout: 0 milliseconds
Build info: version: '3.7.1', revision: '8a0099a', time: '2017-11-06T21:07:36.161Z'
System info: host: 'DESKTOP-IO1HPO8', ip: '127.0.0.1', os.name: 'Windows 10', os.arch: 'amd64', os.version: '10.0', java.version: '1.8.0_102'
Driver info: com.kms.katalon.selenium.driver.CChromeDriver
Capabilities {acceptInsecureCerts: false, acceptSslCerts: false, applicationCacheEnabled: false, browserConnectionEnabled: false, browserName: chrome, chrome: {chromedriverVersion: 2.35.528161 (5b82f2d2aae0ca..., userDataDir: C:\Users\Sandi\AppData\Loca...}, cssSelectorsEnabled: true, databaseEnabled: false, handlesAlerts: true, hasTouchScreen: false, javascriptEnabled: true, locationContextEnabled: true, mobileEmulationEnabled: false, nativeEvents: true, networkConnectionEnabled: false, pageLoadStrategy: normal, platform: XP, platformName: XP, rotatable: false, setWindowRect: true, takesHeapSnapshot: true, takesScreenshot: true, unexpectedAlertBehaviour: , unhandledPromptBehavior: , version: 67.0.3396.87, webStorageEnabled: true}
Session ID: f3d2f31f3d1f14eb2a95fb87a0f9287e)]]></system-out>
      <system-err><![CDATA[2018-06-26 14:40:53 - [TEST_SUITE][FAILED] - Login dan Become Owner: Test Cases/Front-End/Owner/SC01 Validasi Photo/TC06 Upload menggunakan gallery FAILED because (of) Unable to set text 'alirental' of object 'Object Repository/Front-End/OR Upload menggunakan Gallery/step 3/input_form-control ng-untouche (1)' (Root cause: org.openqa.selenium.InvalidElementStateException: invalid element state: Element is not currently interactable and may not be manipulated
  (Session info: chrome=67.0.3396.87)
  (Driver info: chromedriver=2.35.528161 (5b82f2d2aae0ca24b877009200ced9065a772e73),platform=Windows NT 10.0.17134 x86_64) (WARNING: The server did not provide any stacktrace information)
Command duration or timeout: 0 milliseconds
Build info: version: '3.7.1', revision: '8a0099a', time: '2017-11-06T21:07:36.161Z'
System info: host: 'DESKTOP-IO1HPO8', ip: '127.0.0.1', os.name: 'Windows 10', os.arch: 'amd64', os.version: '10.0', java.version: '1.8.0_102'
Driver info: com.kms.katalon.selenium.driver.CChromeDriver
Capabilities {acceptInsecureCerts: false, acceptSslCerts: false, applicationCacheEnabled: false, browserConnectionEnabled: false, browserName: chrome, chrome: {chromedriverVersion: 2.35.528161 (5b82f2d2aae0ca..., userDataDir: C:\Users\Sandi\AppData\Loca...}, cssSelectorsEnabled: true, databaseEnabled: false, handlesAlerts: true, hasTouchScreen: false, javascriptEnabled: true, locationContextEnabled: true, mobileEmulationEnabled: false, nativeEvents: true, networkConnectionEnabled: false, pageLoadStrategy: normal, platform: XP, platformName: XP, rotatable: false, setWindowRect: true, takesHeapSnapshot: true, takesScreenshot: true, unexpectedAlertBehaviour: , unhandledPromptBehavior: , version: 67.0.3396.87, webStorageEnabled: true}
Session ID: f3d2f31f3d1f14eb2a95fb87a0f9287e)]]></system-err>
   </testsuite>
</testsuites>
