<?xml version="1.0" encoding="UTF-8"?>
<testsuites name="Become Owner" time="145" tests="2" failures="0" errors="0">
   <testsuite name="Become Owner" tests="2" failures="0" errors="0" time="145" timestamp="2018-06-08 10:19:15" hostname="ALIMSAPUTRA - DESKTOP-5G7MA8C" id="Test Suites/Mobile/Become Owner">
      <properties>
         <property name="deviceName" value="samsung SM-J320G (Android 5.1.1)"/>
         <property name="devicePlatform" value=""/>
         <property name="logFolder" value="C:\\Users\\ALIMSAPUTRA\\Katalon Studio\\Astra Movic\\Reports\\Mobile\\Become Owner\\20180608_101912"/>
         <property name="logFiles" value="C:\\Users\\ALIMSAPUTRA\\Katalon Studio\\Astra Movic\\Reports\\Mobile\\Become Owner\\20180608_101912\\appium.log, C:\\Users\\ALIMSAPUTRA\\Katalon Studio\\Astra Movic\\Reports\\Mobile\\Become Owner\\20180608_101912\\execution0.log"/>
         <property name="attachments" value=""/>
         <property name="hostName" value="ALIMSAPUTRA - DESKTOP-5G7MA8C"/>
         <property name="os" value="Windows 10 64bit"/>
         <property name="katalonVersion" value="5.3.0.1"/>
         <property name="deviceOS" value="Android"/>
         <property name="appiumVersion" value="1.8.1"/>
         <property name="deviceModel" value="SM-J320G"/>
         <property name="hostAddress" value="10.10.10.136"/>
         <property name="deviceManufacturer" value="samsung"/>
         <property name="deviceId" value="4200d20faae66400"/>
         <property name="deviceName" value="samsung SM-J320G (Android 5.1.1)"/>
         <property name="deviceOSVersion" value="5.1.1"/>
      </properties>
      <testcase name="Test Cases/Mobile/Android/User/SC99 Regression/TC04 Login biasa with email" classname="Test Cases/Mobile/Android/User/SC99 Regression/TC04 Login biasa with email" status="PASSED">
         <system-out><![CDATA[2018-06-08 10:19:16 - [TEST_CASE][PASSED] - Test Cases/Mobile/Android/User/SC99 Regression/TC04 Login biasa with email: Test Cases/Mobile/Android/User/SC99 Regression/TC04 Login biasa with email

2018-06-08 10:19:17 - [TEST_STEP][PASSED] - startApplication: Started app at: 'C:\Users\ALIMSAPUTRA\Downloads\Movic_0.3.2_2018-05-30-debug.apk'

2018-06-08 10:20:35 - [MESSAGE][PASSED] - Started app at: 'C:\Users\ALIMSAPUTRA\Downloads\Movic_0.3.2_2018-05-30-debug.apk'

2018-06-08 10:20:35 - [TEST_STEP][PASSED] - tap: Tapped on element 'Object Repository/Mobile/OR Login biasa with email/android.widget.TextView3 - Indonesia'

2018-06-08 10:20:36 - [MESSAGE][WARNING] - Timeout '0' is invalid. Using default page load timeout: '30'

2018-06-08 10:20:39 - [MESSAGE][PASSED] - Tapped on element 'Object Repository/Mobile/OR Login biasa with email/android.widget.TextView3 - Indonesia'

2018-06-08 10:20:39 - [TEST_STEP][PASSED] - tap: Tapped on element 'Object Repository/Mobile/OR Login biasa with email/android.widget.ImageView4'

2018-06-08 10:20:39 - [MESSAGE][WARNING] - Timeout '0' is invalid. Using default page load timeout: '30'

2018-06-08 10:20:40 - [MESSAGE][PASSED] - Tapped on element 'Object Repository/Mobile/OR Login biasa with email/android.widget.ImageView4'

2018-06-08 10:20:40 - [TEST_STEP][PASSED] - tap: Tapped on element 'Object Repository/Mobile/OR Login biasa with email/android.widget.TextView2 - Lewati'

2018-06-08 10:20:40 - [MESSAGE][WARNING] - Timeout '0' is invalid. Using default page load timeout: '30'

2018-06-08 10:20:42 - [MESSAGE][PASSED] - Tapped on element 'Object Repository/Mobile/OR Login biasa with email/android.widget.TextView2 - Lewati'

2018-06-08 10:20:42 - [TEST_STEP][PASSED] - tap: Tapped on element 'Object Repository/Mobile/OR Login biasa with email/android.widget.TextView0 - Log in'

2018-06-08 10:20:42 - [MESSAGE][WARNING] - Timeout '0' is invalid. Using default page load timeout: '30'

2018-06-08 10:20:44 - [MESSAGE][PASSED] - Tapped on element 'Object Repository/Mobile/OR Login biasa with email/android.widget.TextView0 - Log in'

2018-06-08 10:20:44 - [TEST_STEP][PASSED] - setText: Text 'ali.saputra@wgs.co.id' has been set to element 'Object Repository/Mobile/OR Login biasa with email/android.widget.EditText0'

2018-06-08 10:20:44 - [MESSAGE][WARNING] - Timeout '0' is invalid. Using default page load timeout: '30'

2018-06-08 10:20:57 - [MESSAGE][PASSED] - Text 'ali.saputra@wgs.co.id' has been set to element 'Object Repository/Mobile/OR Login biasa with email/android.widget.EditText0'

2018-06-08 10:20:57 - [TEST_STEP][PASSED] - tap: Tapped on element 'Object Repository/Mobile/OR Login biasa with email/android.widget.Button0 - Next'

2018-06-08 10:20:57 - [MESSAGE][WARNING] - Timeout '0' is invalid. Using default page load timeout: '30'

2018-06-08 10:20:58 - [MESSAGE][PASSED] - Tapped on element 'Object Repository/Mobile/OR Login biasa with email/android.widget.Button0 - Next'

2018-06-08 10:20:58 - [TEST_STEP][PASSED] - tap: Tapped on element 'Object Repository/Mobile/OR Login biasa with email/android.widget.EditText0 (1)'

2018-06-08 10:20:58 - [MESSAGE][WARNING] - Timeout '0' is invalid. Using default page load timeout: '30'

2018-06-08 10:21:04 - [MESSAGE][PASSED] - Tapped on element 'Object Repository/Mobile/OR Login biasa with email/android.widget.EditText0 (1)'

2018-06-08 10:21:04 - [TEST_STEP][PASSED] - setText: Text 'Walden1234' has been set to element 'Object Repository/Mobile/OR Login biasa with email/android.widget.EditText0 (1)'

2018-06-08 10:21:04 - [MESSAGE][WARNING] - Timeout '0' is invalid. Using default page load timeout: '30'

2018-06-08 10:21:18 - [MESSAGE][PASSED] - Text 'Walden1234' has been set to element 'Object Repository/Mobile/OR Login biasa with email/android.widget.EditText0 (1)'

2018-06-08 10:21:18 - [TEST_STEP][PASSED] - tap: Tapped on element 'Object Repository/Mobile/OR Login biasa with email/android.widget.Button0 - Mulai Movic'

2018-06-08 10:21:18 - [MESSAGE][WARNING] - Timeout '0' is invalid. Using default page load timeout: '30'

2018-06-08 10:21:19 - [MESSAGE][PASSED] - Tapped on element 'Object Repository/Mobile/OR Login biasa with email/android.widget.Button0 - Mulai Movic'

2018-06-08 10:21:19 - [TEST_STEP][NOT_RUN] - closeApplication: NOT_RUN: closeApplication

2018-06-08 10:21:19 - [MESSAGE][NOT_RUN] - NOT_RUN: closeApplication]]></system-out>
         <system-err><![CDATA[]]></system-err>
      </testcase>
      <testcase name="Test Cases/Mobile/Android/Owner/SC99 Regression/TC01 Become Owner" classname="Test Cases/Mobile/Android/Owner/SC99 Regression/TC01 Become Owner" status="PASSED">
         <system-out><![CDATA[2018-06-08 10:21:19 - [TEST_CASE][PASSED] - Test Cases/Mobile/Android/Owner/SC99 Regression/TC01 Become Owner: Test Cases/Mobile/Android/Owner/SC99 Regression/TC01 Become Owner

2018-06-08 10:21:20 - [TEST_STEP][NOT_RUN] - startApplication: NOT_RUN: startApplication

2018-06-08 10:21:20 - [MESSAGE][NOT_RUN] - NOT_RUN: startApplication

2018-06-08 10:21:20 - [TEST_STEP][PASSED] - tap: Tapped on element 'Object Repository/Mobile/OR Become Owner/android.widget.ImageView0'

2018-06-08 10:21:20 - [MESSAGE][WARNING] - Timeout '0' is invalid. Using default page load timeout: '30'

2018-06-08 10:21:22 - [MESSAGE][PASSED] - Tapped on element 'Object Repository/Mobile/OR Become Owner/android.widget.ImageView0'

2018-06-08 10:21:22 - [TEST_STEP][PASSED] - delay: Delayed 3 second(s)

2018-06-08 10:21:26 - [MESSAGE][PASSED] - Delayed 3 second(s)

2018-06-08 10:21:26 - [TEST_STEP][PASSED] - tap: Tapped on element 'Object Repository/Mobile/OR Become Owner/android.widget.TextView3 - Popular Destination'

2018-06-08 10:21:26 - [MESSAGE][WARNING] - Timeout '0' is invalid. Using default page load timeout: '30'

2018-06-08 10:21:26 - [MESSAGE][PASSED] - Tapped on element 'Object Repository/Mobile/OR Become Owner/android.widget.TextView3 - Popular Destination'

2018-06-08 10:21:26 - [TEST_STEP][PASSED] - tap: Tapped on element 'Object Repository/Mobile/OR Become Owner/android.widget.Button0 - Get Started'

2018-06-08 10:21:26 - [MESSAGE][WARNING] - Timeout '0' is invalid. Using default page load timeout: '30'

2018-06-08 10:21:28 - [MESSAGE][PASSED] - Tapped on element 'Object Repository/Mobile/OR Become Owner/android.widget.Button0 - Get Started'

2018-06-08 10:21:28 - [TEST_STEP][PASSED] - tap: Tapped on element 'Object Repository/Mobile/OR Become Owner/android.widget.Button0 - Ok'

2018-06-08 10:21:28 - [MESSAGE][WARNING] - Timeout '0' is invalid. Using default page load timeout: '30'

2018-06-08 10:21:30 - [MESSAGE][PASSED] - Tapped on element 'Object Repository/Mobile/OR Become Owner/android.widget.Button0 - Ok'

2018-06-08 10:21:30 - [TEST_STEP][PASSED] - delay: Delayed 5 second(s)

2018-06-08 10:21:35 - [MESSAGE][PASSED] - Delayed 5 second(s)

2018-06-08 10:21:35 - [TEST_STEP][NOT_RUN] - closeApplication: NOT_RUN: closeApplication

2018-06-08 10:21:35 - [MESSAGE][NOT_RUN] - NOT_RUN: closeApplication]]></system-out>
         <system-err><![CDATA[]]></system-err>
      </testcase>
      <system-out><![CDATA[2018-06-08 10:19:15 - [TEST_SUITE][PASSED] - Become Owner: Test Cases/Mobile/Android/Owner/SC99 Regression/TC01 Become Owner]]></system-out>
      <system-err><![CDATA[]]></system-err>
   </testsuite>
</testsuites>
