<?xml version="1.0" encoding="UTF-8"?>
<testsuites name="Reservation From Search Bar Rental City or Region" time="214" tests="7" failures="0" errors="0">
   <testsuite name="Reservation From Search Bar Rental City or Region" tests="7" failures="0" errors="0" time="214" timestamp="2018-11-12 14:19:39" hostname="WGS-LAP199 - DESKTOP-QUMB1S3" id="Test Suites/Mobile/Reservation From Search Bar Rental City or Region">
      <properties>
         <property name="deviceName" value="Xiaomi Redmi 5 (Android 7.1.2)"/>
         <property name="devicePlatform" value=""/>
         <property name="logFolder" value="C:\\Users\\WGS-LAP199\\git\\astra-movic\\Reports\\Mobile\\Reservation From Search Bar Rental City or Region\\20181112_141935"/>
         <property name="logFiles" value="C:\\Users\\WGS-LAP199\\git\\astra-movic\\Reports\\Mobile\\Reservation From Search Bar Rental City or Region\\20181112_141935\\appium.log, C:\\Users\\WGS-LAP199\\git\\astra-movic\\Reports\\Mobile\\Reservation From Search Bar Rental City or Region\\20181112_141935\\execution0.log"/>
         <property name="attachments" value=""/>
         <property name="hostName" value="WGS-LAP199 - DESKTOP-QUMB1S3"/>
         <property name="os" value="Windows 10 64bit"/>
         <property name="katalonVersion" value="5.8.6.1"/>
         <property name="deviceOS" value="Android"/>
         <property name="appiumVersion" value="1.8.1"/>
         <property name="deviceModel" value="Redmi 5"/>
         <property name="hostAddress" value="10.10.10.109"/>
         <property name="deviceManufacturer" value="Xiaomi"/>
         <property name="deviceId" value="54e797627cf5"/>
         <property name="deviceName" value="Xiaomi Redmi 5 (Android 7.1.2)"/>
         <property name="deviceOSVersion" value="7.1.2"/>
      </properties>
      <testcase name="Test Cases/Mobile/Android/User/SC99 Regression/TC04 Login with email" classname="Test Cases/Mobile/Android/User/SC99 Regression/TC04 Login with email" status="PASSED">
         <system-out><![CDATA[2018-11-12 14:19:40 - [TEST_CASE][PASSED] - Test Cases/Mobile/Android/User/SC99 Regression/TC04 Login with email: Test Cases/Mobile/Android/User/SC99 Regression/TC04 Login with email

2018-11-12 14:19:42 - [TEST_STEP][PASSED] - startApplication: Started app at: 'C:\Users\WGS-LAP199\Downloads\Movic apk\Movic_0.9.7_2018-10-14-stable-debug.apk'

2018-11-12 14:20:29 - [MESSAGE][PASSED] - Started app at: 'C:\Users\WGS-LAP199\Downloads\Movic apk\Movic_0.9.7_2018-10-14-stable-debug.apk'

2018-11-12 14:20:29 - [TEST_STEP][PASSED] - tap: Tapped on element 'Object Repository/Mobile/OR Registrasi/android.widget.ImageView4'

2018-11-12 14:20:30 - [MESSAGE][WARNING] - Timeout '0' is invalid. Using default page load timeout: '30'

2018-11-12 14:20:34 - [MESSAGE][PASSED] - Tapped on element 'Object Repository/Mobile/OR Registrasi/android.widget.ImageView4'

2018-11-12 14:20:34 - [TEST_STEP][PASSED] - Statement - For (def index : (1..2)): Tapped on element 'Object Repository/Mobile/OR Registrasi/android.widget.ImageView1'

2018-11-12 14:20:34 - [TEST_STEP][PASSED] - tap: Tapped on element 'Object Repository/Mobile/OR Registrasi/android.widget.ImageView1'

2018-11-12 14:20:34 - [MESSAGE][WARNING] - Timeout '0' is invalid. Using default page load timeout: '30'

2018-11-12 14:20:35 - [MESSAGE][PASSED] - Tapped on element 'Object Repository/Mobile/OR Registrasi/android.widget.ImageView1'

2018-11-12 14:20:35 - [TEST_STEP][PASSED] - tap: Tapped on element 'Object Repository/Mobile/OR Registrasi/android.widget.ImageView1'

2018-11-12 14:20:35 - [MESSAGE][WARNING] - Timeout '0' is invalid. Using default page load timeout: '30'

2018-11-12 14:20:37 - [MESSAGE][PASSED] - Tapped on element 'Object Repository/Mobile/OR Registrasi/android.widget.ImageView1'

2018-11-12 14:20:37 - [TEST_STEP][PASSED] - tap: Tapped on element 'Object Repository/Mobile/OR Registrasi/android.widget.TextView2 - Skip'

2018-11-12 14:20:37 - [MESSAGE][WARNING] - Timeout '0' is invalid. Using default page load timeout: '30'

2018-11-12 14:20:39 - [MESSAGE][PASSED] - Tapped on element 'Object Repository/Mobile/OR Registrasi/android.widget.TextView2 - Skip'

2018-11-12 14:20:39 - [TEST_STEP][PASSED] - tap: Tapped on element 'Object Repository/Mobile/OR Login/android.widget.TextView0 - Log in'

2018-11-12 14:20:39 - [MESSAGE][WARNING] - Timeout '0' is invalid. Using default page load timeout: '30'

2018-11-12 14:20:41 - [MESSAGE][PASSED] - Tapped on element 'Object Repository/Mobile/OR Login/android.widget.TextView0 - Log in'

2018-11-12 14:20:41 - [TEST_STEP][PASSED] - setText: Text 'santi.wahyuni@wgs.co.id' has been set to element 'Object Repository/Mobile/OR Login/android.widget.EditText0'

2018-11-12 14:20:41 - [MESSAGE][WARNING] - Timeout '0' is invalid. Using default page load timeout: '30'

2018-11-12 14:20:42 - [MESSAGE][PASSED] - Text 'santi.wahyuni@wgs.co.id' has been set to element 'Object Repository/Mobile/OR Login/android.widget.EditText0'

2018-11-12 14:20:42 - [TEST_STEP][PASSED] - tap: Tapped on element 'Object Repository/Mobile/OR Login/android.widget.Button0 - Next'

2018-11-12 14:20:42 - [MESSAGE][WARNING] - Timeout '0' is invalid. Using default page load timeout: '30'

2018-11-12 14:20:44 - [MESSAGE][PASSED] - Tapped on element 'Object Repository/Mobile/OR Login/android.widget.Button0 - Next'

2018-11-12 14:20:44 - [TEST_STEP][PASSED] - setText: Text 'P@ssword789' has been set to element 'Object Repository/Mobile/OR Login/android.widget.EditText0 (1)'

2018-11-12 14:20:45 - [MESSAGE][WARNING] - Timeout '0' is invalid. Using default page load timeout: '30'

2018-11-12 14:20:46 - [MESSAGE][PASSED] - Text 'P@ssword789' has been set to element 'Object Repository/Mobile/OR Login/android.widget.EditText0 (1)'

2018-11-12 14:20:46 - [TEST_STEP][PASSED] - delay: Delayed 1 second(s)

2018-11-12 14:20:47 - [MESSAGE][PASSED] - Delayed 1 second(s)

2018-11-12 14:20:47 - [TEST_STEP][PASSED] - hideKeyboard: Keyboard is hidden

2018-11-12 14:20:49 - [MESSAGE][PASSED] - Keyboard is hidden

2018-11-12 14:20:49 - [TEST_STEP][PASSED] - tap: Tapped on element 'Object Repository/Mobile/OR Login/android.widget.Button0 - Start Movic'

2018-11-12 14:20:49 - [MESSAGE][WARNING] - Timeout '0' is invalid. Using default page load timeout: '30'

2018-11-12 14:20:50 - [MESSAGE][PASSED] - Tapped on element 'Object Repository/Mobile/OR Login/android.widget.Button0 - Start Movic'

2018-11-12 14:20:50 - [TEST_STEP][PASSED] - delay: Delayed 5 second(s)

2018-11-12 14:20:55 - [MESSAGE][PASSED] - Delayed 5 second(s)]]></system-out>
         <system-err><![CDATA[]]></system-err>
      </testcase>
      <testcase name="Test Cases/Mobile/Android/Homepage/SC99 Regression/TC01 Search car use search bar rental city atau region" classname="Test Cases/Mobile/Android/Homepage/SC99 Regression/TC01 Search car use search bar rental city atau region" status="PASSED">
         <system-out><![CDATA[2018-11-12 14:20:55 - [TEST_CASE][PASSED] - Test Cases/Mobile/Android/Homepage/SC99 Regression/TC01 Search car use search bar rental city atau region: Test Cases/Mobile/Android/Homepage/SC99 Regression/TC01 Search car use search bar rental city atau region

2018-11-12 14:20:56 - [TEST_STEP][NOT_RUN] - callTestCase: NOT_RUN: callTestCase

2018-11-12 14:20:56 - [MESSAGE][NOT_RUN] - NOT_RUN: callTestCase

2018-11-12 14:20:56 - [TEST_STEP][PASSED] - tap: Tapped on element 'Object Repository/Mobile/OR Booking/android.widget.TextView0 - Car Rental CityRegion'

2018-11-12 14:20:56 - [MESSAGE][WARNING] - Timeout '0' is invalid. Using default page load timeout: '30'

2018-11-12 14:20:58 - [MESSAGE][PASSED] - Tapped on element 'Object Repository/Mobile/OR Booking/android.widget.TextView0 - Car Rental CityRegion'

2018-11-12 14:20:58 - [TEST_STEP][PASSED] - setText: Text 'Jabodetabek' has been set to element 'Object Repository/Mobile/OR Booking/android.widget.EditText0 - Search available car for you'

2018-11-12 14:20:58 - [MESSAGE][WARNING] - Timeout '0' is invalid. Using default page load timeout: '30'

2018-11-12 14:21:00 - [MESSAGE][PASSED] - Text 'Jabodetabek' has been set to element 'Object Repository/Mobile/OR Booking/android.widget.EditText0 - Search available car for you'

2018-11-12 14:21:00 - [TEST_STEP][PASSED] - tap: Tapped on element 'Object Repository/Mobile/OR Booking/android.widget.TextView2 - Jabodetabek'

2018-11-12 14:21:00 - [MESSAGE][WARNING] - Timeout '0' is invalid. Using default page load timeout: '30'

2018-11-12 14:21:02 - [MESSAGE][PASSED] - Tapped on element 'Object Repository/Mobile/OR Booking/android.widget.TextView2 - Jabodetabek'

2018-11-12 14:21:02 - [TEST_STEP][PASSED] - tap: Tapped on element 'Object Repository/Mobile/OR Booking/android.widget.TextView1 - Car Only'

2018-11-12 14:21:02 - [MESSAGE][WARNING] - Timeout '0' is invalid. Using default page load timeout: '30'

2018-11-12 14:21:03 - [MESSAGE][PASSED] - Tapped on element 'Object Repository/Mobile/OR Booking/android.widget.TextView1 - Car Only'

2018-11-12 14:21:03 - [TEST_STEP][PASSED] - tap: Tapped on element 'Object Repository/Mobile/OR Booking/android.widget.Button0 - Next'

2018-11-12 14:21:03 - [MESSAGE][WARNING] - Timeout '0' is invalid. Using default page load timeout: '30'

2018-11-12 14:21:05 - [MESSAGE][PASSED] - Tapped on element 'Object Repository/Mobile/OR Booking/android.widget.Button0 - Next'

2018-11-12 14:21:05 - [TEST_STEP][PASSED] - delay: Delayed 5 second(s)

2018-11-12 14:21:10 - [MESSAGE][PASSED] - Delayed 5 second(s)

2018-11-12 14:21:10 - [TEST_STEP][PASSED] - tap: Tapped on element 'Object Repository/Mobile/OR Booking/android.widget.Button0 - Search'

2018-11-12 14:21:10 - [MESSAGE][WARNING] - Timeout '0' is invalid. Using default page load timeout: '30'

2018-11-12 14:21:15 - [MESSAGE][PASSED] - Tapped on element 'Object Repository/Mobile/OR Booking/android.widget.Button0 - Search'

2018-11-12 14:21:15 - [TEST_STEP][PASSED] - delay: Delayed 5 second(s)

2018-11-12 14:21:20 - [MESSAGE][PASSED] - Delayed 5 second(s)]]></system-out>
         <system-err><![CDATA[]]></system-err>
      </testcase>
      <testcase name="Test Cases/Mobile/Android/Booking/SC99 Regression/TC15 Select car from list cars" classname="Test Cases/Mobile/Android/Booking/SC99 Regression/TC15 Select car from list cars" status="PASSED">
         <system-out><![CDATA[2018-11-12 14:21:20 - [TEST_CASE][PASSED] - Test Cases/Mobile/Android/Booking/SC99 Regression/TC15 Select car from list cars: Test Cases/Mobile/Android/Booking/SC99 Regression/TC15 Select car from list cars

2018-11-12 14:21:20 - [TEST_STEP][NOT_RUN] - callTestCase: NOT_RUN: callTestCase

2018-11-12 14:21:20 - [MESSAGE][NOT_RUN] - NOT_RUN: callTestCase

2018-11-12 14:21:20 - [TEST_STEP][NOT_RUN] - tap: NOT_RUN: tap

2018-11-12 14:21:20 - [MESSAGE][NOT_RUN] - NOT_RUN: tap

2018-11-12 14:21:20 - [TEST_STEP][PASSED] - tap: Tapped on element 'Object Repository/Mobile/OR Booking/android.widget.Button0 - Check Packages'

2018-11-12 14:21:20 - [MESSAGE][WARNING] - Timeout '0' is invalid. Using default page load timeout: '30'

2018-11-12 14:21:22 - [MESSAGE][PASSED] - Tapped on element 'Object Repository/Mobile/OR Booking/android.widget.Button0 - Check Packages'

2018-11-12 14:21:22 - [TEST_STEP][PASSED] - tap: Tapped on element 'Object Repository/Mobile/OR Booking/android.widget.Button1 - Book Now'

2018-11-12 14:21:22 - [MESSAGE][WARNING] - Timeout '0' is invalid. Using default page load timeout: '30'

2018-11-12 14:21:25 - [MESSAGE][PASSED] - Tapped on element 'Object Repository/Mobile/OR Booking/android.widget.Button1 - Book Now'

2018-11-12 14:21:25 - [TEST_STEP][PASSED] - scrollToText: Scrolling to text 'Add additional benefits' successfully

2018-11-12 14:21:29 - [MESSAGE][PASSED] - Scrolling to text 'Add additional benefits' successfully

2018-11-12 14:21:29 - [TEST_STEP][PASSED] - tap: Tapped on element 'Object Repository/Mobile/OR Booking/android.widget.TextView2 - Edit'

2018-11-12 14:21:29 - [MESSAGE][WARNING] - Timeout '0' is invalid. Using default page load timeout: '30'

2018-11-12 14:21:30 - [MESSAGE][PASSED] - Tapped on element 'Object Repository/Mobile/OR Booking/android.widget.TextView2 - Edit'

2018-11-12 14:21:30 - [TEST_STEP][PASSED] - tap: Tapped on element 'Object Repository/Mobile/OR Booking/android.widget.CheckBox0'

2018-11-12 14:21:30 - [MESSAGE][WARNING] - Timeout '0' is invalid. Using default page load timeout: '30'

2018-11-12 14:21:32 - [MESSAGE][PASSED] - Tapped on element 'Object Repository/Mobile/OR Booking/android.widget.CheckBox0'

2018-11-12 14:21:32 - [TEST_STEP][PASSED] - tap: Tapped on element 'Object Repository/Mobile/OR Booking/android.widget.ImageView1'

2018-11-12 14:21:32 - [MESSAGE][WARNING] - Timeout '0' is invalid. Using default page load timeout: '30'

2018-11-12 14:21:33 - [MESSAGE][PASSED] - Tapped on element 'Object Repository/Mobile/OR Booking/android.widget.ImageView1'

2018-11-12 14:21:33 - [TEST_STEP][PASSED] - tap: Tapped on element 'Object Repository/Mobile/OR Booking/android.widget.Button0 - Save'

2018-11-12 14:21:33 - [MESSAGE][WARNING] - Timeout '0' is invalid. Using default page load timeout: '30'

2018-11-12 14:21:35 - [MESSAGE][PASSED] - Tapped on element 'Object Repository/Mobile/OR Booking/android.widget.Button0 - Save'

2018-11-12 14:21:35 - [TEST_STEP][PASSED] - tap: Tapped on element 'Object Repository/Mobile/OR Booking/android.widget.Button0 - I Agree'

2018-11-12 14:21:35 - [MESSAGE][WARNING] - Timeout '0' is invalid. Using default page load timeout: '30'

2018-11-12 14:21:36 - [MESSAGE][PASSED] - Tapped on element 'Object Repository/Mobile/OR Booking/android.widget.Button0 - I Agree'

2018-11-12 14:21:36 - [TEST_STEP][PASSED] - tap: Tapped on element 'Object Repository/Mobile/OR Booking/android.widget.EditText0'

2018-11-12 14:21:36 - [MESSAGE][WARNING] - Timeout '0' is invalid. Using default page load timeout: '30'

2018-11-12 14:21:38 - [MESSAGE][PASSED] - Tapped on element 'Object Repository/Mobile/OR Booking/android.widget.EditText0'

2018-11-12 14:21:38 - [TEST_STEP][PASSED] - delay: Delayed 5 second(s)

2018-11-12 14:21:43 - [MESSAGE][PASSED] - Delayed 5 second(s)

2018-11-12 14:21:43 - [TEST_STEP][PASSED] - tap: Tapped on element 'Object Repository/Mobile/OR Booking/android.widget.Button1 - OK'

2018-11-12 14:21:43 - [MESSAGE][WARNING] - Timeout '0' is invalid. Using default page load timeout: '30'

2018-11-12 14:21:44 - [MESSAGE][PASSED] - Tapped on element 'Object Repository/Mobile/OR Booking/android.widget.Button1 - OK'

2018-11-12 14:21:44 - [TEST_STEP][PASSED] - tap: Tapped on element 'Object Repository/Mobile/OR Booking/android.widget.RelativeLayout7'

2018-11-12 14:21:44 - [MESSAGE][WARNING] - Timeout '0' is invalid. Using default page load timeout: '30'

2018-11-12 14:21:46 - [MESSAGE][PASSED] - Tapped on element 'Object Repository/Mobile/OR Booking/android.widget.RelativeLayout7'

2018-11-12 14:21:46 - [TEST_STEP][PASSED] - delay: Delayed 5 second(s)

2018-11-12 14:21:51 - [MESSAGE][PASSED] - Delayed 5 second(s)

2018-11-12 14:21:51 - [TEST_STEP][PASSED] - tap: Tapped on element 'Object Repository/Mobile/OR Booking/android.widget.Button0 - Confirm'

2018-11-12 14:21:51 - [MESSAGE][WARNING] - Timeout '0' is invalid. Using default page load timeout: '30'

2018-11-12 14:21:52 - [MESSAGE][PASSED] - Tapped on element 'Object Repository/Mobile/OR Booking/android.widget.Button0 - Confirm'

2018-11-12 14:21:52 - [TEST_STEP][PASSED] - tap: Tapped on element 'Object Repository/Mobile/OR Booking/android.widget.RelativeLayout8'

2018-11-12 14:21:52 - [MESSAGE][WARNING] - Timeout '0' is invalid. Using default page load timeout: '30'

2018-11-12 14:21:54 - [MESSAGE][PASSED] - Tapped on element 'Object Repository/Mobile/OR Booking/android.widget.RelativeLayout8'

2018-11-12 14:21:54 - [TEST_STEP][PASSED] - delay: Delayed 5 second(s)

2018-11-12 14:21:59 - [MESSAGE][PASSED] - Delayed 5 second(s)

2018-11-12 14:21:59 - [TEST_STEP][PASSED] - tap: Tapped on element 'Object Repository/Mobile/OR Booking/android.widget.Button0 - Confirm'

2018-11-12 14:21:59 - [MESSAGE][WARNING] - Timeout '0' is invalid. Using default page load timeout: '30'

2018-11-12 14:22:01 - [MESSAGE][PASSED] - Tapped on element 'Object Repository/Mobile/OR Booking/android.widget.Button0 - Confirm'

2018-11-12 14:22:01 - [TEST_STEP][PASSED] - tap: Tapped on element 'Object Repository/Mobile/OR Booking/android.widget.Button0 - Continue'

2018-11-12 14:22:01 - [MESSAGE][WARNING] - Timeout '0' is invalid. Using default page load timeout: '30'

2018-11-12 14:22:03 - [MESSAGE][PASSED] - Tapped on element 'Object Repository/Mobile/OR Booking/android.widget.Button0 - Continue'

2018-11-12 14:22:03 - [TEST_STEP][PASSED] - delay: Delayed 5 second(s)

2018-11-12 14:22:08 - [MESSAGE][PASSED] - Delayed 5 second(s)]]></system-out>
         <system-err><![CDATA[]]></system-err>
      </testcase>
      <testcase name="Test Cases/Mobile/Android/Booking/SC99 Regression/TC09 Rules" classname="Test Cases/Mobile/Android/Booking/SC99 Regression/TC09 Rules" status="PASSED">
         <system-out><![CDATA[2018-11-12 14:22:08 - [TEST_CASE][PASSED] - Test Cases/Mobile/Android/Booking/SC99 Regression/TC09 Rules: Test Cases/Mobile/Android/Booking/SC99 Regression/TC09 Rules

2018-11-12 14:22:08 - [TEST_STEP][NOT_RUN] - callTestCase: NOT_RUN: callTestCase

2018-11-12 14:22:08 - [MESSAGE][NOT_RUN] - NOT_RUN: callTestCase

2018-11-12 14:22:08 - [TEST_STEP][PASSED] - tap: Tapped on element 'Object Repository/Mobile/OR Booking/android.widget.TextView - CANCELLATION POLICY'

2018-11-12 14:22:08 - [MESSAGE][WARNING] - Timeout '0' is invalid. Using default page load timeout: '30'

2018-11-12 14:22:10 - [MESSAGE][PASSED] - Tapped on element 'Object Repository/Mobile/OR Booking/android.widget.TextView - CANCELLATION POLICY'

2018-11-12 14:22:10 - [TEST_STEP][PASSED] - tap: Tapped on element 'Object Repository/Mobile/OR Booking/android.widget.Button0 - Agree'

2018-11-12 14:22:10 - [MESSAGE][WARNING] - Timeout '0' is invalid. Using default page load timeout: '30'

2018-11-12 14:22:12 - [MESSAGE][PASSED] - Tapped on element 'Object Repository/Mobile/OR Booking/android.widget.Button0 - Agree'

2018-11-12 14:22:12 - [TEST_STEP][NOT_RUN] - tap: NOT_RUN: tap

2018-11-12 14:22:12 - [MESSAGE][NOT_RUN] - NOT_RUN: tap]]></system-out>
         <system-err><![CDATA[]]></system-err>
      </testcase>
      <testcase name="Test Cases/Mobile/Android/Payment/SC99 Regression/TC01 Pay - Payment" classname="Test Cases/Mobile/Android/Payment/SC99 Regression/TC01 Pay - Payment" status="PASSED">
         <system-out><![CDATA[2018-11-12 14:22:12 - [TEST_CASE][PASSED] - Test Cases/Mobile/Android/Payment/SC99 Regression/TC01 Pay - Payment: Test Cases/Mobile/Android/Payment/SC99 Regression/TC01 Pay - Payment

2018-11-12 14:22:13 - [TEST_STEP][NOT_RUN] - callTestCase: NOT_RUN: callTestCase

2018-11-12 14:22:13 - [MESSAGE][NOT_RUN] - NOT_RUN: callTestCase

2018-11-12 14:22:13 - [TEST_STEP][NOT_RUN] - tap: NOT_RUN: tap

2018-11-12 14:22:13 - [MESSAGE][NOT_RUN] - NOT_RUN: tap

2018-11-12 14:22:13 - [TEST_STEP][PASSED] - tap: Tapped on element 'Object Repository/Mobile/OR Payment/android.widget.Button1 - Pay'

2018-11-12 14:22:13 - [MESSAGE][WARNING] - Timeout '0' is invalid. Using default page load timeout: '30'

2018-11-12 14:22:14 - [MESSAGE][PASSED] - Tapped on element 'Object Repository/Mobile/OR Payment/android.widget.Button1 - Pay'

2018-11-12 14:22:14 - [TEST_STEP][PASSED] - tap: Tapped on element 'Object Repository/Mobile/OR Payment/android.widget.TextView3 - ALREADY CONFIRM'

2018-11-12 14:22:14 - [MESSAGE][WARNING] - Timeout '0' is invalid. Using default page load timeout: '30'

2018-11-12 14:22:15 - [MESSAGE][PASSED] - Tapped on element 'Object Repository/Mobile/OR Payment/android.widget.TextView3 - ALREADY CONFIRM'

2018-11-12 14:22:15 - [TEST_STEP][PASSED] - delay: Delayed 5 second(s)

2018-11-12 14:22:20 - [MESSAGE][PASSED] - Delayed 5 second(s)]]></system-out>
         <system-err><![CDATA[]]></system-err>
      </testcase>
      <testcase name="Test Cases/Mobile/Android/Payment/SC99 Regression/TC04 Select payment methode" classname="Test Cases/Mobile/Android/Payment/SC99 Regression/TC04 Select payment methode" status="PASSED">
         <system-out><![CDATA[2018-11-12 14:22:20 - [TEST_CASE][PASSED] - Test Cases/Mobile/Android/Payment/SC99 Regression/TC04 Select payment methode: Test Cases/Mobile/Android/Payment/SC99 Regression/TC04 Select payment methode

2018-11-12 14:22:21 - [TEST_STEP][NOT_RUN] - callTestCase: NOT_RUN: callTestCase

2018-11-12 14:22:21 - [MESSAGE][NOT_RUN] - NOT_RUN: callTestCase

2018-11-12 14:22:21 - [TEST_STEP][PASSED] - tap: Tapped on element 'Object Repository/Mobile/OR Payment/android.widget.FrameLayout3'

2018-11-12 14:22:21 - [MESSAGE][WARNING] - Timeout '0' is invalid. Using default page load timeout: '30'

2018-11-12 14:22:22 - [MESSAGE][PASSED] - Tapped on element 'Object Repository/Mobile/OR Payment/android.widget.FrameLayout3'

2018-11-12 14:22:22 - [TEST_STEP][PASSED] - delay: Delayed 5 second(s)

2018-11-12 14:22:27 - [MESSAGE][PASSED] - Delayed 5 second(s)]]></system-out>
         <system-err><![CDATA[]]></system-err>
      </testcase>
      <testcase name="Test Cases/Mobile/Android/Payment/SC99 Regression/TC05 Credit card payment" classname="Test Cases/Mobile/Android/Payment/SC99 Regression/TC05 Credit card payment" status="PASSED">
         <system-out><![CDATA[2018-11-12 14:22:27 - [TEST_CASE][PASSED] - Test Cases/Mobile/Android/Payment/SC99 Regression/TC05 Credit card payment: Test Cases/Mobile/Android/Payment/SC99 Regression/TC05 Credit card payment

2018-11-12 14:22:28 - [TEST_STEP][NOT_RUN] - callTestCase: NOT_RUN: callTestCase

2018-11-12 14:22:28 - [MESSAGE][NOT_RUN] - NOT_RUN: callTestCase

2018-11-12 14:22:28 - [TEST_STEP][PASSED] - tap: Tapped on element 'Object Repository/Mobile/OR Payment/android.widget.FrameLayout3 (1)'

2018-11-12 14:22:28 - [MESSAGE][WARNING] - Timeout '0' is invalid. Using default page load timeout: '30'

2018-11-12 14:22:29 - [MESSAGE][PASSED] - Tapped on element 'Object Repository/Mobile/OR Payment/android.widget.FrameLayout3 (1)'

2018-11-12 14:22:29 - [TEST_STEP][PASSED] - delay: Delayed 5 second(s)

2018-11-12 14:22:34 - [MESSAGE][PASSED] - Delayed 5 second(s)

2018-11-12 14:22:34 - [TEST_STEP][PASSED] - tap: Tapped on element 'Object Repository/Mobile/OR Payment/android.widget.EditText0'

2018-11-12 14:22:34 - [MESSAGE][WARNING] - Timeout '0' is invalid. Using default page load timeout: '30'

2018-11-12 14:22:49 - [MESSAGE][PASSED] - Tapped on element 'Object Repository/Mobile/OR Payment/android.widget.EditText0'

2018-11-12 14:22:49 - [TEST_STEP][PASSED] - setText: Text '4137180300023783' has been set to element 'Object Repository/Mobile/OR Payment/android.widget.EditText0'

2018-11-12 14:22:49 - [MESSAGE][WARNING] - Timeout '0' is invalid. Using default page load timeout: '30'

2018-11-12 14:22:50 - [MESSAGE][PASSED] - Text '4137180300023783' has been set to element 'Object Repository/Mobile/OR Payment/android.widget.EditText0'

2018-11-12 14:22:50 - [TEST_STEP][PASSED] - tap: Tapped on element 'Object Repository/Mobile/OR Payment/android.widget.EditText1'

2018-11-12 14:22:50 - [MESSAGE][WARNING] - Timeout '0' is invalid. Using default page load timeout: '30'

2018-11-12 14:22:52 - [MESSAGE][PASSED] - Tapped on element 'Object Repository/Mobile/OR Payment/android.widget.EditText1'

2018-11-12 14:22:52 - [TEST_STEP][PASSED] - setText: Text 'test' has been set to element 'Object Repository/Mobile/OR Payment/android.widget.EditText1'

2018-11-12 14:22:52 - [MESSAGE][WARNING] - Timeout '0' is invalid. Using default page load timeout: '30'

2018-11-12 14:22:52 - [MESSAGE][PASSED] - Text 'test' has been set to element 'Object Repository/Mobile/OR Payment/android.widget.EditText1'

2018-11-12 14:22:52 - [TEST_STEP][PASSED] - tap: Tapped on element 'Object Repository/Mobile/OR Payment/android.widget.EditText2'

2018-11-12 14:22:53 - [MESSAGE][WARNING] - Timeout '0' is invalid. Using default page load timeout: '30'

2018-11-12 14:22:54 - [MESSAGE][PASSED] - Tapped on element 'Object Repository/Mobile/OR Payment/android.widget.EditText2'

2018-11-12 14:22:54 - [TEST_STEP][PASSED] - setText: Text '05' has been set to element 'Object Repository/Mobile/OR Payment/android.widget.EditText2'

2018-11-12 14:22:54 - [MESSAGE][WARNING] - Timeout '0' is invalid. Using default page load timeout: '30'

2018-11-12 14:22:55 - [MESSAGE][PASSED] - Text '05' has been set to element 'Object Repository/Mobile/OR Payment/android.widget.EditText2'

2018-11-12 14:22:55 - [TEST_STEP][PASSED] - tap: Tapped on element 'Object Repository/Mobile/OR Payment/android.widget.EditText3'

2018-11-12 14:22:55 - [MESSAGE][WARNING] - Timeout '0' is invalid. Using default page load timeout: '30'

2018-11-12 14:22:56 - [MESSAGE][PASSED] - Tapped on element 'Object Repository/Mobile/OR Payment/android.widget.EditText3'

2018-11-12 14:22:56 - [TEST_STEP][PASSED] - setText: Text '19' has been set to element 'Object Repository/Mobile/OR Payment/android.widget.EditText3'

2018-11-12 14:22:56 - [MESSAGE][WARNING] - Timeout '0' is invalid. Using default page load timeout: '30'

2018-11-12 14:22:57 - [MESSAGE][PASSED] - Text '19' has been set to element 'Object Repository/Mobile/OR Payment/android.widget.EditText3'

2018-11-12 14:22:57 - [TEST_STEP][PASSED] - tap: Tapped on element 'Object Repository/Mobile/OR Payment/android.widget.EditText4'

2018-11-12 14:22:57 - [MESSAGE][WARNING] - Timeout '0' is invalid. Using default page load timeout: '30'

2018-11-12 14:22:59 - [MESSAGE][PASSED] - Tapped on element 'Object Repository/Mobile/OR Payment/android.widget.EditText4'

2018-11-12 14:22:59 - [TEST_STEP][PASSED] - setText: Text '783' has been set to element 'Object Repository/Mobile/OR Payment/android.widget.EditText4'

2018-11-12 14:22:59 - [MESSAGE][WARNING] - Timeout '0' is invalid. Using default page load timeout: '30'

2018-11-12 14:23:00 - [MESSAGE][PASSED] - Text '783' has been set to element 'Object Repository/Mobile/OR Payment/android.widget.EditText4'

2018-11-12 14:23:00 - [TEST_STEP][PASSED] - tap: Tapped on element 'Object Repository/Mobile/OR Payment/android.widget.EditText5'

2018-11-12 14:23:00 - [MESSAGE][WARNING] - Timeout '0' is invalid. Using default page load timeout: '30'

2018-11-12 14:23:02 - [MESSAGE][PASSED] - Tapped on element 'Object Repository/Mobile/OR Payment/android.widget.EditText5'

2018-11-12 14:23:02 - [TEST_STEP][PASSED] - setText: Text 'test@sgo.co.id' has been set to element 'Object Repository/Mobile/OR Payment/android.widget.EditText5'

2018-11-12 14:23:02 - [MESSAGE][WARNING] - Timeout '0' is invalid. Using default page load timeout: '30'

2018-11-12 14:23:02 - [MESSAGE][PASSED] - Text 'test@sgo.co.id' has been set to element 'Object Repository/Mobile/OR Payment/android.widget.EditText5'

2018-11-12 14:23:02 - [TEST_STEP][PASSED] - tap: Tapped on element 'Object Repository/Mobile/OR Payment/android.widget.CheckBox0'

2018-11-12 14:23:02 - [MESSAGE][WARNING] - Timeout '0' is invalid. Using default page load timeout: '30'

2018-11-12 14:23:04 - [MESSAGE][PASSED] - Tapped on element 'Object Repository/Mobile/OR Payment/android.widget.CheckBox0'

2018-11-12 14:23:04 - [TEST_STEP][PASSED] - tap: Tapped on element 'Object Repository/Mobile/OR Payment/android.widget.Button0 - Lanjutkan'

2018-11-12 14:23:04 - [MESSAGE][WARNING] - Timeout '0' is invalid. Using default page load timeout: '30'

2018-11-12 14:23:07 - [MESSAGE][PASSED] - Tapped on element 'Object Repository/Mobile/OR Payment/android.widget.Button0 - Lanjutkan'

2018-11-12 14:23:07 - [TEST_STEP][PASSED] - delay: Delayed 5 second(s)

2018-11-12 14:23:12 - [MESSAGE][PASSED] - Delayed 5 second(s)

2018-11-12 14:23:12 - [TEST_STEP][PASSED] - closeApplication: Close app successfully

2018-11-12 14:23:14 - [MESSAGE][PASSED] - Close app successfully]]></system-out>
         <system-err><![CDATA[]]></system-err>
      </testcase>
      <system-out><![CDATA[2018-11-12 14:19:39 - [TEST_SUITE][PASSED] - Reservation From Search Bar Rental City or Region: Test Cases/Mobile/Android/Payment/SC99 Regression/TC05 Credit card payment]]></system-out>
      <system-err><![CDATA[]]></system-err>
   </testsuite>
</testsuites>
