<?xml version="1.0" encoding="UTF-8"?>
<testsuites name="Rent Car By Category" time="242" tests="1" failures="1" errors="0">
   <testsuite name="Rent Car By Category" tests="1" failures="1" errors="0" time="242" timestamp="2018-06-25 17:04:56" hostname="ALIMSAPUTRA - DESKTOP-5G7MA8C" id="Test Suites/Mobile/Rent Car By Category">
      <properties>
         <property name="deviceName" value="samsung SM-J320G (Android 5.1.1)"/>
         <property name="devicePlatform" value=""/>
         <property name="logFolder" value="C:\\Users\\ALIMSAPUTRA\\Katalon Studio\\Astra Movic\\Reports\\Mobile\\Rent Car By Category\\20180625_170452"/>
         <property name="logFiles" value="C:\\Users\\ALIMSAPUTRA\\Katalon Studio\\Astra Movic\\Reports\\Mobile\\Rent Car By Category\\20180625_170452\\appium.log, C:\\Users\\ALIMSAPUTRA\\Katalon Studio\\Astra Movic\\Reports\\Mobile\\Rent Car By Category\\20180625_170452\\execution0.log"/>
         <property name="attachments" value="C:\\Users\\ALIMSAPUTRA\\Katalon Studio\\Astra Movic\\Reports\\Mobile\\Rent Car By Category\\20180625_170452\\1529921329038.png, C:\\Users\\ALIMSAPUTRA\\Katalon Studio\\Astra Movic\\Reports\\Mobile\\Rent Car By Category\\20180625_170452\\1529921331147.png"/>
         <property name="hostName" value="ALIMSAPUTRA - DESKTOP-5G7MA8C"/>
         <property name="os" value="Windows 10 64bit"/>
         <property name="katalonVersion" value="5.4.2.1"/>
         <property name="deviceOS" value="Android"/>
         <property name="appiumVersion" value="1.8.1"/>
         <property name="deviceModel" value="SM-J320G"/>
         <property name="hostAddress" value="10.10.11.196"/>
         <property name="deviceManufacturer" value="samsung"/>
         <property name="deviceId" value="4200d20faae66400"/>
         <property name="deviceName" value="samsung SM-J320G (Android 5.1.1)"/>
         <property name="deviceOSVersion" value="5.1.1"/>
      </properties>
      <testcase name="Test Cases/Mobile/Android/User/SC99 Regression/TC04 Login biasa with email" classname="Test Cases/Mobile/Android/User/SC99 Regression/TC04 Login biasa with email" status="PASSED">
         <system-out><![CDATA[2018-06-25 17:04:57 - [TEST_CASE][PASSED] - Test Cases/Mobile/Android/User/SC99 Regression/TC04 Login biasa with email: Test Cases/Mobile/Android/User/SC99 Regression/TC04 Login biasa with email

2018-06-25 17:04:58 - [TEST_STEP][PASSED] - startApplication: Started app at: 'C:\Users\ALIMSAPUTRA\Downloads\Movic_0.4.2_2018-06-23-staging-debug.apk'

2018-06-25 17:06:34 - [MESSAGE][PASSED] - Started app at: 'C:\Users\ALIMSAPUTRA\Downloads\Movic_0.4.2_2018-06-23-staging-debug.apk'

2018-06-25 17:06:34 - [TEST_STEP][PASSED] - tap: Tapped on element 'Object Repository/Mobile/OR Login biasa with email/android.widget.TextView3 - Indonesia (1)'

2018-06-25 17:06:34 - [MESSAGE][WARNING] - Timeout '0' is invalid. Using default page load timeout: '30'

2018-06-25 17:06:38 - [MESSAGE][PASSED] - Tapped on element 'Object Repository/Mobile/OR Login biasa with email/android.widget.TextView3 - Indonesia (1)'

2018-06-25 17:06:38 - [TEST_STEP][PASSED] - tap: Tapped on element 'Object Repository/Mobile/OR Login biasa with email/android.widget.ImageView4 (1)'

2018-06-25 17:06:38 - [MESSAGE][WARNING] - Timeout '0' is invalid. Using default page load timeout: '30'

2018-06-25 17:06:39 - [MESSAGE][PASSED] - Tapped on element 'Object Repository/Mobile/OR Login biasa with email/android.widget.ImageView4 (1)'

2018-06-25 17:06:39 - [TEST_STEP][PASSED] - tap: Tapped on element 'Object Repository/Mobile/OR Login biasa with email/android.widget.TextView2 - Lewati (1)'

2018-06-25 17:06:39 - [MESSAGE][WARNING] - Timeout '0' is invalid. Using default page load timeout: '30'

2018-06-25 17:06:41 - [MESSAGE][PASSED] - Tapped on element 'Object Repository/Mobile/OR Login biasa with email/android.widget.TextView2 - Lewati (1)'

2018-06-25 17:06:41 - [TEST_STEP][PASSED] - tap: Tapped on element 'Object Repository/Mobile/OR Login biasa with email/android.widget.TextView0 - Log in (1)'

2018-06-25 17:06:41 - [MESSAGE][WARNING] - Timeout '0' is invalid. Using default page load timeout: '30'

2018-06-25 17:06:43 - [MESSAGE][PASSED] - Tapped on element 'Object Repository/Mobile/OR Login biasa with email/android.widget.TextView0 - Log in (1)'

2018-06-25 17:06:43 - [TEST_STEP][PASSED] - setText: Text 'ali.saputra@wgs.co.id' has been set to element 'Object Repository/Mobile/OR Login biasa with email/android.widget.EditText0 (2)'

2018-06-25 17:06:43 - [MESSAGE][WARNING] - Timeout '0' is invalid. Using default page load timeout: '30'

2018-06-25 17:06:55 - [MESSAGE][PASSED] - Text 'ali.saputra@wgs.co.id' has been set to element 'Object Repository/Mobile/OR Login biasa with email/android.widget.EditText0 (2)'

2018-06-25 17:06:55 - [TEST_STEP][PASSED] - tap: Tapped on element 'Object Repository/Mobile/OR Login biasa with email/android.widget.Button0 - Next (1)'

2018-06-25 17:06:55 - [MESSAGE][WARNING] - Timeout '0' is invalid. Using default page load timeout: '30'

2018-06-25 17:06:56 - [MESSAGE][PASSED] - Tapped on element 'Object Repository/Mobile/OR Login biasa with email/android.widget.Button0 - Next (1)'

2018-06-25 17:06:56 - [TEST_STEP][PASSED] - tap: Tapped on element 'Object Repository/Mobile/OR Login biasa with email/android.widget.EditText0 (3)'

2018-06-25 17:06:56 - [MESSAGE][WARNING] - Timeout '0' is invalid. Using default page load timeout: '30'

2018-06-25 17:07:02 - [MESSAGE][PASSED] - Tapped on element 'Object Repository/Mobile/OR Login biasa with email/android.widget.EditText0 (3)'

2018-06-25 17:07:02 - [TEST_STEP][PASSED] - setText: Text 'Walden1234' has been set to element 'Object Repository/Mobile/OR Login biasa with email/android.widget.EditText0 (3)'

2018-06-25 17:07:02 - [MESSAGE][WARNING] - Timeout '0' is invalid. Using default page load timeout: '30'

2018-06-25 17:07:16 - [MESSAGE][PASSED] - Text 'Walden1234' has been set to element 'Object Repository/Mobile/OR Login biasa with email/android.widget.EditText0 (3)'

2018-06-25 17:07:16 - [TEST_STEP][PASSED] - tap: Tapped on element 'Object Repository/Mobile/OR Login biasa with email/android.widget.Button0 - Mulai Movic (1)'

2018-06-25 17:07:16 - [MESSAGE][WARNING] - Timeout '0' is invalid. Using default page load timeout: '30'

2018-06-25 17:07:18 - [MESSAGE][PASSED] - Tapped on element 'Object Repository/Mobile/OR Login biasa with email/android.widget.Button0 - Mulai Movic (1)'

2018-06-25 17:07:18 - [TEST_STEP][PASSED] - verifyElementVisible: Element 'Object Repository/Mobile/OR Login biasa with email/android.widget.ImageView0 (1)' is visible

2018-06-25 17:07:18 - [MESSAGE][WARNING] - Timeout '0' is invalid. Using default page load timeout: '30'

2018-06-25 17:07:23 - [MESSAGE][PASSED] - Element 'Object Repository/Mobile/OR Login biasa with email/android.widget.ImageView0 (1)' is visible

2018-06-25 17:07:23 - [TEST_STEP][NOT_RUN] - closeApplication: NOT_RUN: closeApplication

2018-06-25 17:07:23 - [MESSAGE][NOT_RUN] - NOT_RUN: closeApplication]]></system-out>
         <system-err><![CDATA[]]></system-err>
      </testcase>
      <testcase name="Test Cases/Mobile/Android/Owner/SC99 Regression/TC02 Rent New Car by Category" classname="Test Cases/Mobile/Android/Owner/SC99 Regression/TC02 Rent New Car by Category" status="FAILED">
         <failure type="FAILED" message="Failed to tap on element 'Object Repository/Mobile/OR Rent New Car/android.widget.EditText0' (Root cause: Object Object Repository/Mobile/OR Rent New Car/android.widget.EditText0 not found)"/>
         <system-out><![CDATA[2018-06-25 17:07:23 - [TEST_CASE][FAILED] - Test Cases/Mobile/Android/Owner/SC99 Regression/TC02 Rent New Car by Category: Test Cases/Mobile/Android/Owner/SC99 Regression/TC02 Rent New Car by Category FAILED because (of) Failed to tap on element 'Object Repository/Mobile/OR Rent New Car/android.widget.EditText0' (Root cause: Object Object Repository/Mobile/OR Rent New Car/android.widget.EditText0 not found)

2018-06-25 17:07:24 - [TEST_STEP][NOT_RUN] - startApplication: NOT_RUN: startApplication

2018-06-25 17:07:24 - [MESSAGE][NOT_RUN] - NOT_RUN: startApplication

2018-06-25 17:07:24 - [TEST_STEP][PASSED] - scrollToText: Scrolling to text 'Category' successfully

2018-06-25 17:07:28 - [MESSAGE][PASSED] - Scrolling to text 'Category' successfully

2018-06-25 17:07:29 - [TEST_STEP][PASSED] - tap: Tapped on element 'Object Repository/Mobile/OR Rent New Car/android.view.View3'

2018-06-25 17:07:29 - [MESSAGE][WARNING] - Timeout '0' is invalid. Using default page load timeout: '30'

2018-06-25 17:07:29 - [MESSAGE][PASSED] - Tapped on element 'Object Repository/Mobile/OR Rent New Car/android.view.View3'

2018-06-25 17:07:29 - [TEST_STEP][PASSED] - tap: Tapped on element 'Object Repository/Mobile/OR Rent New Car/android.widget.LinearLayout12'

2018-06-25 17:07:29 - [MESSAGE][WARNING] - Timeout '0' is invalid. Using default page load timeout: '30'

2018-06-25 17:07:35 - [MESSAGE][PASSED] - Tapped on element 'Object Repository/Mobile/OR Rent New Car/android.widget.LinearLayout12'

2018-06-25 17:07:35 - [TEST_STEP][NOT_RUN] - tap: NOT_RUN: tap

2018-06-25 17:07:35 - [MESSAGE][NOT_RUN] - NOT_RUN: tap

2018-06-25 17:07:35 - [TEST_STEP][PASSED] - tap: Tapped on element 'Object Repository/Mobile/OR Rent New Car/android.widget.Button0 - Check Packages'

2018-06-25 17:07:35 - [MESSAGE][WARNING] - Timeout '0' is invalid. Using default page load timeout: '30'

2018-06-25 17:07:40 - [MESSAGE][PASSED] - Tapped on element 'Object Repository/Mobile/OR Rent New Car/android.widget.Button0 - Check Packages'

2018-06-25 17:07:40 - [TEST_STEP][PASSED] - tap: Tapped on element 'Object Repository/Mobile/OR Rent New Car/android.widget.RelativeLayout3'

2018-06-25 17:07:40 - [MESSAGE][WARNING] - Timeout '0' is invalid. Using default page load timeout: '30'

2018-06-25 17:07:42 - [MESSAGE][PASSED] - Tapped on element 'Object Repository/Mobile/OR Rent New Car/android.widget.RelativeLayout3'

2018-06-25 17:07:42 - [TEST_STEP][PASSED] - tap: Tapped on element 'Object Repository/Mobile/OR Rent New Car/android.widget.TextView41 - 2'

2018-06-25 17:07:42 - [MESSAGE][WARNING] - Timeout '0' is invalid. Using default page load timeout: '30'

2018-06-25 17:07:43 - [MESSAGE][PASSED] - Tapped on element 'Object Repository/Mobile/OR Rent New Car/android.widget.TextView41 - 2'

2018-06-25 17:07:43 - [TEST_STEP][PASSED] - tap: Tapped on element 'Object Repository/Mobile/OR Rent New Car/android.widget.Button0 - Save'

2018-06-25 17:07:43 - [MESSAGE][WARNING] - Timeout '0' is invalid. Using default page load timeout: '30'

2018-06-25 17:08:17 - [MESSAGE][PASSED] - Tapped on element 'Object Repository/Mobile/OR Rent New Car/android.widget.Button0 - Save'

2018-06-25 17:08:17 - [TEST_STEP][PASSED] - tap: Tapped on element 'Object Repository/Mobile/OR Rent New Car/android.widget.Button3 - Booking Now'

2018-06-25 17:08:17 - [MESSAGE][WARNING] - Timeout '0' is invalid. Using default page load timeout: '30'

2018-06-25 17:08:18 - [MESSAGE][PASSED] - Tapped on element 'Object Repository/Mobile/OR Rent New Car/android.widget.Button3 - Booking Now'

2018-06-25 17:08:18 - [TEST_STEP][NOT_RUN] - tap: NOT_RUN: tap

2018-06-25 17:08:18 - [MESSAGE][NOT_RUN] - NOT_RUN: tap

2018-06-25 17:08:18 - [TEST_STEP][FAILED] - tap: Failed to tap on element 'Object Repository/Mobile/OR Rent New Car/android.widget.EditText0' (Root cause: Object Object Repository/Mobile/OR Rent New Car/android.widget.EditText0 not found)

2018-06-25 17:08:18 - [MESSAGE][WARNING] - Timeout '0' is invalid. Using default page load timeout: '30'

2018-06-25 17:08:51 - [MESSAGE][FAILED] - Object Object Repository/Mobile/OR Rent New Car/android.widget.EditText0 not found
[[ATTACHMENT|C:\\Users\\ALIMSAPUTRA\\Katalon Studio\\Astra Movic\\Reports\\Mobile\\Rent Car By Category\\20180625_170452\\1529921329038.png]]

2018-06-25 17:08:53 - [MESSAGE][FAILED] - Failed to tap on element 'Object Repository/Mobile/OR Rent New Car/android.widget.EditText0' (Root cause: Object Object Repository/Mobile/OR Rent New Car/android.widget.EditText0 not found)
[[ATTACHMENT|C:\\Users\\ALIMSAPUTRA\\Katalon Studio\\Astra Movic\\Reports\\Mobile\\Rent Car By Category\\20180625_170452\\1529921331147.png]]]]></system-out>
         <system-err><![CDATA[2018-06-25 17:07:23 - [TEST_CASE][FAILED] - Test Cases/Mobile/Android/Owner/SC99 Regression/TC02 Rent New Car by Category: Test Cases/Mobile/Android/Owner/SC99 Regression/TC02 Rent New Car by Category FAILED because (of) Failed to tap on element 'Object Repository/Mobile/OR Rent New Car/android.widget.EditText0' (Root cause: Object Object Repository/Mobile/OR Rent New Car/android.widget.EditText0 not found)]]></system-err>
      </testcase>
      <system-out><![CDATA[2018-06-25 17:04:56 - [TEST_SUITE][FAILED] - Rent Car By Category: Test Cases/Mobile/Android/Owner/SC99 Regression/TC02 Rent New Car by Category FAILED because (of) Failed to tap on element 'Object Repository/Mobile/OR Rent New Car/android.widget.EditText0' (Root cause: Object Object Repository/Mobile/OR Rent New Car/android.widget.EditText0 not found)]]></system-out>
      <system-err><![CDATA[2018-06-25 17:04:56 - [TEST_SUITE][FAILED] - Rent Car By Category: Test Cases/Mobile/Android/Owner/SC99 Regression/TC02 Rent New Car by Category FAILED because (of) Failed to tap on element 'Object Repository/Mobile/OR Rent New Car/android.widget.EditText0' (Root cause: Object Object Repository/Mobile/OR Rent New Car/android.widget.EditText0 not found)]]></system-err>
   </testsuite>
</testsuites>
