<?xml version="1.0" encoding="UTF-8"?>
<testsuites name="Rent Car By Category" time="184" tests="1" failures="1" errors="0">
   <testsuite name="Rent Car By Category" tests="1" failures="1" errors="0" time="184" timestamp="2018-06-25 17:21:49" hostname="ALIMSAPUTRA - DESKTOP-5G7MA8C" id="Test Suites/Mobile/Rent Car By Category">
      <properties>
         <property name="deviceName" value="samsung SM-J320G (Android 5.1.1)"/>
         <property name="devicePlatform" value=""/>
         <property name="logFolder" value="C:\\Users\\ALIMSAPUTRA\\Katalon Studio\\Astra Movic\\Reports\\Mobile\\Rent Car By Category\\20180625_172145"/>
         <property name="logFiles" value="C:\\Users\\ALIMSAPUTRA\\Katalon Studio\\Astra Movic\\Reports\\Mobile\\Rent Car By Category\\20180625_172145\\appium.log, C:\\Users\\ALIMSAPUTRA\\Katalon Studio\\Astra Movic\\Reports\\Mobile\\Rent Car By Category\\20180625_172145\\execution0.log"/>
         <property name="attachments" value="C:\\Users\\ALIMSAPUTRA\\Katalon Studio\\Astra Movic\\Reports\\Mobile\\Rent Car By Category\\20180625_172145\\1529922284638.png, C:\\Users\\ALIMSAPUTRA\\Katalon Studio\\Astra Movic\\Reports\\Mobile\\Rent Car By Category\\20180625_172145\\1529922286639.png"/>
         <property name="hostName" value="ALIMSAPUTRA - DESKTOP-5G7MA8C"/>
         <property name="os" value="Windows 10 64bit"/>
         <property name="katalonVersion" value="5.4.2.1"/>
         <property name="deviceOS" value="Android"/>
         <property name="appiumVersion" value="1.8.1"/>
         <property name="deviceModel" value="SM-J320G"/>
         <property name="hostAddress" value="10.10.11.196"/>
         <property name="deviceManufacturer" value="samsung"/>
         <property name="deviceId" value="4200d20faae66400"/>
         <property name="deviceName" value="samsung SM-J320G (Android 5.1.1)"/>
         <property name="deviceOSVersion" value="5.1.1"/>
      </properties>
      <testcase name="Test Cases/Mobile/Android/User/SC99 Regression/TC04 Login biasa with email" classname="Test Cases/Mobile/Android/User/SC99 Regression/TC04 Login biasa with email" status="PASSED">
         <system-out><![CDATA[2018-06-25 17:21:50 - [TEST_CASE][PASSED] - Test Cases/Mobile/Android/User/SC99 Regression/TC04 Login biasa with email: Test Cases/Mobile/Android/User/SC99 Regression/TC04 Login biasa with email

2018-06-25 17:21:51 - [TEST_STEP][PASSED] - startApplication: Started app at: 'C:\Users\ALIMSAPUTRA\Downloads\Movic_0.4.2_2018-06-23-staging-debug.apk'

2018-06-25 17:23:04 - [MESSAGE][PASSED] - Started app at: 'C:\Users\ALIMSAPUTRA\Downloads\Movic_0.4.2_2018-06-23-staging-debug.apk'

2018-06-25 17:23:04 - [TEST_STEP][PASSED] - tap: Tapped on element 'Object Repository/Mobile/OR Login biasa with email/android.widget.TextView3 - Indonesia (1)'

2018-06-25 17:23:04 - [MESSAGE][WARNING] - Timeout '0' is invalid. Using default page load timeout: '30'

2018-06-25 17:23:07 - [MESSAGE][PASSED] - Tapped on element 'Object Repository/Mobile/OR Login biasa with email/android.widget.TextView3 - Indonesia (1)'

2018-06-25 17:23:07 - [TEST_STEP][PASSED] - tap: Tapped on element 'Object Repository/Mobile/OR Login biasa with email/android.widget.ImageView4 (1)'

2018-06-25 17:23:07 - [MESSAGE][WARNING] - Timeout '0' is invalid. Using default page load timeout: '30'

2018-06-25 17:23:09 - [MESSAGE][PASSED] - Tapped on element 'Object Repository/Mobile/OR Login biasa with email/android.widget.ImageView4 (1)'

2018-06-25 17:23:09 - [TEST_STEP][PASSED] - tap: Tapped on element 'Object Repository/Mobile/OR Login biasa with email/android.widget.TextView2 - Lewati (1)'

2018-06-25 17:23:09 - [MESSAGE][WARNING] - Timeout '0' is invalid. Using default page load timeout: '30'

2018-06-25 17:23:11 - [MESSAGE][PASSED] - Tapped on element 'Object Repository/Mobile/OR Login biasa with email/android.widget.TextView2 - Lewati (1)'

2018-06-25 17:23:11 - [TEST_STEP][PASSED] - tap: Tapped on element 'Object Repository/Mobile/OR Login biasa with email/android.widget.TextView0 - Log in (1)'

2018-06-25 17:23:11 - [MESSAGE][WARNING] - Timeout '0' is invalid. Using default page load timeout: '30'

2018-06-25 17:23:12 - [MESSAGE][PASSED] - Tapped on element 'Object Repository/Mobile/OR Login biasa with email/android.widget.TextView0 - Log in (1)'

2018-06-25 17:23:12 - [TEST_STEP][PASSED] - setText: Text 'ali.saputra@wgs.co.id' has been set to element 'Object Repository/Mobile/OR Login biasa with email/android.widget.EditText0 (2)'

2018-06-25 17:23:12 - [MESSAGE][WARNING] - Timeout '0' is invalid. Using default page load timeout: '30'

2018-06-25 17:23:25 - [MESSAGE][PASSED] - Text 'ali.saputra@wgs.co.id' has been set to element 'Object Repository/Mobile/OR Login biasa with email/android.widget.EditText0 (2)'

2018-06-25 17:23:25 - [TEST_STEP][PASSED] - tap: Tapped on element 'Object Repository/Mobile/OR Login biasa with email/android.widget.Button0 - Next (1)'

2018-06-25 17:23:25 - [MESSAGE][WARNING] - Timeout '0' is invalid. Using default page load timeout: '30'

2018-06-25 17:23:26 - [MESSAGE][PASSED] - Tapped on element 'Object Repository/Mobile/OR Login biasa with email/android.widget.Button0 - Next (1)'

2018-06-25 17:23:26 - [TEST_STEP][PASSED] - tap: Tapped on element 'Object Repository/Mobile/OR Login biasa with email/android.widget.EditText0 (3)'

2018-06-25 17:23:26 - [MESSAGE][WARNING] - Timeout '0' is invalid. Using default page load timeout: '30'

2018-06-25 17:23:32 - [MESSAGE][PASSED] - Tapped on element 'Object Repository/Mobile/OR Login biasa with email/android.widget.EditText0 (3)'

2018-06-25 17:23:32 - [TEST_STEP][PASSED] - setText: Text 'Walden1234' has been set to element 'Object Repository/Mobile/OR Login biasa with email/android.widget.EditText0 (3)'

2018-06-25 17:23:32 - [MESSAGE][WARNING] - Timeout '0' is invalid. Using default page load timeout: '30'

2018-06-25 17:23:47 - [MESSAGE][PASSED] - Text 'Walden1234' has been set to element 'Object Repository/Mobile/OR Login biasa with email/android.widget.EditText0 (3)'

2018-06-25 17:23:47 - [TEST_STEP][PASSED] - tap: Tapped on element 'Object Repository/Mobile/OR Login biasa with email/android.widget.Button0 - Mulai Movic (1)'

2018-06-25 17:23:47 - [MESSAGE][WARNING] - Timeout '0' is invalid. Using default page load timeout: '30'

2018-06-25 17:23:48 - [MESSAGE][PASSED] - Tapped on element 'Object Repository/Mobile/OR Login biasa with email/android.widget.Button0 - Mulai Movic (1)'

2018-06-25 17:23:48 - [TEST_STEP][PASSED] - verifyElementVisible: Element 'Object Repository/Mobile/OR Login biasa with email/android.widget.ImageView0 (1)' is visible

2018-06-25 17:23:48 - [MESSAGE][WARNING] - Timeout '0' is invalid. Using default page load timeout: '30'

2018-06-25 17:23:54 - [MESSAGE][PASSED] - Element 'Object Repository/Mobile/OR Login biasa with email/android.widget.ImageView0 (1)' is visible

2018-06-25 17:23:54 - [TEST_STEP][NOT_RUN] - closeApplication: NOT_RUN: closeApplication

2018-06-25 17:23:54 - [MESSAGE][NOT_RUN] - NOT_RUN: closeApplication]]></system-out>
         <system-err><![CDATA[]]></system-err>
      </testcase>
      <testcase name="Test Cases/Mobile/Android/Owner/SC99 Regression/TC02 Rent New Car by Category" classname="Test Cases/Mobile/Android/Owner/SC99 Regression/TC02 Rent New Car by Category" status="FAILED">
         <failure type="FAILED" message="Failed to tap on element 'Object Repository/Mobile/OR Rent New Car/android.widget.Button0 - Save' (Root cause: Object Object Repository/Mobile/OR Rent New Car/android.widget.Button0 - Save not found)"/>
         <system-out><![CDATA[2018-06-25 17:23:54 - [TEST_CASE][FAILED] - Test Cases/Mobile/Android/Owner/SC99 Regression/TC02 Rent New Car by Category: Test Cases/Mobile/Android/Owner/SC99 Regression/TC02 Rent New Car by Category FAILED because (of) Failed to tap on element 'Object Repository/Mobile/OR Rent New Car/android.widget.Button0 - Save' (Root cause: Object Object Repository/Mobile/OR Rent New Car/android.widget.Button0 - Save not found)

2018-06-25 17:23:55 - [TEST_STEP][NOT_RUN] - startApplication: NOT_RUN: startApplication

2018-06-25 17:23:55 - [MESSAGE][NOT_RUN] - NOT_RUN: startApplication

2018-06-25 17:23:55 - [TEST_STEP][PASSED] - scrollToText: Scrolling to text 'Category' successfully

2018-06-25 17:24:00 - [MESSAGE][PASSED] - Scrolling to text 'Category' successfully

2018-06-25 17:24:00 - [TEST_STEP][PASSED] - tap: Tapped on element 'Object Repository/Mobile/OR Rent New Car/android.view.View3'

2018-06-25 17:24:00 - [MESSAGE][WARNING] - Timeout '0' is invalid. Using default page load timeout: '30'

2018-06-25 17:24:01 - [MESSAGE][PASSED] - Tapped on element 'Object Repository/Mobile/OR Rent New Car/android.view.View3'

2018-06-25 17:24:01 - [TEST_STEP][PASSED] - tap: Tapped on element 'Object Repository/Mobile/OR Rent New Car/android.widget.LinearLayout12'

2018-06-25 17:24:01 - [MESSAGE][WARNING] - Timeout '0' is invalid. Using default page load timeout: '30'

2018-06-25 17:24:06 - [MESSAGE][PASSED] - Tapped on element 'Object Repository/Mobile/OR Rent New Car/android.widget.LinearLayout12'

2018-06-25 17:24:06 - [TEST_STEP][NOT_RUN] - tap: NOT_RUN: tap

2018-06-25 17:24:06 - [MESSAGE][NOT_RUN] - NOT_RUN: tap

2018-06-25 17:24:06 - [TEST_STEP][PASSED] - tap: Tapped on element 'Object Repository/Mobile/OR Rent New Car/android.widget.Button0 - Check Packages'

2018-06-25 17:24:06 - [MESSAGE][WARNING] - Timeout '0' is invalid. Using default page load timeout: '30'

2018-06-25 17:24:10 - [MESSAGE][PASSED] - Tapped on element 'Object Repository/Mobile/OR Rent New Car/android.widget.Button0 - Check Packages'

2018-06-25 17:24:10 - [TEST_STEP][PASSED] - tap: Tapped on element 'Object Repository/Mobile/OR Rent New Car/android.widget.RelativeLayout3'

2018-06-25 17:24:10 - [MESSAGE][WARNING] - Timeout '0' is invalid. Using default page load timeout: '30'

2018-06-25 17:24:12 - [MESSAGE][PASSED] - Tapped on element 'Object Repository/Mobile/OR Rent New Car/android.widget.RelativeLayout3'

2018-06-25 17:24:12 - [TEST_STEP][PASSED] - tap: Tapped on element 'Object Repository/Mobile/OR Rent New Car/android.widget.TextView41 - 2'

2018-06-25 17:24:12 - [MESSAGE][WARNING] - Timeout '0' is invalid. Using default page load timeout: '30'

2018-06-25 17:24:14 - [MESSAGE][PASSED] - Tapped on element 'Object Repository/Mobile/OR Rent New Car/android.widget.TextView41 - 2'

2018-06-25 17:24:14 - [TEST_STEP][FAILED] - tap: Failed to tap on element 'Object Repository/Mobile/OR Rent New Car/android.widget.Button0 - Save' (Root cause: Object Object Repository/Mobile/OR Rent New Car/android.widget.Button0 - Save not found)

2018-06-25 17:24:14 - [MESSAGE][WARNING] - Timeout '0' is invalid. Using default page load timeout: '30'

2018-06-25 17:24:46 - [MESSAGE][FAILED] - Object Object Repository/Mobile/OR Rent New Car/android.widget.Button0 - Save not found
[[ATTACHMENT|C:\\Users\\ALIMSAPUTRA\\Katalon Studio\\Astra Movic\\Reports\\Mobile\\Rent Car By Category\\20180625_172145\\1529922284638.png]]

2018-06-25 17:24:48 - [MESSAGE][FAILED] - Failed to tap on element 'Object Repository/Mobile/OR Rent New Car/android.widget.Button0 - Save' (Root cause: Object Object Repository/Mobile/OR Rent New Car/android.widget.Button0 - Save not found)
[[ATTACHMENT|C:\\Users\\ALIMSAPUTRA\\Katalon Studio\\Astra Movic\\Reports\\Mobile\\Rent Car By Category\\20180625_172145\\1529922286639.png]]]]></system-out>
         <system-err><![CDATA[2018-06-25 17:23:54 - [TEST_CASE][FAILED] - Test Cases/Mobile/Android/Owner/SC99 Regression/TC02 Rent New Car by Category: Test Cases/Mobile/Android/Owner/SC99 Regression/TC02 Rent New Car by Category FAILED because (of) Failed to tap on element 'Object Repository/Mobile/OR Rent New Car/android.widget.Button0 - Save' (Root cause: Object Object Repository/Mobile/OR Rent New Car/android.widget.Button0 - Save not found)]]></system-err>
      </testcase>
      <system-out><![CDATA[2018-06-25 17:21:49 - [TEST_SUITE][FAILED] - Rent Car By Category: Test Cases/Mobile/Android/Owner/SC99 Regression/TC02 Rent New Car by Category FAILED because (of) Failed to tap on element 'Object Repository/Mobile/OR Rent New Car/android.widget.Button0 - Save' (Root cause: Object Object Repository/Mobile/OR Rent New Car/android.widget.Button0 - Save not found)]]></system-out>
      <system-err><![CDATA[2018-06-25 17:21:49 - [TEST_SUITE][FAILED] - Rent Car By Category: Test Cases/Mobile/Android/Owner/SC99 Regression/TC02 Rent New Car by Category FAILED because (of) Failed to tap on element 'Object Repository/Mobile/OR Rent New Car/android.widget.Button0 - Save' (Root cause: Object Object Repository/Mobile/OR Rent New Car/android.widget.Button0 - Save not found)]]></system-err>
   </testsuite>
</testsuites>
