<?xml version="1.0" encoding="UTF-8"?>
<testsuites name="Become Owner" time="216" tests="2" failures="0" errors="0">
   <testsuite name="Become Owner" tests="2" failures="0" errors="0" time="216" timestamp="2018-06-08 14:02:10" hostname="ALIMSAPUTRA - DESKTOP-5G7MA8C" id="Test Suites/Mobile/Become Owner">
      <properties>
         <property name="deviceName" value="samsung SM-J320G (Android 5.1.1)"/>
         <property name="devicePlatform" value=""/>
         <property name="logFolder" value="C:\\Users\\ALIMSAPUTRA\\Katalon Studio\\Astra Movic\\Reports\\Mobile\\Become Owner\\20180608_140205"/>
         <property name="logFiles" value="C:\\Users\\ALIMSAPUTRA\\Katalon Studio\\Astra Movic\\Reports\\Mobile\\Become Owner\\20180608_140205\\appium.log, C:\\Users\\ALIMSAPUTRA\\Katalon Studio\\Astra Movic\\Reports\\Mobile\\Become Owner\\20180608_140205\\execution0.log"/>
         <property name="attachments" value=""/>
         <property name="hostName" value="ALIMSAPUTRA - DESKTOP-5G7MA8C"/>
         <property name="os" value="Windows 10 64bit"/>
         <property name="katalonVersion" value="5.3.0.1"/>
         <property name="deviceOS" value="Android"/>
         <property name="appiumVersion" value="1.8.1"/>
         <property name="deviceModel" value="SM-J320G"/>
         <property name="hostAddress" value="10.10.10.136"/>
         <property name="deviceManufacturer" value="samsung"/>
         <property name="deviceId" value="4200d20faae66400"/>
         <property name="deviceName" value="samsung SM-J320G (Android 5.1.1)"/>
         <property name="deviceOSVersion" value="5.1.1"/>
      </properties>
      <testcase name="Test Cases/Mobile/Android/User/SC99 Regression/TC04 Login biasa with email" classname="Test Cases/Mobile/Android/User/SC99 Regression/TC04 Login biasa with email" status="PASSED">
         <system-out><![CDATA[2018-06-08 14:02:11 - [TEST_CASE][PASSED] - Test Cases/Mobile/Android/User/SC99 Regression/TC04 Login biasa with email: Test Cases/Mobile/Android/User/SC99 Regression/TC04 Login biasa with email

2018-06-08 14:02:12 - [TEST_STEP][PASSED] - startApplication: Started app at: 'C:\Users\ALIMSAPUTRA\Downloads\Movic_0.3.2_2018-05-30-debug.apk'

2018-06-08 14:03:33 - [MESSAGE][PASSED] - Started app at: 'C:\Users\ALIMSAPUTRA\Downloads\Movic_0.3.2_2018-05-30-debug.apk'

2018-06-08 14:03:33 - [TEST_STEP][PASSED] - tap: Tapped on element 'Object Repository/Mobile/OR Login biasa with email/android.widget.TextView3 - Indonesia'

2018-06-08 14:03:33 - [MESSAGE][WARNING] - Timeout '0' is invalid. Using default page load timeout: '30'

2018-06-08 14:03:36 - [MESSAGE][PASSED] - Tapped on element 'Object Repository/Mobile/OR Login biasa with email/android.widget.TextView3 - Indonesia'

2018-06-08 14:03:36 - [TEST_STEP][PASSED] - tap: Tapped on element 'Object Repository/Mobile/OR Login biasa with email/android.widget.ImageView4'

2018-06-08 14:03:36 - [MESSAGE][WARNING] - Timeout '0' is invalid. Using default page load timeout: '30'

2018-06-08 14:03:38 - [MESSAGE][PASSED] - Tapped on element 'Object Repository/Mobile/OR Login biasa with email/android.widget.ImageView4'

2018-06-08 14:03:38 - [TEST_STEP][PASSED] - tap: Tapped on element 'Object Repository/Mobile/OR Login biasa with email/android.widget.TextView2 - Lewati'

2018-06-08 14:03:38 - [MESSAGE][WARNING] - Timeout '0' is invalid. Using default page load timeout: '30'

2018-06-08 14:03:40 - [MESSAGE][PASSED] - Tapped on element 'Object Repository/Mobile/OR Login biasa with email/android.widget.TextView2 - Lewati'

2018-06-08 14:03:40 - [TEST_STEP][PASSED] - tap: Tapped on element 'Object Repository/Mobile/OR Login biasa with email/android.widget.TextView0 - Log in'

2018-06-08 14:03:40 - [MESSAGE][WARNING] - Timeout '0' is invalid. Using default page load timeout: '30'

2018-06-08 14:03:41 - [MESSAGE][PASSED] - Tapped on element 'Object Repository/Mobile/OR Login biasa with email/android.widget.TextView0 - Log in'

2018-06-08 14:03:41 - [TEST_STEP][PASSED] - setText: Text 'ali.saputra@wgs.co.id' has been set to element 'Object Repository/Mobile/OR Login biasa with email/android.widget.EditText0'

2018-06-08 14:03:42 - [MESSAGE][WARNING] - Timeout '0' is invalid. Using default page load timeout: '30'

2018-06-08 14:03:53 - [MESSAGE][PASSED] - Text 'ali.saputra@wgs.co.id' has been set to element 'Object Repository/Mobile/OR Login biasa with email/android.widget.EditText0'

2018-06-08 14:03:53 - [TEST_STEP][PASSED] - tap: Tapped on element 'Object Repository/Mobile/OR Login biasa with email/android.widget.Button0 - Next'

2018-06-08 14:03:53 - [MESSAGE][WARNING] - Timeout '0' is invalid. Using default page load timeout: '30'

2018-06-08 14:03:54 - [MESSAGE][PASSED] - Tapped on element 'Object Repository/Mobile/OR Login biasa with email/android.widget.Button0 - Next'

2018-06-08 14:03:54 - [TEST_STEP][PASSED] - tap: Tapped on element 'Object Repository/Mobile/OR Login biasa with email/android.widget.EditText0 (1)'

2018-06-08 14:03:54 - [MESSAGE][WARNING] - Timeout '0' is invalid. Using default page load timeout: '30'

2018-06-08 14:04:00 - [MESSAGE][PASSED] - Tapped on element 'Object Repository/Mobile/OR Login biasa with email/android.widget.EditText0 (1)'

2018-06-08 14:04:00 - [TEST_STEP][PASSED] - setText: Text 'Walden1234' has been set to element 'Object Repository/Mobile/OR Login biasa with email/android.widget.EditText0 (1)'

2018-06-08 14:04:00 - [MESSAGE][WARNING] - Timeout '0' is invalid. Using default page load timeout: '30'

2018-06-08 14:04:14 - [MESSAGE][PASSED] - Text 'Walden1234' has been set to element 'Object Repository/Mobile/OR Login biasa with email/android.widget.EditText0 (1)'

2018-06-08 14:04:14 - [TEST_STEP][PASSED] - tap: Tapped on element 'Object Repository/Mobile/OR Login biasa with email/android.widget.Button0 - Mulai Movic'

2018-06-08 14:04:14 - [MESSAGE][WARNING] - Timeout '0' is invalid. Using default page load timeout: '30'

2018-06-08 14:04:15 - [MESSAGE][PASSED] - Tapped on element 'Object Repository/Mobile/OR Login biasa with email/android.widget.Button0 - Mulai Movic'

2018-06-08 14:04:15 - [TEST_STEP][NOT_RUN] - closeApplication: NOT_RUN: closeApplication

2018-06-08 14:04:15 - [MESSAGE][NOT_RUN] - NOT_RUN: closeApplication]]></system-out>
         <system-err><![CDATA[]]></system-err>
      </testcase>
      <testcase name="Test Cases/Mobile/Android/Owner/SC99 Regression/TC01 Become Owner" classname="Test Cases/Mobile/Android/Owner/SC99 Regression/TC01 Become Owner" status="PASSED">
         <system-out><![CDATA[2018-06-08 14:04:15 - [TEST_CASE][PASSED] - Test Cases/Mobile/Android/Owner/SC99 Regression/TC01 Become Owner: Test Cases/Mobile/Android/Owner/SC99 Regression/TC01 Become Owner

2018-06-08 14:04:15 - [TEST_STEP][NOT_RUN] - startApplication: NOT_RUN: startApplication

2018-06-08 14:04:15 - [MESSAGE][NOT_RUN] - NOT_RUN: startApplication

2018-06-08 14:04:15 - [TEST_STEP][PASSED] - tap: Tapped on element 'Object Repository/OR Become Owner/android.widget.ImageView0'

2018-06-08 14:04:15 - [MESSAGE][WARNING] - Timeout '0' is invalid. Using default page load timeout: '30'

2018-06-08 14:04:18 - [MESSAGE][PASSED] - Tapped on element 'Object Repository/OR Become Owner/android.widget.ImageView0'

2018-06-08 14:04:18 - [TEST_STEP][PASSED] - tap: Tapped on element 'Object Repository/OR Become Owner/android.widget.TextView15 - Switch to vehicle owner'

2018-06-08 14:04:18 - [MESSAGE][WARNING] - Timeout '0' is invalid. Using default page load timeout: '30'

2018-06-08 14:04:20 - [MESSAGE][PASSED] - Tapped on element 'Object Repository/OR Become Owner/android.widget.TextView15 - Switch to vehicle owner'

2018-06-08 14:04:20 - [TEST_STEP][PASSED] - tap: Tapped on element 'Object Repository/OR Become Owner/android.widget.Button0 - Get Started'

2018-06-08 14:04:20 - [MESSAGE][WARNING] - Timeout '0' is invalid. Using default page load timeout: '30'

2018-06-08 14:04:22 - [MESSAGE][PASSED] - Tapped on element 'Object Repository/OR Become Owner/android.widget.Button0 - Get Started'

2018-06-08 14:04:22 - [TEST_STEP][PASSED] - tap: Tapped on element 'Object Repository/OR Become Owner/android.widget.Button0 - Ok'

2018-06-08 14:04:22 - [MESSAGE][WARNING] - Timeout '0' is invalid. Using default page load timeout: '30'

2018-06-08 14:04:23 - [MESSAGE][PASSED] - Tapped on element 'Object Repository/OR Become Owner/android.widget.Button0 - Ok'

2018-06-08 14:04:23 - [TEST_STEP][PASSED] - tap: Tapped on element 'Object Repository/OR Become Owner/android.widget.ImageView2'

2018-06-08 14:04:23 - [MESSAGE][WARNING] - Timeout '0' is invalid. Using default page load timeout: '30'

2018-06-08 14:04:25 - [MESSAGE][PASSED] - Tapped on element 'Object Repository/OR Become Owner/android.widget.ImageView2'

2018-06-08 14:04:25 - [TEST_STEP][PASSED] - tap: Tapped on element 'Object Repository/OR Become Owner/android.widget.Button0 - Use This Photo'

2018-06-08 14:04:25 - [MESSAGE][WARNING] - Timeout '0' is invalid. Using default page load timeout: '30'

2018-06-08 14:04:26 - [MESSAGE][PASSED] - Tapped on element 'Object Repository/OR Become Owner/android.widget.Button0 - Use This Photo'

2018-06-08 14:04:26 - [TEST_STEP][PASSED] - tap: Tapped on element 'Object Repository/OR Become Owner/android.widget.Button0 - Ok (1)'

2018-06-08 14:04:26 - [MESSAGE][WARNING] - Timeout '0' is invalid. Using default page load timeout: '30'

2018-06-08 14:04:32 - [MESSAGE][PASSED] - Tapped on element 'Object Repository/OR Become Owner/android.widget.Button0 - Ok (1)'

2018-06-08 14:04:32 - [TEST_STEP][PASSED] - tap: Tapped on element 'Object Repository/OR Become Owner/android.widget.ImageView2'

2018-06-08 14:04:32 - [MESSAGE][WARNING] - Timeout '0' is invalid. Using default page load timeout: '30'

2018-06-08 14:04:33 - [MESSAGE][PASSED] - Tapped on element 'Object Repository/OR Become Owner/android.widget.ImageView2'

2018-06-08 14:04:33 - [TEST_STEP][PASSED] - tap: Tapped on element 'Object Repository/OR Become Owner/android.widget.Button0 - Use This Photo'

2018-06-08 14:04:33 - [MESSAGE][WARNING] - Timeout '0' is invalid. Using default page load timeout: '30'

2018-06-08 14:04:34 - [MESSAGE][PASSED] - Tapped on element 'Object Repository/OR Become Owner/android.widget.Button0 - Use This Photo'

2018-06-08 14:04:34 - [TEST_STEP][PASSED] - tap: Tapped on element 'Object Repository/OR Become Owner/android.widget.Button0 - Ok (1)'

2018-06-08 14:04:34 - [MESSAGE][WARNING] - Timeout '0' is invalid. Using default page load timeout: '30'

2018-06-08 14:04:43 - [MESSAGE][PASSED] - Tapped on element 'Object Repository/OR Become Owner/android.widget.Button0 - Ok (1)'

2018-06-08 14:04:43 - [TEST_STEP][PASSED] - tap: Tapped on element 'Object Repository/OR Become Owner/android.widget.ImageView2'

2018-06-08 14:04:43 - [MESSAGE][WARNING] - Timeout '0' is invalid. Using default page load timeout: '30'

2018-06-08 14:04:44 - [MESSAGE][PASSED] - Tapped on element 'Object Repository/OR Become Owner/android.widget.ImageView2'

2018-06-08 14:04:44 - [TEST_STEP][PASSED] - tap: Tapped on element 'Object Repository/OR Become Owner/android.widget.Button0 - Use This Photo'

2018-06-08 14:04:44 - [MESSAGE][WARNING] - Timeout '0' is invalid. Using default page load timeout: '30'

2018-06-08 14:04:45 - [MESSAGE][PASSED] - Tapped on element 'Object Repository/OR Become Owner/android.widget.Button0 - Use This Photo'

2018-06-08 14:04:45 - [TEST_STEP][PASSED] - tap: Tapped on element 'Object Repository/OR Become Owner/android.widget.ImageView1'

2018-06-08 14:04:45 - [MESSAGE][WARNING] - Timeout '0' is invalid. Using default page load timeout: '30'

2018-06-08 14:04:53 - [MESSAGE][PASSED] - Tapped on element 'Object Repository/OR Become Owner/android.widget.ImageView1'

2018-06-08 14:04:53 - [TEST_STEP][PASSED] - tap: Tapped on element 'Object Repository/OR Become Owner/android.widget.ImageView2'

2018-06-08 14:04:53 - [MESSAGE][WARNING] - Timeout '0' is invalid. Using default page load timeout: '30'

2018-06-08 14:04:54 - [MESSAGE][PASSED] - Tapped on element 'Object Repository/OR Become Owner/android.widget.ImageView2'

2018-06-08 14:04:54 - [TEST_STEP][PASSED] - tap: Tapped on element 'Object Repository/OR Become Owner/android.widget.Button0 - Next'

2018-06-08 14:04:54 - [MESSAGE][WARNING] - Timeout '0' is invalid. Using default page load timeout: '30'

2018-06-08 14:04:55 - [MESSAGE][PASSED] - Tapped on element 'Object Repository/OR Become Owner/android.widget.Button0 - Next'

2018-06-08 14:04:55 - [TEST_STEP][PASSED] - setText: Text 'Ali Rental' has been set to element 'Object Repository/OR Become Owner/android.widget.EditText0'

2018-06-08 14:04:55 - [MESSAGE][WARNING] - Timeout '0' is invalid. Using default page load timeout: '30'

2018-06-08 14:05:06 - [MESSAGE][PASSED] - Text 'Ali Rental' has been set to element 'Object Repository/OR Become Owner/android.widget.EditText0'

2018-06-08 14:05:06 - [TEST_STEP][PASSED] - tap: Tapped on element 'Object Repository/OR Become Owner/android.widget.Button0 - Next (1)'

2018-06-08 14:05:06 - [MESSAGE][WARNING] - Timeout '0' is invalid. Using default page load timeout: '30'

2018-06-08 14:05:08 - [MESSAGE][PASSED] - Tapped on element 'Object Repository/OR Become Owner/android.widget.Button0 - Next (1)'

2018-06-08 14:05:08 - [TEST_STEP][PASSED] - tap: Tapped on element 'Object Repository/OR Become Owner/android.widget.LinearLayout3'

2018-06-08 14:05:08 - [MESSAGE][WARNING] - Timeout '0' is invalid. Using default page load timeout: '30'

2018-06-08 14:05:11 - [MESSAGE][PASSED] - Tapped on element 'Object Repository/OR Become Owner/android.widget.LinearLayout3'

2018-06-08 14:05:11 - [TEST_STEP][PASSED] - tap: Tapped on element 'Object Repository/OR Become Owner/android.widget.Button0 - Confirm'

2018-06-08 14:05:11 - [MESSAGE][WARNING] - Timeout '0' is invalid. Using default page load timeout: '30'

2018-06-08 14:05:15 - [MESSAGE][PASSED] - Tapped on element 'Object Repository/OR Become Owner/android.widget.Button0 - Confirm'

2018-06-08 14:05:15 - [TEST_STEP][PASSED] - setText: Text 'Bandung' has been set to element 'Object Repository/OR Become Owner/android.widget.EditText0 (1)'

2018-06-08 14:05:15 - [MESSAGE][WARNING] - Timeout '0' is invalid. Using default page load timeout: '30'

2018-06-08 14:05:25 - [MESSAGE][PASSED] - Text 'Bandung' has been set to element 'Object Repository/OR Become Owner/android.widget.EditText0 (1)'

2018-06-08 14:05:25 - [TEST_STEP][PASSED] - tap: Tapped on element 'Object Repository/OR Become Owner/android.widget.LinearLayout6 - Complete Address (Optional)'

2018-06-08 14:05:25 - [MESSAGE][WARNING] - Timeout '0' is invalid. Using default page load timeout: '30'

2018-06-08 14:05:26 - [MESSAGE][PASSED] - Tapped on element 'Object Repository/OR Become Owner/android.widget.LinearLayout6 - Complete Address (Optional)'

2018-06-08 14:05:26 - [TEST_STEP][PASSED] - hideKeyboard: Keyboard is hidden

2018-06-08 14:05:27 - [MESSAGE][PASSED] - Keyboard is hidden

2018-06-08 14:05:27 - [TEST_STEP][PASSED] - tap: Tapped on element 'Object Repository/OR Become Owner/android.widget.Button0 - Next (2)'

2018-06-08 14:05:27 - [MESSAGE][WARNING] - Timeout '0' is invalid. Using default page load timeout: '30'

2018-06-08 14:05:29 - [MESSAGE][PASSED] - Tapped on element 'Object Repository/OR Become Owner/android.widget.Button0 - Next (2)'

2018-06-08 14:05:29 - [TEST_STEP][PASSED] - setText: Text 'Cheap & Quality' has been set to element 'Object Repository/OR Become Owner/android.widget.EditText0 (2)'

2018-06-08 14:05:29 - [MESSAGE][WARNING] - Timeout '0' is invalid. Using default page load timeout: '30'

2018-06-08 14:05:40 - [MESSAGE][PASSED] - Text 'Cheap & Quality' has been set to element 'Object Repository/OR Become Owner/android.widget.EditText0 (2)'

2018-06-08 14:05:40 - [TEST_STEP][PASSED] - hideKeyboard: Keyboard is hidden

2018-06-08 14:05:40 - [MESSAGE][PASSED] - Keyboard is hidden

2018-06-08 14:05:41 - [TEST_STEP][PASSED] - closeApplication: Close app successfully

2018-06-08 14:05:47 - [MESSAGE][PASSED] - Close app successfully]]></system-out>
         <system-err><![CDATA[]]></system-err>
      </testcase>
      <system-out><![CDATA[2018-06-08 14:02:10 - [TEST_SUITE][PASSED] - Become Owner: Test Cases/Mobile/Android/Owner/SC99 Regression/TC01 Become Owner]]></system-out>
      <system-err><![CDATA[]]></system-err>
   </testsuite>
</testsuites>
