<?xml version="1.0" encoding="UTF-8"?>
<testsuites name="Login dan Become Owner" time="50" tests="0" failures="2" errors="0">
   <testsuite name="Login dan Become Owner" tests="0" failures="2" errors="0" time="50" timestamp="2018-06-26 15:07:31" hostname="Sandi - DESKTOP-IO1HPO8" id="Test Suites/Front-End/Login dan Become Owner">
      <properties>
         <property name="deviceName" value=""/>
         <property name="devicePlatform" value=""/>
         <property name="logFolder" value="C:\\Users\\Sandi\\Documents\\Katalon Projects\\Projects\\Astra Movic\\Reports\\Front-End\\Login dan Become Owner\\20180626_150729"/>
         <property name="logFiles" value="C:\\Users\\Sandi\\Documents\\Katalon Projects\\Projects\\Astra Movic\\Reports\\Front-End\\Login dan Become Owner\\20180626_150729\\execution0.log"/>
         <property name="attachments" value="C:\\Users\\Sandi\\Documents\\Katalon Projects\\Projects\\Astra Movic\\Reports\\Front-End\\Login dan Become Owner\\20180626_150729\\1530000492414.png"/>
         <property name="hostName" value="Sandi - DESKTOP-IO1HPO8"/>
         <property name="os" value="Windows 10 64bit"/>
         <property name="katalonVersion" value="5.3.0.1"/>
         <property name="browser" value="Chrome 67.0.3396.87"/>
         <property name="hostAddress" value="127.0.0.1"/>
         <property name="sessionId" value="e9f530125eb4214a588af2b888e5c4ef"/>
         <property name="seleniumVersion" value="3.7.1"/>
         <property name="proxyInformation" value="ProxyInformation{proxyOption=NO_PROXY, proxyServerType=, password=, proxyServerAddress=, proxyServerPort=0}"/>
         <property name="platform" value="Windows 10"/>
      </properties>
      <testcase name="Test Cases/Front-End/User/SC99 Regression/TC04 Login Biasa with email" classname="Test Cases/Front-End/User/SC99 Regression/TC04 Login Biasa with email" status="FAILED">
         <failure type="FAILED" message="Unable to click on object 'Object Repository/Front-End/OR Login Biasa with email/Page_Home/a_Masuk' (Root cause: com.kms.katalon.core.webui.exception.WebElementNotFoundException: Web element with id: 'Object Repository/Front-End/OR Login Biasa with email/Page_Home/a_Masuk' located by 'By.xpath: //a[(text() = '
        Masuk
        
          
              
    Success..
    

    Loading..


    
        
            Email/Nomor Handphone
            
            Wrong email or phone number.
        
        
            Password
            
            
            Wrong password.
        
        
             Ingat saya
            Lupa password ?
        
        
            User belum aktif ?  Kirim ulang aktivasi
        
        
        
        
            MASUK
        
    


              atau
              
                
                
                
              
          
        
      ' or . = '
        Masuk
        
          
              
    Success..
    

    Loading..


    
        
            Email/Nomor Handphone
            
            Wrong email or phone number.
        
        
            Password
            
            
            Wrong password.
        
        
             Ingat saya
            Lupa password ?
        
        
            User belum aktif ?  Kirim ulang aktivasi
        
        
        
        
            MASUK
        
    


              atau
              
                
                
                
              
          
        
      ')]' not found)"/>
         <system-out><![CDATA[2018-06-26 15:07:31 - [TEST_CASE][FAILED] - Test Cases/Front-End/User/SC99 Regression/TC04 Login Biasa with email: Test Cases/Front-End/User/SC99 Regression/TC04 Login Biasa with email FAILED because (of) Unable to click on object 'Object Repository/Front-End/OR Login Biasa with email/Page_Home/a_Masuk' (Root cause: com.kms.katalon.core.webui.exception.WebElementNotFoundException: Web element with id: 'Object Repository/Front-End/OR Login Biasa with email/Page_Home/a_Masuk' located by 'By.xpath: //a[(text() = '
        Masuk
        
          
              
    Success..
    

    Loading..


    
        
            Email/Nomor Handphone
            
            Wrong email or phone number.
        
        
            Password
            
            
            Wrong password.
        
        
             Ingat saya
            Lupa password ?
        
        
            User belum aktif ?  Kirim ulang aktivasi
        
        
        
        
            MASUK
        
    


              atau
              
                
                
                
              
          
        
      ' or . = '
        Masuk
        
          
              
    Success..
    

    Loading..


    
        
            Email/Nomor Handphone
            
            Wrong email or phone number.
        
        
            Password
            
            
            Wrong password.
        
        
             Ingat saya
            Lupa password ?
        
        
            User belum aktif ?  Kirim ulang aktivasi
        
        
        
        
            MASUK
        
    


              atau
              
                
                
                
              
          
        
      ')]' not found)

2018-06-26 15:07:32 - [TEST_STEP][PASSED] - openBrowser: Browser is opened with url: ''

2018-06-26 15:07:37 - [MESSAGE][PASSED] - Browser is opened with url: ''

2018-06-26 15:07:37 - [TEST_STEP][PASSED] - maximizeWindow: Current window maximized

2018-06-26 15:07:39 - [MESSAGE][PASSED] - Current window maximized

2018-06-26 15:07:39 - [TEST_STEP][PASSED] - navigateToUrl: Navigate to 'http://movic.stagingapps.net/home' successfully

2018-06-26 15:07:40 - [MESSAGE][PASSED] - Navigate to 'http://movic.stagingapps.net/home' successfully

2018-06-26 15:07:40 - [TEST_STEP][PASSED] - waitForPageLoad: Wait for page load successfully

2018-06-26 15:07:41 - [MESSAGE][PASSED] - Wait for page load successfully

2018-06-26 15:07:41 - [TEST_STEP][FAILED] - click: Unable to click on object 'Object Repository/Front-End/OR Login Biasa with email/Page_Home/a_Masuk' (Root cause: com.kms.katalon.core.webui.exception.WebElementNotFoundException: Web element with id: 'Object Repository/Front-End/OR Login Biasa with email/Page_Home/a_Masuk' located by 'By.xpath: //a[(text() = '
        Masuk
        
          
              
    Success..
    

    Loading..


    
        
            Email/Nomor Handphone
            
            Wrong email or phone number.
        
        
            Password
            
            
            Wrong password.
        
        
             Ingat saya
            Lupa password ?
        
        
            User belum aktif ?  Kirim ulang aktivasi
        
        
        
        
            MASUK
        
    


              atau
              
                
                
                
              
          
        
      ' or . = '
        Masuk
        
          
              
    Success..
    

    Loading..


    
        
            Email/Nomor Handphone
            
            Wrong email or phone number.
        
        
            Password
            
            
            Wrong password.
        
        
             Ingat saya
            Lupa password ?
        
        
            User belum aktif ?  Kirim ulang aktivasi
        
        
        
        
            MASUK
        
    


              atau
              
                
                
                
              
          
        
      ')]' not found)

2018-06-26 15:08:13 - [MESSAGE][FAILED] - Unable to click on object 'Object Repository/Front-End/OR Login Biasa with email/Page_Home/a_Masuk' (Root cause: com.kms.katalon.core.webui.exception.WebElementNotFoundException: Web element with id: 'Object Repository/Front-End/OR Login Biasa with email/Page_Home/a_Masuk' located by 'By.xpath: //a[(text() = '
        Masuk
        
          
              
    Success..
    

    Loading..


    
        
            Email/Nomor Handphone
            
            Wrong email or phone number.
        
        
            Password
            
            
            Wrong password.
        
        
             Ingat saya
            Lupa password ?
        
        
            User belum aktif ?  Kirim ulang aktivasi
        
        
        
        
            MASUK
        
    


              atau
              
                
                
                
              
          
        
      ' or . = '
        Masuk
        
          
              
    Success..
    

    Loading..


    
        
            Email/Nomor Handphone
            
            Wrong email or phone number.
        
        
            Password
            
            
            Wrong password.
        
        
             Ingat saya
            Lupa password ?
        
        
            User belum aktif ?  Kirim ulang aktivasi
        
        
        
        
            MASUK
        
    


              atau
              
                
                
                
              
          
        
      ')]' not found)
[[ATTACHMENT|C:\\Users\\Sandi\\Documents\\Katalon Projects\\Projects\\Astra Movic\\Reports\\Front-End\\Login dan Become Owner\\20180626_150729\\1530000492414.png]]]]></system-out>
         <system-err><![CDATA[2018-06-26 15:07:31 - [TEST_CASE][FAILED] - Test Cases/Front-End/User/SC99 Regression/TC04 Login Biasa with email: Test Cases/Front-End/User/SC99 Regression/TC04 Login Biasa with email FAILED because (of) Unable to click on object 'Object Repository/Front-End/OR Login Biasa with email/Page_Home/a_Masuk' (Root cause: com.kms.katalon.core.webui.exception.WebElementNotFoundException: Web element with id: 'Object Repository/Front-End/OR Login Biasa with email/Page_Home/a_Masuk' located by 'By.xpath: //a[(text() = '
        Masuk
        
          
              
    Success..
    

    Loading..


    
        
            Email/Nomor Handphone
            
            Wrong email or phone number.
        
        
            Password
            
            
            Wrong password.
        
        
             Ingat saya
            Lupa password ?
        
        
            User belum aktif ?  Kirim ulang aktivasi
        
        
        
        
            MASUK
        
    


              atau
              
                
                
                
              
          
        
      ' or . = '
        Masuk
        
          
              
    Success..
    

    Loading..


    
        
            Email/Nomor Handphone
            
            Wrong email or phone number.
        
        
            Password
            
            
            Wrong password.
        
        
             Ingat saya
            Lupa password ?
        
        
            User belum aktif ?  Kirim ulang aktivasi
        
        
        
        
            MASUK
        
    


              atau
              
                
                
                
              
          
        
      ')]' not found)]]></system-err>
      </testcase>
      <testcase name="Test Cases/Front-End/Owner/SC01 Validasi Photo/TC06 Upload menggunakan gallery" classname="Test Cases/Front-End/Owner/SC01 Validasi Photo/TC06 Upload menggunakan gallery" status="FAILED">
         <failure type="FAILED" message="Unable to click on object 'Object Repository/Front-End/OR Upload menggunakan Gallery/Page_Home/a_Bergabung menjadi Vehicle Ow' (Root cause: org.openqa.selenium.NoSuchWindowException: no such window: target window already closed
from unknown error: web view not found
  (Session info: chrome=67.0.3396.87)
  (Driver info: chromedriver=2.35.528161 (5b82f2d2aae0ca24b877009200ced9065a772e73),platform=Windows NT 10.0.17134 x86_64) (WARNING: The server did not provide any stacktrace information)
Command duration or timeout: 0 milliseconds
Build info: version: '3.7.1', revision: '8a0099a', time: '2017-11-06T21:07:36.161Z'
System info: host: 'DESKTOP-IO1HPO8', ip: '10.10.10.233', os.name: 'Windows 10', os.arch: 'amd64', os.version: '10.0', java.version: '1.8.0_102'
Driver info: com.kms.katalon.selenium.driver.CChromeDriver
Capabilities {acceptInsecureCerts: false, acceptSslCerts: false, applicationCacheEnabled: false, browserConnectionEnabled: false, browserName: chrome, chrome: {chromedriverVersion: 2.35.528161 (5b82f2d2aae0ca..., userDataDir: C:\Users\Sandi\AppData\Loca...}, cssSelectorsEnabled: true, databaseEnabled: false, handlesAlerts: true, hasTouchScreen: false, javascriptEnabled: true, locationContextEnabled: true, mobileEmulationEnabled: false, nativeEvents: true, networkConnectionEnabled: false, pageLoadStrategy: normal, platform: XP, platformName: XP, rotatable: false, setWindowRect: true, takesHeapSnapshot: true, takesScreenshot: true, unexpectedAlertBehaviour: , unhandledPromptBehavior: , version: 67.0.3396.87, webStorageEnabled: true}
Session ID: e9f530125eb4214a588af2b888e5c4ef
*** Element info: {Using=xpath, value=//a[@href = '/be-come-owner' and (text() = 'Bergabung menjadi Vehicle Owner' or . = 'Bergabung menjadi Vehicle Owner')]})"/>
         <system-out><![CDATA[2018-06-26 15:08:13 - [TEST_CASE][FAILED] - Test Cases/Front-End/Owner/SC01 Validasi Photo/TC06 Upload menggunakan gallery: Test Cases/Front-End/Owner/SC01 Validasi Photo/TC06 Upload menggunakan gallery FAILED because (of) Unable to click on object 'Object Repository/Front-End/OR Upload menggunakan Gallery/Page_Home/a_Bergabung menjadi Vehicle Ow' (Root cause: org.openqa.selenium.NoSuchWindowException: no such window: target window already closed
from unknown error: web view not found
  (Session info: chrome=67.0.3396.87)
  (Driver info: chromedriver=2.35.528161 (5b82f2d2aae0ca24b877009200ced9065a772e73),platform=Windows NT 10.0.17134 x86_64) (WARNING: The server did not provide any stacktrace information)
Command duration or timeout: 0 milliseconds
Build info: version: '3.7.1', revision: '8a0099a', time: '2017-11-06T21:07:36.161Z'
System info: host: 'DESKTOP-IO1HPO8', ip: '10.10.10.233', os.name: 'Windows 10', os.arch: 'amd64', os.version: '10.0', java.version: '1.8.0_102'
Driver info: com.kms.katalon.selenium.driver.CChromeDriver
Capabilities {acceptInsecureCerts: false, acceptSslCerts: false, applicationCacheEnabled: false, browserConnectionEnabled: false, browserName: chrome, chrome: {chromedriverVersion: 2.35.528161 (5b82f2d2aae0ca..., userDataDir: C:\Users\Sandi\AppData\Loca...}, cssSelectorsEnabled: true, databaseEnabled: false, handlesAlerts: true, hasTouchScreen: false, javascriptEnabled: true, locationContextEnabled: true, mobileEmulationEnabled: false, nativeEvents: true, networkConnectionEnabled: false, pageLoadStrategy: normal, platform: XP, platformName: XP, rotatable: false, setWindowRect: true, takesHeapSnapshot: true, takesScreenshot: true, unexpectedAlertBehaviour: , unhandledPromptBehavior: , version: 67.0.3396.87, webStorageEnabled: true}
Session ID: e9f530125eb4214a588af2b888e5c4ef
*** Element info: {Using=xpath, value=//a[@href = '/be-come-owner' and (text() = 'Bergabung menjadi Vehicle Owner' or . = 'Bergabung menjadi Vehicle Owner')]})

2018-06-26 15:08:14 - [TEST_STEP][NOT_RUN] - openBrowser: NOT_RUN: openBrowser

2018-06-26 15:08:14 - [MESSAGE][NOT_RUN] - NOT_RUN: openBrowser

2018-06-26 15:08:14 - [TEST_STEP][NOT_RUN] - maximizeWindow: NOT_RUN: maximizeWindow

2018-06-26 15:08:14 - [MESSAGE][NOT_RUN] - NOT_RUN: maximizeWindow

2018-06-26 15:08:14 - [TEST_STEP][NOT_RUN] - navigateToUrl: NOT_RUN: navigateToUrl

2018-06-26 15:08:14 - [MESSAGE][NOT_RUN] - NOT_RUN: navigateToUrl

2018-06-26 15:08:14 - [TEST_STEP][NOT_RUN] - waitForPageLoad: NOT_RUN: waitForPageLoad

2018-06-26 15:08:14 - [MESSAGE][NOT_RUN] - NOT_RUN: waitForPageLoad

2018-06-26 15:08:14 - [TEST_STEP][NOT_RUN] - click: NOT_RUN: click

2018-06-26 15:08:14 - [MESSAGE][NOT_RUN] - NOT_RUN: click

2018-06-26 15:08:14 - [TEST_STEP][NOT_RUN] - setText: NOT_RUN: setText

2018-06-26 15:08:14 - [MESSAGE][NOT_RUN] - NOT_RUN: setText

2018-06-26 15:08:14 - [TEST_STEP][NOT_RUN] - setText: NOT_RUN: setText

2018-06-26 15:08:14 - [MESSAGE][NOT_RUN] - NOT_RUN: setText

2018-06-26 15:08:14 - [TEST_STEP][NOT_RUN] - click: NOT_RUN: click

2018-06-26 15:08:14 - [MESSAGE][NOT_RUN] - NOT_RUN: click

2018-06-26 15:08:14 - [TEST_STEP][PASSED] - delay: Delayed 3 second(s)

2018-06-26 15:08:17 - [MESSAGE][PASSED] - Delayed 3 second(s)

2018-06-26 15:08:17 - [TEST_STEP][PASSED] - refresh: Refresh successfully

2018-06-26 15:08:18 - [MESSAGE][PASSED] - Refresh successfully

2018-06-26 15:08:18 - [TEST_STEP][FAILED] - click: Unable to click on object 'Object Repository/Front-End/OR Upload menggunakan Gallery/Page_Home/a_Bergabung menjadi Vehicle Ow' (Root cause: org.openqa.selenium.NoSuchWindowException: no such window: target window already closed
from unknown error: web view not found
  (Session info: chrome=67.0.3396.87)
  (Driver info: chromedriver=2.35.528161 (5b82f2d2aae0ca24b877009200ced9065a772e73),platform=Windows NT 10.0.17134 x86_64) (WARNING: The server did not provide any stacktrace information)
Command duration or timeout: 0 milliseconds
Build info: version: '3.7.1', revision: '8a0099a', time: '2017-11-06T21:07:36.161Z'
System info: host: 'DESKTOP-IO1HPO8', ip: '10.10.10.233', os.name: 'Windows 10', os.arch: 'amd64', os.version: '10.0', java.version: '1.8.0_102'
Driver info: com.kms.katalon.selenium.driver.CChromeDriver
Capabilities {acceptInsecureCerts: false, acceptSslCerts: false, applicationCacheEnabled: false, browserConnectionEnabled: false, browserName: chrome, chrome: {chromedriverVersion: 2.35.528161 (5b82f2d2aae0ca..., userDataDir: C:\Users\Sandi\AppData\Loca...}, cssSelectorsEnabled: true, databaseEnabled: false, handlesAlerts: true, hasTouchScreen: false, javascriptEnabled: true, locationContextEnabled: true, mobileEmulationEnabled: false, nativeEvents: true, networkConnectionEnabled: false, pageLoadStrategy: normal, platform: XP, platformName: XP, rotatable: false, setWindowRect: true, takesHeapSnapshot: true, takesScreenshot: true, unexpectedAlertBehaviour: , unhandledPromptBehavior: , version: 67.0.3396.87, webStorageEnabled: true}
Session ID: e9f530125eb4214a588af2b888e5c4ef
*** Element info: {Using=xpath, value=//a[@href = '/be-come-owner' and (text() = 'Bergabung menjadi Vehicle Owner' or . = 'Bergabung menjadi Vehicle Owner')]})

2018-06-26 15:08:20 - [MESSAGE][WARNING] - Cannot take screenshot

2018-06-26 15:08:20 - [MESSAGE][FAILED] - Unable to click on object 'Object Repository/Front-End/OR Upload menggunakan Gallery/Page_Home/a_Bergabung menjadi Vehicle Ow' (Root cause: org.openqa.selenium.NoSuchWindowException: no such window: target window already closed
from unknown error: web view not found
  (Session info: chrome=67.0.3396.87)
  (Driver info: chromedriver=2.35.528161 (5b82f2d2aae0ca24b877009200ced9065a772e73),platform=Windows NT 10.0.17134 x86_64) (WARNING: The server did not provide any stacktrace information)
Command duration or timeout: 0 milliseconds
Build info: version: '3.7.1', revision: '8a0099a', time: '2017-11-06T21:07:36.161Z'
System info: host: 'DESKTOP-IO1HPO8', ip: '10.10.10.233', os.name: 'Windows 10', os.arch: 'amd64', os.version: '10.0', java.version: '1.8.0_102'
Driver info: com.kms.katalon.selenium.driver.CChromeDriver
Capabilities {acceptInsecureCerts: false, acceptSslCerts: false, applicationCacheEnabled: false, browserConnectionEnabled: false, browserName: chrome, chrome: {chromedriverVersion: 2.35.528161 (5b82f2d2aae0ca..., userDataDir: C:\Users\Sandi\AppData\Loca...}, cssSelectorsEnabled: true, databaseEnabled: false, handlesAlerts: true, hasTouchScreen: false, javascriptEnabled: true, locationContextEnabled: true, mobileEmulationEnabled: false, nativeEvents: true, networkConnectionEnabled: false, pageLoadStrategy: normal, platform: XP, platformName: XP, rotatable: false, setWindowRect: true, takesHeapSnapshot: true, takesScreenshot: true, unexpectedAlertBehaviour: , unhandledPromptBehavior: , version: 67.0.3396.87, webStorageEnabled: true}
Session ID: e9f530125eb4214a588af2b888e5c4ef
*** Element info: {Using=xpath, value=//a[@href = '/be-come-owner' and (text() = 'Bergabung menjadi Vehicle Owner' or . = 'Bergabung menjadi Vehicle Owner')]})]]></system-out>
         <system-err><![CDATA[2018-06-26 15:08:13 - [TEST_CASE][FAILED] - Test Cases/Front-End/Owner/SC01 Validasi Photo/TC06 Upload menggunakan gallery: Test Cases/Front-End/Owner/SC01 Validasi Photo/TC06 Upload menggunakan gallery FAILED because (of) Unable to click on object 'Object Repository/Front-End/OR Upload menggunakan Gallery/Page_Home/a_Bergabung menjadi Vehicle Ow' (Root cause: org.openqa.selenium.NoSuchWindowException: no such window: target window already closed
from unknown error: web view not found
  (Session info: chrome=67.0.3396.87)
  (Driver info: chromedriver=2.35.528161 (5b82f2d2aae0ca24b877009200ced9065a772e73),platform=Windows NT 10.0.17134 x86_64) (WARNING: The server did not provide any stacktrace information)
Command duration or timeout: 0 milliseconds
Build info: version: '3.7.1', revision: '8a0099a', time: '2017-11-06T21:07:36.161Z'
System info: host: 'DESKTOP-IO1HPO8', ip: '10.10.10.233', os.name: 'Windows 10', os.arch: 'amd64', os.version: '10.0', java.version: '1.8.0_102'
Driver info: com.kms.katalon.selenium.driver.CChromeDriver
Capabilities {acceptInsecureCerts: false, acceptSslCerts: false, applicationCacheEnabled: false, browserConnectionEnabled: false, browserName: chrome, chrome: {chromedriverVersion: 2.35.528161 (5b82f2d2aae0ca..., userDataDir: C:\Users\Sandi\AppData\Loca...}, cssSelectorsEnabled: true, databaseEnabled: false, handlesAlerts: true, hasTouchScreen: false, javascriptEnabled: true, locationContextEnabled: true, mobileEmulationEnabled: false, nativeEvents: true, networkConnectionEnabled: false, pageLoadStrategy: normal, platform: XP, platformName: XP, rotatable: false, setWindowRect: true, takesHeapSnapshot: true, takesScreenshot: true, unexpectedAlertBehaviour: , unhandledPromptBehavior: , version: 67.0.3396.87, webStorageEnabled: true}
Session ID: e9f530125eb4214a588af2b888e5c4ef
*** Element info: {Using=xpath, value=//a[@href = '/be-come-owner' and (text() = 'Bergabung menjadi Vehicle Owner' or . = 'Bergabung menjadi Vehicle Owner')]})]]></system-err>
      </testcase>
      <system-out><![CDATA[2018-06-26 15:07:31 - [TEST_SUITE][FAILED] - Login dan Become Owner: Test Cases/Front-End/User/SC99 Regression/TC04 Login Biasa with email FAILED because (of) Unable to click on object 'Object Repository/Front-End/OR Login Biasa with email/Page_Home/a_Masuk' (Root cause: com.kms.katalon.core.webui.exception.WebElementNotFoundException: Web element with id: 'Object Repository/Front-End/OR Login Biasa with email/Page_Home/a_Masuk' located by 'By.xpath: //a[(text() = '
        Masuk
        
          
              
    Success..
    

    Loading..


    
        
            Email/Nomor Handphone
            
            Wrong email or phone number.
        
        
            Password
            
            
            Wrong password.
        
        
             Ingat saya
            Lupa password ?
        
        
            User belum aktif ?  Kirim ulang aktivasi
        
        
        
        
            MASUK
        
    


              atau
              
                
                
                
              
          
        
      ' or . = '
        Masuk
        
          
              
    Success..
    

    Loading..


    
        
            Email/Nomor Handphone
            
            Wrong email or phone number.
        
        
            Password
            
            
            Wrong password.
        
        
             Ingat saya
            Lupa password ?
        
        
            User belum aktif ?  Kirim ulang aktivasi
        
        
        
        
            MASUK
        
    


              atau
              
                
                
                
              
          
        
      ')]' not found)]]></system-out>
      <system-err><![CDATA[2018-06-26 15:07:31 - [TEST_SUITE][FAILED] - Login dan Become Owner: Test Cases/Front-End/User/SC99 Regression/TC04 Login Biasa with email FAILED because (of) Unable to click on object 'Object Repository/Front-End/OR Login Biasa with email/Page_Home/a_Masuk' (Root cause: com.kms.katalon.core.webui.exception.WebElementNotFoundException: Web element with id: 'Object Repository/Front-End/OR Login Biasa with email/Page_Home/a_Masuk' located by 'By.xpath: //a[(text() = '
        Masuk
        
          
              
    Success..
    

    Loading..


    
        
            Email/Nomor Handphone
            
            Wrong email or phone number.
        
        
            Password
            
            
            Wrong password.
        
        
             Ingat saya
            Lupa password ?
        
        
            User belum aktif ?  Kirim ulang aktivasi
        
        
        
        
            MASUK
        
    


              atau
              
                
                
                
              
          
        
      ' or . = '
        Masuk
        
          
              
    Success..
    

    Loading..


    
        
            Email/Nomor Handphone
            
            Wrong email or phone number.
        
        
            Password
            
            
            Wrong password.
        
        
             Ingat saya
            Lupa password ?
        
        
            User belum aktif ?  Kirim ulang aktivasi
        
        
        
        
            MASUK
        
    


              atau
              
                
                
                
              
          
        
      ')]' not found)]]></system-err>
   </testsuite>
</testsuites>
