<?xml version="1.0" encoding="UTF-8"?>
<testsuites name="Owner search and change status order to Delivery" time="113" tests="3" failures="0" errors="0">
   <testsuite name="Owner search and change status order to Delivery" tests="3" failures="0" errors="0" time="113" timestamp="2018-11-16 16:45:28" hostname="WGS-LAP199 - DESKTOP-QUMB1S3" id="Test Suites/Mobile/Owner search and change status order to Delivery">
      <properties>
         <property name="deviceName" value="Xiaomi Redmi 5 (Android 7.1.2)"/>
         <property name="devicePlatform" value=""/>
         <property name="logFolder" value="C:\\Users\\WGS-LAP199\\git\\astra-movic\\Reports\\Mobile\\Owner search and change status order to Delivery\\20181116_164523"/>
         <property name="logFiles" value="C:\\Users\\WGS-LAP199\\git\\astra-movic\\Reports\\Mobile\\Owner search and change status order to Delivery\\20181116_164523\\appium.log, C:\\Users\\WGS-LAP199\\git\\astra-movic\\Reports\\Mobile\\Owner search and change status order to Delivery\\20181116_164523\\execution0.log"/>
         <property name="attachments" value=""/>
         <property name="hostName" value="WGS-LAP199 - DESKTOP-QUMB1S3"/>
         <property name="os" value="Windows 10 64bit"/>
         <property name="katalonVersion" value="5.8.6.1"/>
         <property name="deviceOS" value="Android"/>
         <property name="appiumVersion" value="1.8.1"/>
         <property name="deviceModel" value="Redmi 5"/>
         <property name="hostAddress" value="10.10.10.109"/>
         <property name="deviceManufacturer" value="Xiaomi"/>
         <property name="deviceId" value="54e797627cf5"/>
         <property name="deviceName" value="Xiaomi Redmi 5 (Android 7.1.2)"/>
         <property name="deviceOSVersion" value="7.1.2"/>
      </properties>
      <testcase name="Test Cases/Mobile/Android/User/SC99 Regression/TC04 Login with email" classname="Test Cases/Mobile/Android/User/SC99 Regression/TC04 Login with email" status="PASSED">
         <system-out><![CDATA[2018-11-16 16:45:29 - [TEST_CASE][PASSED] - Test Cases/Mobile/Android/User/SC99 Regression/TC04 Login with email: Test Cases/Mobile/Android/User/SC99 Regression/TC04 Login with email

2018-11-16 16:45:30 - [TEST_STEP][PASSED] - startApplication: Started app at: 'C:\Users\WGS-LAP199\Downloads\Movic apk\Movic_0.9.7_2018-10-14-stable-debug.apk'

2018-11-16 16:46:22 - [MESSAGE][PASSED] - Started app at: 'C:\Users\WGS-LAP199\Downloads\Movic apk\Movic_0.9.7_2018-10-14-stable-debug.apk'

2018-11-16 16:46:22 - [TEST_STEP][PASSED] - tap: Tapped on element 'Object Repository/Mobile/OR Registrasi/android.widget.ImageView4'

2018-11-16 16:46:22 - [MESSAGE][WARNING] - Timeout '0' is invalid. Using default page load timeout: '30'

2018-11-16 16:46:26 - [MESSAGE][PASSED] - Tapped on element 'Object Repository/Mobile/OR Registrasi/android.widget.ImageView4'

2018-11-16 16:46:26 - [TEST_STEP][PASSED] - Statement - For (def index : (1..2)): Tapped on element 'Object Repository/Mobile/OR Registrasi/android.widget.ImageView1'

2018-11-16 16:46:26 - [TEST_STEP][PASSED] - tap: Tapped on element 'Object Repository/Mobile/OR Registrasi/android.widget.ImageView1'

2018-11-16 16:46:26 - [MESSAGE][WARNING] - Timeout '0' is invalid. Using default page load timeout: '30'

2018-11-16 16:46:28 - [MESSAGE][PASSED] - Tapped on element 'Object Repository/Mobile/OR Registrasi/android.widget.ImageView1'

2018-11-16 16:46:28 - [TEST_STEP][PASSED] - tap: Tapped on element 'Object Repository/Mobile/OR Registrasi/android.widget.ImageView1'

2018-11-16 16:46:28 - [MESSAGE][WARNING] - Timeout '0' is invalid. Using default page load timeout: '30'

2018-11-16 16:46:29 - [MESSAGE][PASSED] - Tapped on element 'Object Repository/Mobile/OR Registrasi/android.widget.ImageView1'

2018-11-16 16:46:29 - [TEST_STEP][PASSED] - tap: Tapped on element 'Object Repository/Mobile/OR Registrasi/android.widget.TextView2 - Skip'

2018-11-16 16:46:29 - [MESSAGE][WARNING] - Timeout '0' is invalid. Using default page load timeout: '30'

2018-11-16 16:46:31 - [MESSAGE][PASSED] - Tapped on element 'Object Repository/Mobile/OR Registrasi/android.widget.TextView2 - Skip'

2018-11-16 16:46:31 - [TEST_STEP][PASSED] - tap: Tapped on element 'Object Repository/Mobile/OR Login/android.widget.TextView0 - Log in'

2018-11-16 16:46:31 - [MESSAGE][WARNING] - Timeout '0' is invalid. Using default page load timeout: '30'

2018-11-16 16:46:33 - [MESSAGE][PASSED] - Tapped on element 'Object Repository/Mobile/OR Login/android.widget.TextView0 - Log in'

2018-11-16 16:46:33 - [TEST_STEP][PASSED] - setText: Text 'santi.wahyuni@wgs.co.id' has been set to element 'Object Repository/Mobile/OR Login/android.widget.EditText0'

2018-11-16 16:46:33 - [MESSAGE][WARNING] - Timeout '0' is invalid. Using default page load timeout: '30'

2018-11-16 16:46:34 - [MESSAGE][PASSED] - Text 'santi.wahyuni@wgs.co.id' has been set to element 'Object Repository/Mobile/OR Login/android.widget.EditText0'

2018-11-16 16:46:34 - [TEST_STEP][PASSED] - tap: Tapped on element 'Object Repository/Mobile/OR Login/android.widget.Button0 - Next'

2018-11-16 16:46:34 - [MESSAGE][WARNING] - Timeout '0' is invalid. Using default page load timeout: '30'

2018-11-16 16:46:36 - [MESSAGE][PASSED] - Tapped on element 'Object Repository/Mobile/OR Login/android.widget.Button0 - Next'

2018-11-16 16:46:36 - [TEST_STEP][PASSED] - setText: Text 'P@ssword789' has been set to element 'Object Repository/Mobile/OR Login/android.widget.EditText0 (1)'

2018-11-16 16:46:36 - [MESSAGE][WARNING] - Timeout '0' is invalid. Using default page load timeout: '30'

2018-11-16 16:46:39 - [MESSAGE][PASSED] - Text 'P@ssword789' has been set to element 'Object Repository/Mobile/OR Login/android.widget.EditText0 (1)'

2018-11-16 16:46:39 - [TEST_STEP][PASSED] - delay: Delayed 1 second(s)

2018-11-16 16:46:40 - [MESSAGE][PASSED] - Delayed 1 second(s)

2018-11-16 16:46:40 - [TEST_STEP][PASSED] - hideKeyboard: Keyboard is hidden

2018-11-16 16:46:42 - [MESSAGE][PASSED] - Keyboard is hidden

2018-11-16 16:46:42 - [TEST_STEP][PASSED] - tap: Tapped on element 'Object Repository/Mobile/OR Login/android.widget.Button0 - Start Movic'

2018-11-16 16:46:42 - [MESSAGE][WARNING] - Timeout '0' is invalid. Using default page load timeout: '30'

2018-11-16 16:46:43 - [MESSAGE][PASSED] - Tapped on element 'Object Repository/Mobile/OR Login/android.widget.Button0 - Start Movic'

2018-11-16 16:46:43 - [TEST_STEP][PASSED] - delay: Delayed 5 second(s)

2018-11-16 16:46:48 - [MESSAGE][PASSED] - Delayed 5 second(s)]]></system-out>
         <system-err><![CDATA[]]></system-err>
      </testcase>
      <testcase name="Test Cases/Mobile/Android/Order/SC99 Regression/TC02 Search - My Order" classname="Test Cases/Mobile/Android/Order/SC99 Regression/TC02 Search - My Order" status="PASSED">
         <system-out><![CDATA[2018-11-16 16:46:48 - [TEST_CASE][PASSED] - Test Cases/Mobile/Android/Order/SC99 Regression/TC02 Search - My Order: Test Cases/Mobile/Android/Order/SC99 Regression/TC02 Search - My Order

2018-11-16 16:46:49 - [TEST_STEP][NOT_RUN] - callTestCase: NOT_RUN: callTestCase

2018-11-16 16:46:49 - [MESSAGE][NOT_RUN] - NOT_RUN: callTestCase

2018-11-16 16:46:49 - [TEST_STEP][PASSED] - setText: Text 'Ham Dani' has been set to element 'Object Repository/Mobile/OR Order/android.widget.EditText0 - Search my booking'

2018-11-16 16:46:49 - [MESSAGE][WARNING] - Timeout '0' is invalid. Using default page load timeout: '30'

2018-11-16 16:47:01 - [MESSAGE][PASSED] - Text 'Ham Dani' has been set to element 'Object Repository/Mobile/OR Order/android.widget.EditText0 - Search my booking'

2018-11-16 16:47:01 - [TEST_STEP][PASSED] - tap: Tapped on element 'Object Repository/Mobile/OR Order/android.widget.ImageView6'

2018-11-16 16:47:01 - [MESSAGE][WARNING] - Timeout '0' is invalid. Using default page load timeout: '30'

2018-11-16 16:47:03 - [MESSAGE][PASSED] - Tapped on element 'Object Repository/Mobile/OR Order/android.widget.ImageView6'

2018-11-16 16:47:03 - [TEST_STEP][PASSED] - tap: Tapped on element 'Object Repository/Mobile/OR Order/android.widget.RelativeLayout9'

2018-11-16 16:47:03 - [MESSAGE][WARNING] - Timeout '0' is invalid. Using default page load timeout: '30'

2018-11-16 16:47:07 - [MESSAGE][PASSED] - Tapped on element 'Object Repository/Mobile/OR Order/android.widget.RelativeLayout9'

2018-11-16 16:47:07 - [TEST_STEP][PASSED] - delay: Delayed 5 second(s)

2018-11-16 16:47:12 - [MESSAGE][PASSED] - Delayed 5 second(s)]]></system-out>
         <system-err><![CDATA[]]></system-err>
      </testcase>
      <testcase name="Test Cases/Mobile/Android/Order/SC99 Regression/TC09 Delivery Car" classname="Test Cases/Mobile/Android/Order/SC99 Regression/TC09 Delivery Car" status="PASSED">
         <system-out><![CDATA[2018-11-16 16:47:12 - [TEST_CASE][PASSED] - Test Cases/Mobile/Android/Order/SC99 Regression/TC09 Delivery Car: Test Cases/Mobile/Android/Order/SC99 Regression/TC09 Delivery Car

2018-11-16 16:47:13 - [TEST_STEP][NOT_RUN] - callTestCase: NOT_RUN: callTestCase

2018-11-16 16:47:13 - [MESSAGE][NOT_RUN] - NOT_RUN: callTestCase

2018-11-16 16:47:13 - [TEST_STEP][PASSED] - tap: Tapped on element 'Object Repository/Mobile/OR Order/android.widget.Button1 - Delivery Complete'

2018-11-16 16:47:13 - [MESSAGE][WARNING] - Timeout '0' is invalid. Using default page load timeout: '30'

2018-11-16 16:47:15 - [MESSAGE][PASSED] - Tapped on element 'Object Repository/Mobile/OR Order/android.widget.Button1 - Delivery Complete'

2018-11-16 16:47:15 - [TEST_STEP][PASSED] - delay: Delayed 5 second(s)

2018-11-16 16:47:20 - [MESSAGE][PASSED] - Delayed 5 second(s)]]></system-out>
         <system-err><![CDATA[]]></system-err>
      </testcase>
      <system-out><![CDATA[2018-11-16 16:45:28 - [TEST_SUITE][PASSED] - Owner search and change status order to Delivery: Test Cases/Mobile/Android/Order/SC99 Regression/TC09 Delivery Car]]></system-out>
      <system-err><![CDATA[]]></system-err>
   </testsuite>
</testsuites>
