<?xml version="1.0" encoding="UTF-8"?>
<testsuites name="Owner search and return car from an order" time="125" tests="4" failures="0" errors="0">
   <testsuite name="Owner search and return car from an order" tests="4" failures="0" errors="0" time="125" timestamp="2018-11-19 13:05:07" hostname="WGS-LAP199 - DESKTOP-QUMB1S3" id="Test Suites/Mobile/Owner search and return car from an order">
      <properties>
         <property name="deviceName" value="Xiaomi Redmi 5 (Android 7.1.2)"/>
         <property name="devicePlatform" value=""/>
         <property name="logFolder" value="C:\\Users\\WGS-LAP199\\git\\astra-movic\\Reports\\Mobile\\Owner search and return car from an order\\20181119_130501"/>
         <property name="logFiles" value="C:\\Users\\WGS-LAP199\\git\\astra-movic\\Reports\\Mobile\\Owner search and return car from an order\\20181119_130501\\appium.log, C:\\Users\\WGS-LAP199\\git\\astra-movic\\Reports\\Mobile\\Owner search and return car from an order\\20181119_130501\\execution0.log"/>
         <property name="attachments" value=""/>
         <property name="hostName" value="WGS-LAP199 - DESKTOP-QUMB1S3"/>
         <property name="os" value="Windows 10 64bit"/>
         <property name="katalonVersion" value="5.8.6.1"/>
         <property name="deviceOS" value="Android"/>
         <property name="appiumVersion" value="1.8.1"/>
         <property name="deviceModel" value="Redmi 5"/>
         <property name="hostAddress" value="10.10.11.177"/>
         <property name="deviceManufacturer" value="Xiaomi"/>
         <property name="deviceId" value="54e797627cf5"/>
         <property name="deviceName" value="Xiaomi Redmi 5 (Android 7.1.2)"/>
         <property name="deviceOSVersion" value="7.1.2"/>
      </properties>
      <testcase name="Test Cases/Mobile/Android/User/SC99 Regression/TC04 Login with email" classname="Test Cases/Mobile/Android/User/SC99 Regression/TC04 Login with email" status="PASSED">
         <system-out><![CDATA[2018-11-19 13:05:08 - [TEST_CASE][PASSED] - Test Cases/Mobile/Android/User/SC99 Regression/TC04 Login with email: Test Cases/Mobile/Android/User/SC99 Regression/TC04 Login with email

2018-11-19 13:05:09 - [TEST_STEP][PASSED] - startApplication: Started app at: 'C:\Users\WGS-LAP199\Downloads\Movic apk\Movic_0.9.7_2018-10-14-stable-debug.apk'

2018-11-19 13:06:18 - [MESSAGE][PASSED] - Started app at: 'C:\Users\WGS-LAP199\Downloads\Movic apk\Movic_0.9.7_2018-10-14-stable-debug.apk'

2018-11-19 13:06:18 - [TEST_STEP][PASSED] - tap: Tapped on element 'Object Repository/Mobile/OR Registrasi/android.widget.ImageView4'

2018-11-19 13:06:18 - [MESSAGE][WARNING] - Timeout '0' is invalid. Using default page load timeout: '30'

2018-11-19 13:06:22 - [MESSAGE][PASSED] - Tapped on element 'Object Repository/Mobile/OR Registrasi/android.widget.ImageView4'

2018-11-19 13:06:22 - [TEST_STEP][PASSED] - Statement - For (def index : (1..2)): Tapped on element 'Object Repository/Mobile/OR Registrasi/android.widget.ImageView1'

2018-11-19 13:06:22 - [TEST_STEP][PASSED] - tap: Tapped on element 'Object Repository/Mobile/OR Registrasi/android.widget.ImageView1'

2018-11-19 13:06:22 - [MESSAGE][WARNING] - Timeout '0' is invalid. Using default page load timeout: '30'

2018-11-19 13:06:23 - [MESSAGE][PASSED] - Tapped on element 'Object Repository/Mobile/OR Registrasi/android.widget.ImageView1'

2018-11-19 13:06:23 - [TEST_STEP][PASSED] - tap: Tapped on element 'Object Repository/Mobile/OR Registrasi/android.widget.ImageView1'

2018-11-19 13:06:23 - [MESSAGE][WARNING] - Timeout '0' is invalid. Using default page load timeout: '30'

2018-11-19 13:06:25 - [MESSAGE][PASSED] - Tapped on element 'Object Repository/Mobile/OR Registrasi/android.widget.ImageView1'

2018-11-19 13:06:25 - [TEST_STEP][PASSED] - tap: Tapped on element 'Object Repository/Mobile/OR Registrasi/android.widget.TextView2 - Skip'

2018-11-19 13:06:25 - [MESSAGE][WARNING] - Timeout '0' is invalid. Using default page load timeout: '30'

2018-11-19 13:06:27 - [MESSAGE][PASSED] - Tapped on element 'Object Repository/Mobile/OR Registrasi/android.widget.TextView2 - Skip'

2018-11-19 13:06:27 - [TEST_STEP][PASSED] - tap: Tapped on element 'Object Repository/Mobile/OR Login/android.widget.TextView0 - Log in'

2018-11-19 13:06:27 - [MESSAGE][WARNING] - Timeout '0' is invalid. Using default page load timeout: '30'

2018-11-19 13:06:29 - [MESSAGE][PASSED] - Tapped on element 'Object Repository/Mobile/OR Login/android.widget.TextView0 - Log in'

2018-11-19 13:06:29 - [TEST_STEP][PASSED] - setText: Text 'santi.wahyuni@wgs.co.id' has been set to element 'Object Repository/Mobile/OR Login/android.widget.EditText0'

2018-11-19 13:06:29 - [MESSAGE][WARNING] - Timeout '0' is invalid. Using default page load timeout: '30'

2018-11-19 13:06:30 - [MESSAGE][PASSED] - Text 'santi.wahyuni@wgs.co.id' has been set to element 'Object Repository/Mobile/OR Login/android.widget.EditText0'

2018-11-19 13:06:31 - [TEST_STEP][PASSED] - tap: Tapped on element 'Object Repository/Mobile/OR Login/android.widget.Button0 - Next'

2018-11-19 13:06:31 - [MESSAGE][WARNING] - Timeout '0' is invalid. Using default page load timeout: '30'

2018-11-19 13:06:33 - [MESSAGE][PASSED] - Tapped on element 'Object Repository/Mobile/OR Login/android.widget.Button0 - Next'

2018-11-19 13:06:33 - [TEST_STEP][PASSED] - setText: Text 'P@ssword789' has been set to element 'Object Repository/Mobile/OR Login/android.widget.EditText0 (1)'

2018-11-19 13:06:33 - [MESSAGE][WARNING] - Timeout '0' is invalid. Using default page load timeout: '30'

2018-11-19 13:06:35 - [MESSAGE][PASSED] - Text 'P@ssword789' has been set to element 'Object Repository/Mobile/OR Login/android.widget.EditText0 (1)'

2018-11-19 13:06:35 - [TEST_STEP][PASSED] - delay: Delayed 1 second(s)

2018-11-19 13:06:36 - [MESSAGE][PASSED] - Delayed 1 second(s)

2018-11-19 13:06:36 - [TEST_STEP][PASSED] - hideKeyboard: Keyboard is hidden

2018-11-19 13:06:38 - [MESSAGE][PASSED] - Keyboard is hidden

2018-11-19 13:06:38 - [TEST_STEP][PASSED] - tap: Tapped on element 'Object Repository/Mobile/OR Login/android.widget.Button0 - Start Movic'

2018-11-19 13:06:38 - [MESSAGE][WARNING] - Timeout '0' is invalid. Using default page load timeout: '30'

2018-11-19 13:06:40 - [MESSAGE][PASSED] - Tapped on element 'Object Repository/Mobile/OR Login/android.widget.Button0 - Start Movic'

2018-11-19 13:06:40 - [TEST_STEP][PASSED] - delay: Delayed 5 second(s)

2018-11-19 13:06:45 - [MESSAGE][PASSED] - Delayed 5 second(s)]]></system-out>
         <system-err><![CDATA[]]></system-err>
      </testcase>
      <testcase name="Test Cases/Mobile/Android/Order/SC99 Regression/TC01 My Order" classname="Test Cases/Mobile/Android/Order/SC99 Regression/TC01 My Order" status="PASSED">
         <system-out><![CDATA[2018-11-19 13:06:45 - [TEST_CASE][PASSED] - Test Cases/Mobile/Android/Order/SC99 Regression/TC01 My Order: Test Cases/Mobile/Android/Order/SC99 Regression/TC01 My Order

2018-11-19 13:06:46 - [TEST_STEP][NOT_RUN] - callTestCase: NOT_RUN: callTestCase

2018-11-19 13:06:46 - [MESSAGE][NOT_RUN] - NOT_RUN: callTestCase

2018-11-19 13:06:46 - [TEST_STEP][PASSED] - tap: Tapped on element 'Object Repository/Mobile/OR Order/android.widget.Tab - My Orders'

2018-11-19 13:06:46 - [MESSAGE][WARNING] - Timeout '0' is invalid. Using default page load timeout: '30'

2018-11-19 13:06:47 - [MESSAGE][PASSED] - Tapped on element 'Object Repository/Mobile/OR Order/android.widget.Tab - My Orders'

2018-11-19 13:06:47 - [TEST_STEP][PASSED] - delay: Delayed 5 second(s)

2018-11-19 13:06:52 - [MESSAGE][PASSED] - Delayed 5 second(s)]]></system-out>
         <system-err><![CDATA[]]></system-err>
      </testcase>
      <testcase name="Test Cases/Mobile/Android/Order/SC99 Regression/TC02 Search - My Order" classname="Test Cases/Mobile/Android/Order/SC99 Regression/TC02 Search - My Order" status="PASSED">
         <system-out><![CDATA[2018-11-19 13:06:52 - [TEST_CASE][PASSED] - Test Cases/Mobile/Android/Order/SC99 Regression/TC02 Search - My Order: Test Cases/Mobile/Android/Order/SC99 Regression/TC02 Search - My Order

2018-11-19 13:06:53 - [TEST_STEP][NOT_RUN] - callTestCase: NOT_RUN: callTestCase

2018-11-19 13:06:53 - [MESSAGE][NOT_RUN] - NOT_RUN: callTestCase

2018-11-19 13:06:53 - [TEST_STEP][PASSED] - setText: Text 'Ham Dani' has been set to element 'Object Repository/Mobile/OR Order/android.widget.EditText0 - Search my booking'

2018-11-19 13:06:53 - [MESSAGE][WARNING] - Timeout '0' is invalid. Using default page load timeout: '30'

2018-11-19 13:06:55 - [MESSAGE][PASSED] - Text 'Ham Dani' has been set to element 'Object Repository/Mobile/OR Order/android.widget.EditText0 - Search my booking'

2018-11-19 13:06:55 - [TEST_STEP][PASSED] - tap: Tapped on element 'Object Repository/Mobile/OR Order/android.widget.ImageView6'

2018-11-19 13:06:55 - [MESSAGE][WARNING] - Timeout '0' is invalid. Using default page load timeout: '30'

2018-11-19 13:06:56 - [MESSAGE][PASSED] - Tapped on element 'Object Repository/Mobile/OR Order/android.widget.ImageView6'

2018-11-19 13:06:56 - [TEST_STEP][PASSED] - tap: Tapped on element 'Object Repository/Mobile/OR Order/android.widget.RelativeLayout9'

2018-11-19 13:06:56 - [MESSAGE][WARNING] - Timeout '0' is invalid. Using default page load timeout: '30'

2018-11-19 13:06:58 - [MESSAGE][PASSED] - Tapped on element 'Object Repository/Mobile/OR Order/android.widget.RelativeLayout9'

2018-11-19 13:06:58 - [TEST_STEP][PASSED] - delay: Delayed 5 second(s)

2018-11-19 13:07:03 - [MESSAGE][PASSED] - Delayed 5 second(s)]]></system-out>
         <system-err><![CDATA[]]></system-err>
      </testcase>
      <testcase name="Test Cases/Mobile/Android/Order/SC99 Regression/TC10 Return Car" classname="Test Cases/Mobile/Android/Order/SC99 Regression/TC10 Return Car" status="PASSED">
         <system-out><![CDATA[2018-11-19 13:07:03 - [TEST_CASE][PASSED] - Test Cases/Mobile/Android/Order/SC99 Regression/TC10 Return Car: Test Cases/Mobile/Android/Order/SC99 Regression/TC10 Return Car

2018-11-19 13:07:04 - [TEST_STEP][NOT_RUN] - callTestCase: NOT_RUN: callTestCase

2018-11-19 13:07:04 - [MESSAGE][NOT_RUN] - NOT_RUN: callTestCase

2018-11-19 13:07:04 - [TEST_STEP][PASSED] - tap: Tapped on element 'Object Repository/Mobile/OR Order/android.widget.Button1 - Return the Car'

2018-11-19 13:07:04 - [MESSAGE][WARNING] - Timeout '0' is invalid. Using default page load timeout: '30'

2018-11-19 13:07:06 - [MESSAGE][PASSED] - Tapped on element 'Object Repository/Mobile/OR Order/android.widget.Button1 - Return the Car'

2018-11-19 13:07:06 - [TEST_STEP][PASSED] - delay: Delayed 5 second(s)

2018-11-19 13:07:11 - [MESSAGE][PASSED] - Delayed 5 second(s)]]></system-out>
         <system-err><![CDATA[]]></system-err>
      </testcase>
      <system-out><![CDATA[2018-11-19 13:05:07 - [TEST_SUITE][PASSED] - Owner search and return car from an order: Test Cases/Mobile/Android/Order/SC99 Regression/TC10 Return Car]]></system-out>
      <system-err><![CDATA[]]></system-err>
   </testsuite>
</testsuites>
