<?xml version="1.0" encoding="UTF-8"?>
<testsuites name="Search and edit Owned Cars by Owner" time="280" tests="3" failures="0" errors="0">
   <testsuite name="Search and edit Owned Cars by Owner" tests="3" failures="0" errors="0" time="280" timestamp="2018-12-14 15:28:20" hostname="WGS-LAP199 - DESKTOP-QUMB1S3" id="Test Suites/Mobile/Search and edit Owned Cars by Owner">
      <properties>
         <property name="deviceName" value="Xiaomi Redmi 5 (Android 7.1.2)"/>
         <property name="devicePlatform" value=""/>
         <property name="logFolder" value="C:\\Users\\WGS-LAP199\\git\\astra-movic\\Reports\\Mobile\\Search and edit Owned Cars by Owner\\20181214_152816"/>
         <property name="logFiles" value="C:\\Users\\WGS-LAP199\\git\\astra-movic\\Reports\\Mobile\\Search and edit Owned Cars by Owner\\20181214_152816\\appium.log, C:\\Users\\WGS-LAP199\\git\\astra-movic\\Reports\\Mobile\\Search and edit Owned Cars by Owner\\20181214_152816\\execution0.log"/>
         <property name="attachments" value=""/>
         <property name="hostName" value="WGS-LAP199 - DESKTOP-QUMB1S3"/>
         <property name="os" value="Windows 10 64bit"/>
         <property name="katalonVersion" value="5.9.1.2"/>
         <property name="deviceOS" value="Android"/>
         <property name="appiumVersion" value="1.8.0"/>
         <property name="deviceModel" value="Redmi 5"/>
         <property name="hostAddress" value="10.10.10.231"/>
         <property name="deviceManufacturer" value="Xiaomi"/>
         <property name="deviceId" value="54e797627cf5"/>
         <property name="deviceName" value="Xiaomi Redmi 5 (Android 7.1.2)"/>
         <property name="deviceOSVersion" value="7.1.2"/>
      </properties>
      <testcase name="Test Cases/Mobile/Android/User/SC99 Regression/TC04 Login with email" classname="Test Cases/Mobile/Android/User/SC99 Regression/TC04 Login with email" status="PASSED">
         <system-out><![CDATA[2018-12-14 15:28:20 - [TEST_CASE][PASSED] - Test Cases/Mobile/Android/User/SC99 Regression/TC04 Login with email: Test Cases/Mobile/Android/User/SC99 Regression/TC04 Login with email

2018-12-14 15:28:22 - [TEST_STEP][PASSED] - startApplication("C:\Users\WGS-LAP199\Downloads\Movic apk\Movic_0.10.0_2018-12-03-staging-debug.apk", false): Started app at: 'C:\Users\WGS-LAP199\Downloads\Movic apk\Movic_0.10.0_2018-12-03-staging-debug.apk'

2018-12-14 15:28:22 - [MESSAGE][INFO] - User set preference: ['deviceId', '54e797627cf5']

2018-12-14 15:28:29 - [MESSAGE][INFO] - Appium server started on port 51,832

2018-12-14 15:29:21 - [MESSAGE][PASSED] - Started app at: 'C:\Users\WGS-LAP199\Downloads\Movic apk\Movic_0.10.0_2018-12-03-staging-debug.apk'

2018-12-14 15:29:21 - [TEST_STEP][PASSED] - tap(findTestObject("Mobile/OR Registrasi/android.widget.ImageView4"), 0): Tapped on element 'Object Repository/Mobile/OR Registrasi/android.widget.ImageView4'

2018-12-14 15:29:22 - [MESSAGE][WARNING] - Timeout '0' is invalid. Using default page load timeout: '100'

2018-12-14 15:29:26 - [MESSAGE][PASSED] - Tapped on element 'Object Repository/Mobile/OR Registrasi/android.widget.ImageView4'

2018-12-14 15:29:26 - [TEST_STEP][PASSED] - for (def index : (1..2)): Tapped on element 'Object Repository/Mobile/OR Registrasi/android.widget.ImageView1'

2018-12-14 15:29:26 - [TEST_STEP][PASSED] - tap(findTestObject("Mobile/OR Registrasi/android.widget.ImageView1"), 0): Tapped on element 'Object Repository/Mobile/OR Registrasi/android.widget.ImageView1'

2018-12-14 15:29:26 - [MESSAGE][WARNING] - Timeout '0' is invalid. Using default page load timeout: '100'

2018-12-14 15:29:30 - [MESSAGE][PASSED] - Tapped on element 'Object Repository/Mobile/OR Registrasi/android.widget.ImageView1'

2018-12-14 15:29:30 - [TEST_STEP][PASSED] - tap(findTestObject("Mobile/OR Registrasi/android.widget.ImageView1"), 0): Tapped on element 'Object Repository/Mobile/OR Registrasi/android.widget.ImageView1'

2018-12-14 15:29:30 - [MESSAGE][WARNING] - Timeout '0' is invalid. Using default page load timeout: '100'

2018-12-14 15:29:31 - [MESSAGE][PASSED] - Tapped on element 'Object Repository/Mobile/OR Registrasi/android.widget.ImageView1'

2018-12-14 15:29:31 - [TEST_STEP][PASSED] - tap(findTestObject("Mobile/OR Registrasi/android.widget.TextView2 - Skip"), 0): Tapped on element 'Object Repository/Mobile/OR Registrasi/android.widget.TextView2 - Skip'

2018-12-14 15:29:31 - [MESSAGE][WARNING] - Timeout '0' is invalid. Using default page load timeout: '100'

2018-12-14 15:29:33 - [MESSAGE][PASSED] - Tapped on element 'Object Repository/Mobile/OR Registrasi/android.widget.TextView2 - Skip'

2018-12-14 15:29:33 - [TEST_STEP][PASSED] - tap(findTestObject("Mobile/OR Login/android.widget.TextView0 - Log in"), 0): Tapped on element 'Object Repository/Mobile/OR Login/android.widget.TextView0 - Log in'

2018-12-14 15:29:33 - [MESSAGE][WARNING] - Timeout '0' is invalid. Using default page load timeout: '100'

2018-12-14 15:29:37 - [MESSAGE][PASSED] - Tapped on element 'Object Repository/Mobile/OR Login/android.widget.TextView0 - Log in'

2018-12-14 15:29:37 - [TEST_STEP][PASSED] - setText(findTestObject("Mobile/OR Login/android.widget.EditText0"), "santi.wahyuni@wgs.co.id", 0): Text 'santi.wahyuni@wgs.co.id' has been set to element 'Object Repository/Mobile/OR Login/android.widget.EditText0'

2018-12-14 15:29:37 - [MESSAGE][WARNING] - Timeout '0' is invalid. Using default page load timeout: '100'

2018-12-14 15:29:38 - [MESSAGE][PASSED] - Text 'santi.wahyuni@wgs.co.id' has been set to element 'Object Repository/Mobile/OR Login/android.widget.EditText0'

2018-12-14 15:29:38 - [TEST_STEP][PASSED] - tap(findTestObject("Mobile/OR Login/android.widget.Button0 - Next"), 0): Tapped on element 'Object Repository/Mobile/OR Login/android.widget.Button0 - Next'

2018-12-14 15:29:38 - [MESSAGE][WARNING] - Timeout '0' is invalid. Using default page load timeout: '100'

2018-12-14 15:29:41 - [MESSAGE][PASSED] - Tapped on element 'Object Repository/Mobile/OR Login/android.widget.Button0 - Next'

2018-12-14 15:29:41 - [TEST_STEP][PASSED] - delay(findTestData("Delay Step").getValue(1, 2), STOP_ON_FAILURE): Delayed 5 second(s)

2018-12-14 15:29:46 - [MESSAGE][PASSED] - Delayed 5 second(s)

2018-12-14 15:29:46 - [TEST_STEP][PASSED] - setText(findTestObject("Mobile/OR Login/android.widget.EditText0 (1)"), "P@ssword123", 0): Text 'P@ssword123' has been set to element 'Object Repository/Mobile/OR Login/android.widget.EditText0 (1)'

2018-12-14 15:29:46 - [MESSAGE][WARNING] - Timeout '0' is invalid. Using default page load timeout: '100'

2018-12-14 15:29:48 - [MESSAGE][PASSED] - Text 'P@ssword123' has been set to element 'Object Repository/Mobile/OR Login/android.widget.EditText0 (1)'

2018-12-14 15:29:48 - [TEST_STEP][PASSED] - delay(findTestData("Delay Step").getValue(1, 2), STOP_ON_FAILURE): Delayed 5 second(s)

2018-12-14 15:29:53 - [MESSAGE][PASSED] - Delayed 5 second(s)

2018-12-14 15:29:53 - [TEST_STEP][PASSED] - hideKeyboard(): Keyboard is hidden

2018-12-14 15:29:55 - [MESSAGE][PASSED] - Keyboard is hidden

2018-12-14 15:29:55 - [TEST_STEP][PASSED] - tap(findTestObject("Mobile/OR Login/android.widget.Button0 - Start Movic"), 0): Tapped on element 'Object Repository/Mobile/OR Login/android.widget.Button0 - Start Movic'

2018-12-14 15:29:55 - [MESSAGE][WARNING] - Timeout '0' is invalid. Using default page load timeout: '100'

2018-12-14 15:29:57 - [MESSAGE][PASSED] - Tapped on element 'Object Repository/Mobile/OR Login/android.widget.Button0 - Start Movic'

2018-12-14 15:29:57 - [TEST_STEP][PASSED] - delay(findTestData("Delay Step").getValue(1, 2), STOP_ON_FAILURE): Delayed 5 second(s)

2018-12-14 15:30:02 - [MESSAGE][PASSED] - Delayed 5 second(s)]]></system-out>
         <system-err><![CDATA[]]></system-err>
      </testcase>
      <testcase name="Test Cases/Mobile/Android/Product/SC99 Regression/TC02 Search Car - My Cars" classname="Test Cases/Mobile/Android/Product/SC99 Regression/TC02 Search Car - My Cars" status="PASSED">
         <system-out><![CDATA[2018-12-14 15:30:02 - [TEST_CASE][PASSED] - Test Cases/Mobile/Android/Product/SC99 Regression/TC02 Search Car - My Cars: Test Cases/Mobile/Android/Product/SC99 Regression/TC02 Search Car - My Cars

2018-12-14 15:30:03 - [TEST_STEP][NOT_RUN] - callTestCase(findTestCase("Mobile/Android/User/SC99 Regression/TC04 Login with email"), [:], STOP_ON_FAILURE): NOT_RUN: callTestCase(findTestCase("Mobile/Android/User/SC99 Regression/TC04 Login with email"), [:], STOP_ON_FAILURE)

2018-12-14 15:30:03 - [MESSAGE][NOT_RUN] - NOT_RUN: callTestCase(findTestCase("Mobile/Android/User/SC99 Regression/TC04 Login with email"), [:], STOP_ON_FAILURE)

2018-12-14 15:30:03 - [TEST_STEP][PASSED] - tap(findTestObject("Mobile/OR Product/android.widget.Tab - My Cars"), 0): Tapped on element 'Object Repository/Mobile/OR Product/android.widget.Tab - My Cars'

2018-12-14 15:30:03 - [MESSAGE][WARNING] - Timeout '0' is invalid. Using default page load timeout: '100'

2018-12-14 15:30:04 - [MESSAGE][PASSED] - Tapped on element 'Object Repository/Mobile/OR Product/android.widget.Tab - My Cars'

2018-12-14 15:30:04 - [TEST_STEP][PASSED] - delay(findTestData("Delay Step").getValue(1, 2), STOP_ON_FAILURE): Delayed 5 second(s)

2018-12-14 15:30:09 - [MESSAGE][PASSED] - Delayed 5 second(s)

2018-12-14 15:30:09 - [TEST_STEP][PASSED] - setText(findTestObject("Mobile/OR Product/android.widget.EditText0 - Search car"), "Mitsubishi", 0): Text 'Mitsubishi' has been set to element 'Object Repository/Mobile/OR Product/android.widget.EditText0 - Search car'

2018-12-14 15:30:09 - [MESSAGE][WARNING] - Timeout '0' is invalid. Using default page load timeout: '100'

2018-12-14 15:30:11 - [MESSAGE][PASSED] - Text 'Mitsubishi' has been set to element 'Object Repository/Mobile/OR Product/android.widget.EditText0 - Search car'

2018-12-14 15:30:11 - [TEST_STEP][PASSED] - delay(findTestData("Delay Step").getValue(1, 2), STOP_ON_FAILURE): Delayed 5 second(s)

2018-12-14 15:30:16 - [MESSAGE][PASSED] - Delayed 5 second(s)

2018-12-14 15:30:16 - [TEST_STEP][PASSED] - tap(findTestObject("Mobile/OR Product/android.widget.ImageView6"), 0): Tapped on element 'Object Repository/Mobile/OR Product/android.widget.ImageView6'

2018-12-14 15:30:16 - [MESSAGE][WARNING] - Timeout '0' is invalid. Using default page load timeout: '100'

2018-12-14 15:30:17 - [MESSAGE][PASSED] - Tapped on element 'Object Repository/Mobile/OR Product/android.widget.ImageView6'

2018-12-14 15:30:17 - [TEST_STEP][PASSED] - delay(findTestData("Delay Step").getValue(1, 2), STOP_ON_FAILURE): Delayed 5 second(s)

2018-12-14 15:30:22 - [MESSAGE][PASSED] - Delayed 5 second(s)]]></system-out>
         <system-err><![CDATA[]]></system-err>
      </testcase>
      <testcase name="Test Cases/Mobile/Android/Product/SC99 Regression/TC04 Edit Car - My Cars" classname="Test Cases/Mobile/Android/Product/SC99 Regression/TC04 Edit Car - My Cars" status="PASSED">
         <system-out><![CDATA[2018-12-14 15:30:22 - [TEST_CASE][PASSED] - Test Cases/Mobile/Android/Product/SC99 Regression/TC04 Edit Car - My Cars: Test Cases/Mobile/Android/Product/SC99 Regression/TC04 Edit Car - My Cars

2018-12-14 15:30:23 - [TEST_STEP][NOT_RUN] - callTestCase(findTestCase("Mobile/Android/Product/SC99 Regression/TC02 Search Car - My Cars"), [:], STOP_ON_FAILURE): NOT_RUN: callTestCase(findTestCase("Mobile/Android/Product/SC99 Regression/TC02 Search Car - My Cars"), [:], STOP_ON_FAILURE)

2018-12-14 15:30:23 - [MESSAGE][NOT_RUN] - NOT_RUN: callTestCase(findTestCase("Mobile/Android/Product/SC99 Regression/TC02 Search Car - My Cars"), [:], STOP_ON_FAILURE)

2018-12-14 15:30:23 - [TEST_STEP][NOT_RUN] - tap(findTestObject("Mobile/OR Product/android.widget.Tab - My Cars"), 0): NOT_RUN: tap(findTestObject("Mobile/OR Product/android.widget.Tab - My Cars"), 0)

2018-12-14 15:30:23 - [MESSAGE][NOT_RUN] - NOT_RUN: tap(findTestObject("Mobile/OR Product/android.widget.Tab - My Cars"), 0)

2018-12-14 15:30:23 - [TEST_STEP][PASSED] - tap(findTestObject("Mobile/OR Product/android.widget.ImageView9 (1)"), 0): Tapped on element 'Object Repository/Mobile/OR Product/android.widget.ImageView9 (1)'

2018-12-14 15:30:23 - [MESSAGE][WARNING] - Timeout '0' is invalid. Using default page load timeout: '100'

2018-12-14 15:30:27 - [MESSAGE][PASSED] - Tapped on element 'Object Repository/Mobile/OR Product/android.widget.ImageView9 (1)'

2018-12-14 15:30:27 - [TEST_STEP][PASSED] - tap(findTestObject("Mobile/OR Product/android.widget.RelativeLayout2"), 0): Tapped on element 'Object Repository/Mobile/OR Product/android.widget.RelativeLayout2'

2018-12-14 15:30:27 - [MESSAGE][WARNING] - Timeout '0' is invalid. Using default page load timeout: '100'

2018-12-14 15:30:29 - [MESSAGE][PASSED] - Tapped on element 'Object Repository/Mobile/OR Product/android.widget.RelativeLayout2'

2018-12-14 15:30:29 - [TEST_STEP][PASSED] - tap(findTestObject("Mobile/OR Product/android.widget.TextView4 - Edit"), 0): Tapped on element 'Object Repository/Mobile/OR Product/android.widget.TextView4 - Edit'

2018-12-14 15:30:29 - [MESSAGE][WARNING] - Timeout '0' is invalid. Using default page load timeout: '100'

2018-12-14 15:30:30 - [MESSAGE][PASSED] - Tapped on element 'Object Repository/Mobile/OR Product/android.widget.TextView4 - Edit'

2018-12-14 15:30:30 - [TEST_STEP][PASSED] - tap(findTestObject("Mobile/OR Product/android.widget.EditText0 - Mitsubishi"), 0): Tapped on element 'Object Repository/Mobile/OR Product/android.widget.EditText0 - Mitsubishi'

2018-12-14 15:30:31 - [MESSAGE][WARNING] - Timeout '0' is invalid. Using default page load timeout: '100'

2018-12-14 15:30:34 - [MESSAGE][PASSED] - Tapped on element 'Object Repository/Mobile/OR Product/android.widget.EditText0 - Mitsubishi'

2018-12-14 15:30:34 - [TEST_STEP][PASSED] - delay(findTestData("Delay Step").getValue(1, 2), STOP_ON_FAILURE): Delayed 5 second(s)

2018-12-14 15:30:39 - [MESSAGE][PASSED] - Delayed 5 second(s)

2018-12-14 15:30:39 - [TEST_STEP][PASSED] - tap(findTestObject("Mobile/OR Product/android.widget.EditText1 (3)"), 0): Tapped on element 'Object Repository/Mobile/OR Product/android.widget.EditText1 (3)'

2018-12-14 15:30:39 - [MESSAGE][WARNING] - Timeout '0' is invalid. Using default page load timeout: '100'

2018-12-14 15:30:41 - [MESSAGE][PASSED] - Tapped on element 'Object Repository/Mobile/OR Product/android.widget.EditText1 (3)'

2018-12-14 15:30:41 - [TEST_STEP][PASSED] - delay(5, STOP_ON_FAILURE): Delayed 5 second(s)

2018-12-14 15:30:46 - [MESSAGE][PASSED] - Delayed 5 second(s)

2018-12-14 15:30:46 - [TEST_STEP][PASSED] - tap(findTestObject("Mobile/OR Product/android.widget.EditText2 - 2018"), 0): Tapped on element 'Object Repository/Mobile/OR Product/android.widget.EditText2 - 2018'

2018-12-14 15:30:46 - [MESSAGE][WARNING] - Timeout '0' is invalid. Using default page load timeout: '100'

2018-12-14 15:30:49 - [MESSAGE][PASSED] - Tapped on element 'Object Repository/Mobile/OR Product/android.widget.EditText2 - 2018'

2018-12-14 15:30:49 - [TEST_STEP][PASSED] - delay(findTestData("Delay Step").getValue(1, 2), STOP_ON_FAILURE): Delayed 5 second(s)

2018-12-14 15:30:54 - [MESSAGE][PASSED] - Delayed 5 second(s)

2018-12-14 15:30:54 - [TEST_STEP][PASSED] - tap(findTestObject("Mobile/OR Product/android.widget.Button0 - Next (11)"), 0): Tapped on element 'Object Repository/Mobile/OR Product/android.widget.Button0 - Next (11)'

2018-12-14 15:30:54 - [MESSAGE][WARNING] - Timeout '0' is invalid. Using default page load timeout: '100'

2018-12-14 15:30:58 - [MESSAGE][PASSED] - Tapped on element 'Object Repository/Mobile/OR Product/android.widget.Button0 - Next (11)'

2018-12-14 15:30:58 - [TEST_STEP][PASSED] - clearText(findTestObject("Mobile/OR Product/android.widget.EditText0 - D 1 BOS"), 0): Element 'Object Repository/Mobile/OR Product/android.widget.EditText0 - D 1 BOS' text is cleared

2018-12-14 15:30:58 - [MESSAGE][WARNING] - Timeout '0' is invalid. Using default page load timeout: '100'

2018-12-14 15:30:58 - [MESSAGE][PASSED] - Element 'Object Repository/Mobile/OR Product/android.widget.EditText0 - D 1 BOS' text is cleared

2018-12-14 15:30:58 - [TEST_STEP][PASSED] - setText(findTestObject("Mobile/OR Product/android.widget.EditText0 - Exp B 1 XXX (1)"), "D 03 A", 0): Text 'D 03 A' has been set to element 'Object Repository/Mobile/OR Product/android.widget.EditText0 - Exp B 1 XXX (1)'

2018-12-14 15:30:58 - [MESSAGE][WARNING] - Timeout '0' is invalid. Using default page load timeout: '100'

2018-12-14 15:31:00 - [MESSAGE][PASSED] - Text 'D 03 A' has been set to element 'Object Repository/Mobile/OR Product/android.widget.EditText0 - Exp B 1 XXX (1)'

2018-12-14 15:31:00 - [TEST_STEP][PASSED] - tap(findTestObject("Mobile/OR Product/android.widget.Button0 - Next (12)"), 0): Tapped on element 'Object Repository/Mobile/OR Product/android.widget.Button0 - Next (12)'

2018-12-14 15:31:00 - [MESSAGE][WARNING] - Timeout '0' is invalid. Using default page load timeout: '100'

2018-12-14 15:31:02 - [MESSAGE][PASSED] - Tapped on element 'Object Repository/Mobile/OR Product/android.widget.Button0 - Next (12)'

2018-12-14 15:31:02 - [TEST_STEP][PASSED] - for (def index : (1..2)): Tapped on element 'Object Repository/Mobile/OR Product/android.widget.ImageView1'

2018-12-14 15:31:02 - [TEST_STEP][PASSED] - tap(findTestObject("Mobile/OR Product/android.widget.ImageView1"), 0): Tapped on element 'Object Repository/Mobile/OR Product/android.widget.ImageView1'

2018-12-14 15:31:02 - [MESSAGE][WARNING] - Timeout '0' is invalid. Using default page load timeout: '100'

2018-12-14 15:31:03 - [MESSAGE][PASSED] - Tapped on element 'Object Repository/Mobile/OR Product/android.widget.ImageView1'

2018-12-14 15:31:03 - [TEST_STEP][PASSED] - tap(findTestObject("Mobile/OR Product/android.widget.ImageView1"), 0): Tapped on element 'Object Repository/Mobile/OR Product/android.widget.ImageView1'

2018-12-14 15:31:03 - [MESSAGE][WARNING] - Timeout '0' is invalid. Using default page load timeout: '100'

2018-12-14 15:31:07 - [MESSAGE][PASSED] - Tapped on element 'Object Repository/Mobile/OR Product/android.widget.ImageView1'

2018-12-14 15:31:07 - [TEST_STEP][PASSED] - tap(findTestObject("Mobile/OR Product/android.widget.Button0 - Diesel"), 0): Tapped on element 'Object Repository/Mobile/OR Product/android.widget.Button0 - Diesel'

2018-12-14 15:31:07 - [MESSAGE][WARNING] - Timeout '0' is invalid. Using default page load timeout: '100'

2018-12-14 15:31:11 - [MESSAGE][PASSED] - Tapped on element 'Object Repository/Mobile/OR Product/android.widget.Button0 - Diesel'

2018-12-14 15:31:11 - [TEST_STEP][PASSED] - tap(findTestObject("Mobile/OR Product/android.widget.Button4 - Automatic"), 0): Tapped on element 'Object Repository/Mobile/OR Product/android.widget.Button4 - Automatic'

2018-12-14 15:31:11 - [MESSAGE][WARNING] - Timeout '0' is invalid. Using default page load timeout: '100'

2018-12-14 15:31:14 - [MESSAGE][PASSED] - Tapped on element 'Object Repository/Mobile/OR Product/android.widget.Button4 - Automatic'

2018-12-14 15:31:14 - [TEST_STEP][PASSED] - tap(findTestObject("Mobile/OR Product/android.widget.Button5 - Next (1)"), 0): Tapped on element 'Object Repository/Mobile/OR Product/android.widget.Button5 - Next (1)'

2018-12-14 15:31:15 - [MESSAGE][WARNING] - Timeout '0' is invalid. Using default page load timeout: '100'

2018-12-14 15:31:16 - [MESSAGE][PASSED] - Tapped on element 'Object Repository/Mobile/OR Product/android.widget.Button5 - Next (1)'

2018-12-14 15:31:16 - [TEST_STEP][PASSED] - for (def index : (1..6)): Tapped on element 'Object Repository/Mobile/OR Product/android.widget.ImageView2 (2)'

2018-12-14 15:31:16 - [TEST_STEP][PASSED] - tap(findTestObject("Mobile/OR Product/android.widget.ImageView2 (2)"), 0): Tapped on element 'Object Repository/Mobile/OR Product/android.widget.ImageView2 (2)'

2018-12-14 15:31:16 - [MESSAGE][WARNING] - Timeout '0' is invalid. Using default page load timeout: '100'

2018-12-14 15:31:20 - [MESSAGE][PASSED] - Tapped on element 'Object Repository/Mobile/OR Product/android.widget.ImageView2 (2)'

2018-12-14 15:31:20 - [TEST_STEP][PASSED] - tap(findTestObject("Mobile/OR Product/android.widget.ImageView2 (2)"), 0): Tapped on element 'Object Repository/Mobile/OR Product/android.widget.ImageView2 (2)'

2018-12-14 15:31:20 - [MESSAGE][WARNING] - Timeout '0' is invalid. Using default page load timeout: '100'

2018-12-14 15:31:24 - [MESSAGE][PASSED] - Tapped on element 'Object Repository/Mobile/OR Product/android.widget.ImageView2 (2)'

2018-12-14 15:31:24 - [TEST_STEP][PASSED] - tap(findTestObject("Mobile/OR Product/android.widget.ImageView2 (2)"), 0): Tapped on element 'Object Repository/Mobile/OR Product/android.widget.ImageView2 (2)'

2018-12-14 15:31:24 - [MESSAGE][WARNING] - Timeout '0' is invalid. Using default page load timeout: '100'

2018-12-14 15:31:25 - [MESSAGE][PASSED] - Tapped on element 'Object Repository/Mobile/OR Product/android.widget.ImageView2 (2)'

2018-12-14 15:31:25 - [TEST_STEP][PASSED] - tap(findTestObject("Mobile/OR Product/android.widget.ImageView2 (2)"), 0): Tapped on element 'Object Repository/Mobile/OR Product/android.widget.ImageView2 (2)'

2018-12-14 15:31:26 - [MESSAGE][WARNING] - Timeout '0' is invalid. Using default page load timeout: '100'

2018-12-14 15:31:29 - [MESSAGE][PASSED] - Tapped on element 'Object Repository/Mobile/OR Product/android.widget.ImageView2 (2)'

2018-12-14 15:31:29 - [TEST_STEP][PASSED] - tap(findTestObject("Mobile/OR Product/android.widget.ImageView2 (2)"), 0): Tapped on element 'Object Repository/Mobile/OR Product/android.widget.ImageView2 (2)'

2018-12-14 15:31:29 - [MESSAGE][WARNING] - Timeout '0' is invalid. Using default page load timeout: '100'

2018-12-14 15:31:33 - [MESSAGE][PASSED] - Tapped on element 'Object Repository/Mobile/OR Product/android.widget.ImageView2 (2)'

2018-12-14 15:31:33 - [TEST_STEP][PASSED] - tap(findTestObject("Mobile/OR Product/android.widget.ImageView2 (2)"), 0): Tapped on element 'Object Repository/Mobile/OR Product/android.widget.ImageView2 (2)'

2018-12-14 15:31:33 - [MESSAGE][WARNING] - Timeout '0' is invalid. Using default page load timeout: '100'

2018-12-14 15:31:37 - [MESSAGE][PASSED] - Tapped on element 'Object Repository/Mobile/OR Product/android.widget.ImageView2 (2)'

2018-12-14 15:31:37 - [TEST_STEP][PASSED] - tap(findTestObject("Mobile/OR Product/android.widget.RelativeLayout3"), 0): Tapped on element 'Object Repository/Mobile/OR Product/android.widget.RelativeLayout3'

2018-12-14 15:31:37 - [MESSAGE][WARNING] - Timeout '0' is invalid. Using default page load timeout: '100'

2018-12-14 15:31:38 - [MESSAGE][PASSED] - Tapped on element 'Object Repository/Mobile/OR Product/android.widget.RelativeLayout3'

2018-12-14 15:31:38 - [TEST_STEP][PASSED] - tap(findTestObject("Mobile/OR Product/android.widget.RelativeLayout1"), 0): Tapped on element 'Object Repository/Mobile/OR Product/android.widget.RelativeLayout1'

2018-12-14 15:31:38 - [MESSAGE][WARNING] - Timeout '0' is invalid. Using default page load timeout: '100'

2018-12-14 15:31:39 - [MESSAGE][PASSED] - Tapped on element 'Object Repository/Mobile/OR Product/android.widget.RelativeLayout1'

2018-12-14 15:31:39 - [TEST_STEP][PASSED] - tap(findTestObject("Mobile/OR Product/android.widget.LinearLayout3"), 0): Tapped on element 'Object Repository/Mobile/OR Product/android.widget.LinearLayout3'

2018-12-14 15:31:39 - [MESSAGE][WARNING] - Timeout '0' is invalid. Using default page load timeout: '100'

2018-12-14 15:31:41 - [MESSAGE][PASSED] - Tapped on element 'Object Repository/Mobile/OR Product/android.widget.LinearLayout3'

2018-12-14 15:31:41 - [TEST_STEP][PASSED] - delay(findTestData("Delay Step").getValue(1, 2), STOP_ON_FAILURE): Delayed 5 second(s)

2018-12-14 15:31:46 - [MESSAGE][PASSED] - Delayed 5 second(s)

2018-12-14 15:31:46 - [TEST_STEP][PASSED] - tap(findTestObject("Mobile/OR Product/android.widget.RelativeLayout4"), 0): Tapped on element 'Object Repository/Mobile/OR Product/android.widget.RelativeLayout4'

2018-12-14 15:31:46 - [MESSAGE][WARNING] - Timeout '0' is invalid. Using default page load timeout: '100'

2018-12-14 15:31:47 - [MESSAGE][PASSED] - Tapped on element 'Object Repository/Mobile/OR Product/android.widget.RelativeLayout4'

2018-12-14 15:31:47 - [TEST_STEP][PASSED] - tap(findTestObject("Mobile/OR Product/android.widget.RelativeLayout1"), 0): Tapped on element 'Object Repository/Mobile/OR Product/android.widget.RelativeLayout1'

2018-12-14 15:31:47 - [MESSAGE][WARNING] - Timeout '0' is invalid. Using default page load timeout: '100'

2018-12-14 15:31:51 - [MESSAGE][PASSED] - Tapped on element 'Object Repository/Mobile/OR Product/android.widget.RelativeLayout1'

2018-12-14 15:31:51 - [TEST_STEP][PASSED] - tap(findTestObject("Mobile/OR Product/android.widget.LinearLayout3"), 0): Tapped on element 'Object Repository/Mobile/OR Product/android.widget.LinearLayout3'

2018-12-14 15:31:51 - [MESSAGE][WARNING] - Timeout '0' is invalid. Using default page load timeout: '100'

2018-12-14 15:31:54 - [MESSAGE][PASSED] - Tapped on element 'Object Repository/Mobile/OR Product/android.widget.LinearLayout3'

2018-12-14 15:31:54 - [TEST_STEP][PASSED] - delay(findTestData("Delay Step").getValue(1, 2), STOP_ON_FAILURE): Delayed 5 second(s)

2018-12-14 15:31:59 - [MESSAGE][PASSED] - Delayed 5 second(s)

2018-12-14 15:31:59 - [TEST_STEP][PASSED] - tap(findTestObject("Mobile/OR Product/android.widget.RelativeLayout5"), 0): Tapped on element 'Object Repository/Mobile/OR Product/android.widget.RelativeLayout5'

2018-12-14 15:31:59 - [MESSAGE][WARNING] - Timeout '0' is invalid. Using default page load timeout: '100'

2018-12-14 15:32:00 - [MESSAGE][PASSED] - Tapped on element 'Object Repository/Mobile/OR Product/android.widget.RelativeLayout5'

2018-12-14 15:32:00 - [TEST_STEP][PASSED] - tap(findTestObject("Mobile/OR Product/android.widget.RelativeLayout1"), 0): Tapped on element 'Object Repository/Mobile/OR Product/android.widget.RelativeLayout1'

2018-12-14 15:32:00 - [MESSAGE][WARNING] - Timeout '0' is invalid. Using default page load timeout: '100'

2018-12-14 15:32:02 - [MESSAGE][PASSED] - Tapped on element 'Object Repository/Mobile/OR Product/android.widget.RelativeLayout1'

2018-12-14 15:32:02 - [TEST_STEP][PASSED] - tap(findTestObject("Mobile/OR Product/android.widget.LinearLayout3"), 0): Tapped on element 'Object Repository/Mobile/OR Product/android.widget.LinearLayout3'

2018-12-14 15:32:02 - [MESSAGE][WARNING] - Timeout '0' is invalid. Using default page load timeout: '100'

2018-12-14 15:32:06 - [MESSAGE][PASSED] - Tapped on element 'Object Repository/Mobile/OR Product/android.widget.LinearLayout3'

2018-12-14 15:32:06 - [TEST_STEP][PASSED] - delay(findTestData("Delay Step").getValue(1, 2), STOP_ON_FAILURE): Delayed 5 second(s)

2018-12-14 15:32:11 - [MESSAGE][PASSED] - Delayed 5 second(s)

2018-12-14 15:32:11 - [TEST_STEP][PASSED] - tap(findTestObject("Mobile/OR Product/android.widget.RelativeLayout6"), 0): Tapped on element 'Object Repository/Mobile/OR Product/android.widget.RelativeLayout6'

2018-12-14 15:32:11 - [MESSAGE][WARNING] - Timeout '0' is invalid. Using default page load timeout: '100'

2018-12-14 15:32:12 - [MESSAGE][PASSED] - Tapped on element 'Object Repository/Mobile/OR Product/android.widget.RelativeLayout6'

2018-12-14 15:32:12 - [TEST_STEP][PASSED] - tap(findTestObject("Mobile/OR Product/android.widget.RelativeLayout1"), 0): Tapped on element 'Object Repository/Mobile/OR Product/android.widget.RelativeLayout1'

2018-12-14 15:32:12 - [MESSAGE][WARNING] - Timeout '0' is invalid. Using default page load timeout: '100'

2018-12-14 15:32:13 - [MESSAGE][PASSED] - Tapped on element 'Object Repository/Mobile/OR Product/android.widget.RelativeLayout1'

2018-12-14 15:32:13 - [TEST_STEP][PASSED] - tap(findTestObject("Mobile/OR Product/android.widget.LinearLayout3"), 0): Tapped on element 'Object Repository/Mobile/OR Product/android.widget.LinearLayout3'

2018-12-14 15:32:13 - [MESSAGE][WARNING] - Timeout '0' is invalid. Using default page load timeout: '100'

2018-12-14 15:32:17 - [MESSAGE][PASSED] - Tapped on element 'Object Repository/Mobile/OR Product/android.widget.LinearLayout3'

2018-12-14 15:32:17 - [TEST_STEP][PASSED] - delay(findTestData("Delay Step").getValue(1, 2), STOP_ON_FAILURE): Delayed 5 second(s)

2018-12-14 15:32:22 - [MESSAGE][PASSED] - Delayed 5 second(s)

2018-12-14 15:32:22 - [TEST_STEP][PASSED] - tap(findTestObject("Mobile/OR Product/android.widget.RelativeLayout7 (1)"), 0): Tapped on element 'Object Repository/Mobile/OR Product/android.widget.RelativeLayout7 (1)'

2018-12-14 15:32:22 - [MESSAGE][WARNING] - Timeout '0' is invalid. Using default page load timeout: '100'

2018-12-14 15:32:23 - [MESSAGE][PASSED] - Tapped on element 'Object Repository/Mobile/OR Product/android.widget.RelativeLayout7 (1)'

2018-12-14 15:32:23 - [TEST_STEP][PASSED] - tap(findTestObject("Mobile/OR Product/android.widget.RelativeLayout1"), 0): Tapped on element 'Object Repository/Mobile/OR Product/android.widget.RelativeLayout1'

2018-12-14 15:32:23 - [MESSAGE][WARNING] - Timeout '0' is invalid. Using default page load timeout: '100'

2018-12-14 15:32:24 - [MESSAGE][PASSED] - Tapped on element 'Object Repository/Mobile/OR Product/android.widget.RelativeLayout1'

2018-12-14 15:32:24 - [TEST_STEP][PASSED] - tap(findTestObject("Mobile/OR Product/android.widget.LinearLayout3"), 0): Tapped on element 'Object Repository/Mobile/OR Product/android.widget.LinearLayout3'

2018-12-14 15:32:24 - [MESSAGE][WARNING] - Timeout '0' is invalid. Using default page load timeout: '100'

2018-12-14 15:32:26 - [MESSAGE][PASSED] - Tapped on element 'Object Repository/Mobile/OR Product/android.widget.LinearLayout3'

2018-12-14 15:32:26 - [TEST_STEP][PASSED] - delay(findTestData("Delay Step").getValue(1, 2), STOP_ON_FAILURE): Delayed 5 second(s)

2018-12-14 15:32:31 - [MESSAGE][PASSED] - Delayed 5 second(s)

2018-12-14 15:32:31 - [TEST_STEP][PASSED] - tap(findTestObject("Mobile/OR Product/android.widget.RelativeLayout8 (1)"), 0): Tapped on element 'Object Repository/Mobile/OR Product/android.widget.RelativeLayout8 (1)'

2018-12-14 15:32:31 - [MESSAGE][WARNING] - Timeout '0' is invalid. Using default page load timeout: '100'

2018-12-14 15:32:35 - [MESSAGE][PASSED] - Tapped on element 'Object Repository/Mobile/OR Product/android.widget.RelativeLayout8 (1)'

2018-12-14 15:32:35 - [TEST_STEP][PASSED] - tap(findTestObject("Mobile/OR Product/android.widget.RelativeLayout1"), 0): Tapped on element 'Object Repository/Mobile/OR Product/android.widget.RelativeLayout1'

2018-12-14 15:32:35 - [MESSAGE][WARNING] - Timeout '0' is invalid. Using default page load timeout: '100'

2018-12-14 15:32:36 - [MESSAGE][PASSED] - Tapped on element 'Object Repository/Mobile/OR Product/android.widget.RelativeLayout1'

2018-12-14 15:32:36 - [TEST_STEP][PASSED] - tap(findTestObject("Mobile/OR Product/android.widget.LinearLayout3"), 0): Tapped on element 'Object Repository/Mobile/OR Product/android.widget.LinearLayout3'

2018-12-14 15:32:36 - [MESSAGE][WARNING] - Timeout '0' is invalid. Using default page load timeout: '100'

2018-12-14 15:32:38 - [MESSAGE][PASSED] - Tapped on element 'Object Repository/Mobile/OR Product/android.widget.LinearLayout3'

2018-12-14 15:32:38 - [TEST_STEP][PASSED] - delay(findTestData("Delay Step").getValue(1, 2), STOP_ON_FAILURE): Delayed 5 second(s)

2018-12-14 15:32:43 - [MESSAGE][PASSED] - Delayed 5 second(s)

2018-12-14 15:32:43 - [TEST_STEP][PASSED] - tap(findTestObject("Mobile/OR Product/android.widget.Button0 - Save (4)"), 0): Tapped on element 'Object Repository/Mobile/OR Product/android.widget.Button0 - Save (4)'

2018-12-14 15:32:43 - [MESSAGE][WARNING] - Timeout '0' is invalid. Using default page load timeout: '100'

2018-12-14 15:32:53 - [MESSAGE][PASSED] - Tapped on element 'Object Repository/Mobile/OR Product/android.widget.Button0 - Save (4)'

2018-12-14 15:32:53 - [TEST_STEP][PASSED] - delay(findTestData("Delay Step").getValue(1, 2), STOP_ON_FAILURE): Delayed 5 second(s)

2018-12-14 15:32:58 - [MESSAGE][PASSED] - Delayed 5 second(s)]]></system-out>
         <system-err><![CDATA[]]></system-err>
      </testcase>
      <system-out><![CDATA[2018-12-14 15:28:20 - [TEST_SUITE][PASSED] - Search and edit Owned Cars by Owner: Test Cases/Mobile/Android/Product/SC99 Regression/TC04 Edit Car - My Cars]]></system-out>
      <system-err><![CDATA[]]></system-err>
   </testsuite>
</testsuites>
