<?xml version="1.0" encoding="UTF-8"?>
<testsuites name="Search and Delete Owned Cars by Owner" time="103" tests="3" failures="0" errors="0">
   <testsuite name="Search and Delete Owned Cars by Owner" tests="3" failures="0" errors="0" time="103" timestamp="2018-11-19 14:42:41" hostname="WGS-LAP199 - DESKTOP-QUMB1S3" id="Test Suites/Mobile/Search and Delete Owned Cars by Owner">
      <properties>
         <property name="deviceName" value="Xiaomi Redmi 5 (Android 7.1.2)"/>
         <property name="devicePlatform" value=""/>
         <property name="logFolder" value="C:\\Users\\WGS-LAP199\\git\\astra-movic\\Reports\\Mobile\\Search and Delete Owned Cars by Owner\\20181119_144236"/>
         <property name="logFiles" value="C:\\Users\\WGS-LAP199\\git\\astra-movic\\Reports\\Mobile\\Search and Delete Owned Cars by Owner\\20181119_144236\\appium.log, C:\\Users\\WGS-LAP199\\git\\astra-movic\\Reports\\Mobile\\Search and Delete Owned Cars by Owner\\20181119_144236\\execution0.log"/>
         <property name="attachments" value=""/>
         <property name="hostName" value="WGS-LAP199 - DESKTOP-QUMB1S3"/>
         <property name="os" value="Windows 10 64bit"/>
         <property name="katalonVersion" value="5.8.6.1"/>
         <property name="deviceOS" value="Android"/>
         <property name="appiumVersion" value="1.8.1"/>
         <property name="deviceModel" value="Redmi 5"/>
         <property name="hostAddress" value="10.10.11.177"/>
         <property name="deviceManufacturer" value="Xiaomi"/>
         <property name="deviceId" value="54e797627cf5"/>
         <property name="deviceName" value="Xiaomi Redmi 5 (Android 7.1.2)"/>
         <property name="deviceOSVersion" value="7.1.2"/>
      </properties>
      <testcase name="Test Cases/Mobile/Android/User/SC99 Regression/TC04 Login with email" classname="Test Cases/Mobile/Android/User/SC99 Regression/TC04 Login with email" status="PASSED">
         <system-out><![CDATA[2018-11-19 14:42:42 - [TEST_CASE][PASSED] - Test Cases/Mobile/Android/User/SC99 Regression/TC04 Login with email: Test Cases/Mobile/Android/User/SC99 Regression/TC04 Login with email

2018-11-19 14:42:43 - [TEST_STEP][PASSED] - startApplication: Started app at: 'C:\Users\WGS-LAP199\Downloads\Movic apk\Movic_0.9.7_2018-10-14-stable-debug.apk'

2018-11-19 14:43:33 - [MESSAGE][PASSED] - Started app at: 'C:\Users\WGS-LAP199\Downloads\Movic apk\Movic_0.9.7_2018-10-14-stable-debug.apk'

2018-11-19 14:43:33 - [TEST_STEP][PASSED] - tap: Tapped on element 'Object Repository/Mobile/OR Registrasi/android.widget.ImageView4'

2018-11-19 14:43:33 - [MESSAGE][WARNING] - Timeout '0' is invalid. Using default page load timeout: '30'

2018-11-19 14:43:37 - [MESSAGE][PASSED] - Tapped on element 'Object Repository/Mobile/OR Registrasi/android.widget.ImageView4'

2018-11-19 14:43:37 - [TEST_STEP][PASSED] - Statement - For (def index : (1..2)): Tapped on element 'Object Repository/Mobile/OR Registrasi/android.widget.ImageView1'

2018-11-19 14:43:37 - [TEST_STEP][PASSED] - tap: Tapped on element 'Object Repository/Mobile/OR Registrasi/android.widget.ImageView1'

2018-11-19 14:43:37 - [MESSAGE][WARNING] - Timeout '0' is invalid. Using default page load timeout: '30'

2018-11-19 14:43:39 - [MESSAGE][PASSED] - Tapped on element 'Object Repository/Mobile/OR Registrasi/android.widget.ImageView1'

2018-11-19 14:43:39 - [TEST_STEP][PASSED] - tap: Tapped on element 'Object Repository/Mobile/OR Registrasi/android.widget.ImageView1'

2018-11-19 14:43:39 - [MESSAGE][WARNING] - Timeout '0' is invalid. Using default page load timeout: '30'

2018-11-19 14:43:40 - [MESSAGE][PASSED] - Tapped on element 'Object Repository/Mobile/OR Registrasi/android.widget.ImageView1'

2018-11-19 14:43:40 - [TEST_STEP][PASSED] - tap: Tapped on element 'Object Repository/Mobile/OR Registrasi/android.widget.TextView2 - Skip'

2018-11-19 14:43:40 - [MESSAGE][WARNING] - Timeout '0' is invalid. Using default page load timeout: '30'

2018-11-19 14:43:42 - [MESSAGE][PASSED] - Tapped on element 'Object Repository/Mobile/OR Registrasi/android.widget.TextView2 - Skip'

2018-11-19 14:43:42 - [TEST_STEP][PASSED] - tap: Tapped on element 'Object Repository/Mobile/OR Login/android.widget.TextView0 - Log in'

2018-11-19 14:43:42 - [MESSAGE][WARNING] - Timeout '0' is invalid. Using default page load timeout: '30'

2018-11-19 14:43:44 - [MESSAGE][PASSED] - Tapped on element 'Object Repository/Mobile/OR Login/android.widget.TextView0 - Log in'

2018-11-19 14:43:44 - [TEST_STEP][PASSED] - setText: Text 'santi.wahyuni@wgs.co.id' has been set to element 'Object Repository/Mobile/OR Login/android.widget.EditText0'

2018-11-19 14:43:44 - [MESSAGE][WARNING] - Timeout '0' is invalid. Using default page load timeout: '30'

2018-11-19 14:43:45 - [MESSAGE][PASSED] - Text 'santi.wahyuni@wgs.co.id' has been set to element 'Object Repository/Mobile/OR Login/android.widget.EditText0'

2018-11-19 14:43:45 - [TEST_STEP][PASSED] - tap: Tapped on element 'Object Repository/Mobile/OR Login/android.widget.Button0 - Next'

2018-11-19 14:43:45 - [MESSAGE][WARNING] - Timeout '0' is invalid. Using default page load timeout: '30'

2018-11-19 14:43:48 - [MESSAGE][PASSED] - Tapped on element 'Object Repository/Mobile/OR Login/android.widget.Button0 - Next'

2018-11-19 14:43:48 - [TEST_STEP][PASSED] - setText: Text 'P@ssword789' has been set to element 'Object Repository/Mobile/OR Login/android.widget.EditText0 (1)'

2018-11-19 14:43:48 - [MESSAGE][WARNING] - Timeout '0' is invalid. Using default page load timeout: '30'

2018-11-19 14:43:50 - [MESSAGE][PASSED] - Text 'P@ssword789' has been set to element 'Object Repository/Mobile/OR Login/android.widget.EditText0 (1)'

2018-11-19 14:43:50 - [TEST_STEP][PASSED] - delay: Delayed 1 second(s)

2018-11-19 14:43:51 - [MESSAGE][PASSED] - Delayed 1 second(s)

2018-11-19 14:43:51 - [TEST_STEP][PASSED] - hideKeyboard: Keyboard is hidden

2018-11-19 14:43:53 - [MESSAGE][PASSED] - Keyboard is hidden

2018-11-19 14:43:53 - [TEST_STEP][PASSED] - tap: Tapped on element 'Object Repository/Mobile/OR Login/android.widget.Button0 - Start Movic'

2018-11-19 14:43:53 - [MESSAGE][WARNING] - Timeout '0' is invalid. Using default page load timeout: '30'

2018-11-19 14:43:55 - [MESSAGE][PASSED] - Tapped on element 'Object Repository/Mobile/OR Login/android.widget.Button0 - Start Movic'

2018-11-19 14:43:55 - [TEST_STEP][PASSED] - delay: Delayed 5 second(s)

2018-11-19 14:44:00 - [MESSAGE][PASSED] - Delayed 5 second(s)]]></system-out>
         <system-err><![CDATA[]]></system-err>
      </testcase>
      <testcase name="Test Cases/Mobile/Android/Product/SC99 Regression/TC02 Search Car - My Cars" classname="Test Cases/Mobile/Android/Product/SC99 Regression/TC02 Search Car - My Cars" status="PASSED">
         <system-out><![CDATA[2018-11-19 14:44:00 - [TEST_CASE][PASSED] - Test Cases/Mobile/Android/Product/SC99 Regression/TC02 Search Car - My Cars: Test Cases/Mobile/Android/Product/SC99 Regression/TC02 Search Car - My Cars

2018-11-19 14:44:00 - [TEST_STEP][NOT_RUN] - callTestCase: NOT_RUN: callTestCase

2018-11-19 14:44:00 - [MESSAGE][NOT_RUN] - NOT_RUN: callTestCase

2018-11-19 14:44:00 - [TEST_STEP][PASSED] - tap: Tapped on element 'Object Repository/Mobile/OR Product/android.widget.Tab - My Cars'

2018-11-19 14:44:00 - [MESSAGE][WARNING] - Timeout '0' is invalid. Using default page load timeout: '30'

2018-11-19 14:44:03 - [MESSAGE][PASSED] - Tapped on element 'Object Repository/Mobile/OR Product/android.widget.Tab - My Cars'

2018-11-19 14:44:03 - [TEST_STEP][PASSED] - setText: Text 'Mitsubishi' has been set to element 'Object Repository/Mobile/OR Product/android.widget.EditText0 - Search car'

2018-11-19 14:44:03 - [MESSAGE][WARNING] - Timeout '0' is invalid. Using default page load timeout: '30'

2018-11-19 14:44:05 - [MESSAGE][PASSED] - Text 'Mitsubishi' has been set to element 'Object Repository/Mobile/OR Product/android.widget.EditText0 - Search car'

2018-11-19 14:44:05 - [TEST_STEP][PASSED] - tap: Tapped on element 'Object Repository/Mobile/OR Product/android.widget.ImageView6'

2018-11-19 14:44:05 - [MESSAGE][WARNING] - Timeout '0' is invalid. Using default page load timeout: '30'

2018-11-19 14:44:07 - [MESSAGE][PASSED] - Tapped on element 'Object Repository/Mobile/OR Product/android.widget.ImageView6'

2018-11-19 14:44:07 - [TEST_STEP][PASSED] - delay: Delayed 5 second(s)

2018-11-19 14:44:12 - [MESSAGE][PASSED] - Delayed 5 second(s)]]></system-out>
         <system-err><![CDATA[]]></system-err>
      </testcase>
      <testcase name="Test Cases/Mobile/Android/Product/SC99 Regression/TC05 Delete - My Cars" classname="Test Cases/Mobile/Android/Product/SC99 Regression/TC05 Delete - My Cars" status="PASSED">
         <system-out><![CDATA[2018-11-19 14:44:12 - [TEST_CASE][PASSED] - Test Cases/Mobile/Android/Product/SC99 Regression/TC05 Delete - My Cars: Test Cases/Mobile/Android/Product/SC99 Regression/TC05 Delete - My Cars

2018-11-19 14:44:13 - [TEST_STEP][NOT_RUN] - callTestCase: NOT_RUN: callTestCase

2018-11-19 14:44:13 - [MESSAGE][NOT_RUN] - NOT_RUN: callTestCase

2018-11-19 14:44:13 - [TEST_STEP][NOT_RUN] - tap: NOT_RUN: tap

2018-11-19 14:44:13 - [MESSAGE][NOT_RUN] - NOT_RUN: tap

2018-11-19 14:44:13 - [TEST_STEP][PASSED] - tap: Tapped on element 'Object Repository/Mobile/OR Product/android.widget.ImageView9 (1)'

2018-11-19 14:44:13 - [MESSAGE][WARNING] - Timeout '0' is invalid. Using default page load timeout: '30'

2018-11-19 14:44:14 - [MESSAGE][PASSED] - Tapped on element 'Object Repository/Mobile/OR Product/android.widget.ImageView9 (1)'

2018-11-19 14:44:14 - [TEST_STEP][PASSED] - tap: Tapped on element 'Object Repository/Mobile/OR Product/android.widget.RelativeLayout3 (1)'

2018-11-19 14:44:14 - [MESSAGE][WARNING] - Timeout '0' is invalid. Using default page load timeout: '30'

2018-11-19 14:44:16 - [MESSAGE][PASSED] - Tapped on element 'Object Repository/Mobile/OR Product/android.widget.RelativeLayout3 (1)'

2018-11-19 14:44:16 - [TEST_STEP][PASSED] - tap: Tapped on element 'Object Repository/Mobile/OR Product/android.widget.TextView3 - OK'

2018-11-19 14:44:16 - [MESSAGE][WARNING] - Timeout '0' is invalid. Using default page load timeout: '30'

2018-11-19 14:44:18 - [MESSAGE][PASSED] - Tapped on element 'Object Repository/Mobile/OR Product/android.widget.TextView3 - OK'

2018-11-19 14:44:18 - [TEST_STEP][PASSED] - delay: Delayed 5 second(s)

2018-11-19 14:44:23 - [MESSAGE][PASSED] - Delayed 5 second(s)]]></system-out>
         <system-err><![CDATA[]]></system-err>
      </testcase>
      <system-out><![CDATA[2018-11-19 14:42:41 - [TEST_SUITE][PASSED] - Search and Delete Owned Cars by Owner: Test Cases/Mobile/Android/Product/SC99 Regression/TC05 Delete - My Cars]]></system-out>
      <system-err><![CDATA[]]></system-err>
   </testsuite>
</testsuites>
