<?xml version="1.0" encoding="UTF-8"?>
<testsuites name="Search and Set Price Owned Cars by Owner" time="135" tests="3" failures="0" errors="0">
   <testsuite name="Search and Set Price Owned Cars by Owner" tests="3" failures="0" errors="0" time="135" timestamp="2018-12-14 15:44:50" hostname="WGS-LAP199 - DESKTOP-QUMB1S3" id="Test Suites/Mobile/Search and Set Price Owned Cars by Owner">
      <properties>
         <property name="deviceName" value="Xiaomi Redmi 5 (Android 7.1.2)"/>
         <property name="devicePlatform" value=""/>
         <property name="logFolder" value="C:\\Users\\WGS-LAP199\\git\\astra-movic\\Reports\\Mobile\\Search and Set Price Owned Cars by Owner\\20181214_154447"/>
         <property name="logFiles" value="C:\\Users\\WGS-LAP199\\git\\astra-movic\\Reports\\Mobile\\Search and Set Price Owned Cars by Owner\\20181214_154447\\appium.log, C:\\Users\\WGS-LAP199\\git\\astra-movic\\Reports\\Mobile\\Search and Set Price Owned Cars by Owner\\20181214_154447\\execution0.log"/>
         <property name="attachments" value=""/>
         <property name="hostName" value="WGS-LAP199 - DESKTOP-QUMB1S3"/>
         <property name="os" value="Windows 10 64bit"/>
         <property name="katalonVersion" value="5.9.1.2"/>
         <property name="deviceOS" value="Android"/>
         <property name="appiumVersion" value="1.8.0"/>
         <property name="deviceModel" value="Redmi 5"/>
         <property name="hostAddress" value="10.10.10.231"/>
         <property name="deviceManufacturer" value="Xiaomi"/>
         <property name="deviceId" value="54e797627cf5"/>
         <property name="deviceName" value="Xiaomi Redmi 5 (Android 7.1.2)"/>
         <property name="deviceOSVersion" value="7.1.2"/>
      </properties>
      <testcase name="Test Cases/Mobile/Android/User/SC99 Regression/TC04 Login with email" classname="Test Cases/Mobile/Android/User/SC99 Regression/TC04 Login with email" status="PASSED">
         <system-out><![CDATA[2018-12-14 15:44:51 - [TEST_CASE][PASSED] - Test Cases/Mobile/Android/User/SC99 Regression/TC04 Login with email: Test Cases/Mobile/Android/User/SC99 Regression/TC04 Login with email

2018-12-14 15:44:52 - [TEST_STEP][PASSED] - startApplication("C:\Users\WGS-LAP199\Downloads\Movic apk\Movic_0.10.0_2018-12-03-staging-debug.apk", false): Started app at: 'C:\Users\WGS-LAP199\Downloads\Movic apk\Movic_0.10.0_2018-12-03-staging-debug.apk'

2018-12-14 15:44:52 - [MESSAGE][INFO] - User set preference: ['deviceId', '54e797627cf5']

2018-12-14 15:44:59 - [MESSAGE][INFO] - Appium server started on port 54,793

2018-12-14 15:45:39 - [MESSAGE][PASSED] - Started app at: 'C:\Users\WGS-LAP199\Downloads\Movic apk\Movic_0.10.0_2018-12-03-staging-debug.apk'

2018-12-14 15:45:39 - [TEST_STEP][PASSED] - tap(findTestObject("Mobile/OR Registrasi/android.widget.ImageView4"), 0): Tapped on element 'Object Repository/Mobile/OR Registrasi/android.widget.ImageView4'

2018-12-14 15:45:39 - [MESSAGE][WARNING] - Timeout '0' is invalid. Using default page load timeout: '100'

2018-12-14 15:45:43 - [MESSAGE][PASSED] - Tapped on element 'Object Repository/Mobile/OR Registrasi/android.widget.ImageView4'

2018-12-14 15:45:43 - [TEST_STEP][PASSED] - for (def index : (1..2)): Tapped on element 'Object Repository/Mobile/OR Registrasi/android.widget.ImageView1'

2018-12-14 15:45:43 - [TEST_STEP][PASSED] - tap(findTestObject("Mobile/OR Registrasi/android.widget.ImageView1"), 0): Tapped on element 'Object Repository/Mobile/OR Registrasi/android.widget.ImageView1'

2018-12-14 15:45:43 - [MESSAGE][WARNING] - Timeout '0' is invalid. Using default page load timeout: '100'

2018-12-14 15:45:45 - [MESSAGE][PASSED] - Tapped on element 'Object Repository/Mobile/OR Registrasi/android.widget.ImageView1'

2018-12-14 15:45:45 - [TEST_STEP][PASSED] - tap(findTestObject("Mobile/OR Registrasi/android.widget.ImageView1"), 0): Tapped on element 'Object Repository/Mobile/OR Registrasi/android.widget.ImageView1'

2018-12-14 15:45:45 - [MESSAGE][WARNING] - Timeout '0' is invalid. Using default page load timeout: '100'

2018-12-14 15:45:48 - [MESSAGE][PASSED] - Tapped on element 'Object Repository/Mobile/OR Registrasi/android.widget.ImageView1'

2018-12-14 15:45:48 - [TEST_STEP][PASSED] - tap(findTestObject("Mobile/OR Registrasi/android.widget.TextView2 - Skip"), 0): Tapped on element 'Object Repository/Mobile/OR Registrasi/android.widget.TextView2 - Skip'

2018-12-14 15:45:48 - [MESSAGE][WARNING] - Timeout '0' is invalid. Using default page load timeout: '100'

2018-12-14 15:45:52 - [MESSAGE][PASSED] - Tapped on element 'Object Repository/Mobile/OR Registrasi/android.widget.TextView2 - Skip'

2018-12-14 15:45:52 - [TEST_STEP][PASSED] - tap(findTestObject("Mobile/OR Login/android.widget.TextView0 - Log in"), 0): Tapped on element 'Object Repository/Mobile/OR Login/android.widget.TextView0 - Log in'

2018-12-14 15:45:52 - [MESSAGE][WARNING] - Timeout '0' is invalid. Using default page load timeout: '100'

2018-12-14 15:45:55 - [MESSAGE][PASSED] - Tapped on element 'Object Repository/Mobile/OR Login/android.widget.TextView0 - Log in'

2018-12-14 15:45:55 - [TEST_STEP][PASSED] - setText(findTestObject("Mobile/OR Login/android.widget.EditText0"), "santi.wahyuni@wgs.co.id", 0): Text 'santi.wahyuni@wgs.co.id' has been set to element 'Object Repository/Mobile/OR Login/android.widget.EditText0'

2018-12-14 15:45:55 - [MESSAGE][WARNING] - Timeout '0' is invalid. Using default page load timeout: '100'

2018-12-14 15:45:57 - [MESSAGE][PASSED] - Text 'santi.wahyuni@wgs.co.id' has been set to element 'Object Repository/Mobile/OR Login/android.widget.EditText0'

2018-12-14 15:45:57 - [TEST_STEP][PASSED] - tap(findTestObject("Mobile/OR Login/android.widget.Button0 - Next"), 0): Tapped on element 'Object Repository/Mobile/OR Login/android.widget.Button0 - Next'

2018-12-14 15:45:57 - [MESSAGE][WARNING] - Timeout '0' is invalid. Using default page load timeout: '100'

2018-12-14 15:46:00 - [MESSAGE][PASSED] - Tapped on element 'Object Repository/Mobile/OR Login/android.widget.Button0 - Next'

2018-12-14 15:46:00 - [TEST_STEP][PASSED] - delay(findTestData("Delay Step").getValue(1, 2), STOP_ON_FAILURE): Delayed 5 second(s)

2018-12-14 15:46:05 - [MESSAGE][PASSED] - Delayed 5 second(s)

2018-12-14 15:46:05 - [TEST_STEP][PASSED] - setText(findTestObject("Mobile/OR Login/android.widget.EditText0 (1)"), "P@ssword123", 0): Text 'P@ssword123' has been set to element 'Object Repository/Mobile/OR Login/android.widget.EditText0 (1)'

2018-12-14 15:46:05 - [MESSAGE][WARNING] - Timeout '0' is invalid. Using default page load timeout: '100'

2018-12-14 15:46:06 - [MESSAGE][PASSED] - Text 'P@ssword123' has been set to element 'Object Repository/Mobile/OR Login/android.widget.EditText0 (1)'

2018-12-14 15:46:06 - [TEST_STEP][PASSED] - delay(findTestData("Delay Step").getValue(1, 2), STOP_ON_FAILURE): Delayed 5 second(s)

2018-12-14 15:46:11 - [MESSAGE][PASSED] - Delayed 5 second(s)

2018-12-14 15:46:11 - [TEST_STEP][PASSED] - hideKeyboard(): Keyboard is hidden

2018-12-14 15:46:13 - [MESSAGE][PASSED] - Keyboard is hidden

2018-12-14 15:46:13 - [TEST_STEP][PASSED] - tap(findTestObject("Mobile/OR Login/android.widget.Button0 - Start Movic"), 0): Tapped on element 'Object Repository/Mobile/OR Login/android.widget.Button0 - Start Movic'

2018-12-14 15:46:13 - [MESSAGE][WARNING] - Timeout '0' is invalid. Using default page load timeout: '100'

2018-12-14 15:46:14 - [MESSAGE][PASSED] - Tapped on element 'Object Repository/Mobile/OR Login/android.widget.Button0 - Start Movic'

2018-12-14 15:46:14 - [TEST_STEP][PASSED] - delay(findTestData("Delay Step").getValue(1, 2), STOP_ON_FAILURE): Delayed 5 second(s)

2018-12-14 15:46:19 - [MESSAGE][PASSED] - Delayed 5 second(s)]]></system-out>
         <system-err><![CDATA[]]></system-err>
      </testcase>
      <testcase name="Test Cases/Mobile/Android/Product/SC99 Regression/TC02 Search Car - My Cars" classname="Test Cases/Mobile/Android/Product/SC99 Regression/TC02 Search Car - My Cars" status="PASSED">
         <system-out><![CDATA[2018-12-14 15:46:20 - [TEST_CASE][PASSED] - Test Cases/Mobile/Android/Product/SC99 Regression/TC02 Search Car - My Cars: Test Cases/Mobile/Android/Product/SC99 Regression/TC02 Search Car - My Cars

2018-12-14 15:46:20 - [TEST_STEP][NOT_RUN] - callTestCase(findTestCase("Mobile/Android/User/SC99 Regression/TC04 Login with email"), [:], STOP_ON_FAILURE): NOT_RUN: callTestCase(findTestCase("Mobile/Android/User/SC99 Regression/TC04 Login with email"), [:], STOP_ON_FAILURE)

2018-12-14 15:46:20 - [MESSAGE][NOT_RUN] - NOT_RUN: callTestCase(findTestCase("Mobile/Android/User/SC99 Regression/TC04 Login with email"), [:], STOP_ON_FAILURE)

2018-12-14 15:46:20 - [TEST_STEP][PASSED] - tap(findTestObject("Mobile/OR Product/android.widget.Tab - My Cars"), 0): Tapped on element 'Object Repository/Mobile/OR Product/android.widget.Tab - My Cars'

2018-12-14 15:46:20 - [MESSAGE][WARNING] - Timeout '0' is invalid. Using default page load timeout: '100'

2018-12-14 15:46:21 - [MESSAGE][PASSED] - Tapped on element 'Object Repository/Mobile/OR Product/android.widget.Tab - My Cars'

2018-12-14 15:46:21 - [TEST_STEP][PASSED] - delay(findTestData("Delay Step").getValue(1, 2), STOP_ON_FAILURE): Delayed 5 second(s)

2018-12-14 15:46:26 - [MESSAGE][PASSED] - Delayed 5 second(s)

2018-12-14 15:46:26 - [TEST_STEP][PASSED] - setText(findTestObject("Mobile/OR Product/android.widget.EditText0 - Search car"), "Mitsubishi", 0): Text 'Mitsubishi' has been set to element 'Object Repository/Mobile/OR Product/android.widget.EditText0 - Search car'

2018-12-14 15:46:26 - [MESSAGE][WARNING] - Timeout '0' is invalid. Using default page load timeout: '100'

2018-12-14 15:46:28 - [MESSAGE][PASSED] - Text 'Mitsubishi' has been set to element 'Object Repository/Mobile/OR Product/android.widget.EditText0 - Search car'

2018-12-14 15:46:28 - [TEST_STEP][PASSED] - delay(findTestData("Delay Step").getValue(1, 2), STOP_ON_FAILURE): Delayed 5 second(s)

2018-12-14 15:46:33 - [MESSAGE][PASSED] - Delayed 5 second(s)

2018-12-14 15:46:33 - [TEST_STEP][PASSED] - tap(findTestObject("Mobile/OR Product/android.widget.ImageView6"), 0): Tapped on element 'Object Repository/Mobile/OR Product/android.widget.ImageView6'

2018-12-14 15:46:33 - [MESSAGE][WARNING] - Timeout '0' is invalid. Using default page load timeout: '100'

2018-12-14 15:46:35 - [MESSAGE][PASSED] - Tapped on element 'Object Repository/Mobile/OR Product/android.widget.ImageView6'

2018-12-14 15:46:35 - [TEST_STEP][PASSED] - delay(findTestData("Delay Step").getValue(1, 2), STOP_ON_FAILURE): Delayed 5 second(s)

2018-12-14 15:46:40 - [MESSAGE][PASSED] - Delayed 5 second(s)]]></system-out>
         <system-err><![CDATA[]]></system-err>
      </testcase>
      <testcase name="Test Cases/Mobile/Android/Product/SC99 Regression/TC06 Set Price - My Cars" classname="Test Cases/Mobile/Android/Product/SC99 Regression/TC06 Set Price - My Cars" status="PASSED">
         <system-out><![CDATA[2018-12-14 15:46:40 - [TEST_CASE][PASSED] - Test Cases/Mobile/Android/Product/SC99 Regression/TC06 Set Price - My Cars: Test Cases/Mobile/Android/Product/SC99 Regression/TC06 Set Price - My Cars

2018-12-14 15:46:41 - [TEST_STEP][NOT_RUN] - callTestCase(findTestCase("Mobile/Android/Product/SC99 Regression/TC02 Search Car - My Cars"), [:], STOP_ON_FAILURE): NOT_RUN: callTestCase(findTestCase("Mobile/Android/Product/SC99 Regression/TC02 Search Car - My Cars"), [:], STOP_ON_FAILURE)

2018-12-14 15:46:41 - [MESSAGE][NOT_RUN] - NOT_RUN: callTestCase(findTestCase("Mobile/Android/Product/SC99 Regression/TC02 Search Car - My Cars"), [:], STOP_ON_FAILURE)

2018-12-14 15:46:41 - [TEST_STEP][NOT_RUN] - tap(findTestObject("Mobile/OR Product/android.widget.Tab - My Cars"), 0): NOT_RUN: tap(findTestObject("Mobile/OR Product/android.widget.Tab - My Cars"), 0)

2018-12-14 15:46:41 - [MESSAGE][NOT_RUN] - NOT_RUN: tap(findTestObject("Mobile/OR Product/android.widget.Tab - My Cars"), 0)

2018-12-14 15:46:41 - [TEST_STEP][PASSED] - tap(findTestObject("Mobile/OR Product/android.widget.ImageView9 (1)"), 0): Tapped on element 'Object Repository/Mobile/OR Product/android.widget.ImageView9 (1)'

2018-12-14 15:46:41 - [MESSAGE][WARNING] - Timeout '0' is invalid. Using default page load timeout: '100'

2018-12-14 15:46:42 - [MESSAGE][PASSED] - Tapped on element 'Object Repository/Mobile/OR Product/android.widget.ImageView9 (1)'

2018-12-14 15:46:42 - [TEST_STEP][PASSED] - tap(findTestObject("Mobile/OR Product/android.widget.RelativeLayout4 (1)"), 0): Tapped on element 'Object Repository/Mobile/OR Product/android.widget.RelativeLayout4 (1)'

2018-12-14 15:46:42 - [MESSAGE][WARNING] - Timeout '0' is invalid. Using default page load timeout: '100'

2018-12-14 15:46:44 - [MESSAGE][PASSED] - Tapped on element 'Object Repository/Mobile/OR Product/android.widget.RelativeLayout4 (1)'

2018-12-14 15:46:44 - [TEST_STEP][PASSED] - clearText(findTestObject("Mobile/OR Product/android.widget.EditText0 - Rp 750.000"), 0): Element 'Object Repository/Mobile/OR Product/android.widget.EditText0 - Rp 750.000' text is cleared

2018-12-14 15:46:44 - [MESSAGE][WARNING] - Timeout '0' is invalid. Using default page load timeout: '100'

2018-12-14 15:46:45 - [MESSAGE][PASSED] - Element 'Object Repository/Mobile/OR Product/android.widget.EditText0 - Rp 750.000' text is cleared

2018-12-14 15:46:45 - [TEST_STEP][PASSED] - setText(findTestObject("Mobile/OR Product/android.widget.EditText0 (5)"), "1000000", 0): Text '1000000' has been set to element 'Object Repository/Mobile/OR Product/android.widget.EditText0 (5)'

2018-12-14 15:46:45 - [MESSAGE][WARNING] - Timeout '0' is invalid. Using default page load timeout: '100'

2018-12-14 15:46:47 - [MESSAGE][PASSED] - Text '1000000' has been set to element 'Object Repository/Mobile/OR Product/android.widget.EditText0 (5)'

2018-12-14 15:46:47 - [TEST_STEP][PASSED] - clearText(findTestObject("Mobile/OR Product/android.widget.EditText1 - Rp 1.000.000"), 0): Element 'Object Repository/Mobile/OR Product/android.widget.EditText1 - Rp 1.000.000' text is cleared

2018-12-14 15:46:47 - [MESSAGE][WARNING] - Timeout '0' is invalid. Using default page load timeout: '100'

2018-12-14 15:46:48 - [MESSAGE][PASSED] - Element 'Object Repository/Mobile/OR Product/android.widget.EditText1 - Rp 1.000.000' text is cleared

2018-12-14 15:46:48 - [TEST_STEP][PASSED] - setText(findTestObject("Mobile/OR Product/android.widget.EditText1 (4)"), "1250000", 0): Text '1250000' has been set to element 'Object Repository/Mobile/OR Product/android.widget.EditText1 (4)'

2018-12-14 15:46:48 - [MESSAGE][WARNING] - Timeout '0' is invalid. Using default page load timeout: '100'

2018-12-14 15:46:50 - [MESSAGE][PASSED] - Text '1250000' has been set to element 'Object Repository/Mobile/OR Product/android.widget.EditText1 (4)'

2018-12-14 15:46:50 - [TEST_STEP][PASSED] - scrollToText("Add Package Price", STOP_ON_FAILURE): Scrolling to text 'Add Package Price' successfully

2018-12-14 15:46:51 - [MESSAGE][PASSED] - Scrolling to text 'Add Package Price' successfully

2018-12-14 15:46:51 - [TEST_STEP][PASSED] - clearText(findTestObject("Mobile/OR Product/android.widget.EditText0 - Rp 1.000.000"), 0): Element 'Object Repository/Mobile/OR Product/android.widget.EditText0 - Rp 1.000.000' text is cleared

2018-12-14 15:46:51 - [MESSAGE][WARNING] - Timeout '0' is invalid. Using default page load timeout: '100'

2018-12-14 15:46:51 - [MESSAGE][PASSED] - Element 'Object Repository/Mobile/OR Product/android.widget.EditText0 - Rp 1.000.000' text is cleared

2018-12-14 15:46:51 - [TEST_STEP][PASSED] - setText(findTestObject("Mobile/OR Product/android.widget.EditText0 (6)"), "1250000", 0): Text '1250000' has been set to element 'Object Repository/Mobile/OR Product/android.widget.EditText0 (6)'

2018-12-14 15:46:51 - [MESSAGE][WARNING] - Timeout '0' is invalid. Using default page load timeout: '100'

2018-12-14 15:46:53 - [MESSAGE][PASSED] - Text '1250000' has been set to element 'Object Repository/Mobile/OR Product/android.widget.EditText0 (6)'

2018-12-14 15:46:53 - [TEST_STEP][PASSED] - clearText(findTestObject("Mobile/OR Product/android.widget.EditText1 - Rp 1.250.000"), 0): Element 'Object Repository/Mobile/OR Product/android.widget.EditText1 - Rp 1.250.000' text is cleared

2018-12-14 15:46:53 - [MESSAGE][WARNING] - Timeout '0' is invalid. Using default page load timeout: '100'

2018-12-14 15:46:54 - [MESSAGE][PASSED] - Element 'Object Repository/Mobile/OR Product/android.widget.EditText1 - Rp 1.250.000' text is cleared

2018-12-14 15:46:54 - [TEST_STEP][PASSED] - setText(findTestObject("Mobile/OR Product/android.widget.EditText1 (5)"), "1500000", 0): Text '1500000' has been set to element 'Object Repository/Mobile/OR Product/android.widget.EditText1 (5)'

2018-12-14 15:46:54 - [MESSAGE][WARNING] - Timeout '0' is invalid. Using default page load timeout: '100'

2018-12-14 15:46:56 - [MESSAGE][PASSED] - Text '1500000' has been set to element 'Object Repository/Mobile/OR Product/android.widget.EditText1 (5)'

2018-12-14 15:46:56 - [TEST_STEP][PASSED] - tap(findTestObject("Mobile/OR Product/android.widget.Button0 - Save (5)"), 0): Tapped on element 'Object Repository/Mobile/OR Product/android.widget.Button0 - Save (5)'

2018-12-14 15:46:56 - [MESSAGE][WARNING] - Timeout '0' is invalid. Using default page load timeout: '100'

2018-12-14 15:46:58 - [MESSAGE][PASSED] - Tapped on element 'Object Repository/Mobile/OR Product/android.widget.Button0 - Save (5)'

2018-12-14 15:46:58 - [TEST_STEP][PASSED] - delay(findTestData("Delay Step").getValue(1, 2)): Delayed 5 second(s)

2018-12-14 15:47:03 - [MESSAGE][PASSED] - Delayed 5 second(s)]]></system-out>
         <system-err><![CDATA[]]></system-err>
      </testcase>
      <system-out><![CDATA[2018-12-14 15:44:50 - [TEST_SUITE][PASSED] - Search and Set Price Owned Cars by Owner: Test Cases/Mobile/Android/Product/SC99 Regression/TC06 Set Price - My Cars]]></system-out>
      <system-err><![CDATA[]]></system-err>
   </testsuite>
</testsuites>
