<?xml version="1.0" encoding="UTF-8"?>
<testsuites name="Login dan Become Owner" time="122" tests="1" failures="1" errors="0">
   <testsuite name="Login dan Become Owner" tests="1" failures="1" errors="0" time="122" timestamp="2018-06-26 10:48:28" hostname="Sandi - DESKTOP-IO1HPO8" id="Test Suites/Front-End/Login dan Become Owner">
      <properties>
         <property name="deviceName" value=""/>
         <property name="devicePlatform" value=""/>
         <property name="logFolder" value="C:\\Users\\Sandi\\Documents\\Katalon Projects\\Projects\\Astra Movic\\Reports\\Front-End\\Login dan Become Owner\\20180626_104826"/>
         <property name="logFiles" value="C:\\Users\\Sandi\\Documents\\Katalon Projects\\Projects\\Astra Movic\\Reports\\Front-End\\Login dan Become Owner\\20180626_104826\\execution0.log"/>
         <property name="attachments" value="C:\\Users\\Sandi\\Documents\\Katalon Projects\\Projects\\Astra Movic\\Reports\\Front-End\\Login dan Become Owner\\20180626_104826\\1529985027983.png"/>
         <property name="hostName" value="Sandi - DESKTOP-IO1HPO8"/>
         <property name="os" value="Windows 10 64bit"/>
         <property name="katalonVersion" value="5.3.0.1"/>
         <property name="browser" value="Chrome 67.0.3396.87"/>
         <property name="hostAddress" value="10.10.10.233"/>
         <property name="sessionId" value="9150c77db8d48e4ddfc9df0d27d4cff8"/>
         <property name="seleniumVersion" value="3.7.1"/>
         <property name="proxyInformation" value="ProxyInformation{proxyOption=NO_PROXY, proxyServerType=, password=, proxyServerAddress=, proxyServerPort=0}"/>
         <property name="platform" value="Windows 10"/>
      </properties>
      <testcase name="Test Cases/Front-End/User/SC99 Regression/TC04 Login Biasa with email" classname="Test Cases/Front-End/User/SC99 Regression/TC04 Login Biasa with email" status="PASSED">
         <system-out><![CDATA[2018-06-26 10:48:29 - [TEST_CASE][PASSED] - Test Cases/Front-End/User/SC99 Regression/TC04 Login Biasa with email: Test Cases/Front-End/User/SC99 Regression/TC04 Login Biasa with email

2018-06-26 10:48:29 - [TEST_STEP][PASSED] - openBrowser: Browser is opened with url: ''

2018-06-26 10:48:35 - [MESSAGE][PASSED] - Browser is opened with url: ''

2018-06-26 10:48:35 - [TEST_STEP][PASSED] - maximizeWindow: Current window maximized

2018-06-26 10:48:37 - [MESSAGE][PASSED] - Current window maximized

2018-06-26 10:48:37 - [TEST_STEP][PASSED] - navigateToUrl: Navigate to 'http://movic.stagingapps.net/home' successfully

2018-06-26 10:49:37 - [MESSAGE][PASSED] - Navigate to 'http://movic.stagingapps.net/home' successfully

2018-06-26 10:49:37 - [TEST_STEP][PASSED] - waitForPageLoad: Wait for page load successfully

2018-06-26 10:49:38 - [MESSAGE][PASSED] - Wait for page load successfully

2018-06-26 10:49:38 - [TEST_STEP][PASSED] - click: Object: 'Object Repository/Front-End/OR Login Biasa with email/Page_Home/a_Masuk' is clicked on

2018-06-26 10:49:40 - [MESSAGE][PASSED] - Object: 'Object Repository/Front-End/OR Login Biasa with email/Page_Home/a_Masuk' is clicked on

2018-06-26 10:49:40 - [TEST_STEP][PASSED] - setText: Text 'ali.msaputra01@gmail.com' is set on object 'Object Repository/Front-End/OR Login Biasa with email/Page_Home/input_form-control ng-untouche'

2018-06-26 10:49:44 - [MESSAGE][PASSED] - Text 'ali.msaputra01@gmail.com' is set on object 'Object Repository/Front-End/OR Login Biasa with email/Page_Home/input_form-control ng-untouche'

2018-06-26 10:49:44 - [TEST_STEP][PASSED] - setText: Text 'Walden1234' is set on object 'Object Repository/Front-End/OR Login Biasa with email/Page_Home/input_form-control ng-touched'

2018-06-26 10:49:48 - [MESSAGE][PASSED] - Text 'Walden1234' is set on object 'Object Repository/Front-End/OR Login Biasa with email/Page_Home/input_form-control ng-touched'

2018-06-26 10:49:48 - [TEST_STEP][PASSED] - click: Object: 'Object Repository/Front-End/OR Login Biasa with email/Page_Home/button_MASUK' is clicked on

2018-06-26 10:49:50 - [MESSAGE][PASSED] - Object: 'Object Repository/Front-End/OR Login Biasa with email/Page_Home/button_MASUK' is clicked on

2018-06-26 10:49:50 - [TEST_STEP][PASSED] - verifyElementVisible: Object 'Object Repository/Front-End/OR Login Biasa with email/Page_Home/div_i  SuccessTerimakasih Anda' is visible

2018-06-26 10:49:54 - [MESSAGE][PASSED] - Object 'Object Repository/Front-End/OR Login Biasa with email/Page_Home/div_i  SuccessTerimakasih Anda' is visible]]></system-out>
         <system-err><![CDATA[]]></system-err>
      </testcase>
      <testcase name="Test Cases/Front-End/Owner/SC01 Validasi Photo/TC06 Upload menggunakan gallery" classname="Test Cases/Front-End/Owner/SC01 Validasi Photo/TC06 Upload menggunakan gallery" status="FAILED">
         <failure type="FAILED" message="Unable to click on object 'Object Repository/Front-End/OR Upload menggunakan Gallery/Page_Home/a_Bergabung menjadi Vehicle Ow' (Root cause: com.kms.katalon.core.webui.exception.WebElementNotFoundException: Web element with id: 'Object Repository/Front-End/OR Upload menggunakan Gallery/Page_Home/a_Bergabung menjadi Vehicle Ow' located by 'By.xpath: //a[@href = '/be-come-owner' and (text() = 'Bergabung menjadi Vehicle Owner' or . = 'Bergabung menjadi Vehicle Owner')]' not found)"/>
         <system-out><![CDATA[2018-06-26 10:49:54 - [TEST_CASE][FAILED] - Test Cases/Front-End/Owner/SC01 Validasi Photo/TC06 Upload menggunakan gallery: Test Cases/Front-End/Owner/SC01 Validasi Photo/TC06 Upload menggunakan gallery FAILED because (of) Unable to click on object 'Object Repository/Front-End/OR Upload menggunakan Gallery/Page_Home/a_Bergabung menjadi Vehicle Ow' (Root cause: com.kms.katalon.core.webui.exception.WebElementNotFoundException: Web element with id: 'Object Repository/Front-End/OR Upload menggunakan Gallery/Page_Home/a_Bergabung menjadi Vehicle Ow' located by 'By.xpath: //a[@href = '/be-come-owner' and (text() = 'Bergabung menjadi Vehicle Owner' or . = 'Bergabung menjadi Vehicle Owner')]' not found)

2018-06-26 10:49:54 - [TEST_STEP][NOT_RUN] - openBrowser: NOT_RUN: openBrowser

2018-06-26 10:49:54 - [MESSAGE][NOT_RUN] - NOT_RUN: openBrowser

2018-06-26 10:49:54 - [TEST_STEP][NOT_RUN] - maximizeWindow: NOT_RUN: maximizeWindow

2018-06-26 10:49:54 - [MESSAGE][NOT_RUN] - NOT_RUN: maximizeWindow

2018-06-26 10:49:54 - [TEST_STEP][NOT_RUN] - navigateToUrl: NOT_RUN: navigateToUrl

2018-06-26 10:49:54 - [MESSAGE][NOT_RUN] - NOT_RUN: navigateToUrl

2018-06-26 10:49:54 - [TEST_STEP][NOT_RUN] - waitForPageLoad: NOT_RUN: waitForPageLoad

2018-06-26 10:49:54 - [MESSAGE][NOT_RUN] - NOT_RUN: waitForPageLoad

2018-06-26 10:49:54 - [TEST_STEP][NOT_RUN] - click: NOT_RUN: click

2018-06-26 10:49:54 - [MESSAGE][NOT_RUN] - NOT_RUN: click

2018-06-26 10:49:54 - [TEST_STEP][NOT_RUN] - setText: NOT_RUN: setText

2018-06-26 10:49:54 - [MESSAGE][NOT_RUN] - NOT_RUN: setText

2018-06-26 10:49:54 - [TEST_STEP][NOT_RUN] - setText: NOT_RUN: setText

2018-06-26 10:49:54 - [MESSAGE][NOT_RUN] - NOT_RUN: setText

2018-06-26 10:49:54 - [TEST_STEP][NOT_RUN] - click: NOT_RUN: click

2018-06-26 10:49:54 - [MESSAGE][NOT_RUN] - NOT_RUN: click

2018-06-26 10:49:54 - [TEST_STEP][PASSED] - delay: Delayed 3 second(s)

2018-06-26 10:49:57 - [MESSAGE][PASSED] - Delayed 3 second(s)

2018-06-26 10:49:57 - [TEST_STEP][NOT_RUN] - refresh: NOT_RUN: refresh

2018-06-26 10:49:57 - [MESSAGE][NOT_RUN] - NOT_RUN: refresh

2018-06-26 10:49:57 - [TEST_STEP][FAILED] - click: Unable to click on object 'Object Repository/Front-End/OR Upload menggunakan Gallery/Page_Home/a_Bergabung menjadi Vehicle Ow' (Root cause: com.kms.katalon.core.webui.exception.WebElementNotFoundException: Web element with id: 'Object Repository/Front-End/OR Upload menggunakan Gallery/Page_Home/a_Bergabung menjadi Vehicle Ow' located by 'By.xpath: //a[@href = '/be-come-owner' and (text() = 'Bergabung menjadi Vehicle Owner' or . = 'Bergabung menjadi Vehicle Owner')]' not found)

2018-06-26 10:50:29 - [MESSAGE][FAILED] - Unable to click on object 'Object Repository/Front-End/OR Upload menggunakan Gallery/Page_Home/a_Bergabung menjadi Vehicle Ow' (Root cause: com.kms.katalon.core.webui.exception.WebElementNotFoundException: Web element with id: 'Object Repository/Front-End/OR Upload menggunakan Gallery/Page_Home/a_Bergabung menjadi Vehicle Ow' located by 'By.xpath: //a[@href = '/be-come-owner' and (text() = 'Bergabung menjadi Vehicle Owner' or . = 'Bergabung menjadi Vehicle Owner')]' not found)
[[ATTACHMENT|C:\\Users\\Sandi\\Documents\\Katalon Projects\\Projects\\Astra Movic\\Reports\\Front-End\\Login dan Become Owner\\20180626_104826\\1529985027983.png]]]]></system-out>
         <system-err><![CDATA[2018-06-26 10:49:54 - [TEST_CASE][FAILED] - Test Cases/Front-End/Owner/SC01 Validasi Photo/TC06 Upload menggunakan gallery: Test Cases/Front-End/Owner/SC01 Validasi Photo/TC06 Upload menggunakan gallery FAILED because (of) Unable to click on object 'Object Repository/Front-End/OR Upload menggunakan Gallery/Page_Home/a_Bergabung menjadi Vehicle Ow' (Root cause: com.kms.katalon.core.webui.exception.WebElementNotFoundException: Web element with id: 'Object Repository/Front-End/OR Upload menggunakan Gallery/Page_Home/a_Bergabung menjadi Vehicle Ow' located by 'By.xpath: //a[@href = '/be-come-owner' and (text() = 'Bergabung menjadi Vehicle Owner' or . = 'Bergabung menjadi Vehicle Owner')]' not found)]]></system-err>
      </testcase>
      <system-out><![CDATA[2018-06-26 10:48:28 - [TEST_SUITE][FAILED] - Login dan Become Owner: Test Cases/Front-End/Owner/SC01 Validasi Photo/TC06 Upload menggunakan gallery FAILED because (of) Unable to click on object 'Object Repository/Front-End/OR Upload menggunakan Gallery/Page_Home/a_Bergabung menjadi Vehicle Ow' (Root cause: com.kms.katalon.core.webui.exception.WebElementNotFoundException: Web element with id: 'Object Repository/Front-End/OR Upload menggunakan Gallery/Page_Home/a_Bergabung menjadi Vehicle Ow' located by 'By.xpath: //a[@href = '/be-come-owner' and (text() = 'Bergabung menjadi Vehicle Owner' or . = 'Bergabung menjadi Vehicle Owner')]' not found)]]></system-out>
      <system-err><![CDATA[2018-06-26 10:48:28 - [TEST_SUITE][FAILED] - Login dan Become Owner: Test Cases/Front-End/Owner/SC01 Validasi Photo/TC06 Upload menggunakan gallery FAILED because (of) Unable to click on object 'Object Repository/Front-End/OR Upload menggunakan Gallery/Page_Home/a_Bergabung menjadi Vehicle Ow' (Root cause: com.kms.katalon.core.webui.exception.WebElementNotFoundException: Web element with id: 'Object Repository/Front-End/OR Upload menggunakan Gallery/Page_Home/a_Bergabung menjadi Vehicle Ow' located by 'By.xpath: //a[@href = '/be-come-owner' and (text() = 'Bergabung menjadi Vehicle Owner' or . = 'Bergabung menjadi Vehicle Owner')]' not found)]]></system-err>
   </testsuite>
</testsuites>
