<?xml version="1.0" encoding="UTF-8"?>
<testsuites name="Reservasi mobil melalui tampilkan lebih banyak dari data yang tersedia di car rental populer" time="127" tests="4" failures="0" errors="0">
   <testsuite name="Reservasi mobil melalui tampilkan lebih banyak dari data yang tersedia di car rental populer" tests="4" failures="0" errors="0" time="127" timestamp="2018-11-15 10:04:04" hostname="Belinnd - Belinda-PC" id="Test Suites/Front-End/Reservasi mobil melalui tampilkan lebih banyak dari data yang tersedia di car rental populer">
      <properties>
         <property name="deviceName" value=""/>
         <property name="devicePlatform" value=""/>
         <property name="logFolder" value="D:\\QA\\Katalon\\astra-movic\\Reports\\Front-End\\Reservasi mobil melalui tampilkan lebih banyak dari data yang tersedia di car rental populer\\20181115_100358"/>
         <property name="logFiles" value="D:\\QA\\Katalon\\astra-movic\\Reports\\Front-End\\Reservasi mobil melalui tampilkan lebih banyak dari data yang tersedia di car rental populer\\20181115_100358\\execution0.log"/>
         <property name="attachments" value=""/>
         <property name="hostName" value="Belinnd - Belinda-PC"/>
         <property name="os" value="Windows 10 64bit"/>
         <property name="katalonVersion" value="5.7.1.1"/>
         <property name="browser" value="Chrome 70.0.3538.102"/>
         <property name="hostAddress" value="10.10.11.198"/>
         <property name="sessionId" value="299aee671b74b528919313e7bc10668f"/>
         <property name="seleniumVersion" value="3.7.1"/>
         <property name="proxyInformation" value="ProxyInformation{proxyOption=NO_PROXY, proxyServerType=HTTP, password=, proxyServerAddress=, proxyServerPort=0}"/>
         <property name="platform" value="Windows 10"/>
      </properties>
      <testcase name="Test Cases/Front-End/User/SC99 Regression/TC04 Login Biasa with email" classname="Test Cases/Front-End/User/SC99 Regression/TC04 Login Biasa with email" status="PASSED">
         <system-out><![CDATA[2018-11-15 10:04:05 - [TEST_CASE][PASSED] - Test Cases/Front-End/User/SC99 Regression/TC04 Login Biasa with email: Test Cases/Front-End/User/SC99 Regression/TC04 Login Biasa with email

2018-11-15 10:04:06 - [TEST_STEP][PASSED] - openBrowser: Browser is opened with url: ''

2018-11-15 10:04:24 - [MESSAGE][PASSED] - Browser is opened with url: ''

2018-11-15 10:04:24 - [TEST_STEP][PASSED] - maximizeWindow: Current window maximized

2018-11-15 10:04:26 - [MESSAGE][PASSED] - Current window maximized

2018-11-15 10:04:26 - [TEST_STEP][PASSED] - navigateToUrl: Navigate to 'https://stg.movic.id/home' successfully

2018-11-15 10:05:02 - [MESSAGE][PASSED] - Navigate to 'https://stg.movic.id/home' successfully

2018-11-15 10:05:02 - [TEST_STEP][PASSED] - waitForPageLoad: Wait for page load successfully

2018-11-15 10:05:03 - [MESSAGE][PASSED] - Wait for page load successfully

2018-11-15 10:05:03 - [TEST_STEP][PASSED] - click: Object: 'Object Repository/Front-End/OR User/OR Login Biasa with email/a_Masuk (1)' is clicked on

2018-11-15 10:05:04 - [MESSAGE][PASSED] - Object: 'Object Repository/Front-End/OR User/OR Login Biasa with email/a_Masuk (1)' is clicked on

2018-11-15 10:05:04 - [TEST_STEP][PASSED] - delay: Delayed 3 second(s)

2018-11-15 10:05:07 - [MESSAGE][PASSED] - Delayed 3 second(s)

2018-11-15 10:05:07 - [TEST_STEP][PASSED] - setText: Text 'belinda.natalia@wgs.co.id' is set on object 'Object Repository/Front-End/OR User/OR Login Biasa with email/input_EmailNomor Handphone_for'

2018-11-15 10:05:08 - [MESSAGE][PASSED] - Text 'belinda.natalia@wgs.co.id' is set on object 'Object Repository/Front-End/OR User/OR Login Biasa with email/input_EmailNomor Handphone_for'

2018-11-15 10:05:08 - [TEST_STEP][PASSED] - delay: Delayed 3 second(s)

2018-11-15 10:05:11 - [MESSAGE][PASSED] - Delayed 3 second(s)

2018-11-15 10:05:11 - [TEST_STEP][PASSED] - setText: Text 'P@ssw0rd' is set on object 'Object Repository/Front-End/OR User/OR Login Biasa with email/input_Password_form-control ng'

2018-11-15 10:05:11 - [MESSAGE][PASSED] - Text 'P@ssw0rd' is set on object 'Object Repository/Front-End/OR User/OR Login Biasa with email/input_Password_form-control ng'

2018-11-15 10:05:11 - [TEST_STEP][PASSED] - delay: Delayed 3 second(s)

2018-11-15 10:05:14 - [MESSAGE][PASSED] - Delayed 3 second(s)

2018-11-15 10:05:15 - [TEST_STEP][PASSED] - click: Object: 'Object Repository/Front-End/OR User/OR Login Biasa with email/button_MASUK' is clicked on

2018-11-15 10:05:15 - [MESSAGE][PASSED] - Object: 'Object Repository/Front-End/OR User/OR Login Biasa with email/button_MASUK' is clicked on

2018-11-15 10:05:15 - [TEST_STEP][PASSED] - verifyElementVisible: Object 'Object Repository/Front-End/OR User/OR Login Biasa with email/div_i  SuccessTerimakasih Anda' is visible

2018-11-15 10:05:16 - [MESSAGE][PASSED] - Object 'Object Repository/Front-End/OR User/OR Login Biasa with email/div_i  SuccessTerimakasih Anda' is visible

2018-11-15 10:05:16 - [TEST_STEP][PASSED] - delay: Delayed 2 second(s)

2018-11-15 10:05:18 - [MESSAGE][PASSED] - Delayed 2 second(s)]]></system-out>
         <system-err><![CDATA[]]></system-err>
      </testcase>
      <testcase name="Test Cases/Front-End/Homepage/SC99 Regression/TC08 Cari mobil via tampilkan lebih banyak di car rental populer" classname="Test Cases/Front-End/Homepage/SC99 Regression/TC08 Cari mobil via tampilkan lebih banyak di car rental populer" status="PASSED">
         <system-out><![CDATA[2018-11-15 10:05:18 - [TEST_CASE][PASSED] - Test Cases/Front-End/Homepage/SC99 Regression/TC08 Cari mobil via tampilkan lebih banyak di car rental populer: Test Cases/Front-End/Homepage/SC99 Regression/TC08 Cari mobil via tampilkan lebih banyak di car rental populer

2018-11-15 10:05:19 - [TEST_STEP][PASSED] - click: Object: 'Object Repository/Front-End/OR Homepage/OR Cari mobil via tampilkan lebih banyak di car rental populer/a_Lihat Semua Rental Mobil' is clicked on

2018-11-15 10:05:30 - [MESSAGE][PASSED] - Object: 'Object Repository/Front-End/OR Homepage/OR Cari mobil via tampilkan lebih banyak di car rental populer/a_Lihat Semua Rental Mobil' is clicked on

2018-11-15 10:05:30 - [TEST_STEP][PASSED] - delay: Delayed 3 second(s)

2018-11-15 10:05:33 - [MESSAGE][PASSED] - Delayed 3 second(s)

2018-11-15 10:05:33 - [TEST_STEP][PASSED] - click: Object: 'Object Repository/Front-End/OR Homepage/OR Cari mobil via tampilkan lebih banyak di car rental populer/kira_car_rental' is clicked on

2018-11-15 10:05:34 - [MESSAGE][PASSED] - Object: 'Object Repository/Front-End/OR Homepage/OR Cari mobil via tampilkan lebih banyak di car rental populer/kira_car_rental' is clicked on

2018-11-15 10:05:34 - [TEST_STEP][PASSED] - delay: Delayed 3 second(s)

2018-11-15 10:05:37 - [MESSAGE][PASSED] - Delayed 3 second(s)

2018-11-15 10:05:37 - [TEST_STEP][PASSED] - click: Object: 'Object Repository/Front-End/OR Homepage/OR Cari mobil via tampilkan lebih banyak di car rental populer/honda_jazz' is clicked on

2018-11-15 10:05:37 - [MESSAGE][PASSED] - Object: 'Object Repository/Front-End/OR Homepage/OR Cari mobil via tampilkan lebih banyak di car rental populer/honda_jazz' is clicked on

2018-11-15 10:05:37 - [TEST_STEP][PASSED] - delay: Delayed 3 second(s)

2018-11-15 10:05:40 - [MESSAGE][PASSED] - Delayed 3 second(s)]]></system-out>
         <system-err><![CDATA[]]></system-err>
      </testcase>
      <testcase name="Test Cases/Front-End/Booking/SC99 Regression/TC01 Reservasi mobil" classname="Test Cases/Front-End/Booking/SC99 Regression/TC01 Reservasi mobil" status="PASSED">
         <system-out><![CDATA[2018-11-15 10:05:41 - [TEST_CASE][PASSED] - Test Cases/Front-End/Booking/SC99 Regression/TC01 Reservasi mobil: Test Cases/Front-End/Booking/SC99 Regression/TC01 Reservasi mobil

2018-11-15 10:05:41 - [TEST_STEP][PASSED] - delay: Delayed 2 second(s)

2018-11-15 10:05:43 - [MESSAGE][PASSED] - Delayed 2 second(s)

2018-11-15 10:05:43 - [TEST_STEP][PASSED] - scrollToPosition: Browser is scrolled to position x = 530, y = 1240

2018-11-15 10:05:43 - [MESSAGE][PASSED] - Browser is scrolled to position x = 530, y = 1240

2018-11-15 10:05:43 - [TEST_STEP][PASSED] - delay: Delayed 2 second(s)

2018-11-15 10:05:45 - [MESSAGE][PASSED] - Delayed 2 second(s)

2018-11-15 10:05:45 - [TEST_STEP][PASSED] - click: Object: 'Object Repository/Front-End/OR Booking/OR Reservasi Mobil/button_PILIH PAKET' is clicked on

2018-11-15 10:05:46 - [MESSAGE][PASSED] - Object: 'Object Repository/Front-End/OR Booking/OR Reservasi Mobil/button_PILIH PAKET' is clicked on

2018-11-15 10:05:46 - [TEST_STEP][PASSED] - delay: Delayed 2 second(s)

2018-11-15 10:05:48 - [MESSAGE][PASSED] - Delayed 2 second(s)

2018-11-15 10:05:48 - [TEST_STEP][PASSED] - click: Object: 'Object Repository/Front-End/OR Booking/OR Reservasi Mobil/a_Pesan Sekarang' is clicked on

2018-11-15 10:05:48 - [MESSAGE][PASSED] - Object: 'Object Repository/Front-End/OR Booking/OR Reservasi Mobil/a_Pesan Sekarang' is clicked on

2018-11-15 10:05:48 - [TEST_STEP][PASSED] - delay: Delayed 2 second(s)

2018-11-15 10:05:50 - [MESSAGE][PASSED] - Delayed 2 second(s)

2018-11-15 10:05:50 - [TEST_STEP][PASSED] - scrollToPosition: Browser is scrolled to position x = 610, y = 970

2018-11-15 10:05:50 - [MESSAGE][PASSED] - Browser is scrolled to position x = 610, y = 970

2018-11-15 10:05:50 - [TEST_STEP][PASSED] - delay: Delayed 5 second(s)

2018-11-15 10:05:55 - [MESSAGE][PASSED] - Delayed 5 second(s)

2018-11-15 10:05:55 - [TEST_STEP][PASSED] - click: Object: 'Object Repository/Front-End/OR Booking/OR Reservasi Mobil/a_LANJUTKAN PESANAN' is clicked on

2018-11-15 10:05:56 - [MESSAGE][PASSED] - Object: 'Object Repository/Front-End/OR Booking/OR Reservasi Mobil/a_LANJUTKAN PESANAN' is clicked on

2018-11-15 10:05:56 - [TEST_STEP][PASSED] - delay: Delayed 2 second(s)

2018-11-15 10:05:58 - [MESSAGE][PASSED] - Delayed 2 second(s)

2018-11-15 10:05:58 - [TEST_STEP][PASSED] - click: Object: 'Object Repository/Front-End/OR Booking/OR Reservasi Mobil/button_Setuju' is clicked on

2018-11-15 10:05:58 - [MESSAGE][PASSED] - Object: 'Object Repository/Front-End/OR Booking/OR Reservasi Mobil/button_Setuju' is clicked on

2018-11-15 10:05:58 - [TEST_STEP][PASSED] - delay: Delayed 2 second(s)

2018-11-15 10:06:00 - [MESSAGE][PASSED] - Delayed 2 second(s)

2018-11-15 10:06:00 - [TEST_STEP][PASSED] - click: Object: 'Object Repository/Front-End/OR Booking/OR Reservasi Mobil/button_Yes' is clicked on

2018-11-15 10:06:00 - [MESSAGE][PASSED] - Object: 'Object Repository/Front-End/OR Booking/OR Reservasi Mobil/button_Yes' is clicked on

2018-11-15 10:06:00 - [TEST_STEP][PASSED] - verifyElementVisible: Object 'Object Repository/Front-End/OR Booking/OR Reservasi Mobil/h2_Sukses' is visible

2018-11-15 10:06:02 - [MESSAGE][PASSED] - Object 'Object Repository/Front-End/OR Booking/OR Reservasi Mobil/h2_Sukses' is visible

2018-11-15 10:06:02 - [TEST_STEP][PASSED] - verifyElementVisible: Object 'Object Repository/Front-End/OR Booking/OR Reservasi Mobil/div_Mobil berhasil dimasukan k' is visible

2018-11-15 10:06:02 - [MESSAGE][PASSED] - Object 'Object Repository/Front-End/OR Booking/OR Reservasi Mobil/div_Mobil berhasil dimasukan k' is visible

2018-11-15 10:06:02 - [TEST_STEP][PASSED] - delay: Delayed 2 second(s)

2018-11-15 10:06:04 - [MESSAGE][PASSED] - Delayed 2 second(s)]]></system-out>
         <system-err><![CDATA[]]></system-err>
      </testcase>
      <testcase name="Test Cases/Front-End/Payment/SC99 Regression/TC01 Review pesanan tanpa input voucher" classname="Test Cases/Front-End/Payment/SC99 Regression/TC01 Review pesanan tanpa input voucher" status="PASSED">
         <system-out><![CDATA[2018-11-15 10:06:04 - [TEST_CASE][PASSED] - Test Cases/Front-End/Payment/SC99 Regression/TC01 Review pesanan tanpa input voucher: Test Cases/Front-End/Payment/SC99 Regression/TC01 Review pesanan tanpa input voucher

2018-11-15 10:06:04 - [TEST_STEP][PASSED] - click: Object: 'Object Repository/Front-End/OR Payment/OR Review pesanan tanpa input voucher/a_Lanjutkan ke metode Pembayar' is clicked on

2018-11-15 10:06:04 - [MESSAGE][PASSED] - Object: 'Object Repository/Front-End/OR Payment/OR Review pesanan tanpa input voucher/a_Lanjutkan ke metode Pembayar' is clicked on

2018-11-15 10:06:04 - [TEST_STEP][PASSED] - delay: Delayed 2 second(s)

2018-11-15 10:06:06 - [MESSAGE][PASSED] - Delayed 2 second(s)]]></system-out>
         <system-err><![CDATA[]]></system-err>
      </testcase>
      <system-out><![CDATA[2018-11-15 10:04:04 - [TEST_SUITE][PASSED] - Reservasi mobil melalui tampilkan lebih banyak dari data yang tersedia di car rental populer: Test Cases/Front-End/Payment/SC99 Regression/TC01 Review pesanan tanpa input voucher]]></system-out>
      <system-err><![CDATA[]]></system-err>
   </testsuite>
</testsuites>
