<?xml version="1.0" encoding="UTF-8"?>
<testsuites name="Search and Set Discount Owned Cars by Owner" time="131" tests="3" failures="0" errors="0">
   <testsuite name="Search and Set Discount Owned Cars by Owner" tests="3" failures="0" errors="0" time="131" timestamp="2018-12-14 15:51:28" hostname="WGS-LAP199 - DESKTOP-QUMB1S3" id="Test Suites/Mobile/Search and Set Discount Owned Cars by Owner">
      <properties>
         <property name="deviceName" value="Xiaomi Redmi 5 (Android 7.1.2)"/>
         <property name="devicePlatform" value=""/>
         <property name="logFolder" value="C:\\Users\\WGS-LAP199\\git\\astra-movic\\Reports\\Mobile\\Search and Set Discount Owned Cars by Owner\\20181214_155124"/>
         <property name="logFiles" value="C:\\Users\\WGS-LAP199\\git\\astra-movic\\Reports\\Mobile\\Search and Set Discount Owned Cars by Owner\\20181214_155124\\appium.log, C:\\Users\\WGS-LAP199\\git\\astra-movic\\Reports\\Mobile\\Search and Set Discount Owned Cars by Owner\\20181214_155124\\execution0.log"/>
         <property name="attachments" value=""/>
         <property name="hostName" value="WGS-LAP199 - DESKTOP-QUMB1S3"/>
         <property name="os" value="Windows 10 64bit"/>
         <property name="katalonVersion" value="5.9.1.2"/>
         <property name="deviceOS" value="Android"/>
         <property name="appiumVersion" value="1.8.0"/>
         <property name="deviceModel" value="Redmi 5"/>
         <property name="hostAddress" value="10.10.10.231"/>
         <property name="deviceManufacturer" value="Xiaomi"/>
         <property name="deviceId" value="54e797627cf5"/>
         <property name="deviceName" value="Xiaomi Redmi 5 (Android 7.1.2)"/>
         <property name="deviceOSVersion" value="7.1.2"/>
      </properties>
      <testcase name="Test Cases/Mobile/Android/User/SC99 Regression/TC04 Login with email" classname="Test Cases/Mobile/Android/User/SC99 Regression/TC04 Login with email" status="PASSED">
         <system-out><![CDATA[2018-12-14 15:51:28 - [TEST_CASE][PASSED] - Test Cases/Mobile/Android/User/SC99 Regression/TC04 Login with email: Test Cases/Mobile/Android/User/SC99 Regression/TC04 Login with email

2018-12-14 15:51:29 - [TEST_STEP][PASSED] - startApplication("C:\Users\WGS-LAP199\Downloads\Movic apk\Movic_0.10.0_2018-12-03-staging-debug.apk", false): Started app at: 'C:\Users\WGS-LAP199\Downloads\Movic apk\Movic_0.10.0_2018-12-03-staging-debug.apk'

2018-12-14 15:51:30 - [MESSAGE][INFO] - User set preference: ['deviceId', '54e797627cf5']

2018-12-14 15:51:36 - [MESSAGE][INFO] - Appium server started on port 55,410

2018-12-14 15:52:17 - [MESSAGE][PASSED] - Started app at: 'C:\Users\WGS-LAP199\Downloads\Movic apk\Movic_0.10.0_2018-12-03-staging-debug.apk'

2018-12-14 15:52:17 - [TEST_STEP][PASSED] - tap(findTestObject("Mobile/OR Registrasi/android.widget.ImageView4"), 0): Tapped on element 'Object Repository/Mobile/OR Registrasi/android.widget.ImageView4'

2018-12-14 15:52:17 - [MESSAGE][WARNING] - Timeout '0' is invalid. Using default page load timeout: '100'

2018-12-14 15:52:24 - [MESSAGE][PASSED] - Tapped on element 'Object Repository/Mobile/OR Registrasi/android.widget.ImageView4'

2018-12-14 15:52:24 - [TEST_STEP][PASSED] - for (def index : (1..2)): Tapped on element 'Object Repository/Mobile/OR Registrasi/android.widget.ImageView1'

2018-12-14 15:52:24 - [TEST_STEP][PASSED] - tap(findTestObject("Mobile/OR Registrasi/android.widget.ImageView1"), 0): Tapped on element 'Object Repository/Mobile/OR Registrasi/android.widget.ImageView1'

2018-12-14 15:52:24 - [MESSAGE][WARNING] - Timeout '0' is invalid. Using default page load timeout: '100'

2018-12-14 15:52:25 - [MESSAGE][PASSED] - Tapped on element 'Object Repository/Mobile/OR Registrasi/android.widget.ImageView1'

2018-12-14 15:52:25 - [TEST_STEP][PASSED] - tap(findTestObject("Mobile/OR Registrasi/android.widget.ImageView1"), 0): Tapped on element 'Object Repository/Mobile/OR Registrasi/android.widget.ImageView1'

2018-12-14 15:52:25 - [MESSAGE][WARNING] - Timeout '0' is invalid. Using default page load timeout: '100'

2018-12-14 15:52:26 - [MESSAGE][PASSED] - Tapped on element 'Object Repository/Mobile/OR Registrasi/android.widget.ImageView1'

2018-12-14 15:52:26 - [TEST_STEP][PASSED] - tap(findTestObject("Mobile/OR Registrasi/android.widget.TextView2 - Skip"), 0): Tapped on element 'Object Repository/Mobile/OR Registrasi/android.widget.TextView2 - Skip'

2018-12-14 15:52:26 - [MESSAGE][WARNING] - Timeout '0' is invalid. Using default page load timeout: '100'

2018-12-14 15:52:30 - [MESSAGE][PASSED] - Tapped on element 'Object Repository/Mobile/OR Registrasi/android.widget.TextView2 - Skip'

2018-12-14 15:52:30 - [TEST_STEP][PASSED] - tap(findTestObject("Mobile/OR Login/android.widget.TextView0 - Log in"), 0): Tapped on element 'Object Repository/Mobile/OR Login/android.widget.TextView0 - Log in'

2018-12-14 15:52:30 - [MESSAGE][WARNING] - Timeout '0' is invalid. Using default page load timeout: '100'

2018-12-14 15:52:33 - [MESSAGE][PASSED] - Tapped on element 'Object Repository/Mobile/OR Login/android.widget.TextView0 - Log in'

2018-12-14 15:52:33 - [TEST_STEP][PASSED] - setText(findTestObject("Mobile/OR Login/android.widget.EditText0"), "santi.wahyuni@wgs.co.id", 0): Text 'santi.wahyuni@wgs.co.id' has been set to element 'Object Repository/Mobile/OR Login/android.widget.EditText0'

2018-12-14 15:52:33 - [MESSAGE][WARNING] - Timeout '0' is invalid. Using default page load timeout: '100'

2018-12-14 15:52:34 - [MESSAGE][PASSED] - Text 'santi.wahyuni@wgs.co.id' has been set to element 'Object Repository/Mobile/OR Login/android.widget.EditText0'

2018-12-14 15:52:34 - [TEST_STEP][PASSED] - tap(findTestObject("Mobile/OR Login/android.widget.Button0 - Next"), 0): Tapped on element 'Object Repository/Mobile/OR Login/android.widget.Button0 - Next'

2018-12-14 15:52:34 - [MESSAGE][WARNING] - Timeout '0' is invalid. Using default page load timeout: '100'

2018-12-14 15:52:37 - [MESSAGE][PASSED] - Tapped on element 'Object Repository/Mobile/OR Login/android.widget.Button0 - Next'

2018-12-14 15:52:37 - [TEST_STEP][PASSED] - delay(findTestData("Delay Step").getValue(1, 2), STOP_ON_FAILURE): Delayed 5 second(s)

2018-12-14 15:52:42 - [MESSAGE][PASSED] - Delayed 5 second(s)

2018-12-14 15:52:42 - [TEST_STEP][PASSED] - setText(findTestObject("Mobile/OR Login/android.widget.EditText0 (1)"), "P@ssword123", 0): Text 'P@ssword123' has been set to element 'Object Repository/Mobile/OR Login/android.widget.EditText0 (1)'

2018-12-14 15:52:42 - [MESSAGE][WARNING] - Timeout '0' is invalid. Using default page load timeout: '100'

2018-12-14 15:52:43 - [MESSAGE][PASSED] - Text 'P@ssword123' has been set to element 'Object Repository/Mobile/OR Login/android.widget.EditText0 (1)'

2018-12-14 15:52:43 - [TEST_STEP][PASSED] - delay(findTestData("Delay Step").getValue(1, 2), STOP_ON_FAILURE): Delayed 5 second(s)

2018-12-14 15:52:48 - [MESSAGE][PASSED] - Delayed 5 second(s)

2018-12-14 15:52:48 - [TEST_STEP][PASSED] - hideKeyboard(): Keyboard is hidden

2018-12-14 15:52:50 - [MESSAGE][PASSED] - Keyboard is hidden

2018-12-14 15:52:50 - [TEST_STEP][PASSED] - tap(findTestObject("Mobile/OR Login/android.widget.Button0 - Start Movic"), 0): Tapped on element 'Object Repository/Mobile/OR Login/android.widget.Button0 - Start Movic'

2018-12-14 15:52:50 - [MESSAGE][WARNING] - Timeout '0' is invalid. Using default page load timeout: '100'

2018-12-14 15:52:53 - [MESSAGE][PASSED] - Tapped on element 'Object Repository/Mobile/OR Login/android.widget.Button0 - Start Movic'

2018-12-14 15:52:53 - [TEST_STEP][PASSED] - delay(findTestData("Delay Step").getValue(1, 2), STOP_ON_FAILURE): Delayed 5 second(s)

2018-12-14 15:52:58 - [MESSAGE][PASSED] - Delayed 5 second(s)]]></system-out>
         <system-err><![CDATA[]]></system-err>
      </testcase>
      <testcase name="Test Cases/Mobile/Android/Product/SC99 Regression/TC02 Search Car - My Cars" classname="Test Cases/Mobile/Android/Product/SC99 Regression/TC02 Search Car - My Cars" status="PASSED">
         <system-out><![CDATA[2018-12-14 15:52:58 - [TEST_CASE][PASSED] - Test Cases/Mobile/Android/Product/SC99 Regression/TC02 Search Car - My Cars: Test Cases/Mobile/Android/Product/SC99 Regression/TC02 Search Car - My Cars

2018-12-14 15:52:58 - [TEST_STEP][NOT_RUN] - callTestCase(findTestCase("Mobile/Android/User/SC99 Regression/TC04 Login with email"), [:], STOP_ON_FAILURE): NOT_RUN: callTestCase(findTestCase("Mobile/Android/User/SC99 Regression/TC04 Login with email"), [:], STOP_ON_FAILURE)

2018-12-14 15:52:58 - [MESSAGE][NOT_RUN] - NOT_RUN: callTestCase(findTestCase("Mobile/Android/User/SC99 Regression/TC04 Login with email"), [:], STOP_ON_FAILURE)

2018-12-14 15:52:58 - [TEST_STEP][PASSED] - tap(findTestObject("Mobile/OR Product/android.widget.Tab - My Cars"), 0): Tapped on element 'Object Repository/Mobile/OR Product/android.widget.Tab - My Cars'

2018-12-14 15:52:58 - [MESSAGE][WARNING] - Timeout '0' is invalid. Using default page load timeout: '100'

2018-12-14 15:53:00 - [MESSAGE][PASSED] - Tapped on element 'Object Repository/Mobile/OR Product/android.widget.Tab - My Cars'

2018-12-14 15:53:00 - [TEST_STEP][PASSED] - delay(findTestData("Delay Step").getValue(1, 2), STOP_ON_FAILURE): Delayed 5 second(s)

2018-12-14 15:53:05 - [MESSAGE][PASSED] - Delayed 5 second(s)

2018-12-14 15:53:05 - [TEST_STEP][PASSED] - setText(findTestObject("Mobile/OR Product/android.widget.EditText0 - Search car"), "Mitsubishi", 0): Text 'Mitsubishi' has been set to element 'Object Repository/Mobile/OR Product/android.widget.EditText0 - Search car'

2018-12-14 15:53:05 - [MESSAGE][WARNING] - Timeout '0' is invalid. Using default page load timeout: '100'

2018-12-14 15:53:07 - [MESSAGE][PASSED] - Text 'Mitsubishi' has been set to element 'Object Repository/Mobile/OR Product/android.widget.EditText0 - Search car'

2018-12-14 15:53:07 - [TEST_STEP][PASSED] - delay(findTestData("Delay Step").getValue(1, 2), STOP_ON_FAILURE): Delayed 5 second(s)

2018-12-14 15:53:12 - [MESSAGE][PASSED] - Delayed 5 second(s)

2018-12-14 15:53:12 - [TEST_STEP][PASSED] - tap(findTestObject("Mobile/OR Product/android.widget.ImageView6"), 0): Tapped on element 'Object Repository/Mobile/OR Product/android.widget.ImageView6'

2018-12-14 15:53:12 - [MESSAGE][WARNING] - Timeout '0' is invalid. Using default page load timeout: '100'

2018-12-14 15:53:13 - [MESSAGE][PASSED] - Tapped on element 'Object Repository/Mobile/OR Product/android.widget.ImageView6'

2018-12-14 15:53:13 - [TEST_STEP][PASSED] - delay(findTestData("Delay Step").getValue(1, 2), STOP_ON_FAILURE): Delayed 5 second(s)

2018-12-14 15:53:18 - [MESSAGE][PASSED] - Delayed 5 second(s)]]></system-out>
         <system-err><![CDATA[]]></system-err>
      </testcase>
      <testcase name="Test Cases/Mobile/Android/Product/SC99 Regression/TC07 Set Discount - My Cars" classname="Test Cases/Mobile/Android/Product/SC99 Regression/TC07 Set Discount - My Cars" status="PASSED">
         <system-out><![CDATA[2018-12-14 15:53:18 - [TEST_CASE][PASSED] - Test Cases/Mobile/Android/Product/SC99 Regression/TC07 Set Discount - My Cars: Test Cases/Mobile/Android/Product/SC99 Regression/TC07 Set Discount - My Cars

2018-12-14 15:53:18 - [TEST_STEP][NOT_RUN] - callTestCase(findTestCase("Mobile/Android/Product/SC99 Regression/TC02 Search Car - My Cars"), [:], STOP_ON_FAILURE): NOT_RUN: callTestCase(findTestCase("Mobile/Android/Product/SC99 Regression/TC02 Search Car - My Cars"), [:], STOP_ON_FAILURE)

2018-12-14 15:53:18 - [MESSAGE][NOT_RUN] - NOT_RUN: callTestCase(findTestCase("Mobile/Android/Product/SC99 Regression/TC02 Search Car - My Cars"), [:], STOP_ON_FAILURE)

2018-12-14 15:53:18 - [TEST_STEP][NOT_RUN] - tap(findTestObject("Mobile/OR Product/android.widget.Tab - My Cars"), 0): NOT_RUN: tap(findTestObject("Mobile/OR Product/android.widget.Tab - My Cars"), 0)

2018-12-14 15:53:18 - [MESSAGE][NOT_RUN] - NOT_RUN: tap(findTestObject("Mobile/OR Product/android.widget.Tab - My Cars"), 0)

2018-12-14 15:53:18 - [TEST_STEP][PASSED] - tap(findTestObject("Mobile/OR Product/android.widget.ImageView9 (1)"), 0): Tapped on element 'Object Repository/Mobile/OR Product/android.widget.ImageView9 (1)'

2018-12-14 15:53:18 - [MESSAGE][WARNING] - Timeout '0' is invalid. Using default page load timeout: '100'

2018-12-14 15:53:20 - [MESSAGE][PASSED] - Tapped on element 'Object Repository/Mobile/OR Product/android.widget.ImageView9 (1)'

2018-12-14 15:53:20 - [TEST_STEP][PASSED] - tap(findTestObject("Mobile/OR Product/android.widget.RelativeLayout5 (1)"), 0): Tapped on element 'Object Repository/Mobile/OR Product/android.widget.RelativeLayout5 (1)'

2018-12-14 15:53:20 - [MESSAGE][WARNING] - Timeout '0' is invalid. Using default page load timeout: '100'

2018-12-14 15:53:22 - [MESSAGE][PASSED] - Tapped on element 'Object Repository/Mobile/OR Product/android.widget.RelativeLayout5 (1)'

2018-12-14 15:53:22 - [TEST_STEP][PASSED] - tap(findTestObject("Mobile/OR Product/android.widget.RadioButton0 (1)"), 0): Tapped on element 'Object Repository/Mobile/OR Product/android.widget.RadioButton0 (1)'

2018-12-14 15:53:22 - [MESSAGE][WARNING] - Timeout '0' is invalid. Using default page load timeout: '100'

2018-12-14 15:53:23 - [MESSAGE][PASSED] - Tapped on element 'Object Repository/Mobile/OR Product/android.widget.RadioButton0 (1)'

2018-12-14 15:53:23 - [TEST_STEP][PASSED] - setText(findTestObject("Mobile/OR Product/android.widget.EditText0 (7)"), "5", 0): Text '5' has been set to element 'Object Repository/Mobile/OR Product/android.widget.EditText0 (7)'

2018-12-14 15:53:23 - [MESSAGE][WARNING] - Timeout '0' is invalid. Using default page load timeout: '100'

2018-12-14 15:53:24 - [MESSAGE][PASSED] - Text '5' has been set to element 'Object Repository/Mobile/OR Product/android.widget.EditText0 (7)'

2018-12-14 15:53:24 - [TEST_STEP][PASSED] - tap(findTestObject("Mobile/OR Product/android.widget.EditText1 (6)"), 0): Tapped on element 'Object Repository/Mobile/OR Product/android.widget.EditText1 (6)'

2018-12-14 15:53:25 - [MESSAGE][WARNING] - Timeout '0' is invalid. Using default page load timeout: '100'

2018-12-14 15:53:27 - [MESSAGE][PASSED] - Tapped on element 'Object Repository/Mobile/OR Product/android.widget.EditText1 (6)'

2018-12-14 15:53:27 - [TEST_STEP][PASSED] - setText(findTestObject("Mobile/OR Product/android.widget.EditText1 (7)"), "10", 0): Text '10' has been set to element 'Object Repository/Mobile/OR Product/android.widget.EditText1 (7)'

2018-12-14 15:53:27 - [MESSAGE][WARNING] - Timeout '0' is invalid. Using default page load timeout: '100'

2018-12-14 15:53:28 - [MESSAGE][PASSED] - Text '10' has been set to element 'Object Repository/Mobile/OR Product/android.widget.EditText1 (7)'

2018-12-14 15:53:28 - [TEST_STEP][PASSED] - hideKeyboard(): Keyboard is hidden

2018-12-14 15:53:29 - [MESSAGE][PASSED] - Keyboard is hidden

2018-12-14 15:53:30 - [TEST_STEP][PASSED] - tap(findTestObject("Mobile/OR Product/android.widget.Button0 - Save (6)"), 0): Tapped on element 'Object Repository/Mobile/OR Product/android.widget.Button0 - Save (6)'

2018-12-14 15:53:30 - [MESSAGE][WARNING] - Timeout '0' is invalid. Using default page load timeout: '100'

2018-12-14 15:53:32 - [MESSAGE][PASSED] - Tapped on element 'Object Repository/Mobile/OR Product/android.widget.Button0 - Save (6)'

2018-12-14 15:53:32 - [TEST_STEP][PASSED] - delay(findTestData("Delay Step").getValue(1, 2)): Delayed 5 second(s)

2018-12-14 15:53:37 - [MESSAGE][PASSED] - Delayed 5 second(s)]]></system-out>
         <system-err><![CDATA[]]></system-err>
      </testcase>
      <system-out><![CDATA[2018-12-14 15:51:28 - [TEST_SUITE][PASSED] - Search and Set Discount Owned Cars by Owner: Test Cases/Mobile/Android/Product/SC99 Regression/TC07 Set Discount - My Cars]]></system-out>
      <system-err><![CDATA[]]></system-err>
   </testsuite>
</testsuites>
