<?xml version="1.0" encoding="UTF-8"?>
<testsuites name="Rent Car By Category" time="169" tests="1" failures="1" errors="0">
   <testsuite name="Rent Car By Category" tests="1" failures="1" errors="0" time="169" timestamp="2018-06-25 16:31:53" hostname="ALIMSAPUTRA - DESKTOP-5G7MA8C" id="Test Suites/Mobile/Rent Car By Category">
      <properties>
         <property name="deviceName" value="samsung SM-J320G (Android 5.1.1)"/>
         <property name="devicePlatform" value=""/>
         <property name="logFolder" value="C:\\Users\\ALIMSAPUTRA\\Katalon Studio\\Astra Movic\\Reports\\Mobile\\Rent Car By Category\\20180625_163150"/>
         <property name="logFiles" value="C:\\Users\\ALIMSAPUTRA\\Katalon Studio\\Astra Movic\\Reports\\Mobile\\Rent Car By Category\\20180625_163150\\appium.log, C:\\Users\\ALIMSAPUTRA\\Katalon Studio\\Astra Movic\\Reports\\Mobile\\Rent Car By Category\\20180625_163150\\execution0.log"/>
         <property name="attachments" value="C:\\Users\\ALIMSAPUTRA\\Katalon Studio\\Astra Movic\\Reports\\Mobile\\Rent Car By Category\\20180625_163150\\1529919274579.png"/>
         <property name="hostName" value="ALIMSAPUTRA - DESKTOP-5G7MA8C"/>
         <property name="os" value="Windows 10 64bit"/>
         <property name="katalonVersion" value="5.4.2.1"/>
         <property name="deviceOS" value="Android"/>
         <property name="appiumVersion" value="1.8.1"/>
         <property name="deviceModel" value="SM-J320G"/>
         <property name="hostAddress" value="10.10.11.196"/>
         <property name="deviceManufacturer" value="samsung"/>
         <property name="deviceId" value="4200d20faae66400"/>
         <property name="deviceName" value="samsung SM-J320G (Android 5.1.1)"/>
         <property name="deviceOSVersion" value="5.1.1"/>
      </properties>
      <testcase name="Test Cases/Mobile/Android/User/SC99 Regression/TC04 Login biasa with email" classname="Test Cases/Mobile/Android/User/SC99 Regression/TC04 Login biasa with email" status="PASSED">
         <system-out><![CDATA[2018-06-25 16:31:54 - [TEST_CASE][PASSED] - Test Cases/Mobile/Android/User/SC99 Regression/TC04 Login biasa with email: Test Cases/Mobile/Android/User/SC99 Regression/TC04 Login biasa with email

2018-06-25 16:31:55 - [TEST_STEP][PASSED] - startApplication: Started app at: 'C:\Users\ALIMSAPUTRA\Downloads\Movic_0.4.2_2018-06-23-staging-debug.apk'

2018-06-25 16:33:36 - [MESSAGE][PASSED] - Started app at: 'C:\Users\ALIMSAPUTRA\Downloads\Movic_0.4.2_2018-06-23-staging-debug.apk'

2018-06-25 16:33:36 - [TEST_STEP][PASSED] - tap: Tapped on element 'Object Repository/Mobile/OR Login biasa with email/android.widget.TextView3 - Indonesia (1)'

2018-06-25 16:33:36 - [MESSAGE][WARNING] - Timeout '0' is invalid. Using default page load timeout: '30'

2018-06-25 16:33:39 - [MESSAGE][PASSED] - Tapped on element 'Object Repository/Mobile/OR Login biasa with email/android.widget.TextView3 - Indonesia (1)'

2018-06-25 16:33:39 - [TEST_STEP][PASSED] - tap: Tapped on element 'Object Repository/Mobile/OR Login biasa with email/android.widget.ImageView4 (1)'

2018-06-25 16:33:39 - [MESSAGE][WARNING] - Timeout '0' is invalid. Using default page load timeout: '30'

2018-06-25 16:33:40 - [MESSAGE][PASSED] - Tapped on element 'Object Repository/Mobile/OR Login biasa with email/android.widget.ImageView4 (1)'

2018-06-25 16:33:40 - [TEST_STEP][PASSED] - tap: Tapped on element 'Object Repository/Mobile/OR Login biasa with email/android.widget.TextView2 - Lewati (1)'

2018-06-25 16:33:40 - [MESSAGE][WARNING] - Timeout '0' is invalid. Using default page load timeout: '30'

2018-06-25 16:33:42 - [MESSAGE][PASSED] - Tapped on element 'Object Repository/Mobile/OR Login biasa with email/android.widget.TextView2 - Lewati (1)'

2018-06-25 16:33:42 - [TEST_STEP][PASSED] - tap: Tapped on element 'Object Repository/Mobile/OR Login biasa with email/android.widget.TextView0 - Log in (1)'

2018-06-25 16:33:42 - [MESSAGE][WARNING] - Timeout '0' is invalid. Using default page load timeout: '30'

2018-06-25 16:33:44 - [MESSAGE][PASSED] - Tapped on element 'Object Repository/Mobile/OR Login biasa with email/android.widget.TextView0 - Log in (1)'

2018-06-25 16:33:44 - [TEST_STEP][PASSED] - setText: Text 'ali.saputra@wgs.co.id' has been set to element 'Object Repository/Mobile/OR Login biasa with email/android.widget.EditText0 (2)'

2018-06-25 16:33:44 - [MESSAGE][WARNING] - Timeout '0' is invalid. Using default page load timeout: '30'

2018-06-25 16:33:58 - [MESSAGE][PASSED] - Text 'ali.saputra@wgs.co.id' has been set to element 'Object Repository/Mobile/OR Login biasa with email/android.widget.EditText0 (2)'

2018-06-25 16:33:58 - [TEST_STEP][PASSED] - tap: Tapped on element 'Object Repository/Mobile/OR Login biasa with email/android.widget.Button0 - Next (1)'

2018-06-25 16:33:58 - [MESSAGE][WARNING] - Timeout '0' is invalid. Using default page load timeout: '30'

2018-06-25 16:33:59 - [MESSAGE][PASSED] - Tapped on element 'Object Repository/Mobile/OR Login biasa with email/android.widget.Button0 - Next (1)'

2018-06-25 16:33:59 - [TEST_STEP][PASSED] - tap: Tapped on element 'Object Repository/Mobile/OR Login biasa with email/android.widget.EditText0 (3)'

2018-06-25 16:33:59 - [MESSAGE][WARNING] - Timeout '0' is invalid. Using default page load timeout: '30'

2018-06-25 16:34:05 - [MESSAGE][PASSED] - Tapped on element 'Object Repository/Mobile/OR Login biasa with email/android.widget.EditText0 (3)'

2018-06-25 16:34:06 - [TEST_STEP][PASSED] - setText: Text 'Walden1234' has been set to element 'Object Repository/Mobile/OR Login biasa with email/android.widget.EditText0 (3)'

2018-06-25 16:34:06 - [MESSAGE][WARNING] - Timeout '0' is invalid. Using default page load timeout: '30'

2018-06-25 16:34:21 - [MESSAGE][PASSED] - Text 'Walden1234' has been set to element 'Object Repository/Mobile/OR Login biasa with email/android.widget.EditText0 (3)'

2018-06-25 16:34:21 - [TEST_STEP][PASSED] - tap: Tapped on element 'Object Repository/Mobile/OR Login biasa with email/android.widget.Button0 - Mulai Movic (1)'

2018-06-25 16:34:21 - [MESSAGE][WARNING] - Timeout '0' is invalid. Using default page load timeout: '30'

2018-06-25 16:34:22 - [MESSAGE][PASSED] - Tapped on element 'Object Repository/Mobile/OR Login biasa with email/android.widget.Button0 - Mulai Movic (1)'

2018-06-25 16:34:22 - [TEST_STEP][PASSED] - verifyElementVisible: Element 'Object Repository/Mobile/OR Login biasa with email/android.widget.ImageView0 (1)' is visible

2018-06-25 16:34:22 - [MESSAGE][WARNING] - Timeout '0' is invalid. Using default page load timeout: '30'

2018-06-25 16:34:27 - [MESSAGE][PASSED] - Element 'Object Repository/Mobile/OR Login biasa with email/android.widget.ImageView0 (1)' is visible

2018-06-25 16:34:27 - [TEST_STEP][NOT_RUN] - closeApplication: NOT_RUN: closeApplication

2018-06-25 16:34:27 - [MESSAGE][NOT_RUN] - NOT_RUN: closeApplication]]></system-out>
         <system-err><![CDATA[]]></system-err>
      </testcase>
      <testcase name="Test Cases/Mobile/Android/Owner/SC99 Regression/TC02 Rent New Car by Category" classname="Test Cases/Mobile/Android/Owner/SC99 Regression/TC02 Rent New Car by Category" status="FAILED">
         <failure type="FAILED" message="Unable to scroll to text '156.500' (Root cause: org.openqa.selenium.NoSuchElementException: An element could not be located on the page using the given search parameters. (WARNING: The server did not provide any stacktrace information)
Command duration or timeout: 0 milliseconds
For documentation on this error, please visit: http://seleniumhq.org/exceptions/no_such_element.html
Build info: version: '3.7.1', revision: '8a0099a', time: '2017-11-06T21:07:36.161Z'
System info: host: 'DESKTOP-5G7MA8C', ip: '10.10.11.196', os.name: 'Windows 10', os.arch: 'amd64', os.version: '10.0', java.version: '1.8.0_102'
Driver info: com.kms.katalon.core.appium.driver.SwipeableAndroidDriver
Capabilities {app: C:\Users\ALIMSAPUTRA\Downlo..., appActivity: id.astra.adp.movic.modules...., appPackage: id.astra.movic, appWaitActivity: id.astra.adp.movic.modules...., appWaitPackage: id.astra.movic, autoGrantPermissions: true, databaseEnabled: false, desired: {app: C:\Users\ALIMSAPUTRA\Downlo..., autoGrantPermissions: true, deviceId: 4200d20faae66400, deviceName: samsung SM-J320G (Android 5..., fullReset: true, newCommandTimeout: 1800, noReset: false, platform: ANDROID, platformName: Android, udid: 4200d20faae66400}, deviceId: 4200d20faae66400, deviceManufacturer: samsung, deviceModel: SM-J320G, deviceName: 4200d20faae66400, deviceScreenSize: 720x1280, deviceUDID: 4200d20faae66400, fullReset: true, javascriptEnabled: true, locationContextEnabled: false, networkConnectionEnabled: true, newCommandTimeout: 1800, noReset: false, platform: ANDROID, platformName: ANDROID, platformVersion: 5.1.1, takesScreenshot: true, udid: 4200d20faae66400, warnings: {}, webStorageEnabled: false}
Session ID: 5f440505-1268-4567-ab87-c5a9c9eaa758
*** Element info: {Using=-android uiautomator, value=new UiScrollable(new UiSelector().scrollable(true).instance(0)).scrollIntoView(new UiSelector().textContains(&quot;156.500&quot;))})"/>
         <system-out><![CDATA[2018-06-25 16:34:27 - [TEST_CASE][FAILED] - Test Cases/Mobile/Android/Owner/SC99 Regression/TC02 Rent New Car by Category: Test Cases/Mobile/Android/Owner/SC99 Regression/TC02 Rent New Car by Category FAILED because (of) Unable to scroll to text '156.500' (Root cause: org.openqa.selenium.NoSuchElementException: An element could not be located on the page using the given search parameters. (WARNING: The server did not provide any stacktrace information)
Command duration or timeout: 0 milliseconds
For documentation on this error, please visit: http://seleniumhq.org/exceptions/no_such_element.html
Build info: version: '3.7.1', revision: '8a0099a', time: '2017-11-06T21:07:36.161Z'
System info: host: 'DESKTOP-5G7MA8C', ip: '10.10.11.196', os.name: 'Windows 10', os.arch: 'amd64', os.version: '10.0', java.version: '1.8.0_102'
Driver info: com.kms.katalon.core.appium.driver.SwipeableAndroidDriver
Capabilities {app: C:\Users\ALIMSAPUTRA\Downlo..., appActivity: id.astra.adp.movic.modules...., appPackage: id.astra.movic, appWaitActivity: id.astra.adp.movic.modules...., appWaitPackage: id.astra.movic, autoGrantPermissions: true, databaseEnabled: false, desired: {app: C:\Users\ALIMSAPUTRA\Downlo..., autoGrantPermissions: true, deviceId: 4200d20faae66400, deviceName: samsung SM-J320G (Android 5..., fullReset: true, newCommandTimeout: 1800, noReset: false, platform: ANDROID, platformName: Android, udid: 4200d20faae66400}, deviceId: 4200d20faae66400, deviceManufacturer: samsung, deviceModel: SM-J320G, deviceName: 4200d20faae66400, deviceScreenSize: 720x1280, deviceUDID: 4200d20faae66400, fullReset: true, javascriptEnabled: true, locationContextEnabled: false, networkConnectionEnabled: true, newCommandTimeout: 1800, noReset: false, platform: ANDROID, platformName: ANDROID, platformVersion: 5.1.1, takesScreenshot: true, udid: 4200d20faae66400, warnings: {}, webStorageEnabled: false}
Session ID: 5f440505-1268-4567-ab87-c5a9c9eaa758
*** Element info: {Using=-android uiautomator, value=new UiScrollable(new UiSelector().scrollable(true).instance(0)).scrollIntoView(new UiSelector().textContains("156.500"))})

2018-06-25 16:34:27 - [TEST_STEP][NOT_RUN] - startApplication: NOT_RUN: startApplication

2018-06-25 16:34:27 - [MESSAGE][NOT_RUN] - NOT_RUN: startApplication

2018-06-25 16:34:27 - [TEST_STEP][PASSED] - scrollToText: Scrolling to text 'Category' successfully

2018-06-25 16:34:32 - [MESSAGE][PASSED] - Scrolling to text 'Category' successfully

2018-06-25 16:34:32 - [TEST_STEP][PASSED] - tap: Tapped on element 'Object Repository/Mobile/OR Rent New Car/android.view.View3'

2018-06-25 16:34:32 - [MESSAGE][WARNING] - Timeout '0' is invalid. Using default page load timeout: '30'

2018-06-25 16:34:33 - [MESSAGE][PASSED] - Tapped on element 'Object Repository/Mobile/OR Rent New Car/android.view.View3'

2018-06-25 16:34:33 - [TEST_STEP][FAILED] - scrollToText: Unable to scroll to text '156.500' (Root cause: org.openqa.selenium.NoSuchElementException: An element could not be located on the page using the given search parameters. (WARNING: The server did not provide any stacktrace information)
Command duration or timeout: 0 milliseconds
For documentation on this error, please visit: http://seleniumhq.org/exceptions/no_such_element.html
Build info: version: '3.7.1', revision: '8a0099a', time: '2017-11-06T21:07:36.161Z'
System info: host: 'DESKTOP-5G7MA8C', ip: '10.10.11.196', os.name: 'Windows 10', os.arch: 'amd64', os.version: '10.0', java.version: '1.8.0_102'
Driver info: com.kms.katalon.core.appium.driver.SwipeableAndroidDriver
Capabilities {app: C:\Users\ALIMSAPUTRA\Downlo..., appActivity: id.astra.adp.movic.modules...., appPackage: id.astra.movic, appWaitActivity: id.astra.adp.movic.modules...., appWaitPackage: id.astra.movic, autoGrantPermissions: true, databaseEnabled: false, desired: {app: C:\Users\ALIMSAPUTRA\Downlo..., autoGrantPermissions: true, deviceId: 4200d20faae66400, deviceName: samsung SM-J320G (Android 5..., fullReset: true, newCommandTimeout: 1800, noReset: false, platform: ANDROID, platformName: Android, udid: 4200d20faae66400}, deviceId: 4200d20faae66400, deviceManufacturer: samsung, deviceModel: SM-J320G, deviceName: 4200d20faae66400, deviceScreenSize: 720x1280, deviceUDID: 4200d20faae66400, fullReset: true, javascriptEnabled: true, locationContextEnabled: false, networkConnectionEnabled: true, newCommandTimeout: 1800, noReset: false, platform: ANDROID, platformName: ANDROID, platformVersion: 5.1.1, takesScreenshot: true, udid: 4200d20faae66400, warnings: {}, webStorageEnabled: false}
Session ID: 5f440505-1268-4567-ab87-c5a9c9eaa758
*** Element info: {Using=-android uiautomator, value=new UiScrollable(new UiSelector().scrollable(true).instance(0)).scrollIntoView(new UiSelector().textContains("156.500"))})

2018-06-25 16:34:36 - [MESSAGE][FAILED] - Unable to scroll to text '156.500' (Root cause: org.openqa.selenium.NoSuchElementException: An element could not be located on the page using the given search parameters. (WARNING: The server did not provide any stacktrace information)
Command duration or timeout: 0 milliseconds
For documentation on this error, please visit: http://seleniumhq.org/exceptions/no_such_element.html
Build info: version: '3.7.1', revision: '8a0099a', time: '2017-11-06T21:07:36.161Z'
System info: host: 'DESKTOP-5G7MA8C', ip: '10.10.11.196', os.name: 'Windows 10', os.arch: 'amd64', os.version: '10.0', java.version: '1.8.0_102'
Driver info: com.kms.katalon.core.appium.driver.SwipeableAndroidDriver
Capabilities {app: C:\Users\ALIMSAPUTRA\Downlo..., appActivity: id.astra.adp.movic.modules...., appPackage: id.astra.movic, appWaitActivity: id.astra.adp.movic.modules...., appWaitPackage: id.astra.movic, autoGrantPermissions: true, databaseEnabled: false, desired: {app: C:\Users\ALIMSAPUTRA\Downlo..., autoGrantPermissions: true, deviceId: 4200d20faae66400, deviceName: samsung SM-J320G (Android 5..., fullReset: true, newCommandTimeout: 1800, noReset: false, platform: ANDROID, platformName: Android, udid: 4200d20faae66400}, deviceId: 4200d20faae66400, deviceManufacturer: samsung, deviceModel: SM-J320G, deviceName: 4200d20faae66400, deviceScreenSize: 720x1280, deviceUDID: 4200d20faae66400, fullReset: true, javascriptEnabled: true, locationContextEnabled: false, networkConnectionEnabled: true, newCommandTimeout: 1800, noReset: false, platform: ANDROID, platformName: ANDROID, platformVersion: 5.1.1, takesScreenshot: true, udid: 4200d20faae66400, warnings: {}, webStorageEnabled: false}
Session ID: 5f440505-1268-4567-ab87-c5a9c9eaa758
*** Element info: {Using=-android uiautomator, value=new UiScrollable(new UiSelector().scrollable(true).instance(0)).scrollIntoView(new UiSelector().textContains("156.500"))})
[[ATTACHMENT|C:\\Users\\ALIMSAPUTRA\\Katalon Studio\\Astra Movic\\Reports\\Mobile\\Rent Car By Category\\20180625_163150\\1529919274579.png]]]]></system-out>
         <system-err><![CDATA[2018-06-25 16:34:27 - [TEST_CASE][FAILED] - Test Cases/Mobile/Android/Owner/SC99 Regression/TC02 Rent New Car by Category: Test Cases/Mobile/Android/Owner/SC99 Regression/TC02 Rent New Car by Category FAILED because (of) Unable to scroll to text '156.500' (Root cause: org.openqa.selenium.NoSuchElementException: An element could not be located on the page using the given search parameters. (WARNING: The server did not provide any stacktrace information)
Command duration or timeout: 0 milliseconds
For documentation on this error, please visit: http://seleniumhq.org/exceptions/no_such_element.html
Build info: version: '3.7.1', revision: '8a0099a', time: '2017-11-06T21:07:36.161Z'
System info: host: 'DESKTOP-5G7MA8C', ip: '10.10.11.196', os.name: 'Windows 10', os.arch: 'amd64', os.version: '10.0', java.version: '1.8.0_102'
Driver info: com.kms.katalon.core.appium.driver.SwipeableAndroidDriver
Capabilities {app: C:\Users\ALIMSAPUTRA\Downlo..., appActivity: id.astra.adp.movic.modules...., appPackage: id.astra.movic, appWaitActivity: id.astra.adp.movic.modules...., appWaitPackage: id.astra.movic, autoGrantPermissions: true, databaseEnabled: false, desired: {app: C:\Users\ALIMSAPUTRA\Downlo..., autoGrantPermissions: true, deviceId: 4200d20faae66400, deviceName: samsung SM-J320G (Android 5..., fullReset: true, newCommandTimeout: 1800, noReset: false, platform: ANDROID, platformName: Android, udid: 4200d20faae66400}, deviceId: 4200d20faae66400, deviceManufacturer: samsung, deviceModel: SM-J320G, deviceName: 4200d20faae66400, deviceScreenSize: 720x1280, deviceUDID: 4200d20faae66400, fullReset: true, javascriptEnabled: true, locationContextEnabled: false, networkConnectionEnabled: true, newCommandTimeout: 1800, noReset: false, platform: ANDROID, platformName: ANDROID, platformVersion: 5.1.1, takesScreenshot: true, udid: 4200d20faae66400, warnings: {}, webStorageEnabled: false}
Session ID: 5f440505-1268-4567-ab87-c5a9c9eaa758
*** Element info: {Using=-android uiautomator, value=new UiScrollable(new UiSelector().scrollable(true).instance(0)).scrollIntoView(new UiSelector().textContains("156.500"))})]]></system-err>
      </testcase>
      <system-out><![CDATA[2018-06-25 16:31:53 - [TEST_SUITE][FAILED] - Rent Car By Category: Test Cases/Mobile/Android/Owner/SC99 Regression/TC02 Rent New Car by Category FAILED because (of) Unable to scroll to text '156.500' (Root cause: org.openqa.selenium.NoSuchElementException: An element could not be located on the page using the given search parameters. (WARNING: The server did not provide any stacktrace information)
Command duration or timeout: 0 milliseconds
For documentation on this error, please visit: http://seleniumhq.org/exceptions/no_such_element.html
Build info: version: '3.7.1', revision: '8a0099a', time: '2017-11-06T21:07:36.161Z'
System info: host: 'DESKTOP-5G7MA8C', ip: '10.10.11.196', os.name: 'Windows 10', os.arch: 'amd64', os.version: '10.0', java.version: '1.8.0_102'
Driver info: com.kms.katalon.core.appium.driver.SwipeableAndroidDriver
Capabilities {app: C:\Users\ALIMSAPUTRA\Downlo..., appActivity: id.astra.adp.movic.modules...., appPackage: id.astra.movic, appWaitActivity: id.astra.adp.movic.modules...., appWaitPackage: id.astra.movic, autoGrantPermissions: true, databaseEnabled: false, desired: {app: C:\Users\ALIMSAPUTRA\Downlo..., autoGrantPermissions: true, deviceId: 4200d20faae66400, deviceName: samsung SM-J320G (Android 5..., fullReset: true, newCommandTimeout: 1800, noReset: false, platform: ANDROID, platformName: Android, udid: 4200d20faae66400}, deviceId: 4200d20faae66400, deviceManufacturer: samsung, deviceModel: SM-J320G, deviceName: 4200d20faae66400, deviceScreenSize: 720x1280, deviceUDID: 4200d20faae66400, fullReset: true, javascriptEnabled: true, locationContextEnabled: false, networkConnectionEnabled: true, newCommandTimeout: 1800, noReset: false, platform: ANDROID, platformName: ANDROID, platformVersion: 5.1.1, takesScreenshot: true, udid: 4200d20faae66400, warnings: {}, webStorageEnabled: false}
Session ID: 5f440505-1268-4567-ab87-c5a9c9eaa758
*** Element info: {Using=-android uiautomator, value=new UiScrollable(new UiSelector().scrollable(true).instance(0)).scrollIntoView(new UiSelector().textContains("156.500"))})]]></system-out>
      <system-err><![CDATA[2018-06-25 16:31:53 - [TEST_SUITE][FAILED] - Rent Car By Category: Test Cases/Mobile/Android/Owner/SC99 Regression/TC02 Rent New Car by Category FAILED because (of) Unable to scroll to text '156.500' (Root cause: org.openqa.selenium.NoSuchElementException: An element could not be located on the page using the given search parameters. (WARNING: The server did not provide any stacktrace information)
Command duration or timeout: 0 milliseconds
For documentation on this error, please visit: http://seleniumhq.org/exceptions/no_such_element.html
Build info: version: '3.7.1', revision: '8a0099a', time: '2017-11-06T21:07:36.161Z'
System info: host: 'DESKTOP-5G7MA8C', ip: '10.10.11.196', os.name: 'Windows 10', os.arch: 'amd64', os.version: '10.0', java.version: '1.8.0_102'
Driver info: com.kms.katalon.core.appium.driver.SwipeableAndroidDriver
Capabilities {app: C:\Users\ALIMSAPUTRA\Downlo..., appActivity: id.astra.adp.movic.modules...., appPackage: id.astra.movic, appWaitActivity: id.astra.adp.movic.modules...., appWaitPackage: id.astra.movic, autoGrantPermissions: true, databaseEnabled: false, desired: {app: C:\Users\ALIMSAPUTRA\Downlo..., autoGrantPermissions: true, deviceId: 4200d20faae66400, deviceName: samsung SM-J320G (Android 5..., fullReset: true, newCommandTimeout: 1800, noReset: false, platform: ANDROID, platformName: Android, udid: 4200d20faae66400}, deviceId: 4200d20faae66400, deviceManufacturer: samsung, deviceModel: SM-J320G, deviceName: 4200d20faae66400, deviceScreenSize: 720x1280, deviceUDID: 4200d20faae66400, fullReset: true, javascriptEnabled: true, locationContextEnabled: false, networkConnectionEnabled: true, newCommandTimeout: 1800, noReset: false, platform: ANDROID, platformName: ANDROID, platformVersion: 5.1.1, takesScreenshot: true, udid: 4200d20faae66400, warnings: {}, webStorageEnabled: false}
Session ID: 5f440505-1268-4567-ab87-c5a9c9eaa758
*** Element info: {Using=-android uiautomator, value=new UiScrollable(new UiSelector().scrollable(true).instance(0)).scrollIntoView(new UiSelector().textContains("156.500"))})]]></system-err>
   </testsuite>
</testsuites>
