<?xml version="1.0" encoding="UTF-8"?>
<testsuites name="Owner chat atau send message to customer from menu chat in homepage" time="243" tests="2" failures="0" errors="0">
   <testsuite name="Owner chat atau send message to customer from menu chat in homepage" tests="2" failures="0" errors="0" time="243" timestamp="2018-11-19 15:46:43" hostname="WGS-LAP199 - DESKTOP-QUMB1S3" id="Test Suites/Mobile/Owner chat atau send message to customer from menu chat in homepage">
      <properties>
         <property name="deviceName" value="Xiaomi Redmi 5 (Android 7.1.2)"/>
         <property name="devicePlatform" value=""/>
         <property name="logFolder" value="C:\\Users\\WGS-LAP199\\git\\astra-movic\\Reports\\Mobile\\Owner chat atau send message to customer from menu chat in homepage\\20181119_154636"/>
         <property name="logFiles" value="C:\\Users\\WGS-LAP199\\git\\astra-movic\\Reports\\Mobile\\Owner chat atau send message to customer from menu chat in homepage\\20181119_154636\\appium.log, C:\\Users\\WGS-LAP199\\git\\astra-movic\\Reports\\Mobile\\Owner chat atau send message to customer from menu chat in homepage\\20181119_154636\\execution0.log"/>
         <property name="attachments" value=""/>
         <property name="hostName" value="WGS-LAP199 - DESKTOP-QUMB1S3"/>
         <property name="os" value="Windows 10 64bit"/>
         <property name="katalonVersion" value="5.8.6.1"/>
         <property name="deviceOS" value="Android"/>
         <property name="appiumVersion" value="1.8.1"/>
         <property name="deviceModel" value="Redmi 5"/>
         <property name="hostAddress" value="10.10.11.177"/>
         <property name="deviceManufacturer" value="Xiaomi"/>
         <property name="deviceId" value="54e797627cf5"/>
         <property name="deviceName" value="Xiaomi Redmi 5 (Android 7.1.2)"/>
         <property name="deviceOSVersion" value="7.1.2"/>
      </properties>
      <testcase name="Test Cases/Mobile/Android/User/SC99 Regression/TC04 Login with email" classname="Test Cases/Mobile/Android/User/SC99 Regression/TC04 Login with email" status="PASSED">
         <system-out><![CDATA[2018-11-19 15:46:44 - [TEST_CASE][PASSED] - Test Cases/Mobile/Android/User/SC99 Regression/TC04 Login with email: Test Cases/Mobile/Android/User/SC99 Regression/TC04 Login with email

2018-11-19 15:46:45 - [TEST_STEP][PASSED] - startApplication: Started app at: 'C:\Users\WGS-LAP199\Downloads\Movic apk\Movic_0.9.7_2018-10-14-stable-debug.apk'

2018-11-19 15:47:39 - [MESSAGE][PASSED] - Started app at: 'C:\Users\WGS-LAP199\Downloads\Movic apk\Movic_0.9.7_2018-10-14-stable-debug.apk'

2018-11-19 15:47:39 - [TEST_STEP][PASSED] - tap: Tapped on element 'Object Repository/Mobile/OR Registrasi/android.widget.ImageView4'

2018-11-19 15:47:40 - [MESSAGE][WARNING] - Timeout '0' is invalid. Using default page load timeout: '30'

2018-11-19 15:47:44 - [MESSAGE][PASSED] - Tapped on element 'Object Repository/Mobile/OR Registrasi/android.widget.ImageView4'

2018-11-19 15:47:44 - [TEST_STEP][PASSED] - Statement - For (def index : (1..2)): Tapped on element 'Object Repository/Mobile/OR Registrasi/android.widget.ImageView1'

2018-11-19 15:47:44 - [TEST_STEP][PASSED] - tap: Tapped on element 'Object Repository/Mobile/OR Registrasi/android.widget.ImageView1'

2018-11-19 15:47:44 - [MESSAGE][WARNING] - Timeout '0' is invalid. Using default page load timeout: '30'

2018-11-19 15:47:45 - [MESSAGE][PASSED] - Tapped on element 'Object Repository/Mobile/OR Registrasi/android.widget.ImageView1'

2018-11-19 15:47:45 - [TEST_STEP][PASSED] - tap: Tapped on element 'Object Repository/Mobile/OR Registrasi/android.widget.ImageView1'

2018-11-19 15:47:46 - [MESSAGE][WARNING] - Timeout '0' is invalid. Using default page load timeout: '30'

2018-11-19 15:47:47 - [MESSAGE][PASSED] - Tapped on element 'Object Repository/Mobile/OR Registrasi/android.widget.ImageView1'

2018-11-19 15:47:47 - [TEST_STEP][PASSED] - tap: Tapped on element 'Object Repository/Mobile/OR Registrasi/android.widget.TextView2 - Skip'

2018-11-19 15:47:47 - [MESSAGE][WARNING] - Timeout '0' is invalid. Using default page load timeout: '30'

2018-11-19 15:47:49 - [MESSAGE][PASSED] - Tapped on element 'Object Repository/Mobile/OR Registrasi/android.widget.TextView2 - Skip'

2018-11-19 15:47:49 - [TEST_STEP][PASSED] - tap: Tapped on element 'Object Repository/Mobile/OR Login/android.widget.TextView0 - Log in'

2018-11-19 15:47:49 - [MESSAGE][WARNING] - Timeout '0' is invalid. Using default page load timeout: '30'

2018-11-19 15:47:51 - [MESSAGE][PASSED] - Tapped on element 'Object Repository/Mobile/OR Login/android.widget.TextView0 - Log in'

2018-11-19 15:47:51 - [TEST_STEP][PASSED] - setText: Text 'santi.wahyuni@wgs.co.id' has been set to element 'Object Repository/Mobile/OR Login/android.widget.EditText0'

2018-11-19 15:47:51 - [MESSAGE][WARNING] - Timeout '0' is invalid. Using default page load timeout: '30'

2018-11-19 15:47:53 - [MESSAGE][PASSED] - Text 'santi.wahyuni@wgs.co.id' has been set to element 'Object Repository/Mobile/OR Login/android.widget.EditText0'

2018-11-19 15:47:53 - [TEST_STEP][PASSED] - tap: Tapped on element 'Object Repository/Mobile/OR Login/android.widget.Button0 - Next'

2018-11-19 15:47:53 - [MESSAGE][WARNING] - Timeout '0' is invalid. Using default page load timeout: '30'

2018-11-19 15:47:56 - [MESSAGE][PASSED] - Tapped on element 'Object Repository/Mobile/OR Login/android.widget.Button0 - Next'

2018-11-19 15:47:56 - [TEST_STEP][PASSED] - setText: Text 'P@ssword789' has been set to element 'Object Repository/Mobile/OR Login/android.widget.EditText0 (1)'

2018-11-19 15:47:56 - [MESSAGE][WARNING] - Timeout '0' is invalid. Using default page load timeout: '30'

2018-11-19 15:47:57 - [MESSAGE][PASSED] - Text 'P@ssword789' has been set to element 'Object Repository/Mobile/OR Login/android.widget.EditText0 (1)'

2018-11-19 15:47:57 - [TEST_STEP][PASSED] - delay: Delayed 1 second(s)

2018-11-19 15:47:58 - [MESSAGE][PASSED] - Delayed 1 second(s)

2018-11-19 15:47:58 - [TEST_STEP][PASSED] - hideKeyboard: Keyboard is hidden

2018-11-19 15:48:00 - [MESSAGE][PASSED] - Keyboard is hidden

2018-11-19 15:48:00 - [TEST_STEP][PASSED] - tap: Tapped on element 'Object Repository/Mobile/OR Login/android.widget.Button0 - Start Movic'

2018-11-19 15:48:00 - [MESSAGE][WARNING] - Timeout '0' is invalid. Using default page load timeout: '30'

2018-11-19 15:48:02 - [MESSAGE][PASSED] - Tapped on element 'Object Repository/Mobile/OR Login/android.widget.Button0 - Start Movic'

2018-11-19 15:48:02 - [TEST_STEP][PASSED] - delay: Delayed 5 second(s)

2018-11-19 15:48:07 - [MESSAGE][PASSED] - Delayed 5 second(s)]]></system-out>
         <system-err><![CDATA[]]></system-err>
      </testcase>
      <testcase name="Test Cases/Mobile/Android/Homepage/SC99 Regression/TC24 Chat to customer from menu chat homepage" classname="Test Cases/Mobile/Android/Homepage/SC99 Regression/TC24 Chat to customer from menu chat homepage" status="PASSED">
         <system-out><![CDATA[2018-11-19 15:48:07 - [TEST_CASE][PASSED] - Test Cases/Mobile/Android/Homepage/SC99 Regression/TC24 Chat to customer from menu chat homepage: Test Cases/Mobile/Android/Homepage/SC99 Regression/TC24 Chat to customer from menu chat homepage

2018-11-19 15:48:08 - [TEST_STEP][NOT_RUN] - callTestCase: NOT_RUN: callTestCase

2018-11-19 15:48:08 - [MESSAGE][NOT_RUN] - NOT_RUN: callTestCase

2018-11-19 15:48:08 - [TEST_STEP][PASSED] - tap: Tapped on element 'Object Repository/Mobile/OR Homepage/android.widget.Tab - Chat'

2018-11-19 15:48:08 - [MESSAGE][WARNING] - Timeout '0' is invalid. Using default page load timeout: '30'

2018-11-19 15:49:29 - [MESSAGE][PASSED] - Tapped on element 'Object Repository/Mobile/OR Homepage/android.widget.Tab - Chat'

2018-11-19 15:49:29 - [TEST_STEP][PASSED] - tap: Tapped on element 'Object Repository/Mobile/OR Homepage/android.widget.RelativeLayout9 (1)'

2018-11-19 15:49:29 - [MESSAGE][WARNING] - Timeout '0' is invalid. Using default page load timeout: '30'

2018-11-19 15:50:32 - [MESSAGE][PASSED] - Tapped on element 'Object Repository/Mobile/OR Homepage/android.widget.RelativeLayout9 (1)'

2018-11-19 15:50:32 - [TEST_STEP][PASSED] - tap: Tapped on element 'Object Repository/Mobile/OR Booking/android.widget.EditText0 - Write something here...'

2018-11-19 15:50:32 - [MESSAGE][WARNING] - Timeout '0' is invalid. Using default page load timeout: '30'

2018-11-19 15:50:34 - [MESSAGE][PASSED] - Tapped on element 'Object Repository/Mobile/OR Booking/android.widget.EditText0 - Write something here...'

2018-11-19 15:50:34 - [TEST_STEP][PASSED] - setText: Text 'Chat Automation Test' has been set to element 'Object Repository/Mobile/OR Booking/android.widget.EditText0 - Write something here...'

2018-11-19 15:50:34 - [MESSAGE][WARNING] - Timeout '0' is invalid. Using default page load timeout: '30'

2018-11-19 15:50:36 - [MESSAGE][PASSED] - Text 'Chat Automation Test' has been set to element 'Object Repository/Mobile/OR Booking/android.widget.EditText0 - Write something here...'

2018-11-19 15:50:36 - [TEST_STEP][PASSED] - tap: Tapped on element 'Object Repository/Mobile/OR Booking/android.widget.ImageButton1'

2018-11-19 15:50:36 - [MESSAGE][WARNING] - Timeout '0' is invalid. Using default page load timeout: '30'

2018-11-19 15:50:38 - [MESSAGE][PASSED] - Tapped on element 'Object Repository/Mobile/OR Booking/android.widget.ImageButton1'

2018-11-19 15:50:38 - [TEST_STEP][PASSED] - delay: Delayed 5 second(s)

2018-11-19 15:50:43 - [MESSAGE][PASSED] - Delayed 5 second(s)]]></system-out>
         <system-err><![CDATA[]]></system-err>
      </testcase>
      <system-out><![CDATA[2018-11-19 15:46:43 - [TEST_SUITE][PASSED] - Owner chat atau send message to customer from menu chat in homepage: Test Cases/Mobile/Android/Homepage/SC99 Regression/TC24 Chat to customer from menu chat homepage]]></system-out>
      <system-err><![CDATA[]]></system-err>
   </testsuite>
</testsuites>
