<?xml version="1.0" encoding="UTF-8"?>
<testsuites name="Customer chat atau send message to vehicle owner from page list car" time="209" tests="3" failures="0" errors="0">
   <testsuite name="Customer chat atau send message to vehicle owner from page list car" tests="3" failures="0" errors="0" time="209" timestamp="2018-11-15 09:20:30" hostname="WGS-LAP199 - DESKTOP-QUMB1S3" id="Test Suites/Mobile/Customer chat atau send message to vehicle owner from page list car">
      <properties>
         <property name="deviceName" value="Xiaomi Redmi 5 (Android 7.1.2)"/>
         <property name="devicePlatform" value=""/>
         <property name="logFolder" value="C:\\Users\\WGS-LAP199\\git\\astra-movic\\Reports\\Mobile\\Customer chat atau send message to vehicle owner from page list car\\20181115_092024"/>
         <property name="logFiles" value="C:\\Users\\WGS-LAP199\\git\\astra-movic\\Reports\\Mobile\\Customer chat atau send message to vehicle owner from page list car\\20181115_092024\\appium.log, C:\\Users\\WGS-LAP199\\git\\astra-movic\\Reports\\Mobile\\Customer chat atau send message to vehicle owner from page list car\\20181115_092024\\execution0.log"/>
         <property name="attachments" value=""/>
         <property name="hostName" value="WGS-LAP199 - DESKTOP-QUMB1S3"/>
         <property name="os" value="Windows 10 64bit"/>
         <property name="katalonVersion" value="5.8.6.1"/>
         <property name="deviceOS" value="Android"/>
         <property name="appiumVersion" value="1.8.1"/>
         <property name="deviceModel" value="Redmi 5"/>
         <property name="hostAddress" value="10.10.10.109"/>
         <property name="deviceManufacturer" value="Xiaomi"/>
         <property name="deviceId" value="54e797627cf5"/>
         <property name="deviceName" value="Xiaomi Redmi 5 (Android 7.1.2)"/>
         <property name="deviceOSVersion" value="7.1.2"/>
      </properties>
      <testcase name="Test Cases/Mobile/Android/User/SC99 Regression/TC04 Login with email" classname="Test Cases/Mobile/Android/User/SC99 Regression/TC04 Login with email" status="PASSED">
         <system-out><![CDATA[2018-11-15 09:20:31 - [TEST_CASE][PASSED] - Test Cases/Mobile/Android/User/SC99 Regression/TC04 Login with email: Test Cases/Mobile/Android/User/SC99 Regression/TC04 Login with email

2018-11-15 09:20:32 - [TEST_STEP][PASSED] - startApplication: Started app at: 'C:\Users\WGS-LAP199\Downloads\Movic apk\Movic_0.9.7_2018-10-14-stable-debug.apk'

2018-11-15 09:21:22 - [MESSAGE][PASSED] - Started app at: 'C:\Users\WGS-LAP199\Downloads\Movic apk\Movic_0.9.7_2018-10-14-stable-debug.apk'

2018-11-15 09:21:22 - [TEST_STEP][PASSED] - tap: Tapped on element 'Object Repository/Mobile/OR Registrasi/android.widget.ImageView4'

2018-11-15 09:21:22 - [MESSAGE][WARNING] - Timeout '0' is invalid. Using default page load timeout: '30'

2018-11-15 09:21:26 - [MESSAGE][PASSED] - Tapped on element 'Object Repository/Mobile/OR Registrasi/android.widget.ImageView4'

2018-11-15 09:21:26 - [TEST_STEP][PASSED] - Statement - For (def index : (1..2)): Tapped on element 'Object Repository/Mobile/OR Registrasi/android.widget.ImageView1'

2018-11-15 09:21:26 - [TEST_STEP][PASSED] - tap: Tapped on element 'Object Repository/Mobile/OR Registrasi/android.widget.ImageView1'

2018-11-15 09:21:26 - [MESSAGE][WARNING] - Timeout '0' is invalid. Using default page load timeout: '30'

2018-11-15 09:21:28 - [MESSAGE][PASSED] - Tapped on element 'Object Repository/Mobile/OR Registrasi/android.widget.ImageView1'

2018-11-15 09:21:28 - [TEST_STEP][PASSED] - tap: Tapped on element 'Object Repository/Mobile/OR Registrasi/android.widget.ImageView1'

2018-11-15 09:21:28 - [MESSAGE][WARNING] - Timeout '0' is invalid. Using default page load timeout: '30'

2018-11-15 09:21:29 - [MESSAGE][PASSED] - Tapped on element 'Object Repository/Mobile/OR Registrasi/android.widget.ImageView1'

2018-11-15 09:21:29 - [TEST_STEP][PASSED] - tap: Tapped on element 'Object Repository/Mobile/OR Registrasi/android.widget.TextView2 - Skip'

2018-11-15 09:21:29 - [MESSAGE][WARNING] - Timeout '0' is invalid. Using default page load timeout: '30'

2018-11-15 09:21:31 - [MESSAGE][PASSED] - Tapped on element 'Object Repository/Mobile/OR Registrasi/android.widget.TextView2 - Skip'

2018-11-15 09:21:31 - [TEST_STEP][PASSED] - tap: Tapped on element 'Object Repository/Mobile/OR Login/android.widget.TextView0 - Log in'

2018-11-15 09:21:31 - [MESSAGE][WARNING] - Timeout '0' is invalid. Using default page load timeout: '30'

2018-11-15 09:21:33 - [MESSAGE][PASSED] - Tapped on element 'Object Repository/Mobile/OR Login/android.widget.TextView0 - Log in'

2018-11-15 09:21:33 - [TEST_STEP][PASSED] - setText: Text 'santi.wahyuni@wgs.co.id' has been set to element 'Object Repository/Mobile/OR Login/android.widget.EditText0'

2018-11-15 09:21:33 - [MESSAGE][WARNING] - Timeout '0' is invalid. Using default page load timeout: '30'

2018-11-15 09:21:34 - [MESSAGE][PASSED] - Text 'santi.wahyuni@wgs.co.id' has been set to element 'Object Repository/Mobile/OR Login/android.widget.EditText0'

2018-11-15 09:21:34 - [TEST_STEP][PASSED] - tap: Tapped on element 'Object Repository/Mobile/OR Login/android.widget.Button0 - Next'

2018-11-15 09:21:34 - [MESSAGE][WARNING] - Timeout '0' is invalid. Using default page load timeout: '30'

2018-11-15 09:21:37 - [MESSAGE][PASSED] - Tapped on element 'Object Repository/Mobile/OR Login/android.widget.Button0 - Next'

2018-11-15 09:21:37 - [TEST_STEP][PASSED] - setText: Text 'P@ssword789' has been set to element 'Object Repository/Mobile/OR Login/android.widget.EditText0 (1)'

2018-11-15 09:21:37 - [MESSAGE][WARNING] - Timeout '0' is invalid. Using default page load timeout: '30'

2018-11-15 09:21:38 - [MESSAGE][PASSED] - Text 'P@ssword789' has been set to element 'Object Repository/Mobile/OR Login/android.widget.EditText0 (1)'

2018-11-15 09:21:38 - [TEST_STEP][PASSED] - delay: Delayed 1 second(s)

2018-11-15 09:21:39 - [MESSAGE][PASSED] - Delayed 1 second(s)

2018-11-15 09:21:39 - [TEST_STEP][PASSED] - hideKeyboard: Keyboard is hidden

2018-11-15 09:21:41 - [MESSAGE][PASSED] - Keyboard is hidden

2018-11-15 09:21:41 - [TEST_STEP][PASSED] - tap: Tapped on element 'Object Repository/Mobile/OR Login/android.widget.Button0 - Start Movic'

2018-11-15 09:21:42 - [MESSAGE][WARNING] - Timeout '0' is invalid. Using default page load timeout: '30'

2018-11-15 09:21:43 - [MESSAGE][PASSED] - Tapped on element 'Object Repository/Mobile/OR Login/android.widget.Button0 - Start Movic'

2018-11-15 09:21:43 - [TEST_STEP][PASSED] - delay: Delayed 5 second(s)

2018-11-15 09:21:48 - [MESSAGE][PASSED] - Delayed 5 second(s)]]></system-out>
         <system-err><![CDATA[]]></system-err>
      </testcase>
      <testcase name="Test Cases/Mobile/Android/Homepage/SC99 Regression/TC20 Show List Car By Click Image Popular Car Rental" classname="Test Cases/Mobile/Android/Homepage/SC99 Regression/TC20 Show List Car By Click Image Popular Car Rental" status="PASSED">
         <system-out><![CDATA[2018-11-15 09:21:48 - [TEST_CASE][PASSED] - Test Cases/Mobile/Android/Homepage/SC99 Regression/TC20 Show List Car By Click Image Popular Car Rental: Test Cases/Mobile/Android/Homepage/SC99 Regression/TC20 Show List Car By Click Image Popular Car Rental

2018-11-15 09:21:49 - [TEST_STEP][NOT_RUN] - callTestCase: NOT_RUN: callTestCase

2018-11-15 09:21:49 - [MESSAGE][NOT_RUN] - NOT_RUN: callTestCase

2018-11-15 09:21:49 - [TEST_STEP][PASSED] - scrollToText: Scrolling to text 'Popular Car Rentals' successfully

2018-11-15 09:22:30 - [MESSAGE][PASSED] - Scrolling to text 'Popular Car Rentals' successfully

2018-11-15 09:22:31 - [TEST_STEP][PASSED] - delay: Delayed 5 second(s)

2018-11-15 09:22:36 - [MESSAGE][PASSED] - Delayed 5 second(s)

2018-11-15 09:22:36 - [TEST_STEP][PASSED] - tap: Tapped on element 'Object Repository/Mobile/OR Homepage/android.widget.RelativeLayout10 (1)'

2018-11-15 09:22:36 - [MESSAGE][WARNING] - Timeout '0' is invalid. Using default page load timeout: '30'

2018-11-15 09:23:38 - [MESSAGE][PASSED] - Tapped on element 'Object Repository/Mobile/OR Homepage/android.widget.RelativeLayout10 (1)'

2018-11-15 09:23:38 - [TEST_STEP][PASSED] - delay: Delayed 5 second(s)

2018-11-15 09:23:43 - [MESSAGE][PASSED] - Delayed 5 second(s)

2018-11-15 09:23:43 - [TEST_STEP][NOT_RUN] - tap: NOT_RUN: tap

2018-11-15 09:23:43 - [MESSAGE][NOT_RUN] - NOT_RUN: tap

2018-11-15 09:23:43 - [TEST_STEP][NOT_RUN] - delay: NOT_RUN: delay

2018-11-15 09:23:43 - [MESSAGE][NOT_RUN] - NOT_RUN: delay]]></system-out>
         <system-err><![CDATA[]]></system-err>
      </testcase>
      <testcase name="Test Cases/Mobile/Android/User/SC99 Regression/TC25 Send message to owner - Detail Car" classname="Test Cases/Mobile/Android/User/SC99 Regression/TC25 Send message to owner - Detail Car" status="PASSED">
         <system-out><![CDATA[2018-11-15 09:23:43 - [TEST_CASE][PASSED] - Test Cases/Mobile/Android/User/SC99 Regression/TC25 Send message to owner - Detail Car: Test Cases/Mobile/Android/User/SC99 Regression/TC25 Send message to owner - Detail Car

2018-11-15 09:23:44 - [TEST_STEP][NOT_RUN] - callTestCase: NOT_RUN: callTestCase

2018-11-15 09:23:44 - [MESSAGE][NOT_RUN] - NOT_RUN: callTestCase

2018-11-15 09:23:44 - [TEST_STEP][PASSED] - tap: Tapped on element 'Object Repository/Mobile/OR Homepage/android.widget.LinearLayout11'

2018-11-15 09:23:44 - [MESSAGE][WARNING] - Timeout '0' is invalid. Using default page load timeout: '30'

2018-11-15 09:23:45 - [MESSAGE][PASSED] - Tapped on element 'Object Repository/Mobile/OR Homepage/android.widget.LinearLayout11'

2018-11-15 09:23:45 - [TEST_STEP][PASSED] - tap: Tapped on element 'Object Repository/Mobile/OR Booking/android.widget.EditText0 - Write something here...'

2018-11-15 09:23:45 - [MESSAGE][WARNING] - Timeout '0' is invalid. Using default page load timeout: '30'

2018-11-15 09:23:48 - [MESSAGE][PASSED] - Tapped on element 'Object Repository/Mobile/OR Booking/android.widget.EditText0 - Write something here...'

2018-11-15 09:23:48 - [TEST_STEP][PASSED] - setText: Text 'Chat Automation Test' has been set to element 'Object Repository/Mobile/OR Booking/android.widget.EditText0 - Write something here...'

2018-11-15 09:23:48 - [MESSAGE][WARNING] - Timeout '0' is invalid. Using default page load timeout: '30'

2018-11-15 09:23:50 - [MESSAGE][PASSED] - Text 'Chat Automation Test' has been set to element 'Object Repository/Mobile/OR Booking/android.widget.EditText0 - Write something here...'

2018-11-15 09:23:50 - [TEST_STEP][PASSED] - tap: Tapped on element 'Object Repository/Mobile/OR Booking/android.widget.ImageButton1'

2018-11-15 09:23:50 - [MESSAGE][WARNING] - Timeout '0' is invalid. Using default page load timeout: '30'

2018-11-15 09:23:52 - [MESSAGE][PASSED] - Tapped on element 'Object Repository/Mobile/OR Booking/android.widget.ImageButton1'

2018-11-15 09:23:52 - [TEST_STEP][PASSED] - delay: Delayed 5 second(s)

2018-11-15 09:23:57 - [MESSAGE][PASSED] - Delayed 5 second(s)]]></system-out>
         <system-err><![CDATA[]]></system-err>
      </testcase>
      <system-out><![CDATA[2018-11-15 09:20:30 - [TEST_SUITE][PASSED] - Customer chat atau send message to vehicle owner from page list car: Test Cases/Mobile/Android/User/SC99 Regression/TC25 Send message to owner - Detail Car]]></system-out>
      <system-err><![CDATA[]]></system-err>
   </testsuite>
</testsuites>
