<?xml version="1.0" encoding="UTF-8"?>
<testsuites name="Rent Car By Category" time="177" tests="0" failures="2" errors="0">
   <testsuite name="Rent Car By Category" tests="0" failures="2" errors="0" time="177" timestamp="2018-06-25 17:01:33" hostname="ALIMSAPUTRA - DESKTOP-5G7MA8C" id="Test Suites/Mobile/Rent Car By Category">
      <properties>
         <property name="deviceName" value="samsung SM-J320G (Android 5.1.1)"/>
         <property name="devicePlatform" value=""/>
         <property name="logFolder" value="C:\\Users\\ALIMSAPUTRA\\Katalon Studio\\Astra Movic\\Reports\\Mobile\\Rent Car By Category\\20180625_170129"/>
         <property name="logFiles" value="C:\\Users\\ALIMSAPUTRA\\Katalon Studio\\Astra Movic\\Reports\\Mobile\\Rent Car By Category\\20180625_170129\\appium.log, C:\\Users\\ALIMSAPUTRA\\Katalon Studio\\Astra Movic\\Reports\\Mobile\\Rent Car By Category\\20180625_170129\\execution0.log"/>
         <property name="attachments" value=""/>
         <property name="hostName" value="ALIMSAPUTRA - DESKTOP-5G7MA8C"/>
         <property name="os" value="Windows 10 64bit"/>
         <property name="katalonVersion" value="5.4.2.1"/>
         <property name="deviceOS" value="Android"/>
         <property name="deviceModel" value="SM-J320G"/>
         <property name="hostAddress" value="10.10.11.196"/>
         <property name="deviceManufacturer" value="samsung"/>
         <property name="deviceId" value="4200d20faae66400"/>
         <property name="deviceName" value="samsung SM-J320G (Android 5.1.1)"/>
         <property name="deviceOSVersion" value="5.1.1"/>
      </properties>
      <testcase name="Test Cases/Mobile/Android/User/SC99 Regression/TC04 Login biasa with email" classname="Test Cases/Mobile/Android/User/SC99 Regression/TC04 Login biasa with email" status="FAILED">
         <failure type="FAILED" message="Unable to start app at: 'C:\Users\ALIMSAPUTRA\Downloads\Movic_0.4.2_2018-06-23-staging-debug.apk' (Root cause: org.openqa.selenium.WebDriverException: An unknown server-side error occurred while processing the command. Original error: Error executing adbExec. Original error: 'Command 'C\:\\Users\\ALIMSAPUTRA\\.katalon\\tools\\android_sdk\\platform-tools\\adb.exe -P 5037 -s 4200d20faae66400 install -r C\:\\Users\\ALIMSAPUTRA\\Downloads\\Movic_0.4.2_2018-06-23-staging-debug.apk' exited with code 4294967295'; Stderr: 'error: device '4200d20faae66400' not found
- waiting for device -'; Code: '4294967295' (WARNING: The server did not provide any stacktrace information)
Command duration or timeout: 161.62 seconds
Build info: version: '3.7.1', revision: '8a0099a', time: '2017-11-06T21:07:36.161Z'
System info: host: 'DESKTOP-5G7MA8C', ip: '10.10.11.196', os.name: 'Windows 10', os.arch: 'amd64', os.version: '10.0', java.version: '1.8.0_102'
Driver info: driver.version: SwipeableAndroidDriver)"/>
         <system-out><![CDATA[2018-06-25 17:01:34 - [TEST_CASE][FAILED] - Test Cases/Mobile/Android/User/SC99 Regression/TC04 Login biasa with email: Test Cases/Mobile/Android/User/SC99 Regression/TC04 Login biasa with email FAILED because (of) Unable to start app at: 'C:\Users\ALIMSAPUTRA\Downloads\Movic_0.4.2_2018-06-23-staging-debug.apk' (Root cause: org.openqa.selenium.WebDriverException: An unknown server-side error occurred while processing the command. Original error: Error executing adbExec. Original error: 'Command 'C\:\\Users\\ALIMSAPUTRA\\.katalon\\tools\\android_sdk\\platform-tools\\adb.exe -P 5037 -s 4200d20faae66400 install -r C\:\\Users\\ALIMSAPUTRA\\Downloads\\Movic_0.4.2_2018-06-23-staging-debug.apk' exited with code 4294967295'; Stderr: 'error: device '4200d20faae66400' not found
- waiting for device -'; Code: '4294967295' (WARNING: The server did not provide any stacktrace information)
Command duration or timeout: 161.62 seconds
Build info: version: '3.7.1', revision: '8a0099a', time: '2017-11-06T21:07:36.161Z'
System info: host: 'DESKTOP-5G7MA8C', ip: '10.10.11.196', os.name: 'Windows 10', os.arch: 'amd64', os.version: '10.0', java.version: '1.8.0_102'
Driver info: driver.version: SwipeableAndroidDriver)

2018-06-25 17:01:35 - [TEST_STEP][FAILED] - startApplication: Unable to start app at: 'C:\Users\ALIMSAPUTRA\Downloads\Movic_0.4.2_2018-06-23-staging-debug.apk' (Root cause: org.openqa.selenium.WebDriverException: An unknown server-side error occurred while processing the command. Original error: Error executing adbExec. Original error: 'Command 'C\:\\Users\\ALIMSAPUTRA\\.katalon\\tools\\android_sdk\\platform-tools\\adb.exe -P 5037 -s 4200d20faae66400 install -r C\:\\Users\\ALIMSAPUTRA\\Downloads\\Movic_0.4.2_2018-06-23-staging-debug.apk' exited with code 4294967295'; Stderr: 'error: device '4200d20faae66400' not found
- waiting for device -'; Code: '4294967295' (WARNING: The server did not provide any stacktrace information)
Command duration or timeout: 161.62 seconds
Build info: version: '3.7.1', revision: '8a0099a', time: '2017-11-06T21:07:36.161Z'
System info: host: 'DESKTOP-5G7MA8C', ip: '10.10.11.196', os.name: 'Windows 10', os.arch: 'amd64', os.version: '10.0', java.version: '1.8.0_102'
Driver info: driver.version: SwipeableAndroidDriver)

2018-06-25 17:04:29 - [MESSAGE][FAILED] - Unable to start app at: 'C:\Users\ALIMSAPUTRA\Downloads\Movic_0.4.2_2018-06-23-staging-debug.apk' (Root cause: org.openqa.selenium.WebDriverException: An unknown server-side error occurred while processing the command. Original error: Error executing adbExec. Original error: 'Command 'C\:\\Users\\ALIMSAPUTRA\\.katalon\\tools\\android_sdk\\platform-tools\\adb.exe -P 5037 -s 4200d20faae66400 install -r C\:\\Users\\ALIMSAPUTRA\\Downloads\\Movic_0.4.2_2018-06-23-staging-debug.apk' exited with code 4294967295'; Stderr: 'error: device '4200d20faae66400' not found
- waiting for device -'; Code: '4294967295' (WARNING: The server did not provide any stacktrace information)
Command duration or timeout: 161.62 seconds
Build info: version: '3.7.1', revision: '8a0099a', time: '2017-11-06T21:07:36.161Z'
System info: host: 'DESKTOP-5G7MA8C', ip: '10.10.11.196', os.name: 'Windows 10', os.arch: 'amd64', os.version: '10.0', java.version: '1.8.0_102'
Driver info: driver.version: SwipeableAndroidDriver)]]></system-out>
         <system-err><![CDATA[2018-06-25 17:01:34 - [TEST_CASE][FAILED] - Test Cases/Mobile/Android/User/SC99 Regression/TC04 Login biasa with email: Test Cases/Mobile/Android/User/SC99 Regression/TC04 Login biasa with email FAILED because (of) Unable to start app at: 'C:\Users\ALIMSAPUTRA\Downloads\Movic_0.4.2_2018-06-23-staging-debug.apk' (Root cause: org.openqa.selenium.WebDriverException: An unknown server-side error occurred while processing the command. Original error: Error executing adbExec. Original error: 'Command 'C\:\\Users\\ALIMSAPUTRA\\.katalon\\tools\\android_sdk\\platform-tools\\adb.exe -P 5037 -s 4200d20faae66400 install -r C\:\\Users\\ALIMSAPUTRA\\Downloads\\Movic_0.4.2_2018-06-23-staging-debug.apk' exited with code 4294967295'; Stderr: 'error: device '4200d20faae66400' not found
- waiting for device -'; Code: '4294967295' (WARNING: The server did not provide any stacktrace information)
Command duration or timeout: 161.62 seconds
Build info: version: '3.7.1', revision: '8a0099a', time: '2017-11-06T21:07:36.161Z'
System info: host: 'DESKTOP-5G7MA8C', ip: '10.10.11.196', os.name: 'Windows 10', os.arch: 'amd64', os.version: '10.0', java.version: '1.8.0_102'
Driver info: driver.version: SwipeableAndroidDriver)]]></system-err>
      </testcase>
      <testcase name="Test Cases/Mobile/Android/Owner/SC99 Regression/TC02 Rent New Car by Category" classname="Test Cases/Mobile/Android/Owner/SC99 Regression/TC02 Rent New Car by Category" status="FAILED">
         <failure type="FAILED" message="No driver found"/>
         <system-out><![CDATA[2018-06-25 17:04:29 - [TEST_CASE][FAILED] - Test Cases/Mobile/Android/Owner/SC99 Regression/TC02 Rent New Car by Category: Test Cases/Mobile/Android/Owner/SC99 Regression/TC02 Rent New Car by Category FAILED because (of) No driver found

2018-06-25 17:04:30 - [TEST_STEP][NOT_RUN] - startApplication: NOT_RUN: startApplication

2018-06-25 17:04:30 - [MESSAGE][NOT_RUN] - NOT_RUN: startApplication

2018-06-25 17:04:30 - [TEST_STEP][PASSED] - scrollToText: Checking text]]></system-out>
         <system-err><![CDATA[2018-06-25 17:04:29 - [TEST_CASE][FAILED] - Test Cases/Mobile/Android/Owner/SC99 Regression/TC02 Rent New Car by Category: Test Cases/Mobile/Android/Owner/SC99 Regression/TC02 Rent New Car by Category FAILED because (of) No driver found]]></system-err>
      </testcase>
      <system-out><![CDATA[2018-06-25 17:01:33 - [TEST_SUITE][FAILED] - Rent Car By Category: Test Cases/Mobile/Android/User/SC99 Regression/TC04 Login biasa with email FAILED because (of) Unable to start app at: 'C:\Users\ALIMSAPUTRA\Downloads\Movic_0.4.2_2018-06-23-staging-debug.apk' (Root cause: org.openqa.selenium.WebDriverException: An unknown server-side error occurred while processing the command. Original error: Error executing adbExec. Original error: 'Command 'C\:\\Users\\ALIMSAPUTRA\\.katalon\\tools\\android_sdk\\platform-tools\\adb.exe -P 5037 -s 4200d20faae66400 install -r C\:\\Users\\ALIMSAPUTRA\\Downloads\\Movic_0.4.2_2018-06-23-staging-debug.apk' exited with code 4294967295'; Stderr: 'error: device '4200d20faae66400' not found
- waiting for device -'; Code: '4294967295' (WARNING: The server did not provide any stacktrace information)
Command duration or timeout: 161.62 seconds
Build info: version: '3.7.1', revision: '8a0099a', time: '2017-11-06T21:07:36.161Z'
System info: host: 'DESKTOP-5G7MA8C', ip: '10.10.11.196', os.name: 'Windows 10', os.arch: 'amd64', os.version: '10.0', java.version: '1.8.0_102'
Driver info: driver.version: SwipeableAndroidDriver)]]></system-out>
      <system-err><![CDATA[2018-06-25 17:01:33 - [TEST_SUITE][FAILED] - Rent Car By Category: Test Cases/Mobile/Android/User/SC99 Regression/TC04 Login biasa with email FAILED because (of) Unable to start app at: 'C:\Users\ALIMSAPUTRA\Downloads\Movic_0.4.2_2018-06-23-staging-debug.apk' (Root cause: org.openqa.selenium.WebDriverException: An unknown server-side error occurred while processing the command. Original error: Error executing adbExec. Original error: 'Command 'C\:\\Users\\ALIMSAPUTRA\\.katalon\\tools\\android_sdk\\platform-tools\\adb.exe -P 5037 -s 4200d20faae66400 install -r C\:\\Users\\ALIMSAPUTRA\\Downloads\\Movic_0.4.2_2018-06-23-staging-debug.apk' exited with code 4294967295'; Stderr: 'error: device '4200d20faae66400' not found
- waiting for device -'; Code: '4294967295' (WARNING: The server did not provide any stacktrace information)
Command duration or timeout: 161.62 seconds
Build info: version: '3.7.1', revision: '8a0099a', time: '2017-11-06T21:07:36.161Z'
System info: host: 'DESKTOP-5G7MA8C', ip: '10.10.11.196', os.name: 'Windows 10', os.arch: 'amd64', os.version: '10.0', java.version: '1.8.0_102'
Driver info: driver.version: SwipeableAndroidDriver)]]></system-err>
   </testsuite>
</testsuites>
