<?xml version="1.0" encoding="UTF-8"?>
<testsuites name="Search and edit Owned Cars by Owner" time="203" tests="3" failures="0" errors="0">
   <testsuite name="Search and edit Owned Cars by Owner" tests="3" failures="0" errors="0" time="203" timestamp="2018-11-19 14:28:42" hostname="WGS-LAP199 - DESKTOP-QUMB1S3" id="Test Suites/Mobile/Search and edit Owned Cars by Owner">
      <properties>
         <property name="deviceName" value="Xiaomi Redmi 5 (Android 7.1.2)"/>
         <property name="devicePlatform" value=""/>
         <property name="logFolder" value="C:\\Users\\WGS-LAP199\\git\\astra-movic\\Reports\\Mobile\\Search and edit Owned Cars by Owner\\20181119_142838"/>
         <property name="logFiles" value="C:\\Users\\WGS-LAP199\\git\\astra-movic\\Reports\\Mobile\\Search and edit Owned Cars by Owner\\20181119_142838\\appium.log, C:\\Users\\WGS-LAP199\\git\\astra-movic\\Reports\\Mobile\\Search and edit Owned Cars by Owner\\20181119_142838\\execution0.log"/>
         <property name="attachments" value=""/>
         <property name="hostName" value="WGS-LAP199 - DESKTOP-QUMB1S3"/>
         <property name="os" value="Windows 10 64bit"/>
         <property name="katalonVersion" value="5.8.6.1"/>
         <property name="deviceOS" value="Android"/>
         <property name="appiumVersion" value="1.8.1"/>
         <property name="deviceModel" value="Redmi 5"/>
         <property name="hostAddress" value="10.10.11.177"/>
         <property name="deviceManufacturer" value="Xiaomi"/>
         <property name="deviceId" value="54e797627cf5"/>
         <property name="deviceName" value="Xiaomi Redmi 5 (Android 7.1.2)"/>
         <property name="deviceOSVersion" value="7.1.2"/>
      </properties>
      <testcase name="Test Cases/Mobile/Android/User/SC99 Regression/TC04 Login with email" classname="Test Cases/Mobile/Android/User/SC99 Regression/TC04 Login with email" status="PASSED">
         <system-out><![CDATA[2018-11-19 14:28:43 - [TEST_CASE][PASSED] - Test Cases/Mobile/Android/User/SC99 Regression/TC04 Login with email: Test Cases/Mobile/Android/User/SC99 Regression/TC04 Login with email

2018-11-19 14:28:44 - [TEST_STEP][PASSED] - startApplication: Started app at: 'C:\Users\WGS-LAP199\Downloads\Movic apk\Movic_0.9.7_2018-10-14-stable-debug.apk'

2018-11-19 14:29:33 - [MESSAGE][PASSED] - Started app at: 'C:\Users\WGS-LAP199\Downloads\Movic apk\Movic_0.9.7_2018-10-14-stable-debug.apk'

2018-11-19 14:29:33 - [TEST_STEP][PASSED] - tap: Tapped on element 'Object Repository/Mobile/OR Registrasi/android.widget.ImageView4'

2018-11-19 14:29:33 - [MESSAGE][WARNING] - Timeout '0' is invalid. Using default page load timeout: '30'

2018-11-19 14:29:37 - [MESSAGE][PASSED] - Tapped on element 'Object Repository/Mobile/OR Registrasi/android.widget.ImageView4'

2018-11-19 14:29:37 - [TEST_STEP][PASSED] - Statement - For (def index : (1..2)): Tapped on element 'Object Repository/Mobile/OR Registrasi/android.widget.ImageView1'

2018-11-19 14:29:37 - [TEST_STEP][PASSED] - tap: Tapped on element 'Object Repository/Mobile/OR Registrasi/android.widget.ImageView1'

2018-11-19 14:29:37 - [MESSAGE][WARNING] - Timeout '0' is invalid. Using default page load timeout: '30'

2018-11-19 14:29:39 - [MESSAGE][PASSED] - Tapped on element 'Object Repository/Mobile/OR Registrasi/android.widget.ImageView1'

2018-11-19 14:29:39 - [TEST_STEP][PASSED] - tap: Tapped on element 'Object Repository/Mobile/OR Registrasi/android.widget.ImageView1'

2018-11-19 14:29:39 - [MESSAGE][WARNING] - Timeout '0' is invalid. Using default page load timeout: '30'

2018-11-19 14:29:40 - [MESSAGE][PASSED] - Tapped on element 'Object Repository/Mobile/OR Registrasi/android.widget.ImageView1'

2018-11-19 14:29:40 - [TEST_STEP][PASSED] - tap: Tapped on element 'Object Repository/Mobile/OR Registrasi/android.widget.TextView2 - Skip'

2018-11-19 14:29:40 - [MESSAGE][WARNING] - Timeout '0' is invalid. Using default page load timeout: '30'

2018-11-19 14:29:42 - [MESSAGE][PASSED] - Tapped on element 'Object Repository/Mobile/OR Registrasi/android.widget.TextView2 - Skip'

2018-11-19 14:29:42 - [TEST_STEP][PASSED] - tap: Tapped on element 'Object Repository/Mobile/OR Login/android.widget.TextView0 - Log in'

2018-11-19 14:29:42 - [MESSAGE][WARNING] - Timeout '0' is invalid. Using default page load timeout: '30'

2018-11-19 14:29:44 - [MESSAGE][PASSED] - Tapped on element 'Object Repository/Mobile/OR Login/android.widget.TextView0 - Log in'

2018-11-19 14:29:44 - [TEST_STEP][PASSED] - setText: Text 'santi.wahyuni@wgs.co.id' has been set to element 'Object Repository/Mobile/OR Login/android.widget.EditText0'

2018-11-19 14:29:44 - [MESSAGE][WARNING] - Timeout '0' is invalid. Using default page load timeout: '30'

2018-11-19 14:29:45 - [MESSAGE][PASSED] - Text 'santi.wahyuni@wgs.co.id' has been set to element 'Object Repository/Mobile/OR Login/android.widget.EditText0'

2018-11-19 14:29:45 - [TEST_STEP][PASSED] - tap: Tapped on element 'Object Repository/Mobile/OR Login/android.widget.Button0 - Next'

2018-11-19 14:29:45 - [MESSAGE][WARNING] - Timeout '0' is invalid. Using default page load timeout: '30'

2018-11-19 14:29:48 - [MESSAGE][PASSED] - Tapped on element 'Object Repository/Mobile/OR Login/android.widget.Button0 - Next'

2018-11-19 14:29:48 - [TEST_STEP][PASSED] - setText: Text 'P@ssword789' has been set to element 'Object Repository/Mobile/OR Login/android.widget.EditText0 (1)'

2018-11-19 14:29:48 - [MESSAGE][WARNING] - Timeout '0' is invalid. Using default page load timeout: '30'

2018-11-19 14:29:50 - [MESSAGE][PASSED] - Text 'P@ssword789' has been set to element 'Object Repository/Mobile/OR Login/android.widget.EditText0 (1)'

2018-11-19 14:29:50 - [TEST_STEP][PASSED] - delay: Delayed 1 second(s)

2018-11-19 14:29:51 - [MESSAGE][PASSED] - Delayed 1 second(s)

2018-11-19 14:29:51 - [TEST_STEP][PASSED] - hideKeyboard: Keyboard is hidden

2018-11-19 14:29:53 - [MESSAGE][PASSED] - Keyboard is hidden

2018-11-19 14:29:53 - [TEST_STEP][PASSED] - tap: Tapped on element 'Object Repository/Mobile/OR Login/android.widget.Button0 - Start Movic'

2018-11-19 14:29:53 - [MESSAGE][WARNING] - Timeout '0' is invalid. Using default page load timeout: '30'

2018-11-19 14:29:55 - [MESSAGE][PASSED] - Tapped on element 'Object Repository/Mobile/OR Login/android.widget.Button0 - Start Movic'

2018-11-19 14:29:55 - [TEST_STEP][PASSED] - delay: Delayed 5 second(s)

2018-11-19 14:30:00 - [MESSAGE][PASSED] - Delayed 5 second(s)]]></system-out>
         <system-err><![CDATA[]]></system-err>
      </testcase>
      <testcase name="Test Cases/Mobile/Android/Product/SC99 Regression/TC02 Search Car - My Cars" classname="Test Cases/Mobile/Android/Product/SC99 Regression/TC02 Search Car - My Cars" status="PASSED">
         <system-out><![CDATA[2018-11-19 14:30:00 - [TEST_CASE][PASSED] - Test Cases/Mobile/Android/Product/SC99 Regression/TC02 Search Car - My Cars: Test Cases/Mobile/Android/Product/SC99 Regression/TC02 Search Car - My Cars

2018-11-19 14:30:00 - [TEST_STEP][NOT_RUN] - callTestCase: NOT_RUN: callTestCase

2018-11-19 14:30:00 - [MESSAGE][NOT_RUN] - NOT_RUN: callTestCase

2018-11-19 14:30:00 - [TEST_STEP][PASSED] - tap: Tapped on element 'Object Repository/Mobile/OR Product/android.widget.Tab - My Cars'

2018-11-19 14:30:00 - [MESSAGE][WARNING] - Timeout '0' is invalid. Using default page load timeout: '30'

2018-11-19 14:30:02 - [MESSAGE][PASSED] - Tapped on element 'Object Repository/Mobile/OR Product/android.widget.Tab - My Cars'

2018-11-19 14:30:02 - [TEST_STEP][PASSED] - setText: Text 'Mitsubishi' has been set to element 'Object Repository/Mobile/OR Product/android.widget.EditText0 - Search car'

2018-11-19 14:30:02 - [MESSAGE][WARNING] - Timeout '0' is invalid. Using default page load timeout: '30'

2018-11-19 14:30:04 - [MESSAGE][PASSED] - Text 'Mitsubishi' has been set to element 'Object Repository/Mobile/OR Product/android.widget.EditText0 - Search car'

2018-11-19 14:30:04 - [TEST_STEP][PASSED] - tap: Tapped on element 'Object Repository/Mobile/OR Product/android.widget.ImageView6'

2018-11-19 14:30:04 - [MESSAGE][WARNING] - Timeout '0' is invalid. Using default page load timeout: '30'

2018-11-19 14:30:06 - [MESSAGE][PASSED] - Tapped on element 'Object Repository/Mobile/OR Product/android.widget.ImageView6'

2018-11-19 14:30:06 - [TEST_STEP][PASSED] - delay: Delayed 5 second(s)

2018-11-19 14:30:11 - [MESSAGE][PASSED] - Delayed 5 second(s)]]></system-out>
         <system-err><![CDATA[]]></system-err>
      </testcase>
      <testcase name="Test Cases/Mobile/Android/Product/SC99 Regression/TC04 Edit Car - My Cars" classname="Test Cases/Mobile/Android/Product/SC99 Regression/TC04 Edit Car - My Cars" status="PASSED">
         <system-out><![CDATA[2018-11-19 14:30:11 - [TEST_CASE][PASSED] - Test Cases/Mobile/Android/Product/SC99 Regression/TC04 Edit Car - My Cars: Test Cases/Mobile/Android/Product/SC99 Regression/TC04 Edit Car - My Cars

2018-11-19 14:30:12 - [TEST_STEP][NOT_RUN] - callTestCase: NOT_RUN: callTestCase

2018-11-19 14:30:12 - [MESSAGE][NOT_RUN] - NOT_RUN: callTestCase

2018-11-19 14:30:12 - [TEST_STEP][NOT_RUN] - tap: NOT_RUN: tap

2018-11-19 14:30:12 - [MESSAGE][NOT_RUN] - NOT_RUN: tap

2018-11-19 14:30:12 - [TEST_STEP][PASSED] - tap: Tapped on element 'Object Repository/Mobile/OR Product/android.widget.ImageView9 (1)'

2018-11-19 14:30:12 - [MESSAGE][WARNING] - Timeout '0' is invalid. Using default page load timeout: '30'

2018-11-19 14:30:14 - [MESSAGE][PASSED] - Tapped on element 'Object Repository/Mobile/OR Product/android.widget.ImageView9 (1)'

2018-11-19 14:30:14 - [TEST_STEP][PASSED] - tap: Tapped on element 'Object Repository/Mobile/OR Product/android.widget.RelativeLayout2'

2018-11-19 14:30:14 - [MESSAGE][WARNING] - Timeout '0' is invalid. Using default page load timeout: '30'

2018-11-19 14:30:16 - [MESSAGE][PASSED] - Tapped on element 'Object Repository/Mobile/OR Product/android.widget.RelativeLayout2'

2018-11-19 14:30:16 - [TEST_STEP][PASSED] - tap: Tapped on element 'Object Repository/Mobile/OR Product/android.widget.TextView4 - Edit'

2018-11-19 14:30:16 - [MESSAGE][WARNING] - Timeout '0' is invalid. Using default page load timeout: '30'

2018-11-19 14:30:18 - [MESSAGE][PASSED] - Tapped on element 'Object Repository/Mobile/OR Product/android.widget.TextView4 - Edit'

2018-11-19 14:30:18 - [TEST_STEP][PASSED] - tap: Tapped on element 'Object Repository/Mobile/OR Product/android.widget.EditText0 - Mitsubishi'

2018-11-19 14:30:18 - [MESSAGE][WARNING] - Timeout '0' is invalid. Using default page load timeout: '30'

2018-11-19 14:30:20 - [MESSAGE][PASSED] - Tapped on element 'Object Repository/Mobile/OR Product/android.widget.EditText0 - Mitsubishi'

2018-11-19 14:30:20 - [TEST_STEP][PASSED] - delay: Delayed 5 second(s)

2018-11-19 14:30:25 - [MESSAGE][PASSED] - Delayed 5 second(s)

2018-11-19 14:30:25 - [TEST_STEP][PASSED] - tap: Tapped on element 'Object Repository/Mobile/OR Product/android.widget.EditText1 (3)'

2018-11-19 14:30:25 - [MESSAGE][WARNING] - Timeout '0' is invalid. Using default page load timeout: '30'

2018-11-19 14:30:26 - [MESSAGE][PASSED] - Tapped on element 'Object Repository/Mobile/OR Product/android.widget.EditText1 (3)'

2018-11-19 14:30:26 - [TEST_STEP][PASSED] - delay: Delayed 5 second(s)

2018-11-19 14:30:31 - [MESSAGE][PASSED] - Delayed 5 second(s)

2018-11-19 14:30:31 - [TEST_STEP][PASSED] - tap: Tapped on element 'Object Repository/Mobile/OR Product/android.widget.EditText2 - 2018'

2018-11-19 14:30:31 - [MESSAGE][WARNING] - Timeout '0' is invalid. Using default page load timeout: '30'

2018-11-19 14:30:32 - [MESSAGE][PASSED] - Tapped on element 'Object Repository/Mobile/OR Product/android.widget.EditText2 - 2018'

2018-11-19 14:30:32 - [TEST_STEP][PASSED] - delay: Delayed 5 second(s)

2018-11-19 14:30:37 - [MESSAGE][PASSED] - Delayed 5 second(s)

2018-11-19 14:30:37 - [TEST_STEP][PASSED] - tap: Tapped on element 'Object Repository/Mobile/OR Product/android.widget.Button0 - Next (11)'

2018-11-19 14:30:37 - [MESSAGE][WARNING] - Timeout '0' is invalid. Using default page load timeout: '30'

2018-11-19 14:30:39 - [MESSAGE][PASSED] - Tapped on element 'Object Repository/Mobile/OR Product/android.widget.Button0 - Next (11)'

2018-11-19 14:30:39 - [TEST_STEP][PASSED] - clearText: Element 'Object Repository/Mobile/OR Product/android.widget.EditText0 - D 1 BOS' text is cleared

2018-11-19 14:30:39 - [MESSAGE][WARNING] - Timeout '0' is invalid. Using default page load timeout: '30'

2018-11-19 14:30:39 - [MESSAGE][PASSED] - Element 'Object Repository/Mobile/OR Product/android.widget.EditText0 - D 1 BOS' text is cleared

2018-11-19 14:30:39 - [TEST_STEP][PASSED] - setText: Text 'D 03 A' has been set to element 'Object Repository/Mobile/OR Product/android.widget.EditText0 - Exp B 1 XXX (1)'

2018-11-19 14:30:39 - [MESSAGE][WARNING] - Timeout '0' is invalid. Using default page load timeout: '30'

2018-11-19 14:30:41 - [MESSAGE][PASSED] - Text 'D 03 A' has been set to element 'Object Repository/Mobile/OR Product/android.widget.EditText0 - Exp B 1 XXX (1)'

2018-11-19 14:30:41 - [TEST_STEP][PASSED] - tap: Tapped on element 'Object Repository/Mobile/OR Product/android.widget.Button0 - Next (12)'

2018-11-19 14:30:41 - [MESSAGE][WARNING] - Timeout '0' is invalid. Using default page load timeout: '30'

2018-11-19 14:30:43 - [MESSAGE][PASSED] - Tapped on element 'Object Repository/Mobile/OR Product/android.widget.Button0 - Next (12)'

2018-11-19 14:30:43 - [TEST_STEP][PASSED] - Statement - For (def index : (1..2)): Tapped on element 'Object Repository/Mobile/OR Product/android.widget.ImageView1'

2018-11-19 14:30:43 - [TEST_STEP][PASSED] - tap: Tapped on element 'Object Repository/Mobile/OR Product/android.widget.ImageView1'

2018-11-19 14:30:43 - [MESSAGE][WARNING] - Timeout '0' is invalid. Using default page load timeout: '30'

2018-11-19 14:30:45 - [MESSAGE][PASSED] - Tapped on element 'Object Repository/Mobile/OR Product/android.widget.ImageView1'

2018-11-19 14:30:45 - [TEST_STEP][PASSED] - tap: Tapped on element 'Object Repository/Mobile/OR Product/android.widget.ImageView1'

2018-11-19 14:30:45 - [MESSAGE][WARNING] - Timeout '0' is invalid. Using default page load timeout: '30'

2018-11-19 14:30:46 - [MESSAGE][PASSED] - Tapped on element 'Object Repository/Mobile/OR Product/android.widget.ImageView1'

2018-11-19 14:30:46 - [TEST_STEP][PASSED] - tap: Tapped on element 'Object Repository/Mobile/OR Product/android.widget.Button0 - Diesel'

2018-11-19 14:30:46 - [MESSAGE][WARNING] - Timeout '0' is invalid. Using default page load timeout: '30'

2018-11-19 14:30:47 - [MESSAGE][PASSED] - Tapped on element 'Object Repository/Mobile/OR Product/android.widget.Button0 - Diesel'

2018-11-19 14:30:47 - [TEST_STEP][PASSED] - tap: Tapped on element 'Object Repository/Mobile/OR Product/android.widget.Button4 - Automatic'

2018-11-19 14:30:47 - [MESSAGE][WARNING] - Timeout '0' is invalid. Using default page load timeout: '30'

2018-11-19 14:30:48 - [MESSAGE][PASSED] - Tapped on element 'Object Repository/Mobile/OR Product/android.widget.Button4 - Automatic'

2018-11-19 14:30:48 - [TEST_STEP][PASSED] - tap: Tapped on element 'Object Repository/Mobile/OR Product/android.widget.Button5 - Next (1)'

2018-11-19 14:30:48 - [MESSAGE][WARNING] - Timeout '0' is invalid. Using default page load timeout: '30'

2018-11-19 14:30:49 - [MESSAGE][PASSED] - Tapped on element 'Object Repository/Mobile/OR Product/android.widget.Button5 - Next (1)'

2018-11-19 14:30:49 - [TEST_STEP][PASSED] - Statement - For (def index : (1..6)): Tapped on element 'Object Repository/Mobile/OR Product/android.widget.ImageView2 (2)'

2018-11-19 14:30:49 - [TEST_STEP][PASSED] - tap: Tapped on element 'Object Repository/Mobile/OR Product/android.widget.ImageView2 (2)'

2018-11-19 14:30:49 - [MESSAGE][WARNING] - Timeout '0' is invalid. Using default page load timeout: '30'

2018-11-19 14:30:51 - [MESSAGE][PASSED] - Tapped on element 'Object Repository/Mobile/OR Product/android.widget.ImageView2 (2)'

2018-11-19 14:30:51 - [TEST_STEP][PASSED] - tap: Tapped on element 'Object Repository/Mobile/OR Product/android.widget.ImageView2 (2)'

2018-11-19 14:30:51 - [MESSAGE][WARNING] - Timeout '0' is invalid. Using default page load timeout: '30'

2018-11-19 14:30:53 - [MESSAGE][PASSED] - Tapped on element 'Object Repository/Mobile/OR Product/android.widget.ImageView2 (2)'

2018-11-19 14:30:53 - [TEST_STEP][PASSED] - tap: Tapped on element 'Object Repository/Mobile/OR Product/android.widget.ImageView2 (2)'

2018-11-19 14:30:53 - [MESSAGE][WARNING] - Timeout '0' is invalid. Using default page load timeout: '30'

2018-11-19 14:30:54 - [MESSAGE][PASSED] - Tapped on element 'Object Repository/Mobile/OR Product/android.widget.ImageView2 (2)'

2018-11-19 14:30:55 - [TEST_STEP][PASSED] - tap: Tapped on element 'Object Repository/Mobile/OR Product/android.widget.ImageView2 (2)'

2018-11-19 14:30:55 - [MESSAGE][WARNING] - Timeout '0' is invalid. Using default page load timeout: '30'

2018-11-19 14:30:56 - [MESSAGE][PASSED] - Tapped on element 'Object Repository/Mobile/OR Product/android.widget.ImageView2 (2)'

2018-11-19 14:30:56 - [TEST_STEP][PASSED] - tap: Tapped on element 'Object Repository/Mobile/OR Product/android.widget.ImageView2 (2)'

2018-11-19 14:30:56 - [MESSAGE][WARNING] - Timeout '0' is invalid. Using default page load timeout: '30'

2018-11-19 14:30:57 - [MESSAGE][PASSED] - Tapped on element 'Object Repository/Mobile/OR Product/android.widget.ImageView2 (2)'

2018-11-19 14:30:57 - [TEST_STEP][PASSED] - tap: Tapped on element 'Object Repository/Mobile/OR Product/android.widget.ImageView2 (2)'

2018-11-19 14:30:57 - [MESSAGE][WARNING] - Timeout '0' is invalid. Using default page load timeout: '30'

2018-11-19 14:30:58 - [MESSAGE][PASSED] - Tapped on element 'Object Repository/Mobile/OR Product/android.widget.ImageView2 (2)'

2018-11-19 14:30:58 - [TEST_STEP][PASSED] - tap: Tapped on element 'Object Repository/Mobile/OR Product/android.widget.RelativeLayout3'

2018-11-19 14:30:58 - [MESSAGE][WARNING] - Timeout '0' is invalid. Using default page load timeout: '30'

2018-11-19 14:31:00 - [MESSAGE][PASSED] - Tapped on element 'Object Repository/Mobile/OR Product/android.widget.RelativeLayout3'

2018-11-19 14:31:00 - [TEST_STEP][PASSED] - tap: Tapped on element 'Object Repository/Mobile/OR Product/android.widget.RelativeLayout1'

2018-11-19 14:31:00 - [MESSAGE][WARNING] - Timeout '0' is invalid. Using default page load timeout: '30'

2018-11-19 14:31:02 - [MESSAGE][PASSED] - Tapped on element 'Object Repository/Mobile/OR Product/android.widget.RelativeLayout1'

2018-11-19 14:31:02 - [TEST_STEP][PASSED] - tap: Tapped on element 'Object Repository/Mobile/OR Product/android.widget.LinearLayout3'

2018-11-19 14:31:02 - [MESSAGE][WARNING] - Timeout '0' is invalid. Using default page load timeout: '30'

2018-11-19 14:31:04 - [MESSAGE][PASSED] - Tapped on element 'Object Repository/Mobile/OR Product/android.widget.LinearLayout3'

2018-11-19 14:31:04 - [TEST_STEP][PASSED] - delay: Delayed 5 second(s)

2018-11-19 14:31:09 - [MESSAGE][PASSED] - Delayed 5 second(s)

2018-11-19 14:31:09 - [TEST_STEP][PASSED] - tap: Tapped on element 'Object Repository/Mobile/OR Product/android.widget.RelativeLayout4'

2018-11-19 14:31:09 - [MESSAGE][WARNING] - Timeout '0' is invalid. Using default page load timeout: '30'

2018-11-19 14:31:10 - [MESSAGE][PASSED] - Tapped on element 'Object Repository/Mobile/OR Product/android.widget.RelativeLayout4'

2018-11-19 14:31:10 - [TEST_STEP][PASSED] - tap: Tapped on element 'Object Repository/Mobile/OR Product/android.widget.RelativeLayout1'

2018-11-19 14:31:10 - [MESSAGE][WARNING] - Timeout '0' is invalid. Using default page load timeout: '30'

2018-11-19 14:31:11 - [MESSAGE][PASSED] - Tapped on element 'Object Repository/Mobile/OR Product/android.widget.RelativeLayout1'

2018-11-19 14:31:11 - [TEST_STEP][PASSED] - tap: Tapped on element 'Object Repository/Mobile/OR Product/android.widget.LinearLayout3'

2018-11-19 14:31:11 - [MESSAGE][WARNING] - Timeout '0' is invalid. Using default page load timeout: '30'

2018-11-19 14:31:13 - [MESSAGE][PASSED] - Tapped on element 'Object Repository/Mobile/OR Product/android.widget.LinearLayout3'

2018-11-19 14:31:13 - [TEST_STEP][PASSED] - delay: Delayed 5 second(s)

2018-11-19 14:31:18 - [MESSAGE][PASSED] - Delayed 5 second(s)

2018-11-19 14:31:18 - [TEST_STEP][PASSED] - tap: Tapped on element 'Object Repository/Mobile/OR Product/android.widget.RelativeLayout5'

2018-11-19 14:31:18 - [MESSAGE][WARNING] - Timeout '0' is invalid. Using default page load timeout: '30'

2018-11-19 14:31:20 - [MESSAGE][PASSED] - Tapped on element 'Object Repository/Mobile/OR Product/android.widget.RelativeLayout5'

2018-11-19 14:31:20 - [TEST_STEP][PASSED] - tap: Tapped on element 'Object Repository/Mobile/OR Product/android.widget.RelativeLayout1'

2018-11-19 14:31:20 - [MESSAGE][WARNING] - Timeout '0' is invalid. Using default page load timeout: '30'

2018-11-19 14:31:21 - [MESSAGE][PASSED] - Tapped on element 'Object Repository/Mobile/OR Product/android.widget.RelativeLayout1'

2018-11-19 14:31:21 - [TEST_STEP][PASSED] - tap: Tapped on element 'Object Repository/Mobile/OR Product/android.widget.LinearLayout3'

2018-11-19 14:31:21 - [MESSAGE][WARNING] - Timeout '0' is invalid. Using default page load timeout: '30'

2018-11-19 14:31:23 - [MESSAGE][PASSED] - Tapped on element 'Object Repository/Mobile/OR Product/android.widget.LinearLayout3'

2018-11-19 14:31:23 - [TEST_STEP][PASSED] - delay: Delayed 5 second(s)

2018-11-19 14:31:28 - [MESSAGE][PASSED] - Delayed 5 second(s)

2018-11-19 14:31:28 - [TEST_STEP][PASSED] - tap: Tapped on element 'Object Repository/Mobile/OR Product/android.widget.RelativeLayout6'

2018-11-19 14:31:28 - [MESSAGE][WARNING] - Timeout '0' is invalid. Using default page load timeout: '30'

2018-11-19 14:31:29 - [MESSAGE][PASSED] - Tapped on element 'Object Repository/Mobile/OR Product/android.widget.RelativeLayout6'

2018-11-19 14:31:29 - [TEST_STEP][PASSED] - tap: Tapped on element 'Object Repository/Mobile/OR Product/android.widget.RelativeLayout1'

2018-11-19 14:31:29 - [MESSAGE][WARNING] - Timeout '0' is invalid. Using default page load timeout: '30'

2018-11-19 14:31:31 - [MESSAGE][PASSED] - Tapped on element 'Object Repository/Mobile/OR Product/android.widget.RelativeLayout1'

2018-11-19 14:31:31 - [TEST_STEP][PASSED] - tap: Tapped on element 'Object Repository/Mobile/OR Product/android.widget.LinearLayout3'

2018-11-19 14:31:31 - [MESSAGE][WARNING] - Timeout '0' is invalid. Using default page load timeout: '30'

2018-11-19 14:31:33 - [MESSAGE][PASSED] - Tapped on element 'Object Repository/Mobile/OR Product/android.widget.LinearLayout3'

2018-11-19 14:31:33 - [TEST_STEP][PASSED] - delay: Delayed 5 second(s)

2018-11-19 14:31:38 - [MESSAGE][PASSED] - Delayed 5 second(s)

2018-11-19 14:31:38 - [TEST_STEP][PASSED] - tap: Tapped on element 'Object Repository/Mobile/OR Product/android.widget.RelativeLayout7 (1)'

2018-11-19 14:31:38 - [MESSAGE][WARNING] - Timeout '0' is invalid. Using default page load timeout: '30'

2018-11-19 14:31:39 - [MESSAGE][PASSED] - Tapped on element 'Object Repository/Mobile/OR Product/android.widget.RelativeLayout7 (1)'

2018-11-19 14:31:39 - [TEST_STEP][PASSED] - tap: Tapped on element 'Object Repository/Mobile/OR Product/android.widget.RelativeLayout1'

2018-11-19 14:31:39 - [MESSAGE][WARNING] - Timeout '0' is invalid. Using default page load timeout: '30'

2018-11-19 14:31:40 - [MESSAGE][PASSED] - Tapped on element 'Object Repository/Mobile/OR Product/android.widget.RelativeLayout1'

2018-11-19 14:31:40 - [TEST_STEP][PASSED] - tap: Tapped on element 'Object Repository/Mobile/OR Product/android.widget.LinearLayout3'

2018-11-19 14:31:40 - [MESSAGE][WARNING] - Timeout '0' is invalid. Using default page load timeout: '30'

2018-11-19 14:31:42 - [MESSAGE][PASSED] - Tapped on element 'Object Repository/Mobile/OR Product/android.widget.LinearLayout3'

2018-11-19 14:31:42 - [TEST_STEP][PASSED] - delay: Delayed 5 second(s)

2018-11-19 14:31:47 - [MESSAGE][PASSED] - Delayed 5 second(s)

2018-11-19 14:31:47 - [TEST_STEP][PASSED] - tap: Tapped on element 'Object Repository/Mobile/OR Product/android.widget.RelativeLayout8 (1)'

2018-11-19 14:31:47 - [MESSAGE][WARNING] - Timeout '0' is invalid. Using default page load timeout: '30'

2018-11-19 14:31:48 - [MESSAGE][PASSED] - Tapped on element 'Object Repository/Mobile/OR Product/android.widget.RelativeLayout8 (1)'

2018-11-19 14:31:48 - [TEST_STEP][PASSED] - tap: Tapped on element 'Object Repository/Mobile/OR Product/android.widget.RelativeLayout1'

2018-11-19 14:31:48 - [MESSAGE][WARNING] - Timeout '0' is invalid. Using default page load timeout: '30'

2018-11-19 14:31:50 - [MESSAGE][PASSED] - Tapped on element 'Object Repository/Mobile/OR Product/android.widget.RelativeLayout1'

2018-11-19 14:31:50 - [TEST_STEP][PASSED] - tap: Tapped on element 'Object Repository/Mobile/OR Product/android.widget.LinearLayout3'

2018-11-19 14:31:50 - [MESSAGE][WARNING] - Timeout '0' is invalid. Using default page load timeout: '30'

2018-11-19 14:31:52 - [MESSAGE][PASSED] - Tapped on element 'Object Repository/Mobile/OR Product/android.widget.LinearLayout3'

2018-11-19 14:31:52 - [TEST_STEP][PASSED] - delay: Delayed 5 second(s)

2018-11-19 14:31:57 - [MESSAGE][PASSED] - Delayed 5 second(s)

2018-11-19 14:31:57 - [TEST_STEP][PASSED] - tap: Tapped on element 'Object Repository/Mobile/OR Product/android.widget.Button0 - Save (4)'

2018-11-19 14:31:57 - [MESSAGE][WARNING] - Timeout '0' is invalid. Using default page load timeout: '30'

2018-11-19 14:31:58 - [MESSAGE][PASSED] - Tapped on element 'Object Repository/Mobile/OR Product/android.widget.Button0 - Save (4)'

2018-11-19 14:31:58 - [TEST_STEP][PASSED] - delay: Delayed 5 second(s)

2018-11-19 14:32:03 - [MESSAGE][PASSED] - Delayed 5 second(s)]]></system-out>
         <system-err><![CDATA[]]></system-err>
      </testcase>
      <system-out><![CDATA[2018-11-19 14:28:42 - [TEST_SUITE][PASSED] - Search and edit Owned Cars by Owner: Test Cases/Mobile/Android/Product/SC99 Regression/TC04 Edit Car - My Cars]]></system-out>
      <system-err><![CDATA[]]></system-err>
   </testsuite>
</testsuites>
