<?xml version="1.0" encoding="UTF-8"?>
<testsuites name="Customer See all review from detail produk" time="199" tests="3" failures="0" errors="0">
   <testsuite name="Customer See all review from detail produk" tests="3" failures="0" errors="0" time="199" timestamp="2018-11-14 11:02:14" hostname="WGS-LAP199 - DESKTOP-QUMB1S3" id="Test Suites/Mobile/Customer See all review from detail produk">
      <properties>
         <property name="deviceName" value="Xiaomi Redmi 5 (Android 7.1.2)"/>
         <property name="devicePlatform" value=""/>
         <property name="logFolder" value="C:\\Users\\WGS-LAP199\\git\\astra-movic\\Reports\\Mobile\\Customer See all review from detail produk\\20181114_110210"/>
         <property name="logFiles" value="C:\\Users\\WGS-LAP199\\git\\astra-movic\\Reports\\Mobile\\Customer See all review from detail produk\\20181114_110210\\appium.log, C:\\Users\\WGS-LAP199\\git\\astra-movic\\Reports\\Mobile\\Customer See all review from detail produk\\20181114_110210\\execution0.log"/>
         <property name="attachments" value=""/>
         <property name="hostName" value="WGS-LAP199 - DESKTOP-QUMB1S3"/>
         <property name="os" value="Windows 10 64bit"/>
         <property name="katalonVersion" value="5.8.6.1"/>
         <property name="deviceOS" value="Android"/>
         <property name="appiumVersion" value="1.8.1"/>
         <property name="deviceModel" value="Redmi 5"/>
         <property name="hostAddress" value="10.10.10.109"/>
         <property name="deviceManufacturer" value="Xiaomi"/>
         <property name="deviceId" value="54e797627cf5"/>
         <property name="deviceName" value="Xiaomi Redmi 5 (Android 7.1.2)"/>
         <property name="deviceOSVersion" value="7.1.2"/>
      </properties>
      <testcase name="Test Cases/Mobile/Android/User/SC99 Regression/TC04 Login with email" classname="Test Cases/Mobile/Android/User/SC99 Regression/TC04 Login with email" status="PASSED">
         <system-out><![CDATA[2018-11-14 11:02:15 - [TEST_CASE][PASSED] - Test Cases/Mobile/Android/User/SC99 Regression/TC04 Login with email: Test Cases/Mobile/Android/User/SC99 Regression/TC04 Login with email

2018-11-14 11:02:17 - [TEST_STEP][PASSED] - startApplication: Started app at: 'C:\Users\WGS-LAP199\Downloads\Movic apk\Movic_0.9.7_2018-10-14-stable-debug.apk'

2018-11-14 11:03:09 - [MESSAGE][PASSED] - Started app at: 'C:\Users\WGS-LAP199\Downloads\Movic apk\Movic_0.9.7_2018-10-14-stable-debug.apk'

2018-11-14 11:03:09 - [TEST_STEP][PASSED] - tap: Tapped on element 'Object Repository/Mobile/OR Registrasi/android.widget.ImageView4'

2018-11-14 11:03:09 - [MESSAGE][WARNING] - Timeout '0' is invalid. Using default page load timeout: '30'

2018-11-14 11:03:14 - [MESSAGE][PASSED] - Tapped on element 'Object Repository/Mobile/OR Registrasi/android.widget.ImageView4'

2018-11-14 11:03:14 - [TEST_STEP][PASSED] - Statement - For (def index : (1..2)): Tapped on element 'Object Repository/Mobile/OR Registrasi/android.widget.ImageView1'

2018-11-14 11:03:14 - [TEST_STEP][PASSED] - tap: Tapped on element 'Object Repository/Mobile/OR Registrasi/android.widget.ImageView1'

2018-11-14 11:03:14 - [MESSAGE][WARNING] - Timeout '0' is invalid. Using default page load timeout: '30'

2018-11-14 11:03:15 - [MESSAGE][PASSED] - Tapped on element 'Object Repository/Mobile/OR Registrasi/android.widget.ImageView1'

2018-11-14 11:03:15 - [TEST_STEP][PASSED] - tap: Tapped on element 'Object Repository/Mobile/OR Registrasi/android.widget.ImageView1'

2018-11-14 11:03:16 - [MESSAGE][WARNING] - Timeout '0' is invalid. Using default page load timeout: '30'

2018-11-14 11:03:17 - [MESSAGE][PASSED] - Tapped on element 'Object Repository/Mobile/OR Registrasi/android.widget.ImageView1'

2018-11-14 11:03:17 - [TEST_STEP][PASSED] - tap: Tapped on element 'Object Repository/Mobile/OR Registrasi/android.widget.TextView2 - Skip'

2018-11-14 11:03:17 - [MESSAGE][WARNING] - Timeout '0' is invalid. Using default page load timeout: '30'

2018-11-14 11:03:19 - [MESSAGE][PASSED] - Tapped on element 'Object Repository/Mobile/OR Registrasi/android.widget.TextView2 - Skip'

2018-11-14 11:03:19 - [TEST_STEP][PASSED] - tap: Tapped on element 'Object Repository/Mobile/OR Login/android.widget.TextView0 - Log in'

2018-11-14 11:03:19 - [MESSAGE][WARNING] - Timeout '0' is invalid. Using default page load timeout: '30'

2018-11-14 11:03:21 - [MESSAGE][PASSED] - Tapped on element 'Object Repository/Mobile/OR Login/android.widget.TextView0 - Log in'

2018-11-14 11:03:21 - [TEST_STEP][PASSED] - setText: Text 'santi.wahyuni@wgs.co.id' has been set to element 'Object Repository/Mobile/OR Login/android.widget.EditText0'

2018-11-14 11:03:21 - [MESSAGE][WARNING] - Timeout '0' is invalid. Using default page load timeout: '30'

2018-11-14 11:03:22 - [MESSAGE][PASSED] - Text 'santi.wahyuni@wgs.co.id' has been set to element 'Object Repository/Mobile/OR Login/android.widget.EditText0'

2018-11-14 11:03:22 - [TEST_STEP][PASSED] - tap: Tapped on element 'Object Repository/Mobile/OR Login/android.widget.Button0 - Next'

2018-11-14 11:03:22 - [MESSAGE][WARNING] - Timeout '0' is invalid. Using default page load timeout: '30'

2018-11-14 11:03:25 - [MESSAGE][PASSED] - Tapped on element 'Object Repository/Mobile/OR Login/android.widget.Button0 - Next'

2018-11-14 11:03:25 - [TEST_STEP][PASSED] - setText: Text 'P@ssword789' has been set to element 'Object Repository/Mobile/OR Login/android.widget.EditText0 (1)'

2018-11-14 11:03:25 - [MESSAGE][WARNING] - Timeout '0' is invalid. Using default page load timeout: '30'

2018-11-14 11:03:26 - [MESSAGE][PASSED] - Text 'P@ssword789' has been set to element 'Object Repository/Mobile/OR Login/android.widget.EditText0 (1)'

2018-11-14 11:03:26 - [TEST_STEP][PASSED] - delay: Delayed 1 second(s)

2018-11-14 11:03:27 - [MESSAGE][PASSED] - Delayed 1 second(s)

2018-11-14 11:03:27 - [TEST_STEP][PASSED] - hideKeyboard: Keyboard is hidden

2018-11-14 11:03:29 - [MESSAGE][PASSED] - Keyboard is hidden

2018-11-14 11:03:29 - [TEST_STEP][PASSED] - tap: Tapped on element 'Object Repository/Mobile/OR Login/android.widget.Button0 - Start Movic'

2018-11-14 11:03:29 - [MESSAGE][WARNING] - Timeout '0' is invalid. Using default page load timeout: '30'

2018-11-14 11:03:32 - [MESSAGE][PASSED] - Tapped on element 'Object Repository/Mobile/OR Login/android.widget.Button0 - Start Movic'

2018-11-14 11:03:32 - [TEST_STEP][PASSED] - delay: Delayed 5 second(s)

2018-11-14 11:03:37 - [MESSAGE][PASSED] - Delayed 5 second(s)]]></system-out>
         <system-err><![CDATA[]]></system-err>
      </testcase>
      <testcase name="Test Cases/Mobile/Android/Homepage/SC99 Regression/TC01 Search car use search bar rental city atau region" classname="Test Cases/Mobile/Android/Homepage/SC99 Regression/TC01 Search car use search bar rental city atau region" status="PASSED">
         <system-out><![CDATA[2018-11-14 11:03:37 - [TEST_CASE][PASSED] - Test Cases/Mobile/Android/Homepage/SC99 Regression/TC01 Search car use search bar rental city atau region: Test Cases/Mobile/Android/Homepage/SC99 Regression/TC01 Search car use search bar rental city atau region

2018-11-14 11:03:38 - [TEST_STEP][NOT_RUN] - callTestCase: NOT_RUN: callTestCase

2018-11-14 11:03:38 - [MESSAGE][NOT_RUN] - NOT_RUN: callTestCase

2018-11-14 11:03:38 - [TEST_STEP][PASSED] - tap: Tapped on element 'Object Repository/Mobile/OR Booking/android.widget.TextView0 - Car Rental CityRegion'

2018-11-14 11:03:38 - [MESSAGE][WARNING] - Timeout '0' is invalid. Using default page load timeout: '30'

2018-11-14 11:03:40 - [MESSAGE][PASSED] - Tapped on element 'Object Repository/Mobile/OR Booking/android.widget.TextView0 - Car Rental CityRegion'

2018-11-14 11:03:40 - [TEST_STEP][PASSED] - setText: Text 'Jabodetabek' has been set to element 'Object Repository/Mobile/OR Booking/android.widget.EditText0 - Search available car for you'

2018-11-14 11:03:40 - [MESSAGE][WARNING] - Timeout '0' is invalid. Using default page load timeout: '30'

2018-11-14 11:03:42 - [MESSAGE][PASSED] - Text 'Jabodetabek' has been set to element 'Object Repository/Mobile/OR Booking/android.widget.EditText0 - Search available car for you'

2018-11-14 11:03:42 - [TEST_STEP][PASSED] - tap: Tapped on element 'Object Repository/Mobile/OR Booking/android.widget.TextView2 - Jabodetabek'

2018-11-14 11:03:42 - [MESSAGE][WARNING] - Timeout '0' is invalid. Using default page load timeout: '30'

2018-11-14 11:03:44 - [MESSAGE][PASSED] - Tapped on element 'Object Repository/Mobile/OR Booking/android.widget.TextView2 - Jabodetabek'

2018-11-14 11:03:44 - [TEST_STEP][PASSED] - tap: Tapped on element 'Object Repository/Mobile/OR Booking/android.widget.TextView1 - Car Only'

2018-11-14 11:03:44 - [MESSAGE][WARNING] - Timeout '0' is invalid. Using default page load timeout: '30'

2018-11-14 11:03:48 - [MESSAGE][PASSED] - Tapped on element 'Object Repository/Mobile/OR Booking/android.widget.TextView1 - Car Only'

2018-11-14 11:03:48 - [TEST_STEP][PASSED] - tap: Tapped on element 'Object Repository/Mobile/OR Booking/android.widget.Button0 - Next'

2018-11-14 11:03:48 - [MESSAGE][WARNING] - Timeout '0' is invalid. Using default page load timeout: '30'

2018-11-14 11:03:50 - [MESSAGE][PASSED] - Tapped on element 'Object Repository/Mobile/OR Booking/android.widget.Button0 - Next'

2018-11-14 11:03:50 - [TEST_STEP][PASSED] - delay: Delayed 5 second(s)

2018-11-14 11:03:55 - [MESSAGE][PASSED] - Delayed 5 second(s)

2018-11-14 11:03:55 - [TEST_STEP][PASSED] - tap: Tapped on element 'Object Repository/Mobile/OR Booking/android.widget.Button0 - Search'

2018-11-14 11:03:55 - [MESSAGE][WARNING] - Timeout '0' is invalid. Using default page load timeout: '30'

2018-11-14 11:03:59 - [MESSAGE][PASSED] - Tapped on element 'Object Repository/Mobile/OR Booking/android.widget.Button0 - Search'

2018-11-14 11:03:59 - [TEST_STEP][PASSED] - delay: Delayed 5 second(s)

2018-11-14 11:04:04 - [MESSAGE][PASSED] - Delayed 5 second(s)]]></system-out>
         <system-err><![CDATA[]]></system-err>
      </testcase>
      <testcase name="Test Cases/Mobile/Android/Product/SC99 Regression/TC13 See all review from detail car" classname="Test Cases/Mobile/Android/Product/SC99 Regression/TC13 See all review from detail car" status="PASSED">
         <system-out><![CDATA[2018-11-14 11:04:04 - [TEST_CASE][PASSED] - Test Cases/Mobile/Android/Product/SC99 Regression/TC13 See all review from detail car: Test Cases/Mobile/Android/Product/SC99 Regression/TC13 See all review from detail car

2018-11-14 11:04:05 - [TEST_STEP][NOT_RUN] - callTestCase: NOT_RUN: callTestCase

2018-11-14 11:04:05 - [MESSAGE][NOT_RUN] - NOT_RUN: callTestCase

2018-11-14 11:04:05 - [TEST_STEP][PASSED] - tap: Tapped on element 'Object Repository/Mobile/OR Booking/android.support.v4.view.ViewPager0'

2018-11-14 11:04:05 - [MESSAGE][WARNING] - Timeout '0' is invalid. Using default page load timeout: '30'

2018-11-14 11:04:09 - [MESSAGE][PASSED] - Tapped on element 'Object Repository/Mobile/OR Booking/android.support.v4.view.ViewPager0'

2018-11-14 11:04:09 - [TEST_STEP][PASSED] - delay: Delayed 5 second(s)

2018-11-14 11:04:14 - [MESSAGE][PASSED] - Delayed 5 second(s)

2018-11-14 11:04:14 - [TEST_STEP][PASSED] - tap: Tapped on element 'Object Repository/Mobile/OR Product/android.widget.See'

2018-11-14 11:04:14 - [MESSAGE][WARNING] - Timeout '0' is invalid. Using default page load timeout: '30'

2018-11-14 11:05:27 - [MESSAGE][PASSED] - Tapped on element 'Object Repository/Mobile/OR Product/android.widget.See'

2018-11-14 11:05:27 - [TEST_STEP][PASSED] - delay: Delayed 5 second(s)

2018-11-14 11:05:32 - [MESSAGE][PASSED] - Delayed 5 second(s)]]></system-out>
         <system-err><![CDATA[]]></system-err>
      </testcase>
      <system-out><![CDATA[2018-11-14 11:02:14 - [TEST_SUITE][PASSED] - Customer See all review from detail produk: Test Cases/Mobile/Android/Product/SC99 Regression/TC13 See all review from detail car]]></system-out>
      <system-err><![CDATA[]]></system-err>
   </testsuite>
</testsuites>
