<?xml version="1.0" encoding="UTF-8"?>
<testsuites name="Become Owner" time="285" tests="2" failures="0" errors="0">
   <testsuite name="Become Owner" tests="2" failures="0" errors="0" time="285" timestamp="2018-06-26 06:48:57" hostname="ALIMSAPUTRA - DESKTOP-5G7MA8C" id="Test Suites/Mobile/Become Owner">
      <properties>
         <property name="deviceName" value="samsung SM-J320G (Android 5.1.1)"/>
         <property name="devicePlatform" value=""/>
         <property name="logFolder" value="C:\\Users\\ALIMSAPUTRA\\Katalon Studio\\Astra Movic\\Reports\\Mobile\\Become Owner\\20180626_064853"/>
         <property name="logFiles" value="C:\\Users\\ALIMSAPUTRA\\Katalon Studio\\Astra Movic\\Reports\\Mobile\\Become Owner\\20180626_064853\\appium.log, C:\\Users\\ALIMSAPUTRA\\Katalon Studio\\Astra Movic\\Reports\\Mobile\\Become Owner\\20180626_064853\\execution0.log"/>
         <property name="attachments" value=""/>
         <property name="hostName" value="ALIMSAPUTRA - DESKTOP-5G7MA8C"/>
         <property name="os" value="Windows 10 64bit"/>
         <property name="katalonVersion" value="5.3.0.1"/>
         <property name="deviceOS" value="Android"/>
         <property name="appiumVersion" value="1.8.1"/>
         <property name="deviceModel" value="SM-J320G"/>
         <property name="hostAddress" value="192.168.43.170"/>
         <property name="deviceManufacturer" value="samsung"/>
         <property name="deviceId" value="4200d20faae66400"/>
         <property name="deviceName" value="samsung SM-J320G (Android 5.1.1)"/>
         <property name="deviceOSVersion" value="5.1.1"/>
      </properties>
      <testcase name="Test Cases/Mobile/Android/User/SC99 Regression/TC04 Login biasa with email" classname="Test Cases/Mobile/Android/User/SC99 Regression/TC04 Login biasa with email" status="PASSED">
         <system-out><![CDATA[2018-06-26 06:48:58 - [TEST_CASE][PASSED] - Test Cases/Mobile/Android/User/SC99 Regression/TC04 Login biasa with email: Test Cases/Mobile/Android/User/SC99 Regression/TC04 Login biasa with email

2018-06-26 06:48:59 - [TEST_STEP][PASSED] - startApplication: Started app at: 'C:\Users\ALIMSAPUTRA\Downloads\Movic_0.3.2_2018-05-30-debug.apk'

2018-06-26 06:50:43 - [MESSAGE][PASSED] - Started app at: 'C:\Users\ALIMSAPUTRA\Downloads\Movic_0.3.2_2018-05-30-debug.apk'

2018-06-26 06:50:43 - [TEST_STEP][PASSED] - tap: Tapped on element 'Object Repository/Mobile/OR Login biasa with email/android.widget.TextView3 - Indonesia'

2018-06-26 06:50:44 - [MESSAGE][WARNING] - Timeout '0' is invalid. Using default page load timeout: '30'

2018-06-26 06:50:48 - [MESSAGE][PASSED] - Tapped on element 'Object Repository/Mobile/OR Login biasa with email/android.widget.TextView3 - Indonesia'

2018-06-26 06:50:48 - [TEST_STEP][PASSED] - tap: Tapped on element 'Object Repository/Mobile/OR Login biasa with email/android.widget.ImageView4'

2018-06-26 06:50:48 - [MESSAGE][WARNING] - Timeout '0' is invalid. Using default page load timeout: '30'

2018-06-26 06:50:49 - [MESSAGE][PASSED] - Tapped on element 'Object Repository/Mobile/OR Login biasa with email/android.widget.ImageView4'

2018-06-26 06:50:49 - [TEST_STEP][PASSED] - tap: Tapped on element 'Object Repository/Mobile/OR Login biasa with email/android.widget.TextView2 - Lewati'

2018-06-26 06:50:49 - [MESSAGE][WARNING] - Timeout '0' is invalid. Using default page load timeout: '30'

2018-06-26 06:50:51 - [MESSAGE][PASSED] - Tapped on element 'Object Repository/Mobile/OR Login biasa with email/android.widget.TextView2 - Lewati'

2018-06-26 06:50:51 - [TEST_STEP][PASSED] - tap: Tapped on element 'Object Repository/Mobile/OR Login biasa with email/android.widget.TextView0 - Log in'

2018-06-26 06:50:51 - [MESSAGE][WARNING] - Timeout '0' is invalid. Using default page load timeout: '30'

2018-06-26 06:50:53 - [MESSAGE][PASSED] - Tapped on element 'Object Repository/Mobile/OR Login biasa with email/android.widget.TextView0 - Log in'

2018-06-26 06:50:53 - [TEST_STEP][PASSED] - setText: Text 'ali.msaputra01@gmail.com' has been set to element 'Object Repository/Mobile/OR Login biasa with email/android.widget.EditText0'

2018-06-26 06:50:53 - [MESSAGE][WARNING] - Timeout '0' is invalid. Using default page load timeout: '30'

2018-06-26 06:51:05 - [MESSAGE][PASSED] - Text 'ali.msaputra01@gmail.com' has been set to element 'Object Repository/Mobile/OR Login biasa with email/android.widget.EditText0'

2018-06-26 06:51:05 - [TEST_STEP][PASSED] - tap: Tapped on element 'Object Repository/Mobile/OR Login biasa with email/android.widget.Button0 - Next'

2018-06-26 06:51:05 - [MESSAGE][WARNING] - Timeout '0' is invalid. Using default page load timeout: '30'

2018-06-26 06:51:07 - [MESSAGE][PASSED] - Tapped on element 'Object Repository/Mobile/OR Login biasa with email/android.widget.Button0 - Next'

2018-06-26 06:51:07 - [TEST_STEP][PASSED] - tap: Tapped on element 'Object Repository/Mobile/OR Login biasa with email/android.widget.EditText0 (1)'

2018-06-26 06:51:07 - [MESSAGE][WARNING] - Timeout '0' is invalid. Using default page load timeout: '30'

2018-06-26 06:51:13 - [MESSAGE][PASSED] - Tapped on element 'Object Repository/Mobile/OR Login biasa with email/android.widget.EditText0 (1)'

2018-06-26 06:51:13 - [TEST_STEP][PASSED] - setText: Text 'Walden1234' has been set to element 'Object Repository/Mobile/OR Login biasa with email/android.widget.EditText0 (1)'

2018-06-26 06:51:13 - [MESSAGE][WARNING] - Timeout '0' is invalid. Using default page load timeout: '30'

2018-06-26 06:51:28 - [MESSAGE][PASSED] - Text 'Walden1234' has been set to element 'Object Repository/Mobile/OR Login biasa with email/android.widget.EditText0 (1)'

2018-06-26 06:51:28 - [TEST_STEP][PASSED] - tap: Tapped on element 'Object Repository/Mobile/OR Login biasa with email/android.widget.Button0 - Mulai Movic'

2018-06-26 06:51:28 - [MESSAGE][WARNING] - Timeout '0' is invalid. Using default page load timeout: '30'

2018-06-26 06:51:30 - [MESSAGE][PASSED] - Tapped on element 'Object Repository/Mobile/OR Login biasa with email/android.widget.Button0 - Mulai Movic'

2018-06-26 06:51:30 - [TEST_STEP][PASSED] - verifyElementVisible: Element 'Object Repository/Mobile/OR Login biasa with email/android.widget.ImageView0' is visible

2018-06-26 06:51:30 - [MESSAGE][WARNING] - Timeout '0' is invalid. Using default page load timeout: '30'

2018-06-26 06:51:34 - [MESSAGE][PASSED] - Element 'Object Repository/Mobile/OR Login biasa with email/android.widget.ImageView0' is visible

2018-06-26 06:51:34 - [TEST_STEP][NOT_RUN] - closeApplication: NOT_RUN: closeApplication

2018-06-26 06:51:34 - [MESSAGE][NOT_RUN] - NOT_RUN: closeApplication]]></system-out>
         <system-err><![CDATA[]]></system-err>
      </testcase>
      <testcase name="Test Cases/Mobile/Android/Owner/SC99 Regression/TC01 Become Owner" classname="Test Cases/Mobile/Android/Owner/SC99 Regression/TC01 Become Owner" status="PASSED">
         <system-out><![CDATA[2018-06-26 06:51:34 - [TEST_CASE][PASSED] - Test Cases/Mobile/Android/Owner/SC99 Regression/TC01 Become Owner: Test Cases/Mobile/Android/Owner/SC99 Regression/TC01 Become Owner

2018-06-26 06:51:34 - [TEST_STEP][NOT_RUN] - startApplication: NOT_RUN: startApplication

2018-06-26 06:51:34 - [MESSAGE][NOT_RUN] - NOT_RUN: startApplication

2018-06-26 06:51:34 - [TEST_STEP][PASSED] - tap: Tapped on element 'Object Repository/Mobile/OR Become Owner/android.widget.ImageView0'

2018-06-26 06:51:34 - [MESSAGE][WARNING] - Timeout '0' is invalid. Using default page load timeout: '30'

2018-06-26 06:51:35 - [MESSAGE][PASSED] - Tapped on element 'Object Repository/Mobile/OR Become Owner/android.widget.ImageView0'

2018-06-26 06:51:35 - [TEST_STEP][PASSED] - tap: Tapped on element 'Object Repository/Mobile/OR Become Owner/android.widget.TextView15 - Switch to vehicle owner'

2018-06-26 06:51:35 - [MESSAGE][WARNING] - Timeout '0' is invalid. Using default page load timeout: '30'

2018-06-26 06:51:37 - [MESSAGE][PASSED] - Tapped on element 'Object Repository/Mobile/OR Become Owner/android.widget.TextView15 - Switch to vehicle owner'

2018-06-26 06:51:38 - [TEST_STEP][PASSED] - tap: Tapped on element 'Object Repository/Mobile/OR Become Owner/android.widget.Button0 - Get Started'

2018-06-26 06:51:38 - [MESSAGE][WARNING] - Timeout '0' is invalid. Using default page load timeout: '30'

2018-06-26 06:51:40 - [MESSAGE][PASSED] - Tapped on element 'Object Repository/Mobile/OR Become Owner/android.widget.Button0 - Get Started'

2018-06-26 06:51:40 - [TEST_STEP][PASSED] - tap: Tapped on element 'Object Repository/Mobile/OR Become Owner/android.widget.Button0 - Ok'

2018-06-26 06:51:40 - [MESSAGE][WARNING] - Timeout '0' is invalid. Using default page load timeout: '30'

2018-06-26 06:51:41 - [MESSAGE][PASSED] - Tapped on element 'Object Repository/Mobile/OR Become Owner/android.widget.Button0 - Ok'

2018-06-26 06:51:41 - [TEST_STEP][PASSED] - tap: Tapped on element 'Object Repository/Mobile/OR Become Owner/android.widget.ImageView2'

2018-06-26 06:51:41 - [MESSAGE][WARNING] - Timeout '0' is invalid. Using default page load timeout: '30'

2018-06-26 06:51:43 - [MESSAGE][PASSED] - Tapped on element 'Object Repository/Mobile/OR Become Owner/android.widget.ImageView2'

2018-06-26 06:51:43 - [TEST_STEP][PASSED] - tap: Tapped on element 'Object Repository/Mobile/OR Become Owner/android.widget.Button0 - Use This Photo'

2018-06-26 06:51:43 - [MESSAGE][WARNING] - Timeout '0' is invalid. Using default page load timeout: '30'

2018-06-26 06:51:44 - [MESSAGE][PASSED] - Tapped on element 'Object Repository/Mobile/OR Become Owner/android.widget.Button0 - Use This Photo'

2018-06-26 06:51:44 - [TEST_STEP][PASSED] - tap: Tapped on element 'Object Repository/Mobile/OR Become Owner/android.widget.Button0 - Ok (1)'

2018-06-26 06:51:44 - [MESSAGE][WARNING] - Timeout '0' is invalid. Using default page load timeout: '30'

2018-06-26 06:51:49 - [MESSAGE][PASSED] - Tapped on element 'Object Repository/Mobile/OR Become Owner/android.widget.Button0 - Ok (1)'

2018-06-26 06:51:49 - [TEST_STEP][PASSED] - tap: Tapped on element 'Object Repository/Mobile/OR Become Owner/android.widget.ImageView2'

2018-06-26 06:51:49 - [MESSAGE][WARNING] - Timeout '0' is invalid. Using default page load timeout: '30'

2018-06-26 06:51:51 - [MESSAGE][PASSED] - Tapped on element 'Object Repository/Mobile/OR Become Owner/android.widget.ImageView2'

2018-06-26 06:51:51 - [TEST_STEP][PASSED] - tap: Tapped on element 'Object Repository/Mobile/OR Become Owner/android.widget.Button0 - Use This Photo'

2018-06-26 06:51:51 - [MESSAGE][WARNING] - Timeout '0' is invalid. Using default page load timeout: '30'

2018-06-26 06:51:52 - [MESSAGE][PASSED] - Tapped on element 'Object Repository/Mobile/OR Become Owner/android.widget.Button0 - Use This Photo'

2018-06-26 06:51:52 - [TEST_STEP][PASSED] - tap: Tapped on element 'Object Repository/Mobile/OR Become Owner/android.widget.Button0 - Ok (1)'

2018-06-26 06:51:52 - [MESSAGE][WARNING] - Timeout '0' is invalid. Using default page load timeout: '30'

2018-06-26 06:52:00 - [MESSAGE][PASSED] - Tapped on element 'Object Repository/Mobile/OR Become Owner/android.widget.Button0 - Ok (1)'

2018-06-26 06:52:00 - [TEST_STEP][PASSED] - tap: Tapped on element 'Object Repository/Mobile/OR Become Owner/android.widget.ImageView2'

2018-06-26 06:52:00 - [MESSAGE][WARNING] - Timeout '0' is invalid. Using default page load timeout: '30'

2018-06-26 06:52:02 - [MESSAGE][PASSED] - Tapped on element 'Object Repository/Mobile/OR Become Owner/android.widget.ImageView2'

2018-06-26 06:52:02 - [TEST_STEP][PASSED] - tap: Tapped on element 'Object Repository/Mobile/OR Become Owner/android.widget.Button0 - Use This Photo'

2018-06-26 06:52:02 - [MESSAGE][WARNING] - Timeout '0' is invalid. Using default page load timeout: '30'

2018-06-26 06:52:03 - [MESSAGE][PASSED] - Tapped on element 'Object Repository/Mobile/OR Become Owner/android.widget.Button0 - Use This Photo'

2018-06-26 06:52:03 - [TEST_STEP][PASSED] - tap: Tapped on element 'Object Repository/Mobile/OR Become Owner/android.widget.ImageView1'

2018-06-26 06:52:03 - [MESSAGE][WARNING] - Timeout '0' is invalid. Using default page load timeout: '30'

2018-06-26 06:52:11 - [MESSAGE][PASSED] - Tapped on element 'Object Repository/Mobile/OR Become Owner/android.widget.ImageView1'

2018-06-26 06:52:11 - [TEST_STEP][PASSED] - tap: Tapped on element 'Object Repository/Mobile/OR Become Owner/android.widget.ImageView2'

2018-06-26 06:52:11 - [MESSAGE][WARNING] - Timeout '0' is invalid. Using default page load timeout: '30'

2018-06-26 06:52:12 - [MESSAGE][PASSED] - Tapped on element 'Object Repository/Mobile/OR Become Owner/android.widget.ImageView2'

2018-06-26 06:52:12 - [TEST_STEP][PASSED] - tap: Tapped on element 'Object Repository/Mobile/OR Become Owner/android.widget.Button0 - Next'

2018-06-26 06:52:12 - [MESSAGE][WARNING] - Timeout '0' is invalid. Using default page load timeout: '30'

2018-06-26 06:52:14 - [MESSAGE][PASSED] - Tapped on element 'Object Repository/Mobile/OR Become Owner/android.widget.Button0 - Next'

2018-06-26 06:52:14 - [TEST_STEP][PASSED] - setText: Text 'Ali Rental' has been set to element 'Object Repository/Mobile/OR Become Owner/android.widget.EditText0'

2018-06-26 06:52:14 - [MESSAGE][WARNING] - Timeout '0' is invalid. Using default page load timeout: '30'

2018-06-26 06:52:26 - [MESSAGE][PASSED] - Text 'Ali Rental' has been set to element 'Object Repository/Mobile/OR Become Owner/android.widget.EditText0'

2018-06-26 06:52:26 - [TEST_STEP][PASSED] - tap: Tapped on element 'Object Repository/Mobile/OR Become Owner/android.widget.Button0 - Next (1)'

2018-06-26 06:52:27 - [MESSAGE][WARNING] - Timeout '0' is invalid. Using default page load timeout: '30'

2018-06-26 06:52:28 - [MESSAGE][PASSED] - Tapped on element 'Object Repository/Mobile/OR Become Owner/android.widget.Button0 - Next (1)'

2018-06-26 06:52:28 - [TEST_STEP][PASSED] - tap: Tapped on element 'Object Repository/Mobile/OR Become Owner/android.widget.LinearLayout3'

2018-06-26 06:52:28 - [MESSAGE][WARNING] - Timeout '0' is invalid. Using default page load timeout: '30'

2018-06-26 06:52:57 - [MESSAGE][PASSED] - Tapped on element 'Object Repository/Mobile/OR Become Owner/android.widget.LinearLayout3'

2018-06-26 06:52:57 - [TEST_STEP][PASSED] - tap: Tapped on element 'Object Repository/Mobile/OR Become Owner/android.widget.Button0 - Confirm'

2018-06-26 06:52:57 - [MESSAGE][WARNING] - Timeout '0' is invalid. Using default page load timeout: '30'

2018-06-26 06:53:01 - [MESSAGE][PASSED] - Tapped on element 'Object Repository/Mobile/OR Become Owner/android.widget.Button0 - Confirm'

2018-06-26 06:53:01 - [TEST_STEP][PASSED] - delay: Delayed 3 second(s)

2018-06-26 06:53:04 - [MESSAGE][PASSED] - Delayed 3 second(s)

2018-06-26 06:53:04 - [TEST_STEP][PASSED] - setText: Text 'Bandung' has been set to element 'Object Repository/Mobile/OR Become Owner/android.widget.EditText0 (1)'

2018-06-26 06:53:04 - [MESSAGE][WARNING] - Timeout '0' is invalid. Using default page load timeout: '30'

2018-06-26 06:53:15 - [MESSAGE][PASSED] - Text 'Bandung' has been set to element 'Object Repository/Mobile/OR Become Owner/android.widget.EditText0 (1)'

2018-06-26 06:53:15 - [TEST_STEP][PASSED] - tap: Tapped on element 'Object Repository/Mobile/OR Become Owner/android.widget.LinearLayout6 - Complete Address (Optional)'

2018-06-26 06:53:15 - [MESSAGE][WARNING] - Timeout '0' is invalid. Using default page load timeout: '30'

2018-06-26 06:53:17 - [MESSAGE][PASSED] - Tapped on element 'Object Repository/Mobile/OR Become Owner/android.widget.LinearLayout6 - Complete Address (Optional)'

2018-06-26 06:53:17 - [TEST_STEP][PASSED] - hideKeyboard: Keyboard is hidden

2018-06-26 06:53:18 - [MESSAGE][PASSED] - Keyboard is hidden

2018-06-26 06:53:18 - [TEST_STEP][PASSED] - tap: Tapped on element 'Object Repository/Mobile/OR Become Owner/android.widget.Button0 - Next (2)'

2018-06-26 06:53:18 - [MESSAGE][WARNING] - Timeout '0' is invalid. Using default page load timeout: '30'

2018-06-26 06:53:19 - [MESSAGE][PASSED] - Tapped on element 'Object Repository/Mobile/OR Become Owner/android.widget.Button0 - Next (2)'

2018-06-26 06:53:19 - [TEST_STEP][PASSED] - setText: Text 'Cheap & Quality' has been set to element 'Object Repository/Mobile/OR Become Owner/android.widget.EditText0 (2)'

2018-06-26 06:53:19 - [MESSAGE][WARNING] - Timeout '0' is invalid. Using default page load timeout: '30'

2018-06-26 06:53:32 - [MESSAGE][PASSED] - Text 'Cheap & Quality' has been set to element 'Object Repository/Mobile/OR Become Owner/android.widget.EditText0 (2)'

2018-06-26 06:53:32 - [TEST_STEP][PASSED] - hideKeyboard: Keyboard is hidden

2018-06-26 06:53:33 - [MESSAGE][PASSED] - Keyboard is hidden

2018-06-26 06:53:33 - [TEST_STEP][NOT_RUN] - tap: NOT_RUN: tap

2018-06-26 06:53:33 - [MESSAGE][NOT_RUN] - NOT_RUN: tap

2018-06-26 06:53:33 - [TEST_STEP][NOT_RUN] - verifyElementVisible: NOT_RUN: verifyElementVisible

2018-06-26 06:53:33 - [MESSAGE][NOT_RUN] - NOT_RUN: verifyElementVisible

2018-06-26 06:53:33 - [TEST_STEP][NOT_RUN] - closeApplication: NOT_RUN: closeApplication

2018-06-26 06:53:33 - [MESSAGE][NOT_RUN] - NOT_RUN: closeApplication]]></system-out>
         <system-err><![CDATA[]]></system-err>
      </testcase>
      <system-out><![CDATA[2018-06-26 06:48:57 - [TEST_SUITE][PASSED] - Become Owner: Test Cases/Mobile/Android/Owner/SC99 Regression/TC01 Become Owner]]></system-out>
      <system-err><![CDATA[]]></system-err>
   </testsuite>
</testsuites>
