<?xml version="1.0" encoding="UTF-8"?>
<testsuites name="Become Owner" time="242" tests="2" failures="0" errors="0">
   <testsuite name="Become Owner" tests="2" failures="0" errors="0" time="242" timestamp="2018-06-26 06:53:54" hostname="ALIMSAPUTRA - DESKTOP-5G7MA8C" id="Test Suites/Mobile/Become Owner">
      <properties>
         <property name="deviceName" value="samsung SM-J320G (Android 5.1.1)"/>
         <property name="devicePlatform" value=""/>
         <property name="logFolder" value="C:\\Users\\ALIMSAPUTRA\\Katalon Studio\\Astra Movic\\Reports\\Mobile\\Become Owner\\20180626_065351"/>
         <property name="logFiles" value="C:\\Users\\ALIMSAPUTRA\\Katalon Studio\\Astra Movic\\Reports\\Mobile\\Become Owner\\20180626_065351\\appium.log, C:\\Users\\ALIMSAPUTRA\\Katalon Studio\\Astra Movic\\Reports\\Mobile\\Become Owner\\20180626_065351\\execution0.log"/>
         <property name="attachments" value=""/>
         <property name="hostName" value="ALIMSAPUTRA - DESKTOP-5G7MA8C"/>
         <property name="os" value="Windows 10 64bit"/>
         <property name="katalonVersion" value="5.3.0.1"/>
         <property name="deviceOS" value="Android"/>
         <property name="appiumVersion" value="1.8.1"/>
         <property name="deviceModel" value="SM-J320G"/>
         <property name="hostAddress" value="192.168.43.170"/>
         <property name="deviceManufacturer" value="samsung"/>
         <property name="deviceId" value="4200d20faae66400"/>
         <property name="deviceName" value="samsung SM-J320G (Android 5.1.1)"/>
         <property name="deviceOSVersion" value="5.1.1"/>
      </properties>
      <testcase name="Test Cases/Mobile/Android/User/SC99 Regression/TC04 Login biasa with email" classname="Test Cases/Mobile/Android/User/SC99 Regression/TC04 Login biasa with email" status="PASSED">
         <system-out><![CDATA[2018-06-26 06:53:55 - [TEST_CASE][PASSED] - Test Cases/Mobile/Android/User/SC99 Regression/TC04 Login biasa with email: Test Cases/Mobile/Android/User/SC99 Regression/TC04 Login biasa with email

2018-06-26 06:53:56 - [TEST_STEP][PASSED] - startApplication: Started app at: 'C:\Users\ALIMSAPUTRA\Downloads\Movic_0.3.2_2018-05-30-debug.apk'

2018-06-26 06:55:22 - [MESSAGE][PASSED] - Started app at: 'C:\Users\ALIMSAPUTRA\Downloads\Movic_0.3.2_2018-05-30-debug.apk'

2018-06-26 06:55:22 - [TEST_STEP][PASSED] - tap: Tapped on element 'Object Repository/Mobile/OR Login biasa with email/android.widget.TextView3 - Indonesia'

2018-06-26 06:55:23 - [MESSAGE][WARNING] - Timeout '0' is invalid. Using default page load timeout: '30'

2018-06-26 06:55:26 - [MESSAGE][PASSED] - Tapped on element 'Object Repository/Mobile/OR Login biasa with email/android.widget.TextView3 - Indonesia'

2018-06-26 06:55:26 - [TEST_STEP][PASSED] - tap: Tapped on element 'Object Repository/Mobile/OR Login biasa with email/android.widget.ImageView4'

2018-06-26 06:55:26 - [MESSAGE][WARNING] - Timeout '0' is invalid. Using default page load timeout: '30'

2018-06-26 06:55:27 - [MESSAGE][PASSED] - Tapped on element 'Object Repository/Mobile/OR Login biasa with email/android.widget.ImageView4'

2018-06-26 06:55:27 - [TEST_STEP][PASSED] - tap: Tapped on element 'Object Repository/Mobile/OR Login biasa with email/android.widget.TextView2 - Lewati'

2018-06-26 06:55:27 - [MESSAGE][WARNING] - Timeout '0' is invalid. Using default page load timeout: '30'

2018-06-26 06:55:30 - [MESSAGE][PASSED] - Tapped on element 'Object Repository/Mobile/OR Login biasa with email/android.widget.TextView2 - Lewati'

2018-06-26 06:55:30 - [TEST_STEP][PASSED] - tap: Tapped on element 'Object Repository/Mobile/OR Login biasa with email/android.widget.TextView0 - Log in'

2018-06-26 06:55:30 - [MESSAGE][WARNING] - Timeout '0' is invalid. Using default page load timeout: '30'

2018-06-26 06:55:31 - [MESSAGE][PASSED] - Tapped on element 'Object Repository/Mobile/OR Login biasa with email/android.widget.TextView0 - Log in'

2018-06-26 06:55:31 - [TEST_STEP][PASSED] - setText: Text 'ali.msaputra01@gmail.com' has been set to element 'Object Repository/Mobile/OR Login biasa with email/android.widget.EditText0'

2018-06-26 06:55:31 - [MESSAGE][WARNING] - Timeout '0' is invalid. Using default page load timeout: '30'

2018-06-26 06:55:45 - [MESSAGE][PASSED] - Text 'ali.msaputra01@gmail.com' has been set to element 'Object Repository/Mobile/OR Login biasa with email/android.widget.EditText0'

2018-06-26 06:55:45 - [TEST_STEP][PASSED] - tap: Tapped on element 'Object Repository/Mobile/OR Login biasa with email/android.widget.Button0 - Next'

2018-06-26 06:55:45 - [MESSAGE][WARNING] - Timeout '0' is invalid. Using default page load timeout: '30'

2018-06-26 06:55:46 - [MESSAGE][PASSED] - Tapped on element 'Object Repository/Mobile/OR Login biasa with email/android.widget.Button0 - Next'

2018-06-26 06:55:46 - [TEST_STEP][PASSED] - tap: Tapped on element 'Object Repository/Mobile/OR Login biasa with email/android.widget.EditText0 (1)'

2018-06-26 06:55:46 - [MESSAGE][WARNING] - Timeout '0' is invalid. Using default page load timeout: '30'

2018-06-26 06:55:53 - [MESSAGE][PASSED] - Tapped on element 'Object Repository/Mobile/OR Login biasa with email/android.widget.EditText0 (1)'

2018-06-26 06:55:53 - [TEST_STEP][PASSED] - setText: Text 'Walden1234' has been set to element 'Object Repository/Mobile/OR Login biasa with email/android.widget.EditText0 (1)'

2018-06-26 06:55:53 - [MESSAGE][WARNING] - Timeout '0' is invalid. Using default page load timeout: '30'

2018-06-26 06:56:07 - [MESSAGE][PASSED] - Text 'Walden1234' has been set to element 'Object Repository/Mobile/OR Login biasa with email/android.widget.EditText0 (1)'

2018-06-26 06:56:07 - [TEST_STEP][PASSED] - tap: Tapped on element 'Object Repository/Mobile/OR Login biasa with email/android.widget.Button0 - Mulai Movic'

2018-06-26 06:56:07 - [MESSAGE][WARNING] - Timeout '0' is invalid. Using default page load timeout: '30'

2018-06-26 06:56:09 - [MESSAGE][PASSED] - Tapped on element 'Object Repository/Mobile/OR Login biasa with email/android.widget.Button0 - Mulai Movic'

2018-06-26 06:56:09 - [TEST_STEP][PASSED] - verifyElementVisible: Element 'Object Repository/Mobile/OR Login biasa with email/android.widget.ImageView0' is visible

2018-06-26 06:56:09 - [MESSAGE][WARNING] - Timeout '0' is invalid. Using default page load timeout: '30'

2018-06-26 06:56:13 - [MESSAGE][PASSED] - Element 'Object Repository/Mobile/OR Login biasa with email/android.widget.ImageView0' is visible

2018-06-26 06:56:13 - [TEST_STEP][NOT_RUN] - closeApplication: NOT_RUN: closeApplication

2018-06-26 06:56:13 - [MESSAGE][NOT_RUN] - NOT_RUN: closeApplication]]></system-out>
         <system-err><![CDATA[]]></system-err>
      </testcase>
      <testcase name="Test Cases/Mobile/Android/Owner/SC99 Regression/TC01 Become Owner" classname="Test Cases/Mobile/Android/Owner/SC99 Regression/TC01 Become Owner" status="PASSED">
         <system-out><![CDATA[2018-06-26 06:56:13 - [TEST_CASE][PASSED] - Test Cases/Mobile/Android/Owner/SC99 Regression/TC01 Become Owner: Test Cases/Mobile/Android/Owner/SC99 Regression/TC01 Become Owner

2018-06-26 06:56:14 - [TEST_STEP][NOT_RUN] - startApplication: NOT_RUN: startApplication

2018-06-26 06:56:14 - [MESSAGE][NOT_RUN] - NOT_RUN: startApplication

2018-06-26 06:56:14 - [TEST_STEP][PASSED] - tap: Tapped on element 'Object Repository/Mobile/OR Become Owner/android.widget.ImageView0'

2018-06-26 06:56:14 - [MESSAGE][WARNING] - Timeout '0' is invalid. Using default page load timeout: '30'

2018-06-26 06:56:15 - [MESSAGE][PASSED] - Tapped on element 'Object Repository/Mobile/OR Become Owner/android.widget.ImageView0'

2018-06-26 06:56:15 - [TEST_STEP][PASSED] - tap: Tapped on element 'Object Repository/Mobile/OR Become Owner/android.widget.TextView15 - Switch to vehicle owner'

2018-06-26 06:56:15 - [MESSAGE][WARNING] - Timeout '0' is invalid. Using default page load timeout: '30'

2018-06-26 06:56:16 - [MESSAGE][PASSED] - Tapped on element 'Object Repository/Mobile/OR Become Owner/android.widget.TextView15 - Switch to vehicle owner'

2018-06-26 06:56:16 - [TEST_STEP][PASSED] - tap: Tapped on element 'Object Repository/Mobile/OR Become Owner/android.widget.Button0 - Get Started'

2018-06-26 06:56:16 - [MESSAGE][WARNING] - Timeout '0' is invalid. Using default page load timeout: '30'

2018-06-26 06:56:19 - [MESSAGE][PASSED] - Tapped on element 'Object Repository/Mobile/OR Become Owner/android.widget.Button0 - Get Started'

2018-06-26 06:56:19 - [TEST_STEP][PASSED] - tap: Tapped on element 'Object Repository/Mobile/OR Become Owner/android.widget.Button0 - Ok'

2018-06-26 06:56:19 - [MESSAGE][WARNING] - Timeout '0' is invalid. Using default page load timeout: '30'

2018-06-26 06:56:21 - [MESSAGE][PASSED] - Tapped on element 'Object Repository/Mobile/OR Become Owner/android.widget.Button0 - Ok'

2018-06-26 06:56:21 - [TEST_STEP][PASSED] - tap: Tapped on element 'Object Repository/Mobile/OR Become Owner/android.widget.ImageView2'

2018-06-26 06:56:21 - [MESSAGE][WARNING] - Timeout '0' is invalid. Using default page load timeout: '30'

2018-06-26 06:56:22 - [MESSAGE][PASSED] - Tapped on element 'Object Repository/Mobile/OR Become Owner/android.widget.ImageView2'

2018-06-26 06:56:22 - [TEST_STEP][PASSED] - tap: Tapped on element 'Object Repository/Mobile/OR Become Owner/android.widget.Button0 - Use This Photo'

2018-06-26 06:56:22 - [MESSAGE][WARNING] - Timeout '0' is invalid. Using default page load timeout: '30'

2018-06-26 06:56:23 - [MESSAGE][PASSED] - Tapped on element 'Object Repository/Mobile/OR Become Owner/android.widget.Button0 - Use This Photo'

2018-06-26 06:56:23 - [TEST_STEP][PASSED] - tap: Tapped on element 'Object Repository/Mobile/OR Become Owner/android.widget.Button0 - Ok (1)'

2018-06-26 06:56:23 - [MESSAGE][WARNING] - Timeout '0' is invalid. Using default page load timeout: '30'

2018-06-26 06:56:31 - [MESSAGE][PASSED] - Tapped on element 'Object Repository/Mobile/OR Become Owner/android.widget.Button0 - Ok (1)'

2018-06-26 06:56:31 - [TEST_STEP][PASSED] - tap: Tapped on element 'Object Repository/Mobile/OR Become Owner/android.widget.ImageView2'

2018-06-26 06:56:31 - [MESSAGE][WARNING] - Timeout '0' is invalid. Using default page load timeout: '30'

2018-06-26 06:56:33 - [MESSAGE][PASSED] - Tapped on element 'Object Repository/Mobile/OR Become Owner/android.widget.ImageView2'

2018-06-26 06:56:33 - [TEST_STEP][PASSED] - tap: Tapped on element 'Object Repository/Mobile/OR Become Owner/android.widget.Button0 - Use This Photo'

2018-06-26 06:56:33 - [MESSAGE][WARNING] - Timeout '0' is invalid. Using default page load timeout: '30'

2018-06-26 06:56:34 - [MESSAGE][PASSED] - Tapped on element 'Object Repository/Mobile/OR Become Owner/android.widget.Button0 - Use This Photo'

2018-06-26 06:56:34 - [TEST_STEP][PASSED] - tap: Tapped on element 'Object Repository/Mobile/OR Become Owner/android.widget.Button0 - Ok (1)'

2018-06-26 06:56:34 - [MESSAGE][WARNING] - Timeout '0' is invalid. Using default page load timeout: '30'

2018-06-26 06:56:42 - [MESSAGE][PASSED] - Tapped on element 'Object Repository/Mobile/OR Become Owner/android.widget.Button0 - Ok (1)'

2018-06-26 06:56:42 - [TEST_STEP][PASSED] - tap: Tapped on element 'Object Repository/Mobile/OR Become Owner/android.widget.ImageView2'

2018-06-26 06:56:42 - [MESSAGE][WARNING] - Timeout '0' is invalid. Using default page load timeout: '30'

2018-06-26 06:56:44 - [MESSAGE][PASSED] - Tapped on element 'Object Repository/Mobile/OR Become Owner/android.widget.ImageView2'

2018-06-26 06:56:44 - [TEST_STEP][PASSED] - tap: Tapped on element 'Object Repository/Mobile/OR Become Owner/android.widget.Button0 - Use This Photo'

2018-06-26 06:56:44 - [MESSAGE][WARNING] - Timeout '0' is invalid. Using default page load timeout: '30'

2018-06-26 06:56:45 - [MESSAGE][PASSED] - Tapped on element 'Object Repository/Mobile/OR Become Owner/android.widget.Button0 - Use This Photo'

2018-06-26 06:56:45 - [TEST_STEP][PASSED] - tap: Tapped on element 'Object Repository/Mobile/OR Become Owner/android.widget.ImageView1'

2018-06-26 06:56:45 - [MESSAGE][WARNING] - Timeout '0' is invalid. Using default page load timeout: '30'

2018-06-26 06:56:51 - [MESSAGE][PASSED] - Tapped on element 'Object Repository/Mobile/OR Become Owner/android.widget.ImageView1'

2018-06-26 06:56:51 - [TEST_STEP][PASSED] - tap: Tapped on element 'Object Repository/Mobile/OR Become Owner/android.widget.ImageView2'

2018-06-26 06:56:51 - [MESSAGE][WARNING] - Timeout '0' is invalid. Using default page load timeout: '30'

2018-06-26 06:56:53 - [MESSAGE][PASSED] - Tapped on element 'Object Repository/Mobile/OR Become Owner/android.widget.ImageView2'

2018-06-26 06:56:53 - [TEST_STEP][PASSED] - tap: Tapped on element 'Object Repository/Mobile/OR Become Owner/android.widget.Button0 - Next'

2018-06-26 06:56:53 - [MESSAGE][WARNING] - Timeout '0' is invalid. Using default page load timeout: '30'

2018-06-26 06:56:55 - [MESSAGE][PASSED] - Tapped on element 'Object Repository/Mobile/OR Become Owner/android.widget.Button0 - Next'

2018-06-26 06:56:55 - [TEST_STEP][PASSED] - setText: Text 'Ali Rental 2' has been set to element 'Object Repository/Mobile/OR Become Owner/android.widget.EditText0'

2018-06-26 06:56:55 - [MESSAGE][WARNING] - Timeout '0' is invalid. Using default page load timeout: '30'

2018-06-26 06:57:08 - [MESSAGE][PASSED] - Text 'Ali Rental 2' has been set to element 'Object Repository/Mobile/OR Become Owner/android.widget.EditText0'

2018-06-26 06:57:08 - [TEST_STEP][PASSED] - tap: Tapped on element 'Object Repository/Mobile/OR Become Owner/android.widget.Button0 - Next (1)'

2018-06-26 06:57:08 - [MESSAGE][WARNING] - Timeout '0' is invalid. Using default page load timeout: '30'

2018-06-26 06:57:09 - [MESSAGE][PASSED] - Tapped on element 'Object Repository/Mobile/OR Become Owner/android.widget.Button0 - Next (1)'

2018-06-26 06:57:09 - [TEST_STEP][PASSED] - tap: Tapped on element 'Object Repository/Mobile/OR Become Owner/android.widget.LinearLayout3'

2018-06-26 06:57:09 - [MESSAGE][WARNING] - Timeout '0' is invalid. Using default page load timeout: '30'

2018-06-26 06:57:13 - [MESSAGE][PASSED] - Tapped on element 'Object Repository/Mobile/OR Become Owner/android.widget.LinearLayout3'

2018-06-26 06:57:13 - [TEST_STEP][PASSED] - tap: Tapped on element 'Object Repository/Mobile/OR Become Owner/android.widget.Button0 - Confirm'

2018-06-26 06:57:13 - [MESSAGE][WARNING] - Timeout '0' is invalid. Using default page load timeout: '30'

2018-06-26 06:57:17 - [MESSAGE][PASSED] - Tapped on element 'Object Repository/Mobile/OR Become Owner/android.widget.Button0 - Confirm'

2018-06-26 06:57:17 - [TEST_STEP][PASSED] - delay: Delayed 3 second(s)

2018-06-26 06:57:20 - [MESSAGE][PASSED] - Delayed 3 second(s)

2018-06-26 06:57:20 - [TEST_STEP][PASSED] - setText: Text 'Bandung' has been set to element 'Object Repository/Mobile/OR Become Owner/android.widget.EditText0 (1)'

2018-06-26 06:57:20 - [MESSAGE][WARNING] - Timeout '0' is invalid. Using default page load timeout: '30'

2018-06-26 06:57:32 - [MESSAGE][PASSED] - Text 'Bandung' has been set to element 'Object Repository/Mobile/OR Become Owner/android.widget.EditText0 (1)'

2018-06-26 06:57:32 - [TEST_STEP][PASSED] - tap: Tapped on element 'Object Repository/Mobile/OR Become Owner/android.widget.LinearLayout6 - Complete Address (Optional)'

2018-06-26 06:57:32 - [MESSAGE][WARNING] - Timeout '0' is invalid. Using default page load timeout: '30'

2018-06-26 06:57:33 - [MESSAGE][PASSED] - Tapped on element 'Object Repository/Mobile/OR Become Owner/android.widget.LinearLayout6 - Complete Address (Optional)'

2018-06-26 06:57:33 - [TEST_STEP][PASSED] - hideKeyboard: Keyboard is hidden

2018-06-26 06:57:34 - [MESSAGE][PASSED] - Keyboard is hidden

2018-06-26 06:57:34 - [TEST_STEP][PASSED] - tap: Tapped on element 'Object Repository/Mobile/OR Become Owner/android.widget.Button0 - Next (2)'

2018-06-26 06:57:34 - [MESSAGE][WARNING] - Timeout '0' is invalid. Using default page load timeout: '30'

2018-06-26 06:57:35 - [MESSAGE][PASSED] - Tapped on element 'Object Repository/Mobile/OR Become Owner/android.widget.Button0 - Next (2)'

2018-06-26 06:57:35 - [TEST_STEP][PASSED] - setText: Text 'Cheap & Quality' has been set to element 'Object Repository/Mobile/OR Become Owner/android.widget.EditText0 (2)'

2018-06-26 06:57:35 - [MESSAGE][WARNING] - Timeout '0' is invalid. Using default page load timeout: '30'

2018-06-26 06:57:48 - [MESSAGE][PASSED] - Text 'Cheap & Quality' has been set to element 'Object Repository/Mobile/OR Become Owner/android.widget.EditText0 (2)'

2018-06-26 06:57:48 - [TEST_STEP][PASSED] - hideKeyboard: Keyboard is hidden

2018-06-26 06:57:49 - [MESSAGE][PASSED] - Keyboard is hidden

2018-06-26 06:57:49 - [TEST_STEP][NOT_RUN] - tap: NOT_RUN: tap

2018-06-26 06:57:49 - [MESSAGE][NOT_RUN] - NOT_RUN: tap

2018-06-26 06:57:49 - [TEST_STEP][NOT_RUN] - verifyElementVisible: NOT_RUN: verifyElementVisible

2018-06-26 06:57:49 - [MESSAGE][NOT_RUN] - NOT_RUN: verifyElementVisible

2018-06-26 06:57:49 - [TEST_STEP][NOT_RUN] - closeApplication: NOT_RUN: closeApplication

2018-06-26 06:57:49 - [MESSAGE][NOT_RUN] - NOT_RUN: closeApplication]]></system-out>
         <system-err><![CDATA[]]></system-err>
      </testcase>
      <system-out><![CDATA[2018-06-26 06:53:54 - [TEST_SUITE][PASSED] - Become Owner: Test Cases/Mobile/Android/Owner/SC99 Regression/TC01 Become Owner]]></system-out>
      <system-err><![CDATA[]]></system-err>
   </testsuite>
</testsuites>
