<?xml version="1.0" encoding="UTF-8"?>
<testsuites name="Rent Car By Category" time="183" tests="1" failures="1" errors="0">
   <testsuite name="Rent Car By Category" tests="1" failures="1" errors="0" time="183" timestamp="2018-06-25 16:04:22" hostname="ALIMSAPUTRA - DESKTOP-5G7MA8C" id="Test Suites/Mobile/Rent Car By Category">
      <properties>
         <property name="deviceName" value="samsung SM-J320G (Android 5.1.1)"/>
         <property name="devicePlatform" value=""/>
         <property name="logFolder" value="C:\\Users\\ALIMSAPUTRA\\Katalon Studio\\Astra Movic\\Reports\\Mobile\\Rent Car By Category\\20180625_160416"/>
         <property name="logFiles" value="C:\\Users\\ALIMSAPUTRA\\Katalon Studio\\Astra Movic\\Reports\\Mobile\\Rent Car By Category\\20180625_160416\\appium.log, C:\\Users\\ALIMSAPUTRA\\Katalon Studio\\Astra Movic\\Reports\\Mobile\\Rent Car By Category\\20180625_160416\\execution0.log"/>
         <property name="attachments" value="C:\\Users\\ALIMSAPUTRA\\Katalon Studio\\Astra Movic\\Reports\\Mobile\\Rent Car By Category\\20180625_160416\\1529917630838.png, C:\\Users\\ALIMSAPUTRA\\Katalon Studio\\Astra Movic\\Reports\\Mobile\\Rent Car By Category\\20180625_160416\\1529917634981.png"/>
         <property name="hostName" value="ALIMSAPUTRA - DESKTOP-5G7MA8C"/>
         <property name="os" value="Windows 10 64bit"/>
         <property name="katalonVersion" value="5.4.2.1"/>
         <property name="deviceOS" value="Android"/>
         <property name="appiumVersion" value="1.8.1"/>
         <property name="deviceModel" value="SM-J320G"/>
         <property name="hostAddress" value="10.10.11.196"/>
         <property name="deviceManufacturer" value="samsung"/>
         <property name="deviceId" value="4200d20faae66400"/>
         <property name="deviceName" value="samsung SM-J320G (Android 5.1.1)"/>
         <property name="deviceOSVersion" value="5.1.1"/>
      </properties>
      <testcase name="Test Cases/Mobile/Android/User/SC99 Regression/TC04 Login biasa with email" classname="Test Cases/Mobile/Android/User/SC99 Regression/TC04 Login biasa with email" status="PASSED">
         <system-out><![CDATA[2018-06-25 16:04:23 - [TEST_CASE][PASSED] - Test Cases/Mobile/Android/User/SC99 Regression/TC04 Login biasa with email: Test Cases/Mobile/Android/User/SC99 Regression/TC04 Login biasa with email

2018-06-25 16:04:24 - [TEST_STEP][PASSED] - startApplication: Started app at: 'C:\Users\ALIMSAPUTRA\Downloads\Movic_0.4.2_2018-06-23-staging-debug.apk'

2018-06-25 16:05:44 - [MESSAGE][PASSED] - Started app at: 'C:\Users\ALIMSAPUTRA\Downloads\Movic_0.4.2_2018-06-23-staging-debug.apk'

2018-06-25 16:05:44 - [TEST_STEP][PASSED] - tap: Tapped on element 'Object Repository/Mobile/OR Login biasa with email/android.widget.TextView3 - Indonesia (1)'

2018-06-25 16:05:44 - [MESSAGE][WARNING] - Timeout '0' is invalid. Using default page load timeout: '30'

2018-06-25 16:05:47 - [MESSAGE][PASSED] - Tapped on element 'Object Repository/Mobile/OR Login biasa with email/android.widget.TextView3 - Indonesia (1)'

2018-06-25 16:05:47 - [TEST_STEP][PASSED] - tap: Tapped on element 'Object Repository/Mobile/OR Login biasa with email/android.widget.ImageView4 (1)'

2018-06-25 16:05:47 - [MESSAGE][WARNING] - Timeout '0' is invalid. Using default page load timeout: '30'

2018-06-25 16:05:48 - [MESSAGE][PASSED] - Tapped on element 'Object Repository/Mobile/OR Login biasa with email/android.widget.ImageView4 (1)'

2018-06-25 16:05:48 - [TEST_STEP][PASSED] - tap: Tapped on element 'Object Repository/Mobile/OR Login biasa with email/android.widget.TextView2 - Lewati (1)'

2018-06-25 16:05:48 - [MESSAGE][WARNING] - Timeout '0' is invalid. Using default page load timeout: '30'

2018-06-25 16:05:50 - [MESSAGE][PASSED] - Tapped on element 'Object Repository/Mobile/OR Login biasa with email/android.widget.TextView2 - Lewati (1)'

2018-06-25 16:05:50 - [TEST_STEP][PASSED] - tap: Tapped on element 'Object Repository/Mobile/OR Login biasa with email/android.widget.TextView0 - Log in (1)'

2018-06-25 16:05:50 - [MESSAGE][WARNING] - Timeout '0' is invalid. Using default page load timeout: '30'

2018-06-25 16:05:52 - [MESSAGE][PASSED] - Tapped on element 'Object Repository/Mobile/OR Login biasa with email/android.widget.TextView0 - Log in (1)'

2018-06-25 16:05:52 - [TEST_STEP][PASSED] - setText: Text 'ali.saputra@wgs.co.id' has been set to element 'Object Repository/Mobile/OR Login biasa with email/android.widget.EditText0 (2)'

2018-06-25 16:05:52 - [MESSAGE][WARNING] - Timeout '0' is invalid. Using default page load timeout: '30'

2018-06-25 16:06:05 - [MESSAGE][PASSED] - Text 'ali.saputra@wgs.co.id' has been set to element 'Object Repository/Mobile/OR Login biasa with email/android.widget.EditText0 (2)'

2018-06-25 16:06:05 - [TEST_STEP][PASSED] - tap: Tapped on element 'Object Repository/Mobile/OR Login biasa with email/android.widget.Button0 - Next (1)'

2018-06-25 16:06:05 - [MESSAGE][WARNING] - Timeout '0' is invalid. Using default page load timeout: '30'

2018-06-25 16:06:06 - [MESSAGE][PASSED] - Tapped on element 'Object Repository/Mobile/OR Login biasa with email/android.widget.Button0 - Next (1)'

2018-06-25 16:06:06 - [TEST_STEP][PASSED] - tap: Tapped on element 'Object Repository/Mobile/OR Login biasa with email/android.widget.EditText0 (3)'

2018-06-25 16:06:06 - [MESSAGE][WARNING] - Timeout '0' is invalid. Using default page load timeout: '30'

2018-06-25 16:06:12 - [MESSAGE][PASSED] - Tapped on element 'Object Repository/Mobile/OR Login biasa with email/android.widget.EditText0 (3)'

2018-06-25 16:06:12 - [TEST_STEP][PASSED] - setText: Text 'Walden1234' has been set to element 'Object Repository/Mobile/OR Login biasa with email/android.widget.EditText0 (3)'

2018-06-25 16:06:12 - [MESSAGE][WARNING] - Timeout '0' is invalid. Using default page load timeout: '30'

2018-06-25 16:06:27 - [MESSAGE][PASSED] - Text 'Walden1234' has been set to element 'Object Repository/Mobile/OR Login biasa with email/android.widget.EditText0 (3)'

2018-06-25 16:06:27 - [TEST_STEP][PASSED] - tap: Tapped on element 'Object Repository/Mobile/OR Login biasa with email/android.widget.Button0 - Mulai Movic (1)'

2018-06-25 16:06:27 - [MESSAGE][WARNING] - Timeout '0' is invalid. Using default page load timeout: '30'

2018-06-25 16:06:29 - [MESSAGE][PASSED] - Tapped on element 'Object Repository/Mobile/OR Login biasa with email/android.widget.Button0 - Mulai Movic (1)'

2018-06-25 16:06:29 - [TEST_STEP][PASSED] - verifyElementVisible: Element 'Object Repository/Mobile/OR Login biasa with email/android.widget.ImageView0 (1)' is visible

2018-06-25 16:06:29 - [MESSAGE][WARNING] - Timeout '0' is invalid. Using default page load timeout: '30'

2018-06-25 16:06:35 - [MESSAGE][PASSED] - Element 'Object Repository/Mobile/OR Login biasa with email/android.widget.ImageView0 (1)' is visible

2018-06-25 16:06:35 - [TEST_STEP][NOT_RUN] - closeApplication: NOT_RUN: closeApplication

2018-06-25 16:06:35 - [MESSAGE][NOT_RUN] - NOT_RUN: closeApplication]]></system-out>
         <system-err><![CDATA[]]></system-err>
      </testcase>
      <testcase name="Test Cases/Mobile/Android/Owner/SC99 Regression/TC02 Rent New Car by Category" classname="Test Cases/Mobile/Android/Owner/SC99 Regression/TC02 Rent New Car by Category" status="FAILED">
         <failure type="FAILED" message="Failed to tap on element 'Object Repository/Mobile/OR Rent New Car/android.widget.TextView17 - Rp 156.000' (Root cause: Object Object Repository/Mobile/OR Rent New Car/android.widget.TextView17 - Rp 156.000 not found)"/>
         <system-out><![CDATA[2018-06-25 16:06:35 - [TEST_CASE][FAILED] - Test Cases/Mobile/Android/Owner/SC99 Regression/TC02 Rent New Car by Category: Test Cases/Mobile/Android/Owner/SC99 Regression/TC02 Rent New Car by Category FAILED because (of) Failed to tap on element 'Object Repository/Mobile/OR Rent New Car/android.widget.TextView17 - Rp 156.000' (Root cause: Object Object Repository/Mobile/OR Rent New Car/android.widget.TextView17 - Rp 156.000 not found)

2018-06-25 16:06:36 - [TEST_STEP][NOT_RUN] - startApplication: NOT_RUN: startApplication

2018-06-25 16:06:36 - [MESSAGE][NOT_RUN] - NOT_RUN: startApplication

2018-06-25 16:06:36 - [TEST_STEP][PASSED] - tap: Tapped on element 'Object Repository/Mobile/OR Rent New Car/android.view.View3'

2018-06-25 16:06:36 - [MESSAGE][WARNING] - Timeout '0' is invalid. Using default page load timeout: '30'

2018-06-25 16:06:40 - [MESSAGE][PASSED] - Tapped on element 'Object Repository/Mobile/OR Rent New Car/android.view.View3'

2018-06-25 16:06:40 - [TEST_STEP][FAILED] - tap: Failed to tap on element 'Object Repository/Mobile/OR Rent New Car/android.widget.TextView17 - Rp 156.000' (Root cause: Object Object Repository/Mobile/OR Rent New Car/android.widget.TextView17 - Rp 156.000 not found)

2018-06-25 16:06:40 - [MESSAGE][WARNING] - Timeout '0' is invalid. Using default page load timeout: '30'

2018-06-25 16:07:14 - [MESSAGE][FAILED] - Object Object Repository/Mobile/OR Rent New Car/android.widget.TextView17 - Rp 156.000 not found
[[ATTACHMENT|C:\\Users\\ALIMSAPUTRA\\Katalon Studio\\Astra Movic\\Reports\\Mobile\\Rent Car By Category\\20180625_160416\\1529917630838.png]]

2018-06-25 16:07:18 - [MESSAGE][FAILED] - Failed to tap on element 'Object Repository/Mobile/OR Rent New Car/android.widget.TextView17 - Rp 156.000' (Root cause: Object Object Repository/Mobile/OR Rent New Car/android.widget.TextView17 - Rp 156.000 not found)
[[ATTACHMENT|C:\\Users\\ALIMSAPUTRA\\Katalon Studio\\Astra Movic\\Reports\\Mobile\\Rent Car By Category\\20180625_160416\\1529917634981.png]]]]></system-out>
         <system-err><![CDATA[2018-06-25 16:06:35 - [TEST_CASE][FAILED] - Test Cases/Mobile/Android/Owner/SC99 Regression/TC02 Rent New Car by Category: Test Cases/Mobile/Android/Owner/SC99 Regression/TC02 Rent New Car by Category FAILED because (of) Failed to tap on element 'Object Repository/Mobile/OR Rent New Car/android.widget.TextView17 - Rp 156.000' (Root cause: Object Object Repository/Mobile/OR Rent New Car/android.widget.TextView17 - Rp 156.000 not found)]]></system-err>
      </testcase>
      <system-out><![CDATA[2018-06-25 16:04:22 - [TEST_SUITE][FAILED] - Rent Car By Category: Test Cases/Mobile/Android/Owner/SC99 Regression/TC02 Rent New Car by Category FAILED because (of) Failed to tap on element 'Object Repository/Mobile/OR Rent New Car/android.widget.TextView17 - Rp 156.000' (Root cause: Object Object Repository/Mobile/OR Rent New Car/android.widget.TextView17 - Rp 156.000 not found)]]></system-out>
      <system-err><![CDATA[2018-06-25 16:04:22 - [TEST_SUITE][FAILED] - Rent Car By Category: Test Cases/Mobile/Android/Owner/SC99 Regression/TC02 Rent New Car by Category FAILED because (of) Failed to tap on element 'Object Repository/Mobile/OR Rent New Car/android.widget.TextView17 - Rp 156.000' (Root cause: Object Object Repository/Mobile/OR Rent New Car/android.widget.TextView17 - Rp 156.000 not found)]]></system-err>
   </testsuite>
</testsuites>
