<?xml version="1.0" encoding="UTF-8"?>
<testsuites name="Review customer by Owner from an order" time="125" tests="4" failures="0" errors="0">
   <testsuite name="Review customer by Owner from an order" tests="4" failures="0" errors="0" time="125" timestamp="2018-11-19 13:22:44" hostname="WGS-LAP199 - DESKTOP-QUMB1S3" id="Test Suites/Mobile/Review customer by Owner from an order">
      <properties>
         <property name="deviceName" value="Xiaomi Redmi 5 (Android 7.1.2)"/>
         <property name="devicePlatform" value=""/>
         <property name="logFolder" value="C:\\Users\\WGS-LAP199\\git\\astra-movic\\Reports\\Mobile\\Review customer by Owner from an order\\20181119_132239"/>
         <property name="logFiles" value="C:\\Users\\WGS-LAP199\\git\\astra-movic\\Reports\\Mobile\\Review customer by Owner from an order\\20181119_132239\\appium.log, C:\\Users\\WGS-LAP199\\git\\astra-movic\\Reports\\Mobile\\Review customer by Owner from an order\\20181119_132239\\execution0.log"/>
         <property name="attachments" value=""/>
         <property name="hostName" value="WGS-LAP199 - DESKTOP-QUMB1S3"/>
         <property name="os" value="Windows 10 64bit"/>
         <property name="katalonVersion" value="5.8.6.1"/>
         <property name="deviceOS" value="Android"/>
         <property name="appiumVersion" value="1.8.1"/>
         <property name="deviceModel" value="Redmi 5"/>
         <property name="hostAddress" value="10.10.11.177"/>
         <property name="deviceManufacturer" value="Xiaomi"/>
         <property name="deviceId" value="54e797627cf5"/>
         <property name="deviceName" value="Xiaomi Redmi 5 (Android 7.1.2)"/>
         <property name="deviceOSVersion" value="7.1.2"/>
      </properties>
      <testcase name="Test Cases/Mobile/Android/User/SC99 Regression/TC04 Login with email" classname="Test Cases/Mobile/Android/User/SC99 Regression/TC04 Login with email" status="PASSED">
         <system-out><![CDATA[2018-11-19 13:22:45 - [TEST_CASE][PASSED] - Test Cases/Mobile/Android/User/SC99 Regression/TC04 Login with email: Test Cases/Mobile/Android/User/SC99 Regression/TC04 Login with email

2018-11-19 13:22:46 - [TEST_STEP][PASSED] - startApplication: Started app at: 'C:\Users\WGS-LAP199\Downloads\Movic apk\Movic_0.9.7_2018-10-14-stable-debug.apk'

2018-11-19 13:23:36 - [MESSAGE][PASSED] - Started app at: 'C:\Users\WGS-LAP199\Downloads\Movic apk\Movic_0.9.7_2018-10-14-stable-debug.apk'

2018-11-19 13:23:36 - [TEST_STEP][PASSED] - tap: Tapped on element 'Object Repository/Mobile/OR Registrasi/android.widget.ImageView4'

2018-11-19 13:23:36 - [MESSAGE][WARNING] - Timeout '0' is invalid. Using default page load timeout: '30'

2018-11-19 13:23:41 - [MESSAGE][PASSED] - Tapped on element 'Object Repository/Mobile/OR Registrasi/android.widget.ImageView4'

2018-11-19 13:23:41 - [TEST_STEP][PASSED] - Statement - For (def index : (1..2)): Tapped on element 'Object Repository/Mobile/OR Registrasi/android.widget.ImageView1'

2018-11-19 13:23:41 - [TEST_STEP][PASSED] - tap: Tapped on element 'Object Repository/Mobile/OR Registrasi/android.widget.ImageView1'

2018-11-19 13:23:41 - [MESSAGE][WARNING] - Timeout '0' is invalid. Using default page load timeout: '30'

2018-11-19 13:23:42 - [MESSAGE][PASSED] - Tapped on element 'Object Repository/Mobile/OR Registrasi/android.widget.ImageView1'

2018-11-19 13:23:42 - [TEST_STEP][PASSED] - tap: Tapped on element 'Object Repository/Mobile/OR Registrasi/android.widget.ImageView1'

2018-11-19 13:23:42 - [MESSAGE][WARNING] - Timeout '0' is invalid. Using default page load timeout: '30'

2018-11-19 13:23:44 - [MESSAGE][PASSED] - Tapped on element 'Object Repository/Mobile/OR Registrasi/android.widget.ImageView1'

2018-11-19 13:23:44 - [TEST_STEP][PASSED] - tap: Tapped on element 'Object Repository/Mobile/OR Registrasi/android.widget.TextView2 - Skip'

2018-11-19 13:23:44 - [MESSAGE][WARNING] - Timeout '0' is invalid. Using default page load timeout: '30'

2018-11-19 13:23:46 - [MESSAGE][PASSED] - Tapped on element 'Object Repository/Mobile/OR Registrasi/android.widget.TextView2 - Skip'

2018-11-19 13:23:46 - [TEST_STEP][PASSED] - tap: Tapped on element 'Object Repository/Mobile/OR Login/android.widget.TextView0 - Log in'

2018-11-19 13:23:46 - [MESSAGE][WARNING] - Timeout '0' is invalid. Using default page load timeout: '30'

2018-11-19 13:23:48 - [MESSAGE][PASSED] - Tapped on element 'Object Repository/Mobile/OR Login/android.widget.TextView0 - Log in'

2018-11-19 13:23:48 - [TEST_STEP][PASSED] - setText: Text 'santi.wahyuni@wgs.co.id' has been set to element 'Object Repository/Mobile/OR Login/android.widget.EditText0'

2018-11-19 13:23:48 - [MESSAGE][WARNING] - Timeout '0' is invalid. Using default page load timeout: '30'

2018-11-19 13:23:49 - [MESSAGE][PASSED] - Text 'santi.wahyuni@wgs.co.id' has been set to element 'Object Repository/Mobile/OR Login/android.widget.EditText0'

2018-11-19 13:23:49 - [TEST_STEP][PASSED] - tap: Tapped on element 'Object Repository/Mobile/OR Login/android.widget.Button0 - Next'

2018-11-19 13:23:49 - [MESSAGE][WARNING] - Timeout '0' is invalid. Using default page load timeout: '30'

2018-11-19 13:23:52 - [MESSAGE][PASSED] - Tapped on element 'Object Repository/Mobile/OR Login/android.widget.Button0 - Next'

2018-11-19 13:23:52 - [TEST_STEP][PASSED] - setText: Text 'P@ssword789' has been set to element 'Object Repository/Mobile/OR Login/android.widget.EditText0 (1)'

2018-11-19 13:23:52 - [MESSAGE][WARNING] - Timeout '0' is invalid. Using default page load timeout: '30'

2018-11-19 13:23:53 - [MESSAGE][PASSED] - Text 'P@ssword789' has been set to element 'Object Repository/Mobile/OR Login/android.widget.EditText0 (1)'

2018-11-19 13:23:53 - [TEST_STEP][PASSED] - delay: Delayed 1 second(s)

2018-11-19 13:23:54 - [MESSAGE][PASSED] - Delayed 1 second(s)

2018-11-19 13:23:54 - [TEST_STEP][PASSED] - hideKeyboard: Keyboard is hidden

2018-11-19 13:23:57 - [MESSAGE][PASSED] - Keyboard is hidden

2018-11-19 13:23:57 - [TEST_STEP][PASSED] - tap: Tapped on element 'Object Repository/Mobile/OR Login/android.widget.Button0 - Start Movic'

2018-11-19 13:23:57 - [MESSAGE][WARNING] - Timeout '0' is invalid. Using default page load timeout: '30'

2018-11-19 13:23:58 - [MESSAGE][PASSED] - Tapped on element 'Object Repository/Mobile/OR Login/android.widget.Button0 - Start Movic'

2018-11-19 13:23:58 - [TEST_STEP][PASSED] - delay: Delayed 5 second(s)

2018-11-19 13:24:03 - [MESSAGE][PASSED] - Delayed 5 second(s)]]></system-out>
         <system-err><![CDATA[]]></system-err>
      </testcase>
      <testcase name="Test Cases/Mobile/Android/Order/SC99 Regression/TC01 My Order" classname="Test Cases/Mobile/Android/Order/SC99 Regression/TC01 My Order" status="PASSED">
         <system-out><![CDATA[2018-11-19 13:24:03 - [TEST_CASE][PASSED] - Test Cases/Mobile/Android/Order/SC99 Regression/TC01 My Order: Test Cases/Mobile/Android/Order/SC99 Regression/TC01 My Order

2018-11-19 13:24:04 - [TEST_STEP][NOT_RUN] - callTestCase: NOT_RUN: callTestCase

2018-11-19 13:24:04 - [MESSAGE][NOT_RUN] - NOT_RUN: callTestCase

2018-11-19 13:24:04 - [TEST_STEP][PASSED] - tap: Tapped on element 'Object Repository/Mobile/OR Order/android.widget.Tab - My Orders'

2018-11-19 13:24:04 - [MESSAGE][WARNING] - Timeout '0' is invalid. Using default page load timeout: '30'

2018-11-19 13:24:06 - [MESSAGE][PASSED] - Tapped on element 'Object Repository/Mobile/OR Order/android.widget.Tab - My Orders'

2018-11-19 13:24:06 - [TEST_STEP][PASSED] - delay: Delayed 5 second(s)

2018-11-19 13:24:11 - [MESSAGE][PASSED] - Delayed 5 second(s)]]></system-out>
         <system-err><![CDATA[]]></system-err>
      </testcase>
      <testcase name="Test Cases/Mobile/Android/Order/SC99 Regression/TC02 Search - My Order" classname="Test Cases/Mobile/Android/Order/SC99 Regression/TC02 Search - My Order" status="PASSED">
         <system-out><![CDATA[2018-11-19 13:24:11 - [TEST_CASE][PASSED] - Test Cases/Mobile/Android/Order/SC99 Regression/TC02 Search - My Order: Test Cases/Mobile/Android/Order/SC99 Regression/TC02 Search - My Order

2018-11-19 13:24:12 - [TEST_STEP][NOT_RUN] - callTestCase: NOT_RUN: callTestCase

2018-11-19 13:24:12 - [MESSAGE][NOT_RUN] - NOT_RUN: callTestCase

2018-11-19 13:24:12 - [TEST_STEP][PASSED] - tap: Tapped on element 'Object Repository/Mobile/OR Booking/android.widget.Tab - History'

2018-11-19 13:24:12 - [MESSAGE][WARNING] - Timeout '0' is invalid. Using default page load timeout: '30'

2018-11-19 13:24:13 - [MESSAGE][PASSED] - Tapped on element 'Object Repository/Mobile/OR Booking/android.widget.Tab - History'

2018-11-19 13:24:13 - [TEST_STEP][PASSED] - setText: Text 'Ilham Dani Saputra' has been set to element 'Object Repository/Mobile/OR Order/android.widget.EditText0 - Search my booking'

2018-11-19 13:24:13 - [MESSAGE][WARNING] - Timeout '0' is invalid. Using default page load timeout: '30'

2018-11-19 13:24:20 - [MESSAGE][PASSED] - Text 'Ilham Dani Saputra' has been set to element 'Object Repository/Mobile/OR Order/android.widget.EditText0 - Search my booking'

2018-11-19 13:24:20 - [TEST_STEP][PASSED] - tap: Tapped on element 'Object Repository/Mobile/OR Order/android.widget.ImageView6'

2018-11-19 13:24:20 - [MESSAGE][WARNING] - Timeout '0' is invalid. Using default page load timeout: '30'

2018-11-19 13:24:22 - [MESSAGE][PASSED] - Tapped on element 'Object Repository/Mobile/OR Order/android.widget.ImageView6'

2018-11-19 13:24:22 - [TEST_STEP][PASSED] - tap: Tapped on element 'Object Repository/Mobile/OR Order/android.widget.RelativeLayout9'

2018-11-19 13:24:22 - [MESSAGE][WARNING] - Timeout '0' is invalid. Using default page load timeout: '30'

2018-11-19 13:24:24 - [MESSAGE][PASSED] - Tapped on element 'Object Repository/Mobile/OR Order/android.widget.RelativeLayout9'

2018-11-19 13:24:24 - [TEST_STEP][PASSED] - delay: Delayed 5 second(s)

2018-11-19 13:24:29 - [MESSAGE][PASSED] - Delayed 5 second(s)]]></system-out>
         <system-err><![CDATA[]]></system-err>
      </testcase>
      <testcase name="Test Cases/Mobile/Android/Order/SC99 Regression/TC11 Review Customer" classname="Test Cases/Mobile/Android/Order/SC99 Regression/TC11 Review Customer" status="PASSED">
         <system-out><![CDATA[2018-11-19 13:24:29 - [TEST_CASE][PASSED] - Test Cases/Mobile/Android/Order/SC99 Regression/TC11 Review Customer: Test Cases/Mobile/Android/Order/SC99 Regression/TC11 Review Customer

2018-11-19 13:24:30 - [TEST_STEP][NOT_RUN] - callTestCase: NOT_RUN: callTestCase

2018-11-19 13:24:30 - [MESSAGE][NOT_RUN] - NOT_RUN: callTestCase

2018-11-19 13:24:30 - [TEST_STEP][PASSED] - tap: Tapped on element 'Object Repository/Mobile/OR Order/android.widget.Button0 - Review Customer'

2018-11-19 13:24:30 - [MESSAGE][WARNING] - Timeout '0' is invalid. Using default page load timeout: '30'

2018-11-19 13:24:31 - [MESSAGE][PASSED] - Tapped on element 'Object Repository/Mobile/OR Order/android.widget.Button0 - Review Customer'

2018-11-19 13:24:31 - [TEST_STEP][PASSED] - delay: Delayed 5 second(s)

2018-11-19 13:24:36 - [MESSAGE][PASSED] - Delayed 5 second(s)

2018-11-19 13:24:36 - [TEST_STEP][PASSED] - setText: Text 'Good Customer' has been set to element 'Object Repository/Mobile/OR Order/android.widget.EditText0 (1)'

2018-11-19 13:24:36 - [MESSAGE][WARNING] - Timeout '0' is invalid. Using default page load timeout: '30'

2018-11-19 13:24:38 - [MESSAGE][PASSED] - Text 'Good Customer' has been set to element 'Object Repository/Mobile/OR Order/android.widget.EditText0 (1)'

2018-11-19 13:24:38 - [TEST_STEP][PASSED] - tap: Tapped on element 'Object Repository/Mobile/OR Order/android.widget.Button0 - Send Review'

2018-11-19 13:24:38 - [MESSAGE][WARNING] - Timeout '0' is invalid. Using default page load timeout: '30'

2018-11-19 13:24:39 - [MESSAGE][PASSED] - Tapped on element 'Object Repository/Mobile/OR Order/android.widget.Button0 - Send Review'

2018-11-19 13:24:39 - [TEST_STEP][PASSED] - tap: Tapped on element 'Object Repository/Mobile/OR Order/android.widget.TextView2 - Close'

2018-11-19 13:24:39 - [MESSAGE][WARNING] - Timeout '0' is invalid. Using default page load timeout: '30'

2018-11-19 13:24:43 - [MESSAGE][PASSED] - Tapped on element 'Object Repository/Mobile/OR Order/android.widget.TextView2 - Close'

2018-11-19 13:24:43 - [TEST_STEP][PASSED] - delay: Delayed 5 second(s)

2018-11-19 13:24:48 - [MESSAGE][PASSED] - Delayed 5 second(s)]]></system-out>
         <system-err><![CDATA[]]></system-err>
      </testcase>
      <system-out><![CDATA[2018-11-19 13:22:44 - [TEST_SUITE][PASSED] - Review customer by Owner from an order: Test Cases/Mobile/Android/Order/SC99 Regression/TC11 Review Customer]]></system-out>
      <system-err><![CDATA[]]></system-err>
   </testsuite>
</testsuites>
