<?xml version="1.0" encoding="UTF-8"?>
<testsuites name="Register dan Login" time="118" tests="1" failures="0" errors="0">
   <testsuite name="Register dan Login" tests="1" failures="0" errors="0" time="118" timestamp="2018-11-08 15:28:59" hostname="WGS-LAP199 - DESKTOP-QUMB1S3" id="Test Suites/Mobile/Register dan Login">
      <properties>
         <property name="deviceName" value="Xiaomi Redmi 5 (Android 7.1.2)"/>
         <property name="devicePlatform" value=""/>
         <property name="logFolder" value="C:\\Users\\WGS-LAP199\\git\\astra-movic\\Reports\\Mobile\\Register dan Login\\20181108_152855"/>
         <property name="logFiles" value="C:\\Users\\WGS-LAP199\\git\\astra-movic\\Reports\\Mobile\\Register dan Login\\20181108_152855\\appium.log, C:\\Users\\WGS-LAP199\\git\\astra-movic\\Reports\\Mobile\\Register dan Login\\20181108_152855\\execution0.log"/>
         <property name="attachments" value=""/>
         <property name="hostName" value="WGS-LAP199 - DESKTOP-QUMB1S3"/>
         <property name="os" value="Windows 10 64bit"/>
         <property name="katalonVersion" value="5.8.6.1"/>
         <property name="deviceOS" value="Android"/>
         <property name="appiumVersion" value="1.8.1"/>
         <property name="deviceModel" value="Redmi 5"/>
         <property name="hostAddress" value="192.168.43.252"/>
         <property name="deviceManufacturer" value="Xiaomi"/>
         <property name="deviceId" value="54e797627cf5"/>
         <property name="deviceName" value="Xiaomi Redmi 5 (Android 7.1.2)"/>
         <property name="deviceOSVersion" value="7.1.2"/>
      </properties>
      <testcase name="Test Cases/Mobile/Android/User/SC99 Regression/TC03 Registrasi with google" classname="Test Cases/Mobile/Android/User/SC99 Regression/TC03 Registrasi with google" status="PASSED">
         <system-out><![CDATA[2018-11-08 15:29:00 - [TEST_CASE][PASSED] - Test Cases/Mobile/Android/User/SC99 Regression/TC03 Registrasi with google: Test Cases/Mobile/Android/User/SC99 Regression/TC03 Registrasi with google

2018-11-08 15:29:01 - [TEST_STEP][PASSED] - startApplication: Started app at: 'C:\Users\WGS-LAP199\Downloads\Movic apk\Movic_0.9.7_2018-10-14-stable-debug.apk'

2018-11-08 15:29:53 - [MESSAGE][PASSED] - Started app at: 'C:\Users\WGS-LAP199\Downloads\Movic apk\Movic_0.9.7_2018-10-14-stable-debug.apk'

2018-11-08 15:29:53 - [TEST_STEP][PASSED] - tap: Tapped on element 'Object Repository/Mobile/OR Registrasi/android.widget.ImageView4'

2018-11-08 15:29:53 - [MESSAGE][WARNING] - Timeout '0' is invalid. Using default page load timeout: '30'

2018-11-08 15:29:57 - [MESSAGE][PASSED] - Tapped on element 'Object Repository/Mobile/OR Registrasi/android.widget.ImageView4'

2018-11-08 15:29:57 - [TEST_STEP][PASSED] - Statement - For (def index : (1..2)): Tapped on element 'Object Repository/Mobile/OR Registrasi/android.widget.ImageView1'

2018-11-08 15:29:57 - [TEST_STEP][PASSED] - tap: Tapped on element 'Object Repository/Mobile/OR Registrasi/android.widget.ImageView1'

2018-11-08 15:29:57 - [MESSAGE][WARNING] - Timeout '0' is invalid. Using default page load timeout: '30'

2018-11-08 15:29:58 - [MESSAGE][PASSED] - Tapped on element 'Object Repository/Mobile/OR Registrasi/android.widget.ImageView1'

2018-11-08 15:29:58 - [TEST_STEP][PASSED] - tap: Tapped on element 'Object Repository/Mobile/OR Registrasi/android.widget.ImageView1'

2018-11-08 15:29:58 - [MESSAGE][WARNING] - Timeout '0' is invalid. Using default page load timeout: '30'

2018-11-08 15:30:00 - [MESSAGE][PASSED] - Tapped on element 'Object Repository/Mobile/OR Registrasi/android.widget.ImageView1'

2018-11-08 15:30:00 - [TEST_STEP][PASSED] - tap: Tapped on element 'Object Repository/Mobile/OR Registrasi/android.widget.TextView2 - Skip'

2018-11-08 15:30:00 - [MESSAGE][WARNING] - Timeout '0' is invalid. Using default page load timeout: '30'

2018-11-08 15:30:02 - [MESSAGE][PASSED] - Tapped on element 'Object Repository/Mobile/OR Registrasi/android.widget.TextView2 - Skip'

2018-11-08 15:30:02 - [TEST_STEP][PASSED] - tap: Tapped on element 'Object Repository/Mobile/OR Registrasi/android.widget.LinearLayout3'

2018-11-08 15:30:02 - [MESSAGE][WARNING] - Timeout '0' is invalid. Using default page load timeout: '30'

2018-11-08 15:30:05 - [MESSAGE][PASSED] - Tapped on element 'Object Repository/Mobile/OR Registrasi/android.widget.LinearLayout3'

2018-11-08 15:30:05 - [TEST_STEP][PASSED] - tap: Tapped on element 'Object Repository/Mobile/OR Registrasi/android.widget.LinearLayout8'

2018-11-08 15:30:05 - [MESSAGE][WARNING] - Timeout '0' is invalid. Using default page load timeout: '30'

2018-11-08 15:30:10 - [MESSAGE][PASSED] - Tapped on element 'Object Repository/Mobile/OR Registrasi/android.widget.LinearLayout8'

2018-11-08 15:30:10 - [TEST_STEP][PASSED] - tap: Tapped on element 'Object Repository/Mobile/OR Registrasi/TextInputLayout3 - Mobile Number'

2018-11-08 15:30:10 - [MESSAGE][WARNING] - Timeout '0' is invalid. Using default page load timeout: '30'

2018-11-08 15:30:12 - [MESSAGE][PASSED] - Tapped on element 'Object Repository/Mobile/OR Registrasi/TextInputLayout3 - Mobile Number'

2018-11-08 15:30:12 - [TEST_STEP][PASSED] - setText: Text '082117284992' has been set to element 'Object Repository/Mobile/OR Registrasi/android.widget.EditText0 (2)'

2018-11-08 15:30:12 - [MESSAGE][WARNING] - Timeout '0' is invalid. Using default page load timeout: '30'

2018-11-08 15:30:13 - [MESSAGE][PASSED] - Text '082117284992' has been set to element 'Object Repository/Mobile/OR Registrasi/android.widget.EditText0 (2)'

2018-11-08 15:30:13 - [TEST_STEP][PASSED] - delay: Delayed 1 second(s)

2018-11-08 15:30:14 - [MESSAGE][PASSED] - Delayed 1 second(s)

2018-11-08 15:30:14 - [TEST_STEP][PASSED] - hideKeyboard: Keyboard is hidden

2018-11-08 15:30:16 - [MESSAGE][PASSED] - Keyboard is hidden

2018-11-08 15:30:16 - [TEST_STEP][PASSED] - tap: Tapped on element 'Object Repository/Mobile/OR Registrasi/android.widget.Button0 - Next (1)'

2018-11-08 15:30:16 - [MESSAGE][WARNING] - Timeout '0' is invalid. Using default page load timeout: '30'

2018-11-08 15:30:18 - [MESSAGE][PASSED] - Tapped on element 'Object Repository/Mobile/OR Registrasi/android.widget.Button0 - Next (1)'

2018-11-08 15:30:18 - [TEST_STEP][PASSED] - delay: Delayed 10 second(s)

2018-11-08 15:30:28 - [MESSAGE][PASSED] - Delayed 10 second(s)

2018-11-08 15:30:28 - [TEST_STEP][PASSED] - setText: Text 'P@ssword123' has been set to element 'Object Repository/Mobile/OR Registrasi/android.widget.EditText0 (3)'

2018-11-08 15:30:28 - [MESSAGE][WARNING] - Timeout '0' is invalid. Using default page load timeout: '30'

2018-11-08 15:30:38 - [MESSAGE][PASSED] - Text 'P@ssword123' has been set to element 'Object Repository/Mobile/OR Registrasi/android.widget.EditText0 (3)'

2018-11-08 15:30:38 - [TEST_STEP][PASSED] - delay: Delayed 1 second(s)

2018-11-08 15:30:39 - [MESSAGE][PASSED] - Delayed 1 second(s)

2018-11-08 15:30:39 - [TEST_STEP][PASSED] - hideKeyboard: Keyboard is hidden

2018-11-08 15:30:41 - [MESSAGE][PASSED] - Keyboard is hidden

2018-11-08 15:30:41 - [TEST_STEP][PASSED] - tap: Tapped on element 'Object Repository/Mobile/OR Registrasi/android.widget.Button0 - Next (3)'

2018-11-08 15:30:41 - [MESSAGE][WARNING] - Timeout '0' is invalid. Using default page load timeout: '30'

2018-11-08 15:30:44 - [MESSAGE][PASSED] - Tapped on element 'Object Repository/Mobile/OR Registrasi/android.widget.Button0 - Next (3)'

2018-11-08 15:30:44 - [TEST_STEP][PASSED] - setText: Text 'TESTCU983' has been set to element 'Object Repository/Mobile/OR Registrasi/android.widget.EditText0 (4)'

2018-11-08 15:30:44 - [MESSAGE][WARNING] - Timeout '0' is invalid. Using default page load timeout: '30'

2018-11-08 15:30:45 - [MESSAGE][PASSED] - Text 'TESTCU983' has been set to element 'Object Repository/Mobile/OR Registrasi/android.widget.EditText0 (4)'

2018-11-08 15:30:45 - [TEST_STEP][PASSED] - delay: Delayed 1 second(s)

2018-11-08 15:30:46 - [MESSAGE][PASSED] - Delayed 1 second(s)

2018-11-08 15:30:46 - [TEST_STEP][PASSED] - hideKeyboard: Keyboard is hidden

2018-11-08 15:30:47 - [MESSAGE][PASSED] - Keyboard is hidden

2018-11-08 15:30:48 - [TEST_STEP][PASSED] - tap: Tapped on element 'Object Repository/Mobile/OR Registrasi/android.widget.TextView2 - Check'

2018-11-08 15:30:48 - [MESSAGE][WARNING] - Timeout '0' is invalid. Using default page load timeout: '30'

2018-11-08 15:30:49 - [MESSAGE][PASSED] - Tapped on element 'Object Repository/Mobile/OR Registrasi/android.widget.TextView2 - Check'

2018-11-08 15:30:49 - [TEST_STEP][PASSED] - tap: Tapped on element 'Object Repository/Mobile/OR Registrasi/android.widget.Button0 - Save'

2018-11-08 15:30:49 - [MESSAGE][WARNING] - Timeout '0' is invalid. Using default page load timeout: '30'

2018-11-08 15:30:51 - [MESSAGE][PASSED] - Tapped on element 'Object Repository/Mobile/OR Registrasi/android.widget.Button0 - Save'

2018-11-08 15:30:51 - [TEST_STEP][PASSED] - delay: Delayed 5 second(s)

2018-11-08 15:30:56 - [MESSAGE][PASSED] - Delayed 5 second(s)

2018-11-08 15:30:56 - [TEST_STEP][PASSED] - closeApplication: Close app successfully

2018-11-08 15:30:57 - [MESSAGE][PASSED] - Close app successfully]]></system-out>
         <system-err><![CDATA[]]></system-err>
      </testcase>
      <system-out><![CDATA[2018-11-08 15:28:59 - [TEST_SUITE][PASSED] - Register dan Login: Test Cases/Mobile/Android/User/SC99 Regression/TC03 Registrasi with google]]></system-out>
      <system-err><![CDATA[]]></system-err>
   </testsuite>
</testsuites>
