<?xml version="1.0" encoding="UTF-8"?>
<testsuites name="Customer search and see data booking in menu My Booking" time="139" tests="3" failures="0" errors="0">
   <testsuite name="Customer search and see data booking in menu My Booking" tests="3" failures="0" errors="0" time="139" timestamp="2018-11-14 14:34:15" hostname="WGS-LAP199 - DESKTOP-QUMB1S3" id="Test Suites/Mobile/Customer search and see data booking in menu My Booking">
      <properties>
         <property name="deviceName" value="Xiaomi Redmi 5 (Android 7.1.2)"/>
         <property name="devicePlatform" value=""/>
         <property name="logFolder" value="C:\\Users\\WGS-LAP199\\git\\astra-movic\\Reports\\Mobile\\Customer search and see data booking in menu My Booking\\20181114_143410"/>
         <property name="logFiles" value="C:\\Users\\WGS-LAP199\\git\\astra-movic\\Reports\\Mobile\\Customer search and see data booking in menu My Booking\\20181114_143410\\appium.log, C:\\Users\\WGS-LAP199\\git\\astra-movic\\Reports\\Mobile\\Customer search and see data booking in menu My Booking\\20181114_143410\\execution0.log"/>
         <property name="attachments" value=""/>
         <property name="hostName" value="WGS-LAP199 - DESKTOP-QUMB1S3"/>
         <property name="os" value="Windows 10 64bit"/>
         <property name="katalonVersion" value="5.8.6.1"/>
         <property name="deviceOS" value="Android"/>
         <property name="appiumVersion" value="1.8.1"/>
         <property name="deviceModel" value="Redmi 5"/>
         <property name="hostAddress" value="10.10.10.109"/>
         <property name="deviceManufacturer" value="Xiaomi"/>
         <property name="deviceId" value="54e797627cf5"/>
         <property name="deviceName" value="Xiaomi Redmi 5 (Android 7.1.2)"/>
         <property name="deviceOSVersion" value="7.1.2"/>
      </properties>
      <testcase name="Test Cases/Mobile/Android/User/SC99 Regression/TC04 Login with email" classname="Test Cases/Mobile/Android/User/SC99 Regression/TC04 Login with email" status="PASSED">
         <system-out><![CDATA[2018-11-14 14:34:17 - [TEST_CASE][PASSED] - Test Cases/Mobile/Android/User/SC99 Regression/TC04 Login with email: Test Cases/Mobile/Android/User/SC99 Regression/TC04 Login with email

2018-11-14 14:34:18 - [TEST_STEP][PASSED] - startApplication: Started app at: 'C:\Users\WGS-LAP199\Downloads\Movic apk\Movic_0.9.7_2018-10-14-stable-debug.apk'

2018-11-14 14:35:10 - [MESSAGE][PASSED] - Started app at: 'C:\Users\WGS-LAP199\Downloads\Movic apk\Movic_0.9.7_2018-10-14-stable-debug.apk'

2018-11-14 14:35:10 - [TEST_STEP][PASSED] - tap: Tapped on element 'Object Repository/Mobile/OR Registrasi/android.widget.ImageView4'

2018-11-14 14:35:10 - [MESSAGE][WARNING] - Timeout '0' is invalid. Using default page load timeout: '30'

2018-11-14 14:35:14 - [MESSAGE][PASSED] - Tapped on element 'Object Repository/Mobile/OR Registrasi/android.widget.ImageView4'

2018-11-14 14:35:14 - [TEST_STEP][PASSED] - Statement - For (def index : (1..2)): Tapped on element 'Object Repository/Mobile/OR Registrasi/android.widget.ImageView1'

2018-11-14 14:35:14 - [TEST_STEP][PASSED] - tap: Tapped on element 'Object Repository/Mobile/OR Registrasi/android.widget.ImageView1'

2018-11-14 14:35:15 - [MESSAGE][WARNING] - Timeout '0' is invalid. Using default page load timeout: '30'

2018-11-14 14:35:16 - [MESSAGE][PASSED] - Tapped on element 'Object Repository/Mobile/OR Registrasi/android.widget.ImageView1'

2018-11-14 14:35:16 - [TEST_STEP][PASSED] - tap: Tapped on element 'Object Repository/Mobile/OR Registrasi/android.widget.ImageView1'

2018-11-14 14:35:16 - [MESSAGE][WARNING] - Timeout '0' is invalid. Using default page load timeout: '30'

2018-11-14 14:35:17 - [MESSAGE][PASSED] - Tapped on element 'Object Repository/Mobile/OR Registrasi/android.widget.ImageView1'

2018-11-14 14:35:17 - [TEST_STEP][PASSED] - tap: Tapped on element 'Object Repository/Mobile/OR Registrasi/android.widget.TextView2 - Skip'

2018-11-14 14:35:17 - [MESSAGE][WARNING] - Timeout '0' is invalid. Using default page load timeout: '30'

2018-11-14 14:35:20 - [MESSAGE][PASSED] - Tapped on element 'Object Repository/Mobile/OR Registrasi/android.widget.TextView2 - Skip'

2018-11-14 14:35:20 - [TEST_STEP][PASSED] - tap: Tapped on element 'Object Repository/Mobile/OR Login/android.widget.TextView0 - Log in'

2018-11-14 14:35:20 - [MESSAGE][WARNING] - Timeout '0' is invalid. Using default page load timeout: '30'

2018-11-14 14:35:21 - [MESSAGE][PASSED] - Tapped on element 'Object Repository/Mobile/OR Login/android.widget.TextView0 - Log in'

2018-11-14 14:35:21 - [TEST_STEP][PASSED] - setText: Text 'santi.wahyuni@wgs.co.id' has been set to element 'Object Repository/Mobile/OR Login/android.widget.EditText0'

2018-11-14 14:35:22 - [MESSAGE][WARNING] - Timeout '0' is invalid. Using default page load timeout: '30'

2018-11-14 14:35:23 - [MESSAGE][PASSED] - Text 'santi.wahyuni@wgs.co.id' has been set to element 'Object Repository/Mobile/OR Login/android.widget.EditText0'

2018-11-14 14:35:23 - [TEST_STEP][PASSED] - tap: Tapped on element 'Object Repository/Mobile/OR Login/android.widget.Button0 - Next'

2018-11-14 14:35:23 - [MESSAGE][WARNING] - Timeout '0' is invalid. Using default page load timeout: '30'

2018-11-14 14:35:26 - [MESSAGE][PASSED] - Tapped on element 'Object Repository/Mobile/OR Login/android.widget.Button0 - Next'

2018-11-14 14:35:26 - [TEST_STEP][PASSED] - setText: Text 'P@ssword789' has been set to element 'Object Repository/Mobile/OR Login/android.widget.EditText0 (1)'

2018-11-14 14:35:26 - [MESSAGE][WARNING] - Timeout '0' is invalid. Using default page load timeout: '30'

2018-11-14 14:35:27 - [MESSAGE][PASSED] - Text 'P@ssword789' has been set to element 'Object Repository/Mobile/OR Login/android.widget.EditText0 (1)'

2018-11-14 14:35:27 - [TEST_STEP][PASSED] - delay: Delayed 1 second(s)

2018-11-14 14:35:28 - [MESSAGE][PASSED] - Delayed 1 second(s)

2018-11-14 14:35:28 - [TEST_STEP][PASSED] - hideKeyboard: Keyboard is hidden

2018-11-14 14:35:30 - [MESSAGE][PASSED] - Keyboard is hidden

2018-11-14 14:35:30 - [TEST_STEP][PASSED] - tap: Tapped on element 'Object Repository/Mobile/OR Login/android.widget.Button0 - Start Movic'

2018-11-14 14:35:30 - [MESSAGE][WARNING] - Timeout '0' is invalid. Using default page load timeout: '30'

2018-11-14 14:35:32 - [MESSAGE][PASSED] - Tapped on element 'Object Repository/Mobile/OR Login/android.widget.Button0 - Start Movic'

2018-11-14 14:35:32 - [TEST_STEP][PASSED] - delay: Delayed 5 second(s)

2018-11-14 14:35:37 - [MESSAGE][PASSED] - Delayed 5 second(s)]]></system-out>
         <system-err><![CDATA[]]></system-err>
      </testcase>
      <testcase name="Test Cases/Mobile/Android/Booking/SC99 Regression/TC12 Search - My Booking" classname="Test Cases/Mobile/Android/Booking/SC99 Regression/TC12 Search - My Booking" status="PASSED">
         <system-out><![CDATA[2018-11-14 14:35:37 - [TEST_CASE][PASSED] - Test Cases/Mobile/Android/Booking/SC99 Regression/TC12 Search - My Booking: Test Cases/Mobile/Android/Booking/SC99 Regression/TC12 Search - My Booking

2018-11-14 14:35:38 - [TEST_STEP][NOT_RUN] - callTestCase: NOT_RUN: callTestCase

2018-11-14 14:35:38 - [MESSAGE][NOT_RUN] - NOT_RUN: callTestCase

2018-11-14 14:35:38 - [TEST_STEP][PASSED] - tap: Tapped on element 'Object Repository/Mobile/OR Booking/android.widget.Tab - My Bookings'

2018-11-14 14:35:38 - [MESSAGE][WARNING] - Timeout '0' is invalid. Using default page load timeout: '30'

2018-11-14 14:35:40 - [MESSAGE][PASSED] - Tapped on element 'Object Repository/Mobile/OR Booking/android.widget.Tab - My Bookings'

2018-11-14 14:35:40 - [TEST_STEP][PASSED] - setText: Text 'Chevrolet' has been set to element 'Object Repository/Mobile/OR Booking/android.widget.EditText0 - Search my booking'

2018-11-14 14:35:40 - [MESSAGE][WARNING] - Timeout '0' is invalid. Using default page load timeout: '30'

2018-11-14 14:35:41 - [MESSAGE][PASSED] - Text 'Chevrolet' has been set to element 'Object Repository/Mobile/OR Booking/android.widget.EditText0 - Search my booking'

2018-11-14 14:35:41 - [TEST_STEP][PASSED] - tap: Tapped on element 'Object Repository/Mobile/OR Booking/android.widget.ImageView4'

2018-11-14 14:35:41 - [MESSAGE][WARNING] - Timeout '0' is invalid. Using default page load timeout: '30'

2018-11-14 14:35:43 - [MESSAGE][PASSED] - Tapped on element 'Object Repository/Mobile/OR Booking/android.widget.ImageView4'

2018-11-14 14:35:43 - [TEST_STEP][PASSED] - delay: Delayed 5 second(s)

2018-11-14 14:35:48 - [MESSAGE][PASSED] - Delayed 5 second(s)]]></system-out>
         <system-err><![CDATA[]]></system-err>
      </testcase>
      <testcase name="Test Cases/Mobile/Android/Booking/SC99 Regression/TC14 Booking Details - My Booking" classname="Test Cases/Mobile/Android/Booking/SC99 Regression/TC14 Booking Details - My Booking" status="PASSED">
         <system-out><![CDATA[2018-11-14 14:35:48 - [TEST_CASE][PASSED] - Test Cases/Mobile/Android/Booking/SC99 Regression/TC14 Booking Details - My Booking: Test Cases/Mobile/Android/Booking/SC99 Regression/TC14 Booking Details - My Booking

2018-11-14 14:35:49 - [TEST_STEP][NOT_RUN] - callTestCase: NOT_RUN: callTestCase

2018-11-14 14:35:49 - [MESSAGE][NOT_RUN] - NOT_RUN: callTestCase

2018-11-14 14:35:49 - [TEST_STEP][PASSED] - tap: Tapped on element 'Object Repository/Mobile/OR Booking/android.widget.RelativeLayout7 (1)'

2018-11-14 14:35:49 - [MESSAGE][WARNING] - Timeout '0' is invalid. Using default page load timeout: '30'

2018-11-14 14:35:52 - [MESSAGE][PASSED] - Tapped on element 'Object Repository/Mobile/OR Booking/android.widget.RelativeLayout7 (1)'

2018-11-14 14:35:52 - [TEST_STEP][PASSED] - tap: Tapped on element 'Object Repository/Mobile/OR Booking/android.widget.TextLink - See detail status'

2018-11-14 14:35:52 - [MESSAGE][WARNING] - Timeout '0' is invalid. Using default page load timeout: '30'

2018-11-14 14:35:54 - [MESSAGE][PASSED] - Tapped on element 'Object Repository/Mobile/OR Booking/android.widget.TextLink - See detail status'

2018-11-14 14:35:54 - [TEST_STEP][PASSED] - tap: Tapped on element 'Object Repository/Mobile/OR Booking/android.widget.ImageView0'

2018-11-14 14:35:54 - [MESSAGE][WARNING] - Timeout '0' is invalid. Using default page load timeout: '30'

2018-11-14 14:35:58 - [MESSAGE][PASSED] - Tapped on element 'Object Repository/Mobile/OR Booking/android.widget.ImageView0'

2018-11-14 14:35:58 - [TEST_STEP][PASSED] - scrollToText: Scrolling to text 'payment with' successfully

2018-11-14 14:36:01 - [MESSAGE][PASSED] - Scrolling to text 'payment with' successfully

2018-11-14 14:36:01 - [TEST_STEP][PASSED] - tap: Tapped on element 'Object Repository/Mobile/OR Booking/android.widget.Dropdown'

2018-11-14 14:36:01 - [MESSAGE][WARNING] - Timeout '0' is invalid. Using default page load timeout: '30'

2018-11-14 14:36:03 - [MESSAGE][PASSED] - Tapped on element 'Object Repository/Mobile/OR Booking/android.widget.Dropdown'

2018-11-14 14:36:03 - [TEST_STEP][PASSED] - scrollToText: Scrolling to text 'Total Price' successfully

2018-11-14 14:36:04 - [MESSAGE][PASSED] - Scrolling to text 'Total Price' successfully

2018-11-14 14:36:04 - [TEST_STEP][PASSED] - delay: Delayed 2 second(s)

2018-11-14 14:36:06 - [MESSAGE][PASSED] - Delayed 2 second(s)

2018-11-14 14:36:06 - [TEST_STEP][PASSED] - tap: Tapped on element 'Object Repository/Mobile/OR Booking/android.widget.ImageView0'

2018-11-14 14:36:06 - [MESSAGE][WARNING] - Timeout '0' is invalid. Using default page load timeout: '30'

2018-11-14 14:36:08 - [MESSAGE][PASSED] - Tapped on element 'Object Repository/Mobile/OR Booking/android.widget.ImageView0'

2018-11-14 14:36:08 - [TEST_STEP][PASSED] - tap: Tapped on element 'Object Repository/Mobile/OR Booking/android.widget.Tab - History'

2018-11-14 14:36:08 - [MESSAGE][WARNING] - Timeout '0' is invalid. Using default page load timeout: '30'

2018-11-14 14:36:10 - [MESSAGE][PASSED] - Tapped on element 'Object Repository/Mobile/OR Booking/android.widget.Tab - History'

2018-11-14 14:36:10 - [TEST_STEP][PASSED] - clearText: Element 'Object Repository/Mobile/OR Booking/android.widget.EditText0 - Chevrolet' text is cleared

2018-11-14 14:36:10 - [MESSAGE][WARNING] - Timeout '0' is invalid. Using default page load timeout: '30'

2018-11-14 14:36:10 - [MESSAGE][PASSED] - Element 'Object Repository/Mobile/OR Booking/android.widget.EditText0 - Chevrolet' text is cleared

2018-11-14 14:36:10 - [TEST_STEP][PASSED] - setText: Text 'Isuzu' has been set to element 'Object Repository/Mobile/OR Booking/android.widget.EditText0 - Search my booking'

2018-11-14 14:36:10 - [MESSAGE][WARNING] - Timeout '0' is invalid. Using default page load timeout: '30'

2018-11-14 14:36:13 - [MESSAGE][PASSED] - Text 'Isuzu' has been set to element 'Object Repository/Mobile/OR Booking/android.widget.EditText0 - Search my booking'

2018-11-14 14:36:13 - [TEST_STEP][PASSED] - tap: Tapped on element 'Object Repository/Mobile/OR Booking/android.widget.ImageView4'

2018-11-14 14:36:13 - [MESSAGE][WARNING] - Timeout '0' is invalid. Using default page load timeout: '30'

2018-11-14 14:36:15 - [MESSAGE][PASSED] - Tapped on element 'Object Repository/Mobile/OR Booking/android.widget.ImageView4'

2018-11-14 14:36:15 - [TEST_STEP][PASSED] - tap: Tapped on element 'Object Repository/Mobile/OR Booking/android.widget.RelativeLayout7 (1)'

2018-11-14 14:36:15 - [MESSAGE][WARNING] - Timeout '0' is invalid. Using default page load timeout: '30'

2018-11-14 14:36:17 - [MESSAGE][PASSED] - Tapped on element 'Object Repository/Mobile/OR Booking/android.widget.RelativeLayout7 (1)'

2018-11-14 14:36:17 - [TEST_STEP][PASSED] - tap: Tapped on element 'Object Repository/Mobile/OR Booking/android.widget.TextLink - See detail status'

2018-11-14 14:36:17 - [MESSAGE][WARNING] - Timeout '0' is invalid. Using default page load timeout: '30'

2018-11-14 14:36:18 - [MESSAGE][PASSED] - Tapped on element 'Object Repository/Mobile/OR Booking/android.widget.TextLink - See detail status'

2018-11-14 14:36:18 - [TEST_STEP][PASSED] - tap: Tapped on element 'Object Repository/Mobile/OR Booking/android.widget.ImageView0'

2018-11-14 14:36:18 - [MESSAGE][WARNING] - Timeout '0' is invalid. Using default page load timeout: '30'

2018-11-14 14:36:22 - [MESSAGE][PASSED] - Tapped on element 'Object Repository/Mobile/OR Booking/android.widget.ImageView0'

2018-11-14 14:36:22 - [TEST_STEP][PASSED] - scrollToText: Scrolling to text 'payment with' successfully

2018-11-14 14:36:25 - [MESSAGE][PASSED] - Scrolling to text 'payment with' successfully

2018-11-14 14:36:25 - [TEST_STEP][PASSED] - tap: Tapped on element 'Object Repository/Mobile/OR Booking/android.widget.Dropdown'

2018-11-14 14:36:25 - [MESSAGE][WARNING] - Timeout '0' is invalid. Using default page load timeout: '30'

2018-11-14 14:36:26 - [MESSAGE][PASSED] - Tapped on element 'Object Repository/Mobile/OR Booking/android.widget.Dropdown'

2018-11-14 14:36:26 - [TEST_STEP][PASSED] - scrollToText: Scrolling to text 'Total Price' successfully

2018-11-14 14:36:27 - [MESSAGE][PASSED] - Scrolling to text 'Total Price' successfully

2018-11-14 14:36:27 - [TEST_STEP][PASSED] - delay: Delayed 5 second(s)

2018-11-14 14:36:32 - [MESSAGE][PASSED] - Delayed 5 second(s)]]></system-out>
         <system-err><![CDATA[]]></system-err>
      </testcase>
      <system-out><![CDATA[2018-11-14 14:34:15 - [TEST_SUITE][PASSED] - Customer search and see data booking in menu My Booking: Test Cases/Mobile/Android/Booking/SC99 Regression/TC14 Booking Details - My Booking]]></system-out>
      <system-err><![CDATA[]]></system-err>
   </testsuite>
</testsuites>
