<?xml version="1.0" encoding="UTF-8"?>
<testsuites name="Login dan Become Owner" time="115" tests="2" failures="0" errors="0">
   <testsuite name="Login dan Become Owner" tests="2" failures="0" errors="0" time="115" timestamp="2018-06-26 11:00:48" hostname="Sandi - DESKTOP-IO1HPO8" id="Test Suites/Front-End/Login dan Become Owner">
      <properties>
         <property name="deviceName" value=""/>
         <property name="devicePlatform" value=""/>
         <property name="logFolder" value="C:\\Users\\Sandi\\Documents\\Katalon Projects\\Projects\\Astra Movic\\Reports\\Front-End\\Login dan Become Owner\\20180626_110046"/>
         <property name="logFiles" value="C:\\Users\\Sandi\\Documents\\Katalon Projects\\Projects\\Astra Movic\\Reports\\Front-End\\Login dan Become Owner\\20180626_110046\\execution0.log"/>
         <property name="attachments" value=""/>
         <property name="hostName" value="Sandi - DESKTOP-IO1HPO8"/>
         <property name="os" value="Windows 10 64bit"/>
         <property name="katalonVersion" value="5.3.0.1"/>
         <property name="browser" value="Chrome 67.0.3396.87"/>
         <property name="hostAddress" value="10.10.10.233"/>
         <property name="sessionId" value="0846b921d7df6c56a6f0047ceb834924"/>
         <property name="seleniumVersion" value="3.7.1"/>
         <property name="proxyInformation" value="ProxyInformation{proxyOption=NO_PROXY, proxyServerType=, password=, proxyServerAddress=, proxyServerPort=0}"/>
         <property name="platform" value="Windows 10"/>
      </properties>
      <testcase name="Test Cases/Front-End/User/SC99 Regression/TC04 Login Biasa with email" classname="Test Cases/Front-End/User/SC99 Regression/TC04 Login Biasa with email" status="PASSED">
         <system-out><![CDATA[2018-06-26 11:00:49 - [TEST_CASE][PASSED] - Test Cases/Front-End/User/SC99 Regression/TC04 Login Biasa with email: Test Cases/Front-End/User/SC99 Regression/TC04 Login Biasa with email

2018-06-26 11:00:49 - [TEST_STEP][PASSED] - openBrowser: Browser is opened with url: ''

2018-06-26 11:00:54 - [MESSAGE][PASSED] - Browser is opened with url: ''

2018-06-26 11:00:54 - [TEST_STEP][PASSED] - maximizeWindow: Current window maximized

2018-06-26 11:00:56 - [MESSAGE][PASSED] - Current window maximized

2018-06-26 11:00:56 - [TEST_STEP][PASSED] - navigateToUrl: Navigate to 'http://movic.stagingapps.net/home' successfully

2018-06-26 11:01:22 - [MESSAGE][PASSED] - Navigate to 'http://movic.stagingapps.net/home' successfully

2018-06-26 11:01:22 - [TEST_STEP][PASSED] - waitForPageLoad: Wait for page load successfully

2018-06-26 11:01:23 - [MESSAGE][PASSED] - Wait for page load successfully

2018-06-26 11:01:23 - [TEST_STEP][PASSED] - click: Object: 'Object Repository/Front-End/OR Login Biasa with email/Page_Home/a_Masuk' is clicked on

2018-06-26 11:01:25 - [MESSAGE][PASSED] - Object: 'Object Repository/Front-End/OR Login Biasa with email/Page_Home/a_Masuk' is clicked on

2018-06-26 11:01:25 - [TEST_STEP][PASSED] - setText: Text 'ali.msaputra01@gmail.com' is set on object 'Object Repository/Front-End/OR Login Biasa with email/Page_Home/input_form-control ng-untouche'

2018-06-26 11:01:29 - [MESSAGE][PASSED] - Text 'ali.msaputra01@gmail.com' is set on object 'Object Repository/Front-End/OR Login Biasa with email/Page_Home/input_form-control ng-untouche'

2018-06-26 11:01:29 - [TEST_STEP][PASSED] - setText: Text 'Walden1234' is set on object 'Object Repository/Front-End/OR Login Biasa with email/Page_Home/input_form-control ng-touched'

2018-06-26 11:01:34 - [MESSAGE][PASSED] - Text 'Walden1234' is set on object 'Object Repository/Front-End/OR Login Biasa with email/Page_Home/input_form-control ng-touched'

2018-06-26 11:01:34 - [TEST_STEP][PASSED] - click: Object: 'Object Repository/Front-End/OR Login Biasa with email/Page_Home/button_MASUK' is clicked on

2018-06-26 11:01:36 - [MESSAGE][PASSED] - Object: 'Object Repository/Front-End/OR Login Biasa with email/Page_Home/button_MASUK' is clicked on

2018-06-26 11:01:36 - [TEST_STEP][PASSED] - verifyElementVisible: Object 'Object Repository/Front-End/OR Login Biasa with email/Page_Home/div_i  SuccessTerimakasih Anda' is visible

2018-06-26 11:01:38 - [MESSAGE][PASSED] - Object 'Object Repository/Front-End/OR Login Biasa with email/Page_Home/div_i  SuccessTerimakasih Anda' is visible]]></system-out>
         <system-err><![CDATA[]]></system-err>
      </testcase>
      <testcase name="Test Cases/Front-End/Owner/SC01 Validasi Photo/TC06 Upload menggunakan gallery" classname="Test Cases/Front-End/Owner/SC01 Validasi Photo/TC06 Upload menggunakan gallery" status="PASSED">
         <system-out><![CDATA[2018-06-26 11:01:38 - [TEST_CASE][PASSED] - Test Cases/Front-End/Owner/SC01 Validasi Photo/TC06 Upload menggunakan gallery: Test Cases/Front-End/Owner/SC01 Validasi Photo/TC06 Upload menggunakan gallery

2018-06-26 11:01:38 - [TEST_STEP][NOT_RUN] - openBrowser: NOT_RUN: openBrowser

2018-06-26 11:01:38 - [MESSAGE][NOT_RUN] - NOT_RUN: openBrowser

2018-06-26 11:01:38 - [TEST_STEP][NOT_RUN] - maximizeWindow: NOT_RUN: maximizeWindow

2018-06-26 11:01:38 - [MESSAGE][NOT_RUN] - NOT_RUN: maximizeWindow

2018-06-26 11:01:38 - [TEST_STEP][NOT_RUN] - navigateToUrl: NOT_RUN: navigateToUrl

2018-06-26 11:01:38 - [MESSAGE][NOT_RUN] - NOT_RUN: navigateToUrl

2018-06-26 11:01:38 - [TEST_STEP][NOT_RUN] - waitForPageLoad: NOT_RUN: waitForPageLoad

2018-06-26 11:01:38 - [MESSAGE][NOT_RUN] - NOT_RUN: waitForPageLoad

2018-06-26 11:01:38 - [TEST_STEP][NOT_RUN] - click: NOT_RUN: click

2018-06-26 11:01:38 - [MESSAGE][NOT_RUN] - NOT_RUN: click

2018-06-26 11:01:38 - [TEST_STEP][NOT_RUN] - setText: NOT_RUN: setText

2018-06-26 11:01:38 - [MESSAGE][NOT_RUN] - NOT_RUN: setText

2018-06-26 11:01:38 - [TEST_STEP][NOT_RUN] - setText: NOT_RUN: setText

2018-06-26 11:01:38 - [MESSAGE][NOT_RUN] - NOT_RUN: setText

2018-06-26 11:01:38 - [TEST_STEP][NOT_RUN] - click: NOT_RUN: click

2018-06-26 11:01:38 - [MESSAGE][NOT_RUN] - NOT_RUN: click

2018-06-26 11:01:38 - [TEST_STEP][PASSED] - delay: Delayed 3 second(s)

2018-06-26 11:01:41 - [MESSAGE][PASSED] - Delayed 3 second(s)

2018-06-26 11:01:41 - [TEST_STEP][PASSED] - refresh: Refresh successfully

2018-06-26 11:02:08 - [MESSAGE][PASSED] - Refresh successfully

2018-06-26 11:02:08 - [TEST_STEP][PASSED] - click: Object: 'Object Repository/Front-End/OR Upload menggunakan Gallery/Page_Home/a_Bergabung menjadi Vehicle Ow' is clicked on

2018-06-26 11:02:10 - [MESSAGE][PASSED] - Object: 'Object Repository/Front-End/OR Upload menggunakan Gallery/Page_Home/a_Bergabung menjadi Vehicle Ow' is clicked on

2018-06-26 11:02:10 - [TEST_STEP][PASSED] - click: Object: 'Object Repository/Front-End/OR Upload menggunakan Gallery/Page_Become Owner/a_Bergabung Menjadi Pemilik Mo' is clicked on

2018-06-26 11:02:12 - [MESSAGE][PASSED] - Object: 'Object Repository/Front-End/OR Upload menggunakan Gallery/Page_Become Owner/a_Bergabung Menjadi Pemilik Mo' is clicked on

2018-06-26 11:02:12 - [TEST_STEP][PASSED] - delay: Delayed 3 second(s)

2018-06-26 11:02:15 - [MESSAGE][PASSED] - Delayed 3 second(s)

2018-06-26 11:02:15 - [TEST_STEP][PASSED] - WebUICustomKeyword.uploadFile: WebUICustomKeyword.uploadFile is PASSED

2018-06-26 11:02:18 - [MESSAGE][PASSED] - Object: 'Object Repository/Front-End/OR Upload menggunakan Gallery/Page_Become Owner Register/span_Upload Gambar' is clicked on

2018-06-26 11:02:18 - [MESSAGE][PASSED] - WebUICustomKeyword.uploadFile is PASSED

2018-06-26 11:02:18 - [TEST_STEP][PASSED] - delay: Delayed 3 second(s)

2018-06-26 11:02:21 - [MESSAGE][PASSED] - Delayed 3 second(s)

2018-06-26 11:02:21 - [TEST_STEP][PASSED] - WebUICustomKeyword.uploadFile: WebUICustomKeyword.uploadFile is PASSED

2018-06-26 11:02:23 - [MESSAGE][PASSED] - Object: 'Object Repository/Front-End/OR Upload menggunakan Gallery/Page_Become Owner Register/span_Upload Gambar (1)' is clicked on

2018-06-26 11:02:23 - [MESSAGE][PASSED] - WebUICustomKeyword.uploadFile is PASSED

2018-06-26 11:02:23 - [TEST_STEP][PASSED] - delay: Delayed 5 second(s)

2018-06-26 11:02:28 - [MESSAGE][PASSED] - Delayed 5 second(s)

2018-06-26 11:02:28 - [TEST_STEP][PASSED] - WebUICustomKeyword.uploadFile: WebUICustomKeyword.uploadFile is PASSED

2018-06-26 11:02:30 - [MESSAGE][PASSED] - Object: 'Object Repository/Front-End/OR Upload menggunakan Gallery/Page_Become Owner Register/span_Upload Gambar (2)' is clicked on

2018-06-26 11:02:30 - [MESSAGE][PASSED] - WebUICustomKeyword.uploadFile is PASSED

2018-06-26 11:02:30 - [TEST_STEP][PASSED] - delay: Delayed 10 second(s)

2018-06-26 11:02:40 - [MESSAGE][PASSED] - Delayed 10 second(s)

2018-06-26 11:02:40 - [TEST_STEP][PASSED] - click: Object: 'Object Repository/Front-End/OR Upload menggunakan Gallery/Page_Become Owner Register/button_LANJUTKAN' is clicked on

2018-06-26 11:02:42 - [MESSAGE][PASSED] - Object: 'Object Repository/Front-End/OR Upload menggunakan Gallery/Page_Become Owner Register/button_LANJUTKAN' is clicked on]]></system-out>
         <system-err><![CDATA[]]></system-err>
      </testcase>
      <system-out><![CDATA[2018-06-26 11:00:48 - [TEST_SUITE][PASSED] - Login dan Become Owner: Test Cases/Front-End/Owner/SC01 Validasi Photo/TC06 Upload menggunakan gallery]]></system-out>
      <system-err><![CDATA[]]></system-err>
   </testsuite>
</testsuites>
