<?xml version="1.0" encoding="UTF-8"?>
<testsuites name="Become Owner" time="261" tests="1" failures="1" errors="0">
   <testsuite name="Become Owner" tests="1" failures="1" errors="0" time="261" timestamp="2018-06-26 06:14:56" hostname="ALIMSAPUTRA - DESKTOP-5G7MA8C" id="Test Suites/Mobile/Become Owner">
      <properties>
         <property name="deviceName" value="samsung SM-J320G (Android 5.1.1)"/>
         <property name="devicePlatform" value=""/>
         <property name="logFolder" value="C:\\Users\\ALIMSAPUTRA\\Katalon Studio\\Astra Movic\\Reports\\Mobile\\Become Owner\\20180626_061453"/>
         <property name="logFiles" value="C:\\Users\\ALIMSAPUTRA\\Katalon Studio\\Astra Movic\\Reports\\Mobile\\Become Owner\\20180626_061453\\appium.log, C:\\Users\\ALIMSAPUTRA\\Katalon Studio\\Astra Movic\\Reports\\Mobile\\Become Owner\\20180626_061453\\execution0.log"/>
         <property name="attachments" value=""/>
         <property name="hostName" value="ALIMSAPUTRA - DESKTOP-5G7MA8C"/>
         <property name="os" value="Windows 10 64bit"/>
         <property name="katalonVersion" value="5.3.0.1"/>
         <property name="deviceOS" value="Android"/>
         <property name="appiumVersion" value="1.8.1"/>
         <property name="deviceModel" value="SM-J320G"/>
         <property name="hostAddress" value="192.168.43.170"/>
         <property name="deviceManufacturer" value="samsung"/>
         <property name="deviceId" value="4200d20faae66400"/>
         <property name="deviceName" value="samsung SM-J320G (Android 5.1.1)"/>
         <property name="deviceOSVersion" value="5.1.1"/>
      </properties>
      <testcase name="Test Cases/Mobile/Android/User/SC99 Regression/TC04 Login biasa with email" classname="Test Cases/Mobile/Android/User/SC99 Regression/TC04 Login biasa with email" status="PASSED">
         <system-out><![CDATA[2018-06-26 06:14:57 - [TEST_CASE][PASSED] - Test Cases/Mobile/Android/User/SC99 Regression/TC04 Login biasa with email: Test Cases/Mobile/Android/User/SC99 Regression/TC04 Login biasa with email

2018-06-26 06:14:58 - [TEST_STEP][PASSED] - startApplication: Started app at: 'C:\Users\ALIMSAPUTRA\Downloads\Movic_0.3.2_2018-05-30-debug.apk'

2018-06-26 06:16:46 - [MESSAGE][PASSED] - Started app at: 'C:\Users\ALIMSAPUTRA\Downloads\Movic_0.3.2_2018-05-30-debug.apk'

2018-06-26 06:16:46 - [TEST_STEP][PASSED] - tap: Tapped on element 'Object Repository/Mobile/OR Login biasa with email/android.widget.TextView3 - Indonesia'

2018-06-26 06:16:46 - [MESSAGE][WARNING] - Timeout '0' is invalid. Using default page load timeout: '30'

2018-06-26 06:16:49 - [MESSAGE][PASSED] - Tapped on element 'Object Repository/Mobile/OR Login biasa with email/android.widget.TextView3 - Indonesia'

2018-06-26 06:16:49 - [TEST_STEP][PASSED] - tap: Tapped on element 'Object Repository/Mobile/OR Login biasa with email/android.widget.ImageView4'

2018-06-26 06:16:49 - [MESSAGE][WARNING] - Timeout '0' is invalid. Using default page load timeout: '30'

2018-06-26 06:16:51 - [MESSAGE][PASSED] - Tapped on element 'Object Repository/Mobile/OR Login biasa with email/android.widget.ImageView4'

2018-06-26 06:16:51 - [TEST_STEP][PASSED] - tap: Tapped on element 'Object Repository/Mobile/OR Login biasa with email/android.widget.TextView2 - Lewati'

2018-06-26 06:16:51 - [MESSAGE][WARNING] - Timeout '0' is invalid. Using default page load timeout: '30'

2018-06-26 06:16:53 - [MESSAGE][PASSED] - Tapped on element 'Object Repository/Mobile/OR Login biasa with email/android.widget.TextView2 - Lewati'

2018-06-26 06:16:53 - [TEST_STEP][PASSED] - tap: Tapped on element 'Object Repository/Mobile/OR Login biasa with email/android.widget.TextView0 - Log in'

2018-06-26 06:16:53 - [MESSAGE][WARNING] - Timeout '0' is invalid. Using default page load timeout: '30'

2018-06-26 06:16:54 - [MESSAGE][PASSED] - Tapped on element 'Object Repository/Mobile/OR Login biasa with email/android.widget.TextView0 - Log in'

2018-06-26 06:16:54 - [TEST_STEP][PASSED] - setText: Text 'ali.saputra@wgs.co.id' has been set to element 'Object Repository/Mobile/OR Login biasa with email/android.widget.EditText0'

2018-06-26 06:16:54 - [MESSAGE][WARNING] - Timeout '0' is invalid. Using default page load timeout: '30'

2018-06-26 06:17:08 - [MESSAGE][PASSED] - Text 'ali.saputra@wgs.co.id' has been set to element 'Object Repository/Mobile/OR Login biasa with email/android.widget.EditText0'

2018-06-26 06:17:08 - [TEST_STEP][PASSED] - tap: Tapped on element 'Object Repository/Mobile/OR Login biasa with email/android.widget.Button0 - Next'

2018-06-26 06:17:08 - [MESSAGE][WARNING] - Timeout '0' is invalid. Using default page load timeout: '30'

2018-06-26 06:17:09 - [MESSAGE][PASSED] - Tapped on element 'Object Repository/Mobile/OR Login biasa with email/android.widget.Button0 - Next'

2018-06-26 06:17:09 - [TEST_STEP][PASSED] - tap: Tapped on element 'Object Repository/Mobile/OR Login biasa with email/android.widget.EditText0 (1)'

2018-06-26 06:17:09 - [MESSAGE][WARNING] - Timeout '0' is invalid. Using default page load timeout: '30'

2018-06-26 06:17:16 - [MESSAGE][PASSED] - Tapped on element 'Object Repository/Mobile/OR Login biasa with email/android.widget.EditText0 (1)'

2018-06-26 06:17:16 - [TEST_STEP][PASSED] - setText: Text 'Walden1234' has been set to element 'Object Repository/Mobile/OR Login biasa with email/android.widget.EditText0 (1)'

2018-06-26 06:17:16 - [MESSAGE][WARNING] - Timeout '0' is invalid. Using default page load timeout: '30'

2018-06-26 06:17:30 - [MESSAGE][PASSED] - Text 'Walden1234' has been set to element 'Object Repository/Mobile/OR Login biasa with email/android.widget.EditText0 (1)'

2018-06-26 06:17:30 - [TEST_STEP][PASSED] - tap: Tapped on element 'Object Repository/Mobile/OR Login biasa with email/android.widget.Button0 - Mulai Movic'

2018-06-26 06:17:30 - [MESSAGE][WARNING] - Timeout '0' is invalid. Using default page load timeout: '30'

2018-06-26 06:17:31 - [MESSAGE][PASSED] - Tapped on element 'Object Repository/Mobile/OR Login biasa with email/android.widget.Button0 - Mulai Movic'

2018-06-26 06:17:31 - [TEST_STEP][PASSED] - verifyElementVisible: Element 'Object Repository/Mobile/OR Login biasa with email/android.widget.ImageView0' is visible

2018-06-26 06:17:31 - [MESSAGE][WARNING] - Timeout '0' is invalid. Using default page load timeout: '30'

2018-06-26 06:17:34 - [MESSAGE][PASSED] - Element 'Object Repository/Mobile/OR Login biasa with email/android.widget.ImageView0' is visible

2018-06-26 06:17:34 - [TEST_STEP][NOT_RUN] - closeApplication: NOT_RUN: closeApplication

2018-06-26 06:17:34 - [MESSAGE][NOT_RUN] - NOT_RUN: closeApplication]]></system-out>
         <system-err><![CDATA[]]></system-err>
      </testcase>
      <testcase name="Test Cases/Mobile/Android/Owner/SC99 Regression/TC01 Become Owner" classname="Test Cases/Mobile/Android/Owner/SC99 Regression/TC01 Become Owner" status="FAILED">
         <failure type="FAILED" message="Failed to set text into element (Root cause: Object Object Repository/Mobile/OR Become Owner/android.widget.EditText0 (1) not found)"/>
         <system-out><![CDATA[2018-06-26 06:17:34 - [TEST_CASE][FAILED] - Test Cases/Mobile/Android/Owner/SC99 Regression/TC01 Become Owner: Test Cases/Mobile/Android/Owner/SC99 Regression/TC01 Become Owner FAILED because (of) Failed to set text into element (Root cause: Object Object Repository/Mobile/OR Become Owner/android.widget.EditText0 (1) not found)

2018-06-26 06:17:35 - [TEST_STEP][NOT_RUN] - startApplication: NOT_RUN: startApplication

2018-06-26 06:17:35 - [MESSAGE][NOT_RUN] - NOT_RUN: startApplication

2018-06-26 06:17:35 - [TEST_STEP][PASSED] - tap: Tapped on element 'Object Repository/Mobile/OR Become Owner/android.widget.ImageView0'

2018-06-26 06:17:35 - [MESSAGE][WARNING] - Timeout '0' is invalid. Using default page load timeout: '30'

2018-06-26 06:17:36 - [MESSAGE][PASSED] - Tapped on element 'Object Repository/Mobile/OR Become Owner/android.widget.ImageView0'

2018-06-26 06:17:36 - [TEST_STEP][PASSED] - tap: Tapped on element 'Object Repository/Mobile/OR Become Owner/android.widget.TextView15 - Switch to vehicle owner'

2018-06-26 06:17:36 - [MESSAGE][WARNING] - Timeout '0' is invalid. Using default page load timeout: '30'

2018-06-26 06:17:38 - [MESSAGE][PASSED] - Tapped on element 'Object Repository/Mobile/OR Become Owner/android.widget.TextView15 - Switch to vehicle owner'

2018-06-26 06:17:38 - [TEST_STEP][PASSED] - tap: Tapped on element 'Object Repository/Mobile/OR Become Owner/android.widget.Button0 - Get Started'

2018-06-26 06:17:38 - [MESSAGE][WARNING] - Timeout '0' is invalid. Using default page load timeout: '30'

2018-06-26 06:17:40 - [MESSAGE][PASSED] - Tapped on element 'Object Repository/Mobile/OR Become Owner/android.widget.Button0 - Get Started'

2018-06-26 06:17:40 - [TEST_STEP][PASSED] - tap: Tapped on element 'Object Repository/Mobile/OR Become Owner/android.widget.Button0 - Ok'

2018-06-26 06:17:40 - [MESSAGE][WARNING] - Timeout '0' is invalid. Using default page load timeout: '30'

2018-06-26 06:17:42 - [MESSAGE][PASSED] - Tapped on element 'Object Repository/Mobile/OR Become Owner/android.widget.Button0 - Ok'

2018-06-26 06:17:42 - [TEST_STEP][PASSED] - tap: Tapped on element 'Object Repository/Mobile/OR Become Owner/android.widget.ImageView2'

2018-06-26 06:17:42 - [MESSAGE][WARNING] - Timeout '0' is invalid. Using default page load timeout: '30'

2018-06-26 06:17:44 - [MESSAGE][PASSED] - Tapped on element 'Object Repository/Mobile/OR Become Owner/android.widget.ImageView2'

2018-06-26 06:17:44 - [TEST_STEP][PASSED] - tap: Tapped on element 'Object Repository/Mobile/OR Become Owner/android.widget.Button0 - Use This Photo'

2018-06-26 06:17:44 - [MESSAGE][WARNING] - Timeout '0' is invalid. Using default page load timeout: '30'

2018-06-26 06:17:45 - [MESSAGE][PASSED] - Tapped on element 'Object Repository/Mobile/OR Become Owner/android.widget.Button0 - Use This Photo'

2018-06-26 06:17:45 - [TEST_STEP][PASSED] - tap: Tapped on element 'Object Repository/Mobile/OR Become Owner/android.widget.Button0 - Ok (1)'

2018-06-26 06:17:45 - [MESSAGE][WARNING] - Timeout '0' is invalid. Using default page load timeout: '30'

2018-06-26 06:17:53 - [MESSAGE][PASSED] - Tapped on element 'Object Repository/Mobile/OR Become Owner/android.widget.Button0 - Ok (1)'

2018-06-26 06:17:53 - [TEST_STEP][PASSED] - tap: Tapped on element 'Object Repository/Mobile/OR Become Owner/android.widget.ImageView2'

2018-06-26 06:17:53 - [MESSAGE][WARNING] - Timeout '0' is invalid. Using default page load timeout: '30'

2018-06-26 06:17:54 - [MESSAGE][PASSED] - Tapped on element 'Object Repository/Mobile/OR Become Owner/android.widget.ImageView2'

2018-06-26 06:17:54 - [TEST_STEP][PASSED] - tap: Tapped on element 'Object Repository/Mobile/OR Become Owner/android.widget.Button0 - Use This Photo'

2018-06-26 06:17:54 - [MESSAGE][WARNING] - Timeout '0' is invalid. Using default page load timeout: '30'

2018-06-26 06:17:55 - [MESSAGE][PASSED] - Tapped on element 'Object Repository/Mobile/OR Become Owner/android.widget.Button0 - Use This Photo'

2018-06-26 06:17:55 - [TEST_STEP][PASSED] - tap: Tapped on element 'Object Repository/Mobile/OR Become Owner/android.widget.Button0 - Ok (1)'

2018-06-26 06:17:55 - [MESSAGE][WARNING] - Timeout '0' is invalid. Using default page load timeout: '30'

2018-06-26 06:18:08 - [MESSAGE][PASSED] - Tapped on element 'Object Repository/Mobile/OR Become Owner/android.widget.Button0 - Ok (1)'

2018-06-26 06:18:08 - [TEST_STEP][PASSED] - tap: Tapped on element 'Object Repository/Mobile/OR Become Owner/android.widget.ImageView2'

2018-06-26 06:18:08 - [MESSAGE][WARNING] - Timeout '0' is invalid. Using default page load timeout: '30'

2018-06-26 06:18:10 - [MESSAGE][PASSED] - Tapped on element 'Object Repository/Mobile/OR Become Owner/android.widget.ImageView2'

2018-06-26 06:18:10 - [TEST_STEP][PASSED] - tap: Tapped on element 'Object Repository/Mobile/OR Become Owner/android.widget.Button0 - Use This Photo'

2018-06-26 06:18:10 - [MESSAGE][WARNING] - Timeout '0' is invalid. Using default page load timeout: '30'

2018-06-26 06:18:11 - [MESSAGE][PASSED] - Tapped on element 'Object Repository/Mobile/OR Become Owner/android.widget.Button0 - Use This Photo'

2018-06-26 06:18:11 - [TEST_STEP][PASSED] - tap: Tapped on element 'Object Repository/Mobile/OR Become Owner/android.widget.ImageView1'

2018-06-26 06:18:11 - [MESSAGE][WARNING] - Timeout '0' is invalid. Using default page load timeout: '30'

2018-06-26 06:18:17 - [MESSAGE][PASSED] - Tapped on element 'Object Repository/Mobile/OR Become Owner/android.widget.ImageView1'

2018-06-26 06:18:17 - [TEST_STEP][PASSED] - tap: Tapped on element 'Object Repository/Mobile/OR Become Owner/android.widget.ImageView2'

2018-06-26 06:18:17 - [MESSAGE][WARNING] - Timeout '0' is invalid. Using default page load timeout: '30'

2018-06-26 06:18:18 - [MESSAGE][PASSED] - Tapped on element 'Object Repository/Mobile/OR Become Owner/android.widget.ImageView2'

2018-06-26 06:18:18 - [TEST_STEP][PASSED] - tap: Tapped on element 'Object Repository/Mobile/OR Become Owner/android.widget.Button0 - Next'

2018-06-26 06:18:18 - [MESSAGE][WARNING] - Timeout '0' is invalid. Using default page load timeout: '30'

2018-06-26 06:18:20 - [MESSAGE][PASSED] - Tapped on element 'Object Repository/Mobile/OR Become Owner/android.widget.Button0 - Next'

2018-06-26 06:18:20 - [TEST_STEP][PASSED] - setText: Text 'Ali Rental' has been set to element 'Object Repository/Mobile/OR Become Owner/android.widget.EditText0'

2018-06-26 06:18:20 - [MESSAGE][WARNING] - Timeout '0' is invalid. Using default page load timeout: '30'

2018-06-26 06:18:33 - [MESSAGE][PASSED] - Text 'Ali Rental' has been set to element 'Object Repository/Mobile/OR Become Owner/android.widget.EditText0'

2018-06-26 06:18:33 - [TEST_STEP][PASSED] - tap: Tapped on element 'Object Repository/Mobile/OR Become Owner/android.widget.Button0 - Next (1)'

2018-06-26 06:18:33 - [MESSAGE][WARNING] - Timeout '0' is invalid. Using default page load timeout: '30'

2018-06-26 06:18:34 - [MESSAGE][PASSED] - Tapped on element 'Object Repository/Mobile/OR Become Owner/android.widget.Button0 - Next (1)'

2018-06-26 06:18:34 - [TEST_STEP][PASSED] - tap: Tapped on element 'Object Repository/Mobile/OR Become Owner/android.widget.LinearLayout3'

2018-06-26 06:18:34 - [MESSAGE][WARNING] - Timeout '0' is invalid. Using default page load timeout: '30'

2018-06-26 06:18:38 - [MESSAGE][PASSED] - Tapped on element 'Object Repository/Mobile/OR Become Owner/android.widget.LinearLayout3'

2018-06-26 06:18:38 - [TEST_STEP][PASSED] - tap: Tapped on element 'Object Repository/Mobile/OR Become Owner/android.widget.Button0 - Confirm'

2018-06-26 06:18:38 - [MESSAGE][WARNING] - Timeout '0' is invalid. Using default page load timeout: '30'

2018-06-26 06:18:40 - [MESSAGE][PASSED] - Tapped on element 'Object Repository/Mobile/OR Become Owner/android.widget.Button0 - Confirm'

2018-06-26 06:18:40 - [TEST_STEP][FAILED] - setText: Failed to set text into element (Root cause: Object Object Repository/Mobile/OR Become Owner/android.widget.EditText0 (1) not found)

2018-06-26 06:18:40 - [MESSAGE][WARNING] - Timeout '0' is invalid. Using default page load timeout: '30'

2018-06-26 06:19:10 - [MESSAGE][FAILED] - Object Object Repository/Mobile/OR Become Owner/android.widget.EditText0 (1) not found

2018-06-26 06:19:10 - [MESSAGE][FAILED] - Failed to set text into element (Root cause: Object Object Repository/Mobile/OR Become Owner/android.widget.EditText0 (1) not found)]]></system-out>
         <system-err><![CDATA[2018-06-26 06:17:34 - [TEST_CASE][FAILED] - Test Cases/Mobile/Android/Owner/SC99 Regression/TC01 Become Owner: Test Cases/Mobile/Android/Owner/SC99 Regression/TC01 Become Owner FAILED because (of) Failed to set text into element (Root cause: Object Object Repository/Mobile/OR Become Owner/android.widget.EditText0 (1) not found)]]></system-err>
      </testcase>
      <system-out><![CDATA[2018-06-26 06:14:56 - [TEST_SUITE][FAILED] - Become Owner: Test Cases/Mobile/Android/Owner/SC99 Regression/TC01 Become Owner FAILED because (of) Failed to set text into element (Root cause: Object Object Repository/Mobile/OR Become Owner/android.widget.EditText0 (1) not found)]]></system-out>
      <system-err><![CDATA[2018-06-26 06:14:56 - [TEST_SUITE][FAILED] - Become Owner: Test Cases/Mobile/Android/Owner/SC99 Regression/TC01 Become Owner FAILED because (of) Failed to set text into element (Root cause: Object Object Repository/Mobile/OR Become Owner/android.widget.EditText0 (1) not found)]]></system-err>
   </testsuite>
</testsuites>
