<?xml version="1.0" encoding="UTF-8"?>
<testsuites name="Edit Profile" time="300" tests="2" failures="0" errors="0">
   <testsuite name="Edit Profile" tests="2" failures="0" errors="0" time="300" timestamp="2018-11-15 11:04:33" hostname="WGS-LAP199 - DESKTOP-QUMB1S3" id="Test Suites/Mobile/Edit Profile">
      <properties>
         <property name="deviceName" value="Xiaomi Redmi 5 (Android 7.1.2)"/>
         <property name="devicePlatform" value=""/>
         <property name="logFolder" value="C:\\Users\\WGS-LAP199\\git\\astra-movic\\Reports\\Mobile\\Edit Profile\\20181115_110429"/>
         <property name="logFiles" value="C:\\Users\\WGS-LAP199\\git\\astra-movic\\Reports\\Mobile\\Edit Profile\\20181115_110429\\appium.log, C:\\Users\\WGS-LAP199\\git\\astra-movic\\Reports\\Mobile\\Edit Profile\\20181115_110429\\execution0.log"/>
         <property name="attachments" value=""/>
         <property name="hostName" value="WGS-LAP199 - DESKTOP-QUMB1S3"/>
         <property name="os" value="Windows 10 64bit"/>
         <property name="katalonVersion" value="5.8.6.1"/>
         <property name="deviceOS" value="Android"/>
         <property name="appiumVersion" value="1.8.1"/>
         <property name="deviceModel" value="Redmi 5"/>
         <property name="hostAddress" value="10.10.10.109"/>
         <property name="deviceManufacturer" value="Xiaomi"/>
         <property name="deviceId" value="54e797627cf5"/>
         <property name="deviceName" value="Xiaomi Redmi 5 (Android 7.1.2)"/>
         <property name="deviceOSVersion" value="7.1.2"/>
      </properties>
      <testcase name="Test Cases/Mobile/Android/User/SC99 Regression/TC04 Login with email" classname="Test Cases/Mobile/Android/User/SC99 Regression/TC04 Login with email" status="PASSED">
         <system-out><![CDATA[2018-11-15 11:04:34 - [TEST_CASE][PASSED] - Test Cases/Mobile/Android/User/SC99 Regression/TC04 Login with email: Test Cases/Mobile/Android/User/SC99 Regression/TC04 Login with email

2018-11-15 11:04:35 - [TEST_STEP][PASSED] - startApplication: Started app at: 'C:\Users\WGS-LAP199\Downloads\Movic apk\Movic_0.9.7_2018-10-14-stable-debug.apk'

2018-11-15 11:05:24 - [MESSAGE][PASSED] - Started app at: 'C:\Users\WGS-LAP199\Downloads\Movic apk\Movic_0.9.7_2018-10-14-stable-debug.apk'

2018-11-15 11:05:24 - [TEST_STEP][PASSED] - tap: Tapped on element 'Object Repository/Mobile/OR Registrasi/android.widget.ImageView4'

2018-11-15 11:05:24 - [MESSAGE][WARNING] - Timeout '0' is invalid. Using default page load timeout: '30'

2018-11-15 11:05:29 - [MESSAGE][PASSED] - Tapped on element 'Object Repository/Mobile/OR Registrasi/android.widget.ImageView4'

2018-11-15 11:05:29 - [TEST_STEP][PASSED] - Statement - For (def index : (1..2)): Tapped on element 'Object Repository/Mobile/OR Registrasi/android.widget.ImageView1'

2018-11-15 11:05:29 - [TEST_STEP][PASSED] - tap: Tapped on element 'Object Repository/Mobile/OR Registrasi/android.widget.ImageView1'

2018-11-15 11:05:29 - [MESSAGE][WARNING] - Timeout '0' is invalid. Using default page load timeout: '30'

2018-11-15 11:05:30 - [MESSAGE][PASSED] - Tapped on element 'Object Repository/Mobile/OR Registrasi/android.widget.ImageView1'

2018-11-15 11:05:30 - [TEST_STEP][PASSED] - tap: Tapped on element 'Object Repository/Mobile/OR Registrasi/android.widget.ImageView1'

2018-11-15 11:05:30 - [MESSAGE][WARNING] - Timeout '0' is invalid. Using default page load timeout: '30'

2018-11-15 11:05:32 - [MESSAGE][PASSED] - Tapped on element 'Object Repository/Mobile/OR Registrasi/android.widget.ImageView1'

2018-11-15 11:05:32 - [TEST_STEP][PASSED] - tap: Tapped on element 'Object Repository/Mobile/OR Registrasi/android.widget.TextView2 - Skip'

2018-11-15 11:05:32 - [MESSAGE][WARNING] - Timeout '0' is invalid. Using default page load timeout: '30'

2018-11-15 11:05:34 - [MESSAGE][PASSED] - Tapped on element 'Object Repository/Mobile/OR Registrasi/android.widget.TextView2 - Skip'

2018-11-15 11:05:34 - [TEST_STEP][PASSED] - tap: Tapped on element 'Object Repository/Mobile/OR Login/android.widget.TextView0 - Log in'

2018-11-15 11:05:34 - [MESSAGE][WARNING] - Timeout '0' is invalid. Using default page load timeout: '30'

2018-11-15 11:05:36 - [MESSAGE][PASSED] - Tapped on element 'Object Repository/Mobile/OR Login/android.widget.TextView0 - Log in'

2018-11-15 11:05:36 - [TEST_STEP][PASSED] - setText: Text 'santi.wahyuni@wgs.co.id' has been set to element 'Object Repository/Mobile/OR Login/android.widget.EditText0'

2018-11-15 11:05:36 - [MESSAGE][WARNING] - Timeout '0' is invalid. Using default page load timeout: '30'

2018-11-15 11:05:37 - [MESSAGE][PASSED] - Text 'santi.wahyuni@wgs.co.id' has been set to element 'Object Repository/Mobile/OR Login/android.widget.EditText0'

2018-11-15 11:05:37 - [TEST_STEP][PASSED] - tap: Tapped on element 'Object Repository/Mobile/OR Login/android.widget.Button0 - Next'

2018-11-15 11:05:37 - [MESSAGE][WARNING] - Timeout '0' is invalid. Using default page load timeout: '30'

2018-11-15 11:05:40 - [MESSAGE][PASSED] - Tapped on element 'Object Repository/Mobile/OR Login/android.widget.Button0 - Next'

2018-11-15 11:05:40 - [TEST_STEP][PASSED] - setText: Text 'P@ssword789' has been set to element 'Object Repository/Mobile/OR Login/android.widget.EditText0 (1)'

2018-11-15 11:05:40 - [MESSAGE][WARNING] - Timeout '0' is invalid. Using default page load timeout: '30'

2018-11-15 11:05:41 - [MESSAGE][PASSED] - Text 'P@ssword789' has been set to element 'Object Repository/Mobile/OR Login/android.widget.EditText0 (1)'

2018-11-15 11:05:41 - [TEST_STEP][PASSED] - delay: Delayed 1 second(s)

2018-11-15 11:05:42 - [MESSAGE][PASSED] - Delayed 1 second(s)

2018-11-15 11:05:42 - [TEST_STEP][PASSED] - hideKeyboard: Keyboard is hidden

2018-11-15 11:05:44 - [MESSAGE][PASSED] - Keyboard is hidden

2018-11-15 11:05:44 - [TEST_STEP][PASSED] - tap: Tapped on element 'Object Repository/Mobile/OR Login/android.widget.Button0 - Start Movic'

2018-11-15 11:05:44 - [MESSAGE][WARNING] - Timeout '0' is invalid. Using default page load timeout: '30'

2018-11-15 11:05:45 - [MESSAGE][PASSED] - Tapped on element 'Object Repository/Mobile/OR Login/android.widget.Button0 - Start Movic'

2018-11-15 11:05:45 - [TEST_STEP][PASSED] - delay: Delayed 5 second(s)

2018-11-15 11:05:50 - [MESSAGE][PASSED] - Delayed 5 second(s)]]></system-out>
         <system-err><![CDATA[]]></system-err>
      </testcase>
      <testcase name="Test Cases/Mobile/Android/User/SC99 Regression/TC12 Edit profile profile" classname="Test Cases/Mobile/Android/User/SC99 Regression/TC12 Edit profile profile" status="PASSED">
         <system-out><![CDATA[2018-11-15 11:05:50 - [TEST_CASE][PASSED] - Test Cases/Mobile/Android/User/SC99 Regression/TC12 Edit profile profile: Test Cases/Mobile/Android/User/SC99 Regression/TC12 Edit profile profile

2018-11-15 11:05:51 - [TEST_STEP][NOT_RUN] - callTestCase: NOT_RUN: callTestCase

2018-11-15 11:05:51 - [MESSAGE][NOT_RUN] - NOT_RUN: callTestCase

2018-11-15 11:05:51 - [TEST_STEP][PASSED] - delay: Delayed 5 second(s)

2018-11-15 11:05:56 - [MESSAGE][PASSED] - Delayed 5 second(s)

2018-11-15 11:05:56 - [TEST_STEP][PASSED] - tap: Tapped on element 'Object Repository/Mobile/OR Profile/android.widget.ImageView0'

2018-11-15 11:05:56 - [MESSAGE][WARNING] - Timeout '0' is invalid. Using default page load timeout: '30'

2018-11-15 11:07:18 - [MESSAGE][PASSED] - Tapped on element 'Object Repository/Mobile/OR Profile/android.widget.ImageView0'

2018-11-15 11:07:18 - [TEST_STEP][PASSED] - tap: Tapped on element 'Object Repository/Mobile/OR Profile/android.widget.LinearLayout12'

2018-11-15 11:07:18 - [MESSAGE][WARNING] - Timeout '0' is invalid. Using default page load timeout: '30'

2018-11-15 11:08:31 - [MESSAGE][PASSED] - Tapped on element 'Object Repository/Mobile/OR Profile/android.widget.LinearLayout12'

2018-11-15 11:08:31 - [TEST_STEP][PASSED] - tap: Tapped on element 'Object Repository/Mobile/OR Profile/android.widget.TextView5 - Edit Profile'

2018-11-15 11:08:31 - [MESSAGE][WARNING] - Timeout '0' is invalid. Using default page load timeout: '30'

2018-11-15 11:08:33 - [MESSAGE][PASSED] - Tapped on element 'Object Repository/Mobile/OR Profile/android.widget.TextView5 - Edit Profile'

2018-11-15 11:08:33 - [TEST_STEP][PASSED] - clearText: Element 'Object Repository/Mobile/OR Profile/android.widget.EditText0 - Santi Riham' text is cleared

2018-11-15 11:08:33 - [MESSAGE][WARNING] - Timeout '0' is invalid. Using default page load timeout: '30'

2018-11-15 11:09:01 - [MESSAGE][PASSED] - Element 'Object Repository/Mobile/OR Profile/android.widget.EditText0 - Santi Riham' text is cleared

2018-11-15 11:09:01 - [TEST_STEP][PASSED] - setText: Text 'Quality' has been set to element 'Object Repository/Mobile/OR Profile/android.widget.EditText0'

2018-11-15 11:09:01 - [MESSAGE][WARNING] - Timeout '0' is invalid. Using default page load timeout: '30'

2018-11-15 11:09:02 - [MESSAGE][PASSED] - Text 'Quality' has been set to element 'Object Repository/Mobile/OR Profile/android.widget.EditText0'

2018-11-15 11:09:02 - [TEST_STEP][PASSED] - clearText: Element 'Object Repository/Mobile/OR Profile/android.widget.EditText1 - Wahyuni' text is cleared

2018-11-15 11:09:02 - [MESSAGE][WARNING] - Timeout '0' is invalid. Using default page load timeout: '30'

2018-11-15 11:09:03 - [MESSAGE][PASSED] - Element 'Object Repository/Mobile/OR Profile/android.widget.EditText1 - Wahyuni' text is cleared

2018-11-15 11:09:03 - [TEST_STEP][PASSED] - setText: Text 'Assurance' has been set to element 'Object Repository/Mobile/OR Profile/android.widget.EditText1'

2018-11-15 11:09:03 - [MESSAGE][WARNING] - Timeout '0' is invalid. Using default page load timeout: '30'

2018-11-15 11:09:05 - [MESSAGE][PASSED] - Text 'Assurance' has been set to element 'Object Repository/Mobile/OR Profile/android.widget.EditText1'

2018-11-15 11:09:05 - [TEST_STEP][PASSED] - tap: Tapped on element 'Object Repository/Mobile/OR Profile/android.widget.TextView5 - Female'

2018-11-15 11:09:05 - [MESSAGE][WARNING] - Timeout '0' is invalid. Using default page load timeout: '30'

2018-11-15 11:09:06 - [MESSAGE][PASSED] - Tapped on element 'Object Repository/Mobile/OR Profile/android.widget.TextView5 - Female'

2018-11-15 11:09:06 - [TEST_STEP][PASSED] - tap: Tapped on element 'Object Repository/Mobile/OR Profile/android.widget.TextView0 - Male'

2018-11-15 11:09:06 - [MESSAGE][WARNING] - Timeout '0' is invalid. Using default page load timeout: '30'

2018-11-15 11:09:07 - [MESSAGE][PASSED] - Tapped on element 'Object Repository/Mobile/OR Profile/android.widget.TextView0 - Male'

2018-11-15 11:09:07 - [TEST_STEP][PASSED] - tap: Tapped on element 'Object Repository/Mobile/OR Profile/android.widget.TextView7 - 19 Dec 1992'

2018-11-15 11:09:07 - [MESSAGE][WARNING] - Timeout '0' is invalid. Using default page load timeout: '30'

2018-11-15 11:09:09 - [MESSAGE][PASSED] - Tapped on element 'Object Repository/Mobile/OR Profile/android.widget.TextView7 - 19 Dec 1992'

2018-11-15 11:09:09 - [TEST_STEP][PASSED] - Statement - For (def index : (1..5)): Tapped on element 'Object Repository/Mobile/OR Profile/android.widget.ImageButton0'

2018-11-15 11:09:09 - [TEST_STEP][PASSED] - tap: Tapped on element 'Object Repository/Mobile/OR Profile/android.widget.ImageButton0'

2018-11-15 11:09:09 - [MESSAGE][WARNING] - Timeout '0' is invalid. Using default page load timeout: '30'

2018-11-15 11:09:10 - [MESSAGE][PASSED] - Tapped on element 'Object Repository/Mobile/OR Profile/android.widget.ImageButton0'

2018-11-15 11:09:10 - [TEST_STEP][PASSED] - tap: Tapped on element 'Object Repository/Mobile/OR Profile/android.widget.ImageButton0'

2018-11-15 11:09:11 - [MESSAGE][WARNING] - Timeout '0' is invalid. Using default page load timeout: '30'

2018-11-15 11:09:12 - [MESSAGE][PASSED] - Tapped on element 'Object Repository/Mobile/OR Profile/android.widget.ImageButton0'

2018-11-15 11:09:12 - [TEST_STEP][PASSED] - tap: Tapped on element 'Object Repository/Mobile/OR Profile/android.widget.ImageButton0'

2018-11-15 11:09:12 - [MESSAGE][WARNING] - Timeout '0' is invalid. Using default page load timeout: '30'

2018-11-15 11:09:13 - [MESSAGE][PASSED] - Tapped on element 'Object Repository/Mobile/OR Profile/android.widget.ImageButton0'

2018-11-15 11:09:13 - [TEST_STEP][PASSED] - tap: Tapped on element 'Object Repository/Mobile/OR Profile/android.widget.ImageButton0'

2018-11-15 11:09:13 - [MESSAGE][WARNING] - Timeout '0' is invalid. Using default page load timeout: '30'

2018-11-15 11:09:14 - [MESSAGE][PASSED] - Tapped on element 'Object Repository/Mobile/OR Profile/android.widget.ImageButton0'

2018-11-15 11:09:14 - [TEST_STEP][PASSED] - tap: Tapped on element 'Object Repository/Mobile/OR Profile/android.widget.ImageButton0'

2018-11-15 11:09:14 - [MESSAGE][WARNING] - Timeout '0' is invalid. Using default page load timeout: '30'

2018-11-15 11:09:15 - [MESSAGE][PASSED] - Tapped on element 'Object Repository/Mobile/OR Profile/android.widget.ImageButton0'

2018-11-15 11:09:15 - [TEST_STEP][PASSED] - delay: Delayed 5 second(s)

2018-11-15 11:09:20 - [MESSAGE][PASSED] - Delayed 5 second(s)

2018-11-15 11:09:20 - [TEST_STEP][PASSED] - tap: Tapped on element 'Object Repository/Mobile/OR Profile/android.widget.Button1 - OK'

2018-11-15 11:09:20 - [MESSAGE][WARNING] - Timeout '0' is invalid. Using default page load timeout: '30'

2018-11-15 11:09:22 - [MESSAGE][PASSED] - Tapped on element 'Object Repository/Mobile/OR Profile/android.widget.Button1 - OK'

2018-11-15 11:09:22 - [TEST_STEP][PASSED] - setText: Text 'Jl. AH. Nasution No. 54' has been set to element 'Object Repository/Mobile/OR Profile/android.widget.EditText2 - Enter address here'

2018-11-15 11:09:22 - [MESSAGE][WARNING] - Timeout '0' is invalid. Using default page load timeout: '30'

2018-11-15 11:09:24 - [MESSAGE][PASSED] - Text 'Jl. AH. Nasution No. 54' has been set to element 'Object Repository/Mobile/OR Profile/android.widget.EditText2 - Enter address here'

2018-11-15 11:09:24 - [TEST_STEP][PASSED] - tap: Tapped on element 'Object Repository/Mobile/OR Profile/android.widget.ImageView0 (1)'

2018-11-15 11:09:24 - [MESSAGE][WARNING] - Timeout '0' is invalid. Using default page load timeout: '30'

2018-11-15 11:09:25 - [MESSAGE][PASSED] - Tapped on element 'Object Repository/Mobile/OR Profile/android.widget.ImageView0 (1)'

2018-11-15 11:09:25 - [TEST_STEP][PASSED] - tap: Tapped on element 'Object Repository/Mobile/OR Profile/android.widget.TextView3 - SAVE'

2018-11-15 11:09:25 - [MESSAGE][WARNING] - Timeout '0' is invalid. Using default page load timeout: '30'

2018-11-15 11:09:26 - [MESSAGE][PASSED] - Tapped on element 'Object Repository/Mobile/OR Profile/android.widget.TextView3 - SAVE'

2018-11-15 11:09:26 - [TEST_STEP][PASSED] - delay: Delayed 5 second(s)

2018-11-15 11:09:31 - [MESSAGE][PASSED] - Delayed 5 second(s)]]></system-out>
         <system-err><![CDATA[]]></system-err>
      </testcase>
      <system-out><![CDATA[2018-11-15 11:04:33 - [TEST_SUITE][PASSED] - Edit Profile: Test Cases/Mobile/Android/User/SC99 Regression/TC12 Edit profile profile]]></system-out>
      <system-err><![CDATA[]]></system-err>
   </testsuite>
</testsuites>
