<?xml version="1.0" encoding="UTF-8"?>
<testsuites name="Register dan login with email" time="66" tests="2" failures="0" errors="0">
   <testsuite name="Register dan login with email" tests="2" failures="0" errors="0" time="66" timestamp="2018-06-04 15:43:24" hostname="ALIMSAPUTRA - DESKTOP-5G7MA8C" id="Test Suites/Register dan login with email">
      <properties>
         <property name="deviceName" value=""/>
         <property name="devicePlatform" value=""/>
         <property name="logFolder" value="C:\\Users\\ALIMSAPUTRA\\Katalon Studio\\Astra Movic\\Reports\\Register dan login with email\\20180604_154318"/>
         <property name="logFiles" value="C:\\Users\\ALIMSAPUTRA\\Katalon Studio\\Astra Movic\\Reports\\Register dan login with email\\20180604_154318\\execution0.log"/>
         <property name="attachments" value=""/>
         <property name="hostName" value="ALIMSAPUTRA - DESKTOP-5G7MA8C"/>
         <property name="os" value="Windows 10 64bit"/>
         <property name="katalonVersion" value="5.3.0.1"/>
         <property name="browser" value="Chrome 66.0.3359.181"/>
         <property name="hostAddress" value="10.10.10.182"/>
         <property name="sessionId" value="d6bf812119d2a8c4776f943f182971bb"/>
         <property name="seleniumVersion" value="3.7.1"/>
         <property name="proxyInformation" value="ProxyInformation{proxyOption=NO_PROXY, proxyServerType=HTTP, password=, proxyServerAddress=, proxyServerPort=0}"/>
         <property name="platform" value="Windows 10"/>
      </properties>
      <testcase name="Test Cases/Front-End/User/SC99 Regression/TC01 Register Biasa" classname="Test Cases/Front-End/User/SC99 Regression/TC01 Register Biasa" status="PASSED">
         <system-out><![CDATA[2018-06-04 15:43:24 - [TEST_CASE][PASSED] - Test Cases/Front-End/User/SC99 Regression/TC01 Register Biasa: Test Cases/Front-End/User/SC99 Regression/TC01 Register Biasa

2018-06-04 15:43:25 - [TEST_STEP][PASSED] - openBrowser: Browser is opened with url: ''

2018-06-04 15:43:32 - [MESSAGE][PASSED] - Browser is opened with url: ''

2018-06-04 15:43:32 - [TEST_STEP][PASSED] - navigateToUrl: Navigate to 'http://movic.stagingapps.net/home' successfully

2018-06-04 15:43:59 - [MESSAGE][PASSED] - Navigate to 'http://movic.stagingapps.net/home' successfully

2018-06-04 15:43:59 - [TEST_STEP][PASSED] - click: Object: 'Object Repository/Front-End/OR Register Biasa/Page_Home/a_Daftar' is clicked on

2018-06-04 15:43:59 - [MESSAGE][PASSED] - Object: 'Object Repository/Front-End/OR Register Biasa/Page_Home/a_Daftar' is clicked on

2018-06-04 15:43:59 - [TEST_STEP][PASSED] - setText: Text 'Test' is set on object 'Object Repository/Front-End/OR Register Biasa/Page_Daftar/input_form-control ng-untouche'

2018-06-04 15:44:00 - [MESSAGE][PASSED] - Text 'Test' is set on object 'Object Repository/Front-End/OR Register Biasa/Page_Daftar/input_form-control ng-untouche'

2018-06-04 15:44:00 - [TEST_STEP][PASSED] - setText: Text 'WGS' is set on object 'Object Repository/Front-End/OR Register Biasa/Page_Daftar/input_form-control ng-untouche_1'

2018-06-04 15:44:00 - [MESSAGE][PASSED] - Text 'WGS' is set on object 'Object Repository/Front-End/OR Register Biasa/Page_Daftar/input_form-control ng-untouche_1'

2018-06-04 15:44:00 - [TEST_STEP][PASSED] - setText: Text 'Test.wgs02@gmail.com' is set on object 'Object Repository/Front-End/OR Register Biasa/Page_Daftar/input_form-control ng-untouche_2'

2018-06-04 15:44:01 - [MESSAGE][PASSED] - Text 'Test.wgs02@gmail.com' is set on object 'Object Repository/Front-End/OR Register Biasa/Page_Daftar/input_form-control ng-untouche_2'

2018-06-04 15:44:01 - [TEST_STEP][PASSED] - setText: Text '082126650096' is set on object 'Object Repository/Front-End/OR Register Biasa/Page_Daftar/input_form-control ng-untouche_3'

2018-06-04 15:44:01 - [MESSAGE][PASSED] - Text '082126650096' is set on object 'Object Repository/Front-End/OR Register Biasa/Page_Daftar/input_form-control ng-untouche_3'

2018-06-04 15:44:01 - [TEST_STEP][PASSED] - setText: Text 'Walden1234' is set on object 'Object Repository/Front-End/OR Register Biasa/Page_Daftar/input_form-control ng-untouche_4'

2018-06-04 15:44:02 - [MESSAGE][PASSED] - Text 'Walden1234' is set on object 'Object Repository/Front-End/OR Register Biasa/Page_Daftar/input_form-control ng-untouche_4'

2018-06-04 15:44:02 - [TEST_STEP][PASSED] - click: Object: 'Object Repository/Front-End/OR Register Biasa/Page_Daftar/button_DAFTAR MEMBER' is clicked on

2018-06-04 15:44:02 - [MESSAGE][PASSED] - Object: 'Object Repository/Front-End/OR Register Biasa/Page_Daftar/button_DAFTAR MEMBER' is clicked on

2018-06-04 15:44:02 - [TEST_STEP][NOT_RUN] - closeBrowser: NOT_RUN: closeBrowser

2018-06-04 15:44:02 - [MESSAGE][NOT_RUN] - NOT_RUN: closeBrowser]]></system-out>
         <system-err><![CDATA[]]></system-err>
      </testcase>
      <testcase name="Test Cases/Front-End/User/SC99 Regression/TC04 Login Biasa with email" classname="Test Cases/Front-End/User/SC99 Regression/TC04 Login Biasa with email" status="PASSED">
         <system-out><![CDATA[2018-06-04 15:44:02 - [TEST_CASE][PASSED] - Test Cases/Front-End/User/SC99 Regression/TC04 Login Biasa with email: Test Cases/Front-End/User/SC99 Regression/TC04 Login Biasa with email

2018-06-04 15:44:03 - [TEST_STEP][PASSED] - openBrowser: Browser is opened with url: ''

2018-06-04 15:44:03 - [MESSAGE][WARNING] - A browser is already opened. Closing browser and opening a new one

2018-06-04 15:44:08 - [MESSAGE][PASSED] - Browser is opened with url: ''

2018-06-04 15:44:08 - [TEST_STEP][PASSED] - navigateToUrl: Navigate to 'http://movic.stagingapps.net/home' successfully

2018-06-04 15:44:27 - [MESSAGE][PASSED] - Navigate to 'http://movic.stagingapps.net/home' successfully

2018-06-04 15:44:27 - [TEST_STEP][PASSED] - click: Object: 'Object Repository/Front-End/OR Login Biasa with email/Page_Home/a_Masuk' is clicked on

2018-06-04 15:44:27 - [MESSAGE][PASSED] - Object: 'Object Repository/Front-End/OR Login Biasa with email/Page_Home/a_Masuk' is clicked on

2018-06-04 15:44:27 - [TEST_STEP][PASSED] - setText: Text 'Ali.Saputra@wgs.co.id' is set on object 'Object Repository/Front-End/OR Login Biasa with email/Page_Home/input_form-control ng-untouche'

2018-06-04 15:44:28 - [MESSAGE][PASSED] - Text 'Ali.Saputra@wgs.co.id' is set on object 'Object Repository/Front-End/OR Login Biasa with email/Page_Home/input_form-control ng-untouche'

2018-06-04 15:44:28 - [TEST_STEP][PASSED] - setText: Text 'Walden1234' is set on object 'Object Repository/Front-End/OR Login Biasa with email/Page_Home/input_form-control ng-touched'

2018-06-04 15:44:28 - [MESSAGE][PASSED] - Text 'Walden1234' is set on object 'Object Repository/Front-End/OR Login Biasa with email/Page_Home/input_form-control ng-touched'

2018-06-04 15:44:28 - [TEST_STEP][PASSED] - click: Object: 'Object Repository/Front-End/OR Login Biasa with email/Page_Home/button_MASUK' is clicked on

2018-06-04 15:44:29 - [MESSAGE][PASSED] - Object: 'Object Repository/Front-End/OR Login Biasa with email/Page_Home/button_MASUK' is clicked on]]></system-out>
         <system-err><![CDATA[]]></system-err>
      </testcase>
      <system-out><![CDATA[2018-06-04 15:43:24 - [TEST_SUITE][PASSED] - Register dan login with email: Test Cases/Front-End/User/SC99 Regression/TC04 Login Biasa with email]]></system-out>
      <system-err><![CDATA[]]></system-err>
   </testsuite>
</testsuites>
